2026-02-22 12:44:31,239 - INFO - D&D Character Tracker started - Log file: logs\dnd_tracker_20260222_124431.log
2026-02-22 12:44:31,416 - INFO - Pygame initialized successfully
2026-02-22 12:44:31,418 - INFO - Detected DPI: 96, Scale factor: 1.00
2026-02-22 12:44:31,419 - INFO - Screen resolution: 2048x1152
2026-02-22 12:44:31,419 - INFO - Work area: 2048x1104
2026-02-22 12:44:31,419 - INFO - Adaptive window size: 1536x1024 (aspect ratio: 1.500)
2026-02-22 12:44:31,419 - INFO - Creating D&D Character Tool application
2026-02-22 12:44:31,920 - INFO - Loading character data from C:\Users\lucas\OneDrive\Documents\D&D\Tracker_Ramil\character_data.json
2026-02-22 12:44:31,921 - INFO - Loaded spell slots: {'1st': 4, '2nd': 2}
2026-02-22 12:44:31,921 - INFO - Loaded current spell slots: {'1st': 4, '2nd': 1}
2026-02-22 12:44:31,921 - INFO - Loaded character: Ramil al-Sayif
2026-02-22 12:44:31,922 - INFO - Weapons loaded: 3
2026-02-22 12:44:31,922 - INFO - Fighting styles: {'two_weapon_fighting': True, 'dueling': False, 'dueling_bonus': 0}
2026-02-22 12:44:31,922 - INFO - Window initialized at 1536x1024 (aspect ratio: 1.50:1)
2026-02-22 12:44:31,922 - INFO - Adaptive Resolution Features:
2026-02-22 12:44:31,922 - INFO -    - Window automatically adjusts to display scaling (100%, 125%, 150%)
2026-02-22 12:44:31,922 - INFO -    - Locked to 3:2 aspect ratio (1536x1024) for optimal viewing
2026-02-22 12:44:31,922 - INFO -    - Press F11 to toggle fullscreen mode
2026-02-22 12:44:31,922 - INFO -    - Press ESC to exit fullscreen
2026-02-22 12:44:31,923 - INFO -    - Window is resizable - aspect ratio maintained automatically
2026-02-22 12:44:31,934 - INFO - Starting application main loop
2026-02-22 12:44:40,091 - INFO - Selected spell: Misty Step
2026-02-22 12:44:40,101 - INFO - Selected spell: Misty Step
2026-02-22 12:44:40,216 - INFO - Selected spell: Shadow Blade
2026-02-22 12:44:40,228 - INFO - Selected spell: Shadow Blade
2026-02-22 12:44:40,239 - INFO - Selected spell: Shadow Blade
2026-02-22 12:44:40,249 - INFO - Selected spell: Shadow Blade
2026-02-22 12:44:40,779 - INFO - Selected spell: Charm Person
2026-02-22 12:44:40,788 - INFO - Selected spell: Charm Person
2026-02-22 12:44:40,895 - INFO - Selected spell: Absorb Elements
2026-02-22 12:44:40,906 - INFO - Selected spell: Absorb Elements
2026-02-22 12:44:40,916 - INFO - Selected spell: Absorb Elements
2026-02-22 12:44:41,026 - INFO - Selected spell: Prot E&G
2026-02-22 12:44:41,289 - INFO - Selected spell: Sleep
2026-02-22 12:44:41,405 - INFO - Selected spell: Sleep
2026-02-22 12:44:41,417 - INFO - Selected spell: Sleep
2026-02-22 12:44:41,428 - INFO - Selected spell: Sleep
2026-02-22 12:44:41,546 - INFO - Selected spell: Sleep
2026-02-22 12:44:45,866 - INFO - Selected spell: Thunderwave
2026-02-22 12:44:45,877 - ERROR - An error occurred: 'Thunderwave'
2026-02-22 12:44:45,877 - ERROR - Full traceback:
2026-02-22 12:44:45,877 - ERROR - Traceback (most recent call last):
  File "C:\Users\lucas\OneDrive\Documents\D&D\Tracker_Ramil\main.py", line 6479, in main
    app.run()
  File "C:\Users\lucas\OneDrive\Documents\D&D\Tracker_Ramil\main.py", line 5585, in run
    self.handle_input(event)
  File "C:\Users\lucas\OneDrive\Documents\D&D\Tracker_Ramil\main.py", line 3680, in handle_input
    spell_info = self.spell_data[self.selected_spell]
                 ~~~~~~~~~~~~~~~^^^^^^^^^^^^^^^^^^^^^
KeyError: 'Thunderwave'

