2025-11-09 12:40:08,627 - INFO - D&D Character Tracker started - Log file: logs\dnd_tracker_20251109_124008.log
2025-11-09 12:40:09,129 - INFO - Pygame initialized successfully
2025-11-09 12:40:09,131 - INFO - Detected DPI: 96, Scale factor: 1.00
2025-11-09 12:40:09,131 - INFO - Screen resolution: 1920x1080
2025-11-09 12:40:09,131 - INFO - Work area: 1920x1032
2025-11-09 12:40:09,131 - INFO - Adaptive window size: 1488x992 (aspect ratio: 1.500)
2025-11-09 12:40:09,133 - INFO - Creating D&D Character Tool application
2025-11-09 12:40:09,697 - INFO - Loading character data from C:\Users\lucas\OneDrive\Documents\D&D\Tracker_Ramil\character_data.json
2025-11-09 12:40:09,698 - INFO - Loaded spell slots: {}
2025-11-09 12:40:09,698 - INFO - Loaded current spell slots: {}
2025-11-09 12:40:09,698 - INFO - Loaded character: Ramil al-Sayif
2025-11-09 12:40:09,698 - INFO - Weapons loaded: 3
2025-11-09 12:40:09,698 - INFO - Fighting styles: {'two_weapon_fighting': True, 'dueling': False, 'dueling_bonus': 0}
2025-11-09 12:40:09,698 - INFO - Window initialized at 1488x992 (aspect ratio: 1.50:1)
2025-11-09 12:40:09,700 - INFO -    • Window automatically adjusts to display scaling (100%, 125%, 150%)
2025-11-09 12:40:09,700 - INFO -    • Locked to 3:2 aspect ratio (1536x1024) for optimal viewing
2025-11-09 12:40:09,700 - INFO -    • Press F11 to toggle fullscreen mode
2025-11-09 12:40:09,700 - INFO -    • Press ESC to exit fullscreen
2025-11-09 12:40:09,700 - INFO -    • Window is resizable - aspect ratio maintained automatically
2025-11-09 12:40:09,719 - INFO - Starting application main loop
2025-11-09 12:40:13,592 - INFO - Launched world map viewer.
2025-11-09 12:40:41,886 - INFO - Character data saved successfully (7 characters)
