2025-11-02 00:59:27,163 - INFO - D&D Character Tracker started - Log file: logs\dnd_tracker_20251102_005927.log
2025-11-02 00:59:27,650 - INFO - Pygame initialized successfully
2025-11-02 00:59:27,652 - INFO - Detected DPI: 144, Scale factor: 1.50
2025-11-02 00:59:27,652 - INFO - Screen resolution: 1920x1080
2025-11-02 00:59:27,652 - INFO - Work area: 1920x1008
2025-11-02 00:59:27,653 - INFO - Adaptive window size: 1152x648 (aspect ratio: 1.778)
2025-11-02 00:59:27,653 - INFO - Creating D&D Character Tool application
2025-11-02 00:59:27,913 - INFO - Loading character data from character_data.json
2025-11-02 00:59:27,925 - INFO - Loaded spell slots: {}
2025-11-02 00:59:27,926 - INFO - Loaded current spell slots: {}
2025-11-02 00:59:27,926 - INFO - Loaded character: Ramil al-Sayif
2025-11-02 00:59:27,954 - INFO - Weapons loaded: 3
2025-11-02 00:59:27,955 - INFO - Fighting styles: {'two_weapon_fighting': True, 'dueling': False, 'dueling_bonus': 0}
2025-11-02 00:59:27,961 - INFO - Window initialized at 1152x648 (aspect ratio: 1.78:1)
2025-11-02 00:59:28,009 - INFO -    • Window automatically adjusts to display scaling (100%, 125%, 150%)
2025-11-02 00:59:28,009 - INFO -    • Locked to 16:9 aspect ratio for optimal viewing
2025-11-02 00:59:28,009 - INFO -    • Press F11 to toggle fullscreen mode
2025-11-02 00:59:28,009 - INFO -    • Press ESC to exit fullscreen
2025-11-02 00:59:28,010 - INFO -    • Window is resizable - aspect ratio maintained automatically
2025-11-02 00:59:28,035 - INFO - Starting application main loop
2025-11-02 01:00:13,411 - INFO - Character data saved successfully (0 characters)
