2026-02-22 12:52:06,783 - INFO - D&D Character Tracker started - Log file: logs\dnd_tracker_20260222_125206.log
2026-02-22 12:52:06,949 - INFO - Pygame initialized successfully
2026-02-22 12:52:06,952 - INFO - Detected DPI: 96, Scale factor: 1.00
2026-02-22 12:52:06,952 - INFO - Screen resolution: 2048x1152
2026-02-22 12:52:06,952 - INFO - Work area: 2048x1104
2026-02-22 12:52:06,953 - INFO - Adaptive window size: 1536x1024 (aspect ratio: 1.500)
2026-02-22 12:52:06,953 - INFO - Creating D&D Character Tool application
2026-02-22 12:52:07,448 - INFO - Loading character data from C:\Users\lucas\OneDrive\Documents\D&D\Tracker_Ramil\character_data.json
2026-02-22 12:52:07,448 - INFO - Loaded spell slots: {'1st': 4, '2nd': 2}
2026-02-22 12:52:07,449 - INFO - Loaded current spell slots: {'1st': 4, '2nd': 1}
2026-02-22 12:52:07,449 - INFO - Loaded character: Ramil al-Sayif
2026-02-22 12:52:07,449 - INFO - Weapons loaded: 3
2026-02-22 12:52:07,449 - INFO - Fighting styles: {'two_weapon_fighting': True, 'dueling': False, 'dueling_bonus': 0}
2026-02-22 12:52:07,449 - INFO - Window initialized at 1536x1024 (aspect ratio: 1.50:1)
2026-02-22 12:52:07,450 - INFO - Adaptive Resolution Features:
2026-02-22 12:52:07,450 - INFO -    - Window automatically adjusts to display scaling (100%, 125%, 150%)
2026-02-22 12:52:07,450 - INFO -    - Locked to 3:2 aspect ratio (1536x1024) for optimal viewing
2026-02-22 12:52:07,450 - INFO -    - Press F11 to toggle fullscreen mode
2026-02-22 12:52:07,450 - INFO -    - Press ESC to exit fullscreen
2026-02-22 12:52:07,450 - INFO -    - Window is resizable - aspect ratio maintained automatically
2026-02-22 12:52:07,460 - INFO - Starting application main loop
2026-02-22 12:52:13,721 - INFO - Selected spell: Mage Armor
2026-02-22 12:52:13,818 - INFO - Selected spell: Ice Knife
2026-02-22 12:52:13,829 - INFO - Selected spell: Ice Knife
2026-02-22 12:52:13,840 - INFO - Selected spell: Ice Knife
2026-02-22 12:52:13,850 - INFO - Selected spell: Ice Knife
2026-02-22 12:52:15,845 - INFO - Selected spell: Burning Hands
2026-02-22 12:52:21,693 - INFO - Character data saved successfully (22 characters)
