2025-11-26 16:15:42,274 - INFO - D&D Character Tracker started - Log file: logs\dnd_tracker_20251126_161542.log
2025-11-26 16:15:42,682 - INFO - Pygame initialized successfully
2025-11-26 16:15:42,686 - INFO - Detected DPI: 144, Scale factor: 1.50
2025-11-26 16:15:42,687 - INFO - Screen resolution: 1920x1080
2025-11-26 16:15:42,687 - INFO - Work area: 1920x1008
2025-11-26 16:15:42,687 - INFO - Adaptive window size: 1305x870 (aspect ratio: 1.500)
2025-11-26 16:15:42,688 - INFO - Creating D&D Character Tool application
2025-11-26 16:15:43,465 - INFO - Loading character data from C:\Users\lucas\OneDrive\Documents\D&D\Tracker_Ramil\character_data.json
2025-11-26 16:15:43,486 - INFO - Loaded spell slots: {'1st': 4, '2nd': 2}
2025-11-26 16:15:43,486 - INFO - Loaded current spell slots: {'1st': 1, '2nd': 2}
2025-11-26 16:15:43,486 - INFO - Loaded character: Ramil al-Sayif
2025-11-26 16:15:43,486 - INFO - Weapons loaded: 3
2025-11-26 16:15:43,487 - INFO - Fighting styles: {'two_weapon_fighting': True, 'dueling': False, 'dueling_bonus': 0}
2025-11-26 16:15:43,487 - INFO - Window initialized at 1305x870 (aspect ratio: 1.50:1)
2025-11-26 16:15:43,487 - INFO - Adaptive Resolution Features:
2025-11-26 16:15:43,487 - INFO -    - Window automatically adjusts to display scaling (100%, 125%, 150%)
2025-11-26 16:15:43,487 - INFO -    - Locked to 3:2 aspect ratio (1536x1024) for optimal viewing
2025-11-26 16:15:43,488 - INFO -    - Press F11 to toggle fullscreen mode
2025-11-26 16:15:43,488 - INFO -    - Press ESC to exit fullscreen
2025-11-26 16:15:43,488 - INFO -    - Window is resizable - aspect ratio maintained automatically
2025-11-26 16:15:43,514 - INFO - Starting application main loop
2025-11-26 16:15:59,285 - INFO - Character data saved successfully (15 characters)
