2025-11-08 10:37:01,015 - INFO - D&D Character Tracker started - Log file: logs\dnd_tracker_20251108_103701.log
2025-11-08 10:37:01,192 - INFO - Pygame initialized successfully
2025-11-08 10:37:01,194 - INFO - Detected DPI: 96, Scale factor: 1.00
2025-11-08 10:37:01,195 - INFO - Screen resolution: 1920x1080
2025-11-08 10:37:01,195 - INFO - Work area: 1920x1032
2025-11-08 10:37:01,195 - INFO - Adaptive window size: 1399x787 (aspect ratio: 1.778)
2025-11-08 10:37:01,195 - INFO - Creating D&D Character Tool application
2025-11-08 10:37:01,381 - INFO - Loading character data from character_data.json
2025-11-08 10:37:01,393 - INFO - Loaded spell slots: {}
2025-11-08 10:37:01,393 - INFO - Loaded current spell slots: {}
2025-11-08 10:37:01,394 - INFO - Loaded character: Ramil al-Sayif
2025-11-08 10:37:01,394 - INFO - Weapons loaded: 3
2025-11-08 10:37:01,394 - INFO - Fighting styles: {'two_weapon_fighting': True, 'dueling': False, 'dueling_bonus': 0}
2025-11-08 10:37:01,395 - INFO - Window initialized at 1399x787 (aspect ratio: 1.78:1)
2025-11-08 10:37:01,398 - INFO -    • Window automatically adjusts to display scaling (100%, 125%, 150%)
2025-11-08 10:37:01,399 - INFO -    • Locked to 16:9 aspect ratio for optimal viewing
2025-11-08 10:37:01,399 - INFO -    • Press F11 to toggle fullscreen mode
2025-11-08 10:37:01,399 - INFO -    • Press ESC to exit fullscreen
2025-11-08 10:37:01,399 - INFO -    • Window is resizable - aspect ratio maintained automatically
2025-11-08 10:37:01,418 - INFO - Starting application main loop
2025-11-08 10:37:04,474 - INFO - Window resized to 1793x1009 (16:9 ratio maintained: 1.777:1)
2025-11-08 10:37:18,582 - INFO - Window resized to 1399x786 (16:9 ratio maintained: 1.780:1)
2025-11-08 10:37:21,974 - INFO - Fullscreen resolution: 1399x786 (scale: 1.00)
2025-11-08 10:37:22,510 - INFO - Switched to fullscreen mode (1399x786)
2025-11-08 10:37:23,916 - INFO - Window resized to 1400x787 (16:9 ratio maintained: 1.779:1)
2025-11-08 10:37:24,036 - INFO - Window resized to 1400x787 (16:9 ratio maintained: 1.779:1)
2025-11-08 11:13:08,559 - INFO - Character data saved successfully (5 characters)
