2025-11-08 11:30:08,363 - INFO - D&D Character Tracker started - Log file: logs\dnd_tracker_20251108_113008.log
2025-11-08 11:30:08,546 - INFO - Pygame initialized successfully
2025-11-08 11:30:08,549 - INFO - Detected DPI: 96, Scale factor: 1.00
2025-11-08 11:30:08,549 - INFO - Screen resolution: 1920x1080
2025-11-08 11:30:08,549 - INFO - Work area: 1920x1032
2025-11-08 11:30:08,549 - INFO - Adaptive window size: 1488x992 (aspect ratio: 1.500)
2025-11-08 11:30:08,549 - INFO - Creating D&D Character Tool application
2025-11-08 11:30:09,040 - INFO - Loading character data from C:\Users\lucas\OneDrive\Documents\D&D\Tracker_Ramil\character_data.json
2025-11-08 11:30:09,041 - INFO - Loaded spell slots: {}
2025-11-08 11:30:09,042 - INFO - Loaded current spell slots: {}
2025-11-08 11:30:09,042 - INFO - Loaded character: Ramil al-Sayif
2025-11-08 11:30:09,042 - INFO - Weapons loaded: 3
2025-11-08 11:30:09,042 - INFO - Fighting styles: {'two_weapon_fighting': True, 'dueling': False, 'dueling_bonus': 0}
2025-11-08 11:30:09,042 - INFO - Window initialized at 1488x992 (aspect ratio: 1.50:1)
2025-11-08 11:30:09,045 - INFO -    • Window automatically adjusts to display scaling (100%, 125%, 150%)
2025-11-08 11:30:09,045 - INFO -    • Locked to 3:2 aspect ratio (1536x1024) for optimal viewing
2025-11-08 11:30:09,045 - INFO -    • Press F11 to toggle fullscreen mode
2025-11-08 11:30:09,045 - INFO -    • Press ESC to exit fullscreen
2025-11-08 11:30:09,045 - INFO -    • Window is resizable - aspect ratio maintained automatically
2025-11-08 11:30:09,059 - INFO - Starting application main loop
2025-11-08 11:30:25,873 - INFO - Death save: 14 - SUCCESS! (1/3 successes)
2025-11-08 11:30:25,878 - INFO - Character data saved successfully (5 characters)
2025-11-08 11:30:27,035 - WARNING - Took damage at 0 HP! Death save failure added. (1/3 failures)
2025-11-08 11:30:27,038 - INFO - Character data saved successfully (5 characters)
2025-11-08 11:30:28,176 - INFO - Death saves reset!
2025-11-08 11:30:28,180 - INFO - Character data saved successfully (5 characters)
2025-11-08 11:30:29,993 - INFO - Selected save: CHA
2025-11-08 11:30:57,937 - INFO - Charisma save: 2 (1d20: [3] + -1)
2025-11-08 11:31:00,627 - INFO - Charisma save: 1 (1d20: [2] + -1)
2025-11-08 11:31:03,600 - INFO - Charisma save (ADVANTAGE): 19 (rolled 15 and 20, used 20 + -1)
2025-11-08 11:31:06,509 - INFO - Charisma save (ADVANTAGE): 3 (rolled 4 and 3, used 4 + -1)
2025-11-08 11:31:08,038 - INFO - Charisma save: 1 (1d20: [2] + -1)
2025-11-08 11:31:08,863 - INFO - Charisma save: 18 (1d20: [19] + -1)
2025-11-08 11:31:10,505 - INFO - Charisma save (ADVANTAGE): 16 (rolled 1 and 17, used 17 + -1)
2025-11-08 11:31:12,873 - INFO - Charisma save (ADVANTAGE): 16 (rolled 17 and 10, used 17 + -1)
2025-11-08 11:31:13,473 - INFO - Charisma save (ADVANTAGE): 15 (rolled 16 and 4, used 16 + -1)
2025-11-08 11:31:14,368 - INFO - Charisma save (ADVANTAGE): 19 (rolled 11 and 20, used 20 + -1)
2025-11-08 11:31:14,813 - INFO - Charisma save (ADVANTAGE): 17 (rolled 2 and 18, used 18 + -1)
2025-11-08 11:31:15,861 - INFO - Charisma save: 13 (1d20: [14] + -1)
2025-11-08 11:31:16,390 - INFO - Charisma save: 17 (1d20: [18] + -1)
2025-11-08 11:31:22,480 - INFO - Selected weapon: Scimitar (Nick Mastery)
2025-11-08 11:31:24,946 - INFO - Attack roll: 13 (1d20: [8] + +5)
2025-11-08 11:31:30,290 - INFO - Attack roll: 21 (1d20: [16] + +5)
2025-11-08 11:31:31,481 - INFO - Attack roll: 24 (1d20: [19] + +5)
2025-11-08 11:31:31,942 - INFO - Attack roll: 6 (1d20: [1] + +5)
2025-11-08 11:31:32,989 - INFO - Attack roll: 8 (1d20: [3] + +5)
2025-11-08 11:31:34,300 - INFO - Attack roll: 9 (1d20: [4] + +5)
2025-11-08 11:31:34,884 - INFO - Attack roll: 15 (1d20: [10] + +5)
2025-11-08 11:31:36,804 - INFO - Attack roll: 11 (1d20: [6] + +5)
2025-11-08 11:31:37,203 - INFO - Attack roll: 17 (1d20: [12] + +5)
2025-11-08 11:31:37,602 - INFO - Attack roll: 10 (1d20: [5] + +5)
2025-11-08 11:31:38,001 - INFO - Attack roll: 11 (1d20: [6] + +5)
2025-11-08 11:31:38,348 - INFO - Attack roll: 24 (1d20: [19] + +5)
2025-11-08 11:31:38,899 - INFO - Attack roll: 25 (1d20: [20] + +5)
2025-11-08 11:31:39,353 - INFO - Attack roll: 9 (1d20: [4] + +5)
2025-11-08 11:31:39,987 - INFO - Attack roll: 11 (1d20: [6] + +5)
2025-11-08 11:31:40,455 - INFO - Attack roll: 22 (1d20: [17] + +5)
2025-11-08 11:31:40,654 - INFO - Attack roll: 22 (1d20: [17] + +5)
2025-11-08 11:31:41,315 - INFO - Attack roll: 12 (1d20: [7] + +5)
2025-11-08 11:31:41,731 - INFO - Attack roll: 15 (1d20: [10] + +5)
2025-11-08 11:31:43,608 - INFO - Damage roll: 8 (1d6: [5] + +3) slashing
2025-11-08 11:31:46,156 - INFO - Selected weapon: Rapier (Vex Mastery)
2025-11-08 11:31:47,223 - INFO - Attack roll: 21 (1d20: [16] + +5)
2025-11-08 11:31:47,707 - INFO - Attack roll: 6 (1d20: [1] + +5)
2025-11-08 11:32:42,512 - INFO - Attack roll: 11 (1d20: [6] + +5)
2025-11-08 11:32:43,389 - INFO - Attack roll: 20 (1d20: [15] + +5)
2025-11-08 11:32:47,624 - INFO - Selected save: INT
2025-11-08 11:32:49,016 - INFO - Intelligence save: 15 (1d20: [12] + +3)
2025-11-08 11:32:49,985 - INFO - Intelligence save (ADVANTAGE): 11 (rolled 8 and 2, used 8 + 3)
2025-11-08 11:32:52,775 - INFO - Selected spell: Mending
2025-11-08 11:32:53,357 - INFO - Selected spell: Guidance
2025-11-08 11:32:54,106 - INFO - Selected spell: Charm Person
2025-11-08 11:34:22,997 - INFO - Selected weapon: Scimitar (Nick Mastery)
2025-11-08 11:34:31,980 - INFO - Selected weapon: Shortsword (Vex Mastery)
2025-11-08 11:34:32,654 - INFO - Selected weapon: Rapier (Vex Mastery)
2025-11-08 11:34:36,508 - INFO - Selected spell: Mending
2025-11-08 11:34:38,687 - INFO - Selected save: INT
2025-11-08 11:37:11,779 - INFO - Character data saved successfully (5 characters)
2025-11-08 11:37:11,779 - INFO - Selected character: [P] Kai Hyoshin
2025-11-08 11:37:44,966 - INFO - Character data saved successfully (5 characters)
2025-11-08 11:37:45,163 - INFO - Character data saved successfully (5 characters)
2025-11-08 11:37:45,389 - INFO - Character data saved successfully (5 characters)
2025-11-08 11:37:45,861 - INFO - Character data saved successfully (5 characters)
2025-11-08 11:37:46,070 - INFO - Character data saved successfully (5 characters)
2025-11-08 11:37:46,246 - INFO - Character data saved successfully (5 characters)
2025-11-08 11:37:46,398 - INFO - Character data saved successfully (5 characters)
2025-11-08 11:37:46,957 - INFO - Character data saved successfully (5 characters)
2025-11-08 11:37:47,161 - INFO - Character data saved successfully (5 characters)
2025-11-08 11:37:47,330 - INFO - Character data saved successfully (5 characters)
2025-11-08 11:37:47,856 - INFO - Character data saved successfully (5 characters)
2025-11-08 11:37:48,054 - INFO - Character data saved successfully (5 characters)
2025-11-08 11:37:48,226 - INFO - Character data saved successfully (5 characters)
2025-11-08 11:37:54,807 - INFO - Character data saved successfully (5 characters)
2025-11-08 11:38:14,015 - INFO - Character data saved successfully (5 characters)
2025-11-08 11:38:55,879 - INFO - Character data saved successfully (5 characters)
2025-11-08 11:39:23,492 - INFO - Character data saved successfully (5 characters)
2025-11-08 11:39:46,196 - INFO - Character data saved successfully (5 characters)
2025-11-08 11:39:53,466 - INFO - Character data saved successfully (5 characters)
2025-11-08 11:40:43,862 - INFO - Character data saved successfully (5 characters)
2025-11-08 11:40:45,183 - INFO - Character data saved successfully (5 characters)
2025-11-08 11:40:48,977 - INFO - Character data saved successfully (5 characters)
2025-11-08 11:40:48,977 - INFO - Selected character: Magistrate Olgorn
2025-11-08 11:43:30,666 - INFO - Character data saved successfully (5 characters)
