2025-11-09 12:10:51,249 - INFO - D&D Character Tracker started - Log file: logs\dnd_tracker_20251109_121051.log
2025-11-09 12:10:51,495 - INFO - Pygame initialized successfully
2025-11-09 12:10:51,496 - INFO - Detected DPI: 144, Scale factor: 1.50
2025-11-09 12:10:51,497 - INFO - Screen resolution: 1920x1080
2025-11-09 12:10:51,497 - INFO - Work area: 1920x1008
2025-11-09 12:10:51,497 - INFO - Adaptive window size: 1305x870 (aspect ratio: 1.500)
2025-11-09 12:10:51,497 - INFO - Creating D&D Character Tool application
2025-11-09 12:10:52,117 - INFO - Loading character data from C:\Users\lucas\OneDrive\Documents\D&D\Tracker_Ramil\character_data.json
2025-11-09 12:10:52,119 - INFO - Loaded spell slots: {}
2025-11-09 12:10:52,119 - INFO - Loaded current spell slots: {}
2025-11-09 12:10:52,119 - INFO - Loaded character: Ramil al-Sayif
2025-11-09 12:10:52,119 - INFO - Weapons loaded: 3
2025-11-09 12:10:52,119 - INFO - Fighting styles: {'two_weapon_fighting': True, 'dueling': False, 'dueling_bonus': 0}
2025-11-09 12:10:52,119 - INFO - Window initialized at 1305x870 (aspect ratio: 1.50:1)
2025-11-09 12:10:52,120 - INFO -    • Window automatically adjusts to display scaling (100%, 125%, 150%)
2025-11-09 12:10:52,120 - INFO -    • Locked to 3:2 aspect ratio (1536x1024) for optimal viewing
2025-11-09 12:10:52,120 - INFO -    • Press F11 to toggle fullscreen mode
2025-11-09 12:10:52,121 - INFO -    • Press ESC to exit fullscreen
2025-11-09 12:10:52,121 - INFO -    • Window is resizable - aspect ratio maintained automatically
2025-11-09 12:10:52,133 - INFO - Starting application main loop
2025-11-09 12:10:53,078 - INFO - Launched world map viewer.
2025-11-09 12:11:09,904 - INFO - Launched world map viewer.
2025-11-09 12:12:27,239 - INFO - Launched world map viewer.
2025-11-09 12:20:03,771 - INFO - Window resized to 1344x896 (aspect ratio maintained: 1.500:1)
2025-11-09 12:20:05,379 - INFO - Character data saved successfully (7 characters)
