2025-09-28 15:44:28,135 - INFO - D&D Character Tracker started - Log file: logs\dnd_tracker_20250928_154428.log
2025-09-28 15:44:28,494 - INFO - Pygame initialized successfully
2025-09-28 15:44:28,496 - INFO - Detected DPI: 144, Scale factor: 1.50
2025-09-28 15:44:28,497 - INFO - Screen resolution: 1920x1080
2025-09-28 15:44:28,497 - INFO - Work area: 1920x1008
2025-09-28 15:44:28,497 - INFO - Adaptive window size: 1152x768 (aspect ratio: 1.500)
2025-09-28 15:44:28,499 - INFO - Creating D&D Character Tool application
2025-09-28 15:44:29,648 - INFO - Loading character data from character_data.json
2025-09-28 15:44:29,664 - INFO - Loaded character: Barian the Broken
2025-09-28 15:44:29,665 - INFO - Weapons loaded: 3
2025-09-28 15:44:29,665 - INFO - Fighting styles: {'dueling': True, 'dueling_bonus': 2}
2025-09-28 15:44:29,666 - INFO - Window initialized at 1152x768 (aspect ratio: 1.50:1)
2025-09-28 15:44:29,668 - INFO -    • Window automatically adjusts to display scaling (100%, 125%, 150%)
2025-09-28 15:44:29,668 - INFO -    • Locked to 16:9 aspect ratio for optimal viewing
2025-09-28 15:44:29,669 - INFO -    • Press F11 to toggle fullscreen mode
2025-09-28 15:44:29,669 - INFO -    • Press ESC to exit fullscreen
2025-09-28 15:44:29,670 - INFO -    • Window is resizable - aspect ratio maintained automatically
2025-09-28 15:44:29,678 - INFO - Starting application main loop
2025-09-28 15:44:33,614 - INFO - Selected spell: Misty Step
2025-09-28 15:44:35,368 - INFO - Cast Misty Step - Bonus action: teleport up to 30 feet
2025-09-28 15:44:35,368 - WARNING - No 2nd level spell slots remaining!
2025-09-28 15:44:41,976 - INFO - Long rest completed!
2025-09-28 15:44:41,976 - INFO - - Restored 4 HP to full (60)
2025-09-28 15:44:41,976 - INFO - - Restored all spell slots
2025-09-28 15:44:41,978 - INFO - - All resources refreshed!
2025-09-28 15:44:41,979 - INFO - Character data saved successfully to character_data.json
2025-09-28 15:44:48,895 - INFO - Selected spell: Misty Step
2025-09-28 15:44:52,205 - INFO - Cast Misty Step - Bonus action: teleport up to 30 feet
2025-09-28 15:44:52,205 - INFO - Used 2nd level spell slot. Remaining: 1
2025-09-28 15:44:52,207 - INFO - Character data saved successfully to character_data.json
2025-09-28 16:12:40,986 - INFO - Character data saved successfully to character_data.json
2025-09-28 16:20:44,364 - INFO - Character data saved successfully to character_data.json
2025-09-28 16:23:48,351 - INFO - Character data saved successfully to character_data.json
2025-09-28 16:23:48,891 - INFO - Character data saved successfully to character_data.json
2025-09-28 16:23:49,013 - INFO - Character data saved successfully to character_data.json
2025-09-28 16:23:49,351 - INFO - Character data saved successfully to character_data.json
2025-09-28 16:23:49,470 - INFO - Character data saved successfully to character_data.json
2025-09-28 16:23:49,653 - INFO - Character data saved successfully to character_data.json
2025-09-28 16:23:49,738 - INFO - Character data saved successfully to character_data.json
2025-09-28 16:23:49,845 - INFO - Character data saved successfully to character_data.json
2025-09-28 16:23:59,240 - INFO - Character data saved successfully to character_data.json
2025-09-28 16:23:59,407 - INFO - Character data saved successfully to character_data.json
2025-09-28 16:23:59,607 - INFO - Character data saved successfully to character_data.json
2025-09-28 16:23:59,698 - INFO - Character data saved successfully to character_data.json
2025-09-28 16:23:59,888 - INFO - Character data saved successfully to character_data.json
2025-09-28 16:23:59,999 - INFO - Character data saved successfully to character_data.json
2025-09-28 16:24:00,178 - INFO - Character data saved successfully to character_data.json
2025-09-28 16:24:00,424 - INFO - Character data saved successfully to character_data.json
2025-09-28 16:24:00,597 - INFO - Character data saved successfully to character_data.json
2025-09-28 16:24:00,726 - INFO - Character data saved successfully to character_data.json
2025-09-28 16:24:01,056 - INFO - Character data saved successfully to character_data.json
2025-09-28 16:24:01,146 - INFO - Character data saved successfully to character_data.json
2025-09-28 16:24:01,403 - INFO - Character data saved successfully to character_data.json
2025-09-28 16:24:07,518 - INFO - Character data saved successfully to character_data.json
2025-09-28 16:24:07,735 - INFO - Character data saved successfully to character_data.json
2025-09-28 16:27:08,718 - INFO - Character data saved successfully to character_data.json
2025-09-28 16:27:08,915 - INFO - Character data saved successfully to character_data.json
2025-09-28 16:27:08,998 - INFO - Character data saved successfully to character_data.json
2025-09-28 16:27:09,164 - INFO - Character data saved successfully to character_data.json
2025-09-28 16:27:09,286 - INFO - Character data saved successfully to character_data.json
2025-09-28 16:27:09,466 - INFO - Character data saved successfully to character_data.json
2025-09-28 16:27:09,606 - INFO - Character data saved successfully to character_data.json
2025-09-28 16:27:09,673 - INFO - Character data saved successfully to character_data.json
2025-09-28 16:27:10,505 - INFO - Character data saved successfully to character_data.json
2025-09-28 16:27:10,592 - INFO - Character data saved successfully to character_data.json
2025-09-28 16:27:10,723 - INFO - Character data saved successfully to character_data.json
2025-09-28 16:27:10,853 - INFO - Character data saved successfully to character_data.json
2025-09-28 16:27:10,982 - INFO - Character data saved successfully to character_data.json
2025-09-28 16:27:11,111 - INFO - Character data saved successfully to character_data.json
2025-09-28 16:27:11,280 - INFO - Character data saved successfully to character_data.json
2025-09-28 16:27:11,389 - INFO - Character data saved successfully to character_data.json
2025-09-28 16:27:11,520 - INFO - Character data saved successfully to character_data.json
2025-09-28 16:27:11,980 - INFO - Character data saved successfully to character_data.json
2025-09-28 16:27:12,303 - INFO - Character data saved successfully to character_data.json
2025-09-28 16:27:12,387 - INFO - Character data saved successfully to character_data.json
2025-09-28 16:27:12,457 - INFO - Character data saved successfully to character_data.json
2025-09-28 16:27:12,543 - INFO - Character data saved successfully to character_data.json
2025-09-28 16:27:12,733 - INFO - Character data saved successfully to character_data.json
2025-09-28 16:27:12,836 - INFO - Character data saved successfully to character_data.json
2025-09-28 16:27:12,961 - INFO - Character data saved successfully to character_data.json
2025-09-28 16:27:13,062 - INFO - Character data saved successfully to character_data.json
2025-09-28 16:27:13,168 - INFO - Character data saved successfully to character_data.json
2025-09-28 16:27:13,404 - INFO - Character data saved successfully to character_data.json
2025-09-28 16:27:13,583 - INFO - Character data saved successfully to character_data.json
2025-09-28 16:27:13,998 - INFO - Character data saved successfully to character_data.json
2025-09-28 16:27:14,150 - INFO - Character data saved successfully to character_data.json
2025-09-28 16:27:14,247 - INFO - Character data saved successfully to character_data.json
2025-09-28 16:27:14,422 - INFO - Character data saved successfully to character_data.json
2025-09-28 16:27:14,521 - INFO - Character data saved successfully to character_data.json
2025-09-28 16:27:14,732 - INFO - Character data saved successfully to character_data.json
2025-09-28 16:27:14,885 - INFO - Character data saved successfully to character_data.json
2025-09-28 16:27:15,024 - INFO - Character data saved successfully to character_data.json
2025-09-28 16:27:15,199 - INFO - Character data saved successfully to character_data.json
2025-09-28 16:27:15,339 - INFO - Character data saved successfully to character_data.json
2025-09-28 16:27:15,440 - INFO - Character data saved successfully to character_data.json
2025-09-28 16:27:15,560 - INFO - Character data saved successfully to character_data.json
2025-09-28 16:27:16,092 - INFO - Character data saved successfully to character_data.json
2025-09-28 16:27:16,192 - INFO - Character data saved successfully to character_data.json
2025-09-28 16:27:16,520 - INFO - Character data saved successfully to character_data.json
2025-09-28 16:27:17,818 - INFO - Character data saved successfully to character_data.json
2025-09-28 16:27:18,124 - INFO - Character data saved successfully to character_data.json
2025-09-28 16:27:18,316 - INFO - Character data saved successfully to character_data.json
2025-09-28 16:27:18,572 - INFO - Character data saved successfully to character_data.json
2025-09-28 16:27:18,711 - INFO - Character data saved successfully to character_data.json
2025-09-28 16:27:18,829 - INFO - Character data saved successfully to character_data.json
2025-09-28 16:27:18,950 - INFO - Character data saved successfully to character_data.json
2025-09-28 16:27:29,270 - INFO - Character data saved successfully to character_data.json
2025-09-28 16:27:29,463 - INFO - Character data saved successfully to character_data.json
2025-09-28 16:27:29,890 - INFO - Character data saved successfully to character_data.json
2025-09-28 16:27:30,086 - INFO - Character data saved successfully to character_data.json
2025-09-28 16:27:30,366 - INFO - Character data saved successfully to character_data.json
2025-09-28 16:27:30,524 - INFO - Character data saved successfully to character_data.json
2025-09-28 16:27:30,688 - INFO - Character data saved successfully to character_data.json
2025-09-28 16:27:30,812 - INFO - Character data saved successfully to character_data.json
2025-09-28 16:27:30,978 - INFO - Character data saved successfully to character_data.json
2025-09-28 16:27:31,081 - INFO - Character data saved successfully to character_data.json
2025-09-28 16:27:31,245 - INFO - Character data saved successfully to character_data.json
2025-09-28 16:27:31,367 - INFO - Character data saved successfully to character_data.json
2025-09-28 16:27:31,516 - INFO - Character data saved successfully to character_data.json
2025-09-28 16:27:31,642 - INFO - Character data saved successfully to character_data.json
2025-09-28 16:27:31,832 - INFO - Character data saved successfully to character_data.json
2025-09-28 16:27:32,692 - INFO - Character data saved successfully to character_data.json
2025-09-28 16:27:32,792 - INFO - Character data saved successfully to character_data.json
2025-09-28 16:31:43,185 - INFO - Character data saved successfully to character_data.json
2025-09-28 16:31:43,933 - INFO - Character data saved successfully to character_data.json
2025-09-28 16:33:41,850 - INFO - Character data saved successfully to character_data.json
2025-09-28 16:33:43,660 - INFO - Character data saved successfully to character_data.json
2025-09-28 16:33:43,882 - INFO - Character data saved successfully to character_data.json
2025-09-28 16:33:44,081 - INFO - Character data saved successfully to character_data.json
2025-09-28 16:33:44,317 - INFO - Character data saved successfully to character_data.json
2025-09-28 16:33:44,457 - INFO - Character data saved successfully to character_data.json
2025-09-28 16:33:44,617 - INFO - Character data saved successfully to character_data.json
2025-09-28 16:33:44,718 - INFO - Character data saved successfully to character_data.json
2025-09-28 16:33:45,590 - INFO - Character data saved successfully to character_data.json
2025-09-28 16:33:45,720 - INFO - Character data saved successfully to character_data.json
2025-09-28 16:33:45,940 - INFO - Character data saved successfully to character_data.json
2025-09-28 16:33:46,066 - INFO - Character data saved successfully to character_data.json
2025-09-28 16:33:46,537 - INFO - Character data saved successfully to character_data.json
2025-09-28 16:33:47,398 - INFO - Character data saved successfully to character_data.json
2025-09-28 16:33:47,598 - INFO - Character data saved successfully to character_data.json
2025-09-28 16:33:48,634 - INFO - Character data saved successfully to character_data.json
2025-09-28 16:33:48,779 - INFO - Character data saved successfully to character_data.json
2025-09-28 16:33:49,424 - INFO - Character data saved successfully to character_data.json
2025-09-28 16:33:49,507 - INFO - Character data saved successfully to character_data.json
2025-09-28 16:33:49,631 - INFO - Character data saved successfully to character_data.json
2025-09-28 16:33:49,715 - INFO - Character data saved successfully to character_data.json
2025-09-28 16:33:50,152 - INFO - Character data saved successfully to character_data.json
2025-09-28 16:33:50,258 - INFO - Character data saved successfully to character_data.json
2025-09-28 16:33:50,387 - INFO - Character data saved successfully to character_data.json
2025-09-28 16:33:50,493 - INFO - Character data saved successfully to character_data.json
2025-09-28 16:33:50,864 - INFO - Character data saved successfully to character_data.json
2025-09-28 16:33:51,463 - INFO - Character data saved successfully to character_data.json
2025-09-28 16:33:51,746 - INFO - Character data saved successfully to character_data.json
2025-09-28 16:33:52,362 - INFO - Character data saved successfully to character_data.json
2025-09-28 16:33:52,506 - INFO - Character data saved successfully to character_data.json
2025-09-28 16:33:52,653 - INFO - Character data saved successfully to character_data.json
2025-09-28 16:33:52,923 - INFO - Character data saved successfully to character_data.json
2025-09-28 16:33:53,032 - INFO - Character data saved successfully to character_data.json
2025-09-28 16:33:53,399 - INFO - Character data saved successfully to character_data.json
2025-09-28 16:33:53,548 - INFO - Character data saved successfully to character_data.json
2025-09-28 16:33:53,614 - INFO - Character data saved successfully to character_data.json
2025-09-28 16:33:54,495 - INFO - Character data saved successfully to character_data.json
2025-09-28 16:33:54,600 - INFO - Character data saved successfully to character_data.json
2025-09-28 16:33:54,820 - INFO - Character data saved successfully to character_data.json
2025-09-28 16:33:54,966 - INFO - Character data saved successfully to character_data.json
2025-09-28 16:33:55,180 - INFO - Character data saved successfully to character_data.json
2025-09-28 16:33:56,346 - INFO - Character data saved successfully to character_data.json
2025-09-28 16:33:56,717 - INFO - Character data saved successfully to character_data.json
2025-09-28 16:33:57,458 - INFO - Character data saved successfully to character_data.json
2025-09-28 16:33:58,640 - INFO - Character data saved successfully to character_data.json
2025-09-28 16:33:59,124 - INFO - Character data saved successfully to character_data.json
2025-09-28 16:33:59,242 - INFO - Character data saved successfully to character_data.json
2025-09-28 16:34:00,002 - INFO - Character data saved successfully to character_data.json
2025-09-28 16:34:01,703 - INFO - Character data saved successfully to character_data.json
2025-09-28 16:34:03,097 - INFO - Character data saved successfully to character_data.json
2025-09-28 16:34:03,296 - INFO - Character data saved successfully to character_data.json
2025-09-28 16:34:03,609 - INFO - Character data saved successfully to character_data.json
2025-09-28 16:34:03,797 - INFO - Character data saved successfully to character_data.json
2025-09-28 16:34:03,926 - INFO - Character data saved successfully to character_data.json
2025-09-28 16:34:04,032 - INFO - Character data saved successfully to character_data.json
2025-09-28 16:34:04,181 - INFO - Character data saved successfully to character_data.json
2025-09-28 16:34:04,418 - INFO - Character data saved successfully to character_data.json
2025-09-28 16:34:04,547 - INFO - Character data saved successfully to character_data.json
2025-09-28 16:34:04,675 - INFO - Character data saved successfully to character_data.json
2025-09-28 16:34:04,805 - INFO - Character data saved successfully to character_data.json
2025-09-28 16:34:05,182 - INFO - Character data saved successfully to character_data.json
2025-09-28 16:34:05,470 - INFO - Character data saved successfully to character_data.json
2025-09-28 16:34:05,617 - INFO - Character data saved successfully to character_data.json
2025-09-28 16:34:05,977 - INFO - Character data saved successfully to character_data.json
2025-09-28 16:34:06,104 - INFO - Character data saved successfully to character_data.json
2025-09-28 16:34:09,259 - INFO - Character data saved successfully to character_data.json
2025-09-28 16:34:12,268 - INFO - Character data saved successfully to character_data.json
2025-09-28 16:34:12,363 - INFO - Character data saved successfully to character_data.json
2025-09-28 16:34:12,490 - INFO - Character data saved successfully to character_data.json
2025-09-28 16:34:12,737 - INFO - Character data saved successfully to character_data.json
2025-09-28 16:34:13,642 - INFO - Character data saved successfully to character_data.json
2025-09-28 16:34:14,438 - INFO - Character data saved successfully to character_data.json
2025-09-28 16:34:14,542 - INFO - Character data saved successfully to character_data.json
2025-09-28 16:34:14,699 - INFO - Character data saved successfully to character_data.json
2025-09-28 16:34:14,949 - INFO - Character data saved successfully to character_data.json
2025-09-28 16:34:15,208 - INFO - Character data saved successfully to character_data.json
2025-09-28 16:34:15,437 - INFO - Character data saved successfully to character_data.json
2025-09-28 16:34:15,529 - INFO - Character data saved successfully to character_data.json
2025-09-28 16:34:15,650 - INFO - Character data saved successfully to character_data.json
2025-09-28 16:34:15,746 - INFO - Character data saved successfully to character_data.json
2025-09-28 16:34:16,055 - INFO - Character data saved successfully to character_data.json
2025-09-28 16:34:16,250 - INFO - Character data saved successfully to character_data.json
2025-09-28 16:34:16,409 - INFO - Character data saved successfully to character_data.json
2025-09-28 16:34:16,526 - INFO - Character data saved successfully to character_data.json
2025-09-28 16:34:16,645 - INFO - Character data saved successfully to character_data.json
2025-09-28 16:34:16,728 - INFO - Character data saved successfully to character_data.json
2025-09-28 16:34:17,169 - INFO - Character data saved successfully to character_data.json
2025-09-28 16:34:17,461 - INFO - Character data saved successfully to character_data.json
2025-09-28 16:54:15,374 - INFO - Character data saved successfully to character_data.json
2025-09-28 16:59:48,314 - INFO - Character data saved successfully to character_data.json
2025-09-28 16:59:49,206 - INFO - Character data saved successfully to character_data.json
2025-09-28 16:59:49,424 - INFO - Character data saved successfully to character_data.json
2025-09-28 16:59:49,691 - INFO - Character data saved successfully to character_data.json
2025-09-28 16:59:49,833 - INFO - Character data saved successfully to character_data.json
2025-09-28 16:59:50,064 - INFO - Character data saved successfully to character_data.json
2025-09-28 16:59:50,262 - INFO - Character data saved successfully to character_data.json
2025-09-28 16:59:50,464 - INFO - Character data saved successfully to character_data.json
2025-09-28 16:59:50,669 - INFO - Character data saved successfully to character_data.json
2025-09-28 16:59:52,024 - INFO - Character data saved successfully to character_data.json
2025-09-28 16:59:52,202 - INFO - Character data saved successfully to character_data.json
2025-09-28 16:59:52,308 - INFO - Character data saved successfully to character_data.json
2025-09-28 16:59:52,454 - INFO - Character data saved successfully to character_data.json
2025-09-28 16:59:52,692 - INFO - Character data saved successfully to character_data.json
2025-09-28 16:59:52,872 - INFO - Character data saved successfully to character_data.json
2025-09-28 16:59:53,499 - INFO - Character data saved successfully to character_data.json
2025-09-28 16:59:55,768 - INFO - Character data saved successfully to character_data.json
2025-09-28 16:59:56,087 - INFO - Character data saved successfully to character_data.json
2025-09-28 16:59:56,237 - INFO - Character data saved successfully to character_data.json
2025-09-28 16:59:56,361 - INFO - Character data saved successfully to character_data.json
2025-09-28 16:59:56,728 - INFO - Character data saved successfully to character_data.json
2025-09-28 16:59:56,902 - INFO - Character data saved successfully to character_data.json
2025-09-28 16:59:56,998 - INFO - Character data saved successfully to character_data.json
2025-09-28 16:59:57,080 - INFO - Character data saved successfully to character_data.json
2025-09-28 16:59:58,145 - INFO - Character data saved successfully to character_data.json
2025-09-28 16:59:58,837 - INFO - Character data saved successfully to character_data.json
2025-09-28 16:59:59,156 - INFO - Character data saved successfully to character_data.json
2025-09-28 16:59:59,282 - INFO - Character data saved successfully to character_data.json
2025-09-28 16:59:59,431 - INFO - Character data saved successfully to character_data.json
2025-09-28 16:59:59,547 - INFO - Character data saved successfully to character_data.json
2025-09-28 17:00:02,284 - INFO - Character data saved successfully to character_data.json
2025-09-28 17:00:02,388 - INFO - Character data saved successfully to character_data.json
2025-09-28 17:00:02,510 - INFO - Character data saved successfully to character_data.json
2025-09-28 17:00:02,745 - INFO - Character data saved successfully to character_data.json
2025-09-28 17:00:02,981 - INFO - Character data saved successfully to character_data.json
2025-09-28 17:00:03,215 - INFO - Character data saved successfully to character_data.json
2025-09-28 17:00:03,314 - INFO - Character data saved successfully to character_data.json
2025-09-28 17:00:03,428 - INFO - Character data saved successfully to character_data.json
2025-09-28 17:00:03,494 - INFO - Character data saved successfully to character_data.json
2025-09-28 17:00:03,677 - INFO - Character data saved successfully to character_data.json
2025-09-28 17:00:04,208 - INFO - Character data saved successfully to character_data.json
2025-09-28 17:00:04,416 - INFO - Character data saved successfully to character_data.json
2025-09-28 17:00:04,635 - INFO - Character data saved successfully to character_data.json
2025-09-28 17:00:04,758 - INFO - Character data saved successfully to character_data.json
2025-09-28 17:00:05,795 - INFO - Character data saved successfully to character_data.json
2025-09-28 17:00:06,079 - INFO - Character data saved successfully to character_data.json
2025-09-28 17:00:06,357 - INFO - Character data saved successfully to character_data.json
2025-09-28 17:00:06,680 - INFO - Character data saved successfully to character_data.json
2025-09-28 17:00:06,759 - INFO - Character data saved successfully to character_data.json
2025-09-28 17:00:07,051 - INFO - Character data saved successfully to character_data.json
2025-09-28 17:00:07,473 - INFO - Character data saved successfully to character_data.json
2025-09-28 17:00:07,594 - INFO - Character data saved successfully to character_data.json
2025-09-28 17:00:07,729 - INFO - Character data saved successfully to character_data.json
2025-09-28 17:00:07,864 - INFO - Character data saved successfully to character_data.json
2025-09-28 17:00:08,163 - INFO - Character data saved successfully to character_data.json
2025-09-28 17:00:09,850 - INFO - Character data saved successfully to character_data.json
2025-09-28 17:00:10,279 - INFO - Character data saved successfully to character_data.json
2025-09-28 17:00:10,360 - INFO - Character data saved successfully to character_data.json
2025-09-28 17:00:10,442 - INFO - Character data saved successfully to character_data.json
2025-09-28 17:00:10,671 - INFO - Character data saved successfully to character_data.json
2025-09-28 17:00:10,886 - INFO - Character data saved successfully to character_data.json
2025-09-28 17:00:11,703 - INFO - Character data saved successfully to character_data.json
2025-09-28 17:00:11,897 - INFO - Character data saved successfully to character_data.json
2025-09-28 17:00:11,995 - INFO - Character data saved successfully to character_data.json
2025-09-28 17:00:12,142 - INFO - Character data saved successfully to character_data.json
2025-09-28 17:00:12,426 - INFO - Character data saved successfully to character_data.json
2025-09-28 17:00:12,637 - INFO - Character data saved successfully to character_data.json
2025-09-28 17:00:12,771 - INFO - Character data saved successfully to character_data.json
2025-09-28 17:00:12,945 - INFO - Character data saved successfully to character_data.json
2025-09-28 17:00:13,023 - INFO - Character data saved successfully to character_data.json
2025-09-28 17:00:13,178 - INFO - Character data saved successfully to character_data.json
2025-09-28 17:00:13,307 - INFO - Character data saved successfully to character_data.json
2025-09-28 17:00:13,539 - INFO - Character data saved successfully to character_data.json
2025-09-28 17:00:13,681 - INFO - Character data saved successfully to character_data.json
2025-09-28 17:00:13,893 - INFO - Character data saved successfully to character_data.json
2025-09-28 17:00:13,990 - INFO - Character data saved successfully to character_data.json
2025-09-28 17:00:14,157 - INFO - Character data saved successfully to character_data.json
2025-09-28 17:00:14,285 - INFO - Character data saved successfully to character_data.json
2025-09-28 17:00:14,576 - INFO - Character data saved successfully to character_data.json
2025-09-28 17:00:14,708 - INFO - Character data saved successfully to character_data.json
2025-09-28 17:00:14,863 - INFO - Character data saved successfully to character_data.json
2025-09-28 17:00:15,001 - INFO - Character data saved successfully to character_data.json
2025-09-28 17:00:15,230 - INFO - Character data saved successfully to character_data.json
2025-09-28 17:00:15,271 - INFO - Character data saved successfully to character_data.json
2025-09-28 17:00:15,487 - INFO - Character data saved successfully to character_data.json
2025-09-28 17:00:15,628 - INFO - Character data saved successfully to character_data.json
2025-09-28 17:00:15,767 - INFO - Character data saved successfully to character_data.json
2025-09-28 17:00:15,904 - INFO - Character data saved successfully to character_data.json
2025-09-28 17:00:16,118 - INFO - Character data saved successfully to character_data.json
2025-09-28 17:00:16,216 - INFO - Character data saved successfully to character_data.json
2025-09-28 17:00:16,810 - INFO - Character data saved successfully to character_data.json
2025-09-28 17:00:17,118 - INFO - Character data saved successfully to character_data.json
2025-09-28 17:00:17,200 - INFO - Character data saved successfully to character_data.json
2025-09-28 17:00:17,259 - INFO - Character data saved successfully to character_data.json
2025-09-28 17:00:17,530 - INFO - Character data saved successfully to character_data.json
2025-09-28 17:00:17,894 - INFO - Character data saved successfully to character_data.json
2025-09-28 17:00:18,146 - INFO - Character data saved successfully to character_data.json
2025-09-28 17:00:18,267 - INFO - Character data saved successfully to character_data.json
2025-09-28 17:00:18,461 - INFO - Character data saved successfully to character_data.json
2025-09-28 17:00:18,521 - INFO - Character data saved successfully to character_data.json
2025-09-28 17:00:18,681 - INFO - Character data saved successfully to character_data.json
2025-09-28 17:00:18,801 - INFO - Character data saved successfully to character_data.json
2025-09-28 17:00:19,087 - INFO - Character data saved successfully to character_data.json
2025-09-28 17:00:19,168 - INFO - Character data saved successfully to character_data.json
2025-09-28 17:00:19,386 - INFO - Character data saved successfully to character_data.json
2025-09-28 17:00:19,541 - INFO - Character data saved successfully to character_data.json
2025-09-28 17:00:19,923 - INFO - Character data saved successfully to character_data.json
2025-09-28 17:05:04,044 - INFO - Character data saved successfully to character_data.json
2025-09-28 17:19:48,886 - INFO - Character data saved successfully to character_data.json
2025-09-28 17:30:30,286 - INFO - Character data saved successfully to character_data.json
2025-09-28 17:30:31,123 - INFO - Character data saved successfully to character_data.json
2025-09-28 17:30:31,386 - INFO - Character data saved successfully to character_data.json
2025-09-28 17:30:31,469 - INFO - Character data saved successfully to character_data.json
2025-09-28 17:30:32,026 - INFO - Character data saved successfully to character_data.json
2025-09-28 17:30:32,200 - INFO - Character data saved successfully to character_data.json
2025-09-28 17:30:32,319 - INFO - Character data saved successfully to character_data.json
2025-09-28 17:30:32,490 - INFO - Character data saved successfully to character_data.json
2025-09-28 17:30:32,595 - INFO - Character data saved successfully to character_data.json
2025-09-28 17:30:32,807 - INFO - Character data saved successfully to character_data.json
2025-09-28 17:30:32,884 - INFO - Character data saved successfully to character_data.json
2025-09-28 17:30:33,034 - INFO - Character data saved successfully to character_data.json
2025-09-28 17:30:33,133 - INFO - Character data saved successfully to character_data.json
2025-09-28 17:30:33,269 - INFO - Character data saved successfully to character_data.json
2025-09-28 17:30:33,413 - INFO - Character data saved successfully to character_data.json
2025-09-28 17:30:33,591 - INFO - Character data saved successfully to character_data.json
2025-09-28 17:30:33,689 - INFO - Character data saved successfully to character_data.json
2025-09-28 17:30:33,860 - INFO - Character data saved successfully to character_data.json
2025-09-28 17:30:34,033 - INFO - Character data saved successfully to character_data.json
2025-09-28 17:30:34,148 - INFO - Character data saved successfully to character_data.json
2025-09-28 17:30:34,540 - INFO - Character data saved successfully to character_data.json
2025-09-28 17:30:34,674 - INFO - Character data saved successfully to character_data.json
2025-09-28 17:30:34,865 - INFO - Character data saved successfully to character_data.json
2025-09-28 17:30:34,946 - INFO - Character data saved successfully to character_data.json
2025-09-28 17:30:35,103 - INFO - Character data saved successfully to character_data.json
2025-09-28 17:30:35,219 - INFO - Character data saved successfully to character_data.json
2025-09-28 17:30:36,442 - INFO - Character data saved successfully to character_data.json
2025-09-28 17:30:36,652 - INFO - Character data saved successfully to character_data.json
2025-09-28 17:30:36,829 - INFO - Character data saved successfully to character_data.json
2025-09-28 17:30:37,003 - INFO - Character data saved successfully to character_data.json
2025-09-28 17:30:37,063 - INFO - Character data saved successfully to character_data.json
2025-09-28 17:30:38,184 - INFO - Character data saved successfully to character_data.json
2025-09-28 17:30:38,533 - INFO - Character data saved successfully to character_data.json
2025-09-28 17:30:38,730 - INFO - Character data saved successfully to character_data.json
2025-09-28 17:30:38,960 - INFO - Character data saved successfully to character_data.json
2025-09-28 17:30:39,684 - INFO - Character data saved successfully to character_data.json
2025-09-28 17:30:39,815 - INFO - Character data saved successfully to character_data.json
2025-09-28 17:30:39,957 - INFO - Character data saved successfully to character_data.json
2025-09-28 17:30:40,149 - INFO - Character data saved successfully to character_data.json
2025-09-28 17:30:40,269 - INFO - Character data saved successfully to character_data.json
2025-09-28 17:30:40,373 - INFO - Character data saved successfully to character_data.json
2025-09-28 17:30:40,567 - INFO - Character data saved successfully to character_data.json
2025-09-28 17:30:40,666 - INFO - Character data saved successfully to character_data.json
2025-09-28 17:30:40,785 - INFO - Character data saved successfully to character_data.json
2025-09-28 17:30:40,979 - INFO - Character data saved successfully to character_data.json
2025-09-28 17:30:41,037 - INFO - Character data saved successfully to character_data.json
2025-09-28 17:30:41,273 - INFO - Character data saved successfully to character_data.json
2025-09-28 17:30:41,399 - INFO - Character data saved successfully to character_data.json
2025-09-28 17:30:41,538 - INFO - Character data saved successfully to character_data.json
2025-09-28 17:30:41,662 - INFO - Character data saved successfully to character_data.json
2025-09-28 17:30:41,846 - INFO - Character data saved successfully to character_data.json
2025-09-28 17:30:42,944 - INFO - Character data saved successfully to character_data.json
2025-09-28 17:30:43,041 - INFO - Character data saved successfully to character_data.json
2025-09-28 17:30:43,214 - INFO - Character data saved successfully to character_data.json
2025-09-28 17:30:43,513 - INFO - Character data saved successfully to character_data.json
2025-09-28 17:32:18,864 - INFO - Character data saved successfully to character_data.json
2025-09-28 17:39:59,353 - INFO - Character data saved successfully to character_data.json
2025-09-28 17:40:00,378 - INFO - Character data saved successfully to character_data.json
2025-09-28 17:40:00,642 - INFO - Character data saved successfully to character_data.json
2025-09-28 17:40:00,863 - INFO - Character data saved successfully to character_data.json
2025-09-28 17:40:01,009 - INFO - Character data saved successfully to character_data.json
2025-09-28 17:40:01,212 - INFO - Character data saved successfully to character_data.json
2025-09-28 17:40:01,299 - INFO - Character data saved successfully to character_data.json
2025-09-28 17:40:01,441 - INFO - Character data saved successfully to character_data.json
2025-09-28 17:40:01,563 - INFO - Character data saved successfully to character_data.json
2025-09-28 17:40:04,592 - INFO - Character data saved successfully to character_data.json
2025-09-28 17:40:04,680 - INFO - Character data saved successfully to character_data.json
2025-09-28 17:40:04,825 - INFO - Character data saved successfully to character_data.json
2025-09-28 17:40:04,946 - INFO - Character data saved successfully to character_data.json
2025-09-28 17:40:12,936 - INFO - Character data saved successfully to character_data.json
2025-09-28 17:40:13,037 - INFO - Character data saved successfully to character_data.json
2025-09-28 17:40:13,157 - INFO - Character data saved successfully to character_data.json
2025-09-28 17:40:13,332 - INFO - Character data saved successfully to character_data.json
2025-09-28 17:40:13,528 - INFO - Character data saved successfully to character_data.json
2025-09-28 17:40:13,775 - INFO - Character data saved successfully to character_data.json
2025-09-28 17:40:13,912 - INFO - Character data saved successfully to character_data.json
2025-09-28 17:40:14,030 - INFO - Character data saved successfully to character_data.json
2025-09-28 17:40:14,226 - INFO - Character data saved successfully to character_data.json
2025-09-28 17:40:14,391 - INFO - Character data saved successfully to character_data.json
2025-09-28 17:40:14,544 - INFO - Character data saved successfully to character_data.json
2025-09-28 17:40:14,719 - INFO - Character data saved successfully to character_data.json
2025-09-28 17:40:14,806 - INFO - Character data saved successfully to character_data.json
2025-09-28 17:40:14,967 - INFO - Character data saved successfully to character_data.json
2025-09-28 17:40:15,316 - INFO - Character data saved successfully to character_data.json
2025-09-28 17:40:15,896 - INFO - Character data saved successfully to character_data.json
2025-09-28 17:40:16,173 - INFO - Character data saved successfully to character_data.json
2025-09-28 17:40:16,305 - INFO - Character data saved successfully to character_data.json
2025-09-28 17:40:16,429 - INFO - Character data saved successfully to character_data.json
2025-09-28 17:40:16,605 - INFO - Character data saved successfully to character_data.json
2025-09-28 17:40:16,685 - INFO - Character data saved successfully to character_data.json
2025-09-28 17:40:16,836 - INFO - Character data saved successfully to character_data.json
2025-09-28 17:40:16,970 - INFO - Character data saved successfully to character_data.json
2025-09-28 17:40:17,056 - INFO - Character data saved successfully to character_data.json
2025-09-28 17:40:17,469 - INFO - Character data saved successfully to character_data.json
2025-09-28 17:40:17,654 - INFO - Character data saved successfully to character_data.json
2025-09-28 17:40:18,038 - INFO - Character data saved successfully to character_data.json
2025-09-28 17:40:18,213 - INFO - Character data saved successfully to character_data.json
2025-09-28 17:40:18,331 - INFO - Character data saved successfully to character_data.json
2025-09-28 17:40:18,445 - INFO - Character data saved successfully to character_data.json
2025-09-28 17:40:18,596 - INFO - Character data saved successfully to character_data.json
2025-09-28 17:40:18,718 - INFO - Character data saved successfully to character_data.json
2025-09-28 17:40:18,916 - INFO - Character data saved successfully to character_data.json
2025-09-28 17:40:18,994 - INFO - Character data saved successfully to character_data.json
2025-09-28 17:40:19,110 - INFO - Character data saved successfully to character_data.json
2025-09-28 17:40:19,327 - INFO - Character data saved successfully to character_data.json
2025-09-28 17:40:19,448 - INFO - Character data saved successfully to character_data.json
2025-09-28 17:40:19,721 - INFO - Character data saved successfully to character_data.json
2025-09-28 17:45:45,351 - INFO - Character data saved successfully to character_data.json
2025-09-28 17:50:25,434 - INFO - Character data saved successfully to character_data.json
2025-09-28 17:50:25,564 - INFO - Character data saved successfully to character_data.json
2025-09-28 17:50:26,909 - INFO - Character data saved successfully to character_data.json
2025-09-28 17:50:27,234 - INFO - Character data saved successfully to character_data.json
2025-09-28 17:50:27,317 - INFO - Character data saved successfully to character_data.json
2025-09-28 17:50:27,484 - INFO - Character data saved successfully to character_data.json
2025-09-28 17:50:27,560 - INFO - Character data saved successfully to character_data.json
2025-09-28 17:50:27,952 - INFO - Character data saved successfully to character_data.json
2025-09-28 17:50:28,054 - INFO - Character data saved successfully to character_data.json
2025-09-28 17:50:28,115 - INFO - Character data saved successfully to character_data.json
2025-09-28 17:50:28,236 - INFO - Character data saved successfully to character_data.json
2025-09-28 17:50:29,400 - INFO - Character data saved successfully to character_data.json
2025-09-28 17:50:29,596 - INFO - Character data saved successfully to character_data.json
2025-09-28 17:50:29,849 - INFO - Character data saved successfully to character_data.json
2025-09-28 17:50:30,127 - INFO - Character data saved successfully to character_data.json
2025-09-28 17:50:30,199 - INFO - Character data saved successfully to character_data.json
2025-09-28 17:50:30,292 - INFO - Character data saved successfully to character_data.json
2025-09-28 17:50:30,891 - INFO - Character data saved successfully to character_data.json
2025-09-28 17:50:30,969 - INFO - Character data saved successfully to character_data.json
2025-09-28 17:50:31,492 - INFO - Character data saved successfully to character_data.json
2025-09-28 17:50:31,605 - INFO - Character data saved successfully to character_data.json
2025-09-28 17:50:31,681 - INFO - Character data saved successfully to character_data.json
2025-09-28 17:50:31,776 - INFO - Character data saved successfully to character_data.json
2025-09-28 17:50:31,926 - INFO - Character data saved successfully to character_data.json
2025-09-28 17:50:32,038 - INFO - Character data saved successfully to character_data.json
2025-09-28 17:50:32,134 - INFO - Character data saved successfully to character_data.json
2025-09-28 17:50:32,272 - INFO - Character data saved successfully to character_data.json
2025-09-28 17:50:32,389 - INFO - Character data saved successfully to character_data.json
2025-09-28 17:50:32,560 - INFO - Character data saved successfully to character_data.json
2025-09-28 17:50:32,644 - INFO - Character data saved successfully to character_data.json
2025-09-28 17:50:32,725 - INFO - Character data saved successfully to character_data.json
2025-09-28 17:50:32,826 - INFO - Character data saved successfully to character_data.json
2025-09-28 17:50:33,042 - INFO - Character data saved successfully to character_data.json
2025-09-28 17:50:33,164 - INFO - Character data saved successfully to character_data.json
2025-09-28 17:50:33,489 - INFO - Character data saved successfully to character_data.json
2025-09-28 17:50:33,869 - INFO - Character data saved successfully to character_data.json
2025-09-28 17:50:39,685 - INFO - Character data saved successfully to character_data.json
2025-09-28 17:50:39,802 - INFO - Character data saved successfully to character_data.json
2025-09-28 17:50:39,941 - INFO - Character data saved successfully to character_data.json
2025-09-28 17:53:30,443 - INFO - Character data saved successfully to character_data.json
2025-09-28 17:53:43,956 - INFO - Selected save: CON
2025-09-28 17:53:44,878 - INFO - Constitution save: 20 (1d20: [18] + +2)
2025-09-28 18:10:52,511 - INFO - Character data saved successfully to character_data.json
2025-09-28 18:11:43,831 - INFO - Character data saved successfully to character_data.json
2025-09-28 20:26:16,683 - INFO - Window resized to 1152x768 (3:2 ratio maintained: 1.500:1)
2025-09-28 20:26:18,532 - INFO - Window resized to 1663x1109 (3:2 ratio maintained: 1.500:1)
2025-09-28 20:26:21,736 - INFO - Window resized to 1180x787 (3:2 ratio maintained: 1.499:1)
2025-09-28 20:26:23,194 - INFO - Window resized to 1400x933 (3:2 ratio maintained: 1.501:1)
2025-09-28 20:26:38,981 - INFO - Character data saved successfully to character_data.json
2025-09-28 20:26:39,625 - INFO - Character data saved successfully to character_data.json
2025-09-28 20:26:39,789 - INFO - Character data saved successfully to character_data.json
2025-09-28 20:26:43,084 - INFO - Character data saved successfully to character_data.json
2025-09-28 20:26:43,200 - INFO - Character data saved successfully to character_data.json
2025-09-28 20:26:43,528 - INFO - Character data saved successfully to character_data.json
2025-09-28 20:26:47,674 - INFO - Character data saved successfully to character_data.json
2025-09-28 20:28:32,705 - INFO - Window resized to 1694x1129 (3:2 ratio maintained: 1.500:1)
2025-09-28 20:54:34,322 - INFO - Character data saved successfully to character_data.json
