2025-11-06 19:21:39,576 - INFO - D&D Character Tracker started - Log file: logs\dnd_tracker_20251106_192139.log
2025-11-06 19:21:39,755 - INFO - Pygame initialized successfully
2025-11-06 19:21:39,758 - INFO - Detected DPI: 144, Scale factor: 1.50
2025-11-06 19:21:39,758 - INFO - Screen resolution: 1920x1080
2025-11-06 19:21:39,758 - INFO - Work area: 1920x1008
2025-11-06 19:21:39,758 - INFO - Adaptive window size: 1152x648 (aspect ratio: 1.778)
2025-11-06 19:21:39,760 - INFO - Creating D&D Character Tool application
2025-11-06 19:21:39,957 - INFO - Loading character data from character_data.json
2025-11-06 19:21:39,970 - INFO - Loaded spell slots: {}
2025-11-06 19:21:39,972 - INFO - Loaded current spell slots: {}
2025-11-06 19:21:39,972 - INFO - Loaded character: Ramil al-Sayif
2025-11-06 19:21:39,973 - INFO - Weapons loaded: 3
2025-11-06 19:21:39,973 - INFO - Fighting styles: {'two_weapon_fighting': True, 'dueling': False, 'dueling_bonus': 0}
2025-11-06 19:21:39,974 - INFO - Window initialized at 1152x648 (aspect ratio: 1.78:1)
2025-11-06 19:21:39,976 - INFO -    • Window automatically adjusts to display scaling (100%, 125%, 150%)
2025-11-06 19:21:39,976 - INFO -    • Locked to 16:9 aspect ratio for optimal viewing
2025-11-06 19:21:39,976 - INFO -    • Press F11 to toggle fullscreen mode
2025-11-06 19:21:39,977 - INFO -    • Press ESC to exit fullscreen
2025-11-06 19:21:39,978 - INFO -    • Window is resizable - aspect ratio maintained automatically
2025-11-06 19:21:39,999 - INFO - Starting application main loop
2025-11-06 19:35:05,697 - INFO - Window resized to 1731x974 (16:9 ratio maintained: 1.777:1)
2025-11-06 19:35:17,862 - INFO - Character data saved successfully (4 characters)
2025-11-06 19:35:17,862 - INFO - Created new character: Character 4
2025-11-06 19:35:56,898 - INFO - Renamed character to: [P] Reyden
2025-11-06 19:35:56,902 - INFO - Character data saved successfully (4 characters)
2025-11-06 19:36:10,912 - INFO - Character data saved successfully (4 characters)
2025-11-06 19:36:10,984 - INFO - Character data saved successfully (4 characters)
2025-11-06 19:36:11,455 - INFO - Character data saved successfully (4 characters)
2025-11-06 19:36:11,573 - INFO - Character data saved successfully (4 characters)
2025-11-06 19:36:11,723 - INFO - Character data saved successfully (4 characters)
2025-11-06 19:36:11,865 - INFO - Character data saved successfully (4 characters)
2025-11-06 19:36:12,090 - INFO - Character data saved successfully (4 characters)
2025-11-06 19:36:12,260 - INFO - Character data saved successfully (4 characters)
2025-11-06 19:36:12,330 - INFO - Character data saved successfully (4 characters)
2025-11-06 19:36:12,443 - INFO - Character data saved successfully (4 characters)
2025-11-06 19:36:12,506 - INFO - Character data saved successfully (4 characters)
2025-11-06 19:36:12,652 - INFO - Character data saved successfully (4 characters)
2025-11-06 19:36:12,728 - INFO - Character data saved successfully (4 characters)
2025-11-06 19:36:12,805 - INFO - Character data saved successfully (4 characters)
2025-11-06 19:36:12,906 - INFO - Character data saved successfully (4 characters)
2025-11-06 19:36:13,047 - INFO - Character data saved successfully (4 characters)
2025-11-06 19:36:13,231 - INFO - Character data saved successfully (4 characters)
2025-11-06 19:36:14,691 - INFO - Character data saved successfully (4 characters)
2025-11-06 19:36:15,227 - INFO - Character data saved successfully (4 characters)
2025-11-06 19:36:15,329 - INFO - Character data saved successfully (4 characters)
2025-11-06 19:36:15,550 - INFO - Character data saved successfully (4 characters)
2025-11-06 19:36:15,694 - INFO - Character data saved successfully (4 characters)
2025-11-06 19:36:15,840 - INFO - Character data saved successfully (4 characters)
2025-11-06 19:36:15,950 - INFO - Character data saved successfully (4 characters)
2025-11-06 19:36:16,093 - INFO - Character data saved successfully (4 characters)
2025-11-06 19:36:17,669 - INFO - Character data saved successfully (4 characters)
2025-11-06 19:36:17,811 - INFO - Character data saved successfully (4 characters)
2025-11-06 19:36:18,706 - INFO - Character data saved successfully (4 characters)
2025-11-06 19:36:18,783 - INFO - Character data saved successfully (4 characters)
2025-11-06 19:36:19,050 - INFO - Character data saved successfully (4 characters)
2025-11-06 19:36:19,553 - INFO - Character data saved successfully (4 characters)
2025-11-06 19:36:20,137 - INFO - Character data saved successfully (4 characters)
2025-11-06 19:36:20,317 - INFO - Character data saved successfully (4 characters)
2025-11-06 19:36:24,626 - INFO - Character data saved successfully (4 characters)
2025-11-06 19:36:24,866 - INFO - Character data saved successfully (4 characters)
2025-11-06 19:36:28,576 - INFO - Character data saved successfully (4 characters)
2025-11-06 19:36:28,702 - INFO - Character data saved successfully (4 characters)
2025-11-06 19:36:29,548 - INFO - Character data saved successfully (4 characters)
2025-11-06 19:36:29,807 - INFO - Character data saved successfully (4 characters)
2025-11-06 19:36:30,063 - INFO - Character data saved successfully (4 characters)
2025-11-06 19:36:30,192 - INFO - Character data saved successfully (4 characters)
2025-11-06 19:36:30,348 - INFO - Character data saved successfully (4 characters)
2025-11-06 19:36:30,420 - INFO - Character data saved successfully (4 characters)
2025-11-06 19:36:30,652 - INFO - Character data saved successfully (4 characters)
2025-11-06 19:36:30,794 - INFO - Character data saved successfully (4 characters)
2025-11-06 19:36:30,931 - INFO - Character data saved successfully (4 characters)
2025-11-06 19:36:32,180 - INFO - Character data saved successfully (4 characters)
2025-11-06 19:36:32,320 - INFO - Character data saved successfully (4 characters)
2025-11-06 19:36:32,462 - INFO - Character data saved successfully (4 characters)
2025-11-06 19:36:32,590 - INFO - Character data saved successfully (4 characters)
2025-11-06 19:36:32,729 - INFO - Character data saved successfully (4 characters)
2025-11-06 19:36:32,978 - INFO - Character data saved successfully (4 characters)
2025-11-06 19:36:33,227 - INFO - Character data saved successfully (4 characters)
2025-11-06 19:36:33,338 - INFO - Character data saved successfully (4 characters)
2025-11-06 19:36:33,421 - INFO - Character data saved successfully (4 characters)
2025-11-06 19:36:33,491 - INFO - Character data saved successfully (4 characters)
2025-11-06 19:36:33,691 - INFO - Character data saved successfully (4 characters)
2025-11-06 19:36:33,781 - INFO - Character data saved successfully (4 characters)
2025-11-06 19:36:33,954 - INFO - Character data saved successfully (4 characters)
2025-11-06 19:36:34,027 - INFO - Character data saved successfully (4 characters)
2025-11-06 19:36:34,546 - INFO - Character data saved successfully (4 characters)
2025-11-06 19:36:34,686 - INFO - Character data saved successfully (4 characters)
2025-11-06 19:36:36,011 - INFO - Character data saved successfully (4 characters)
2025-11-06 19:36:36,412 - INFO - Character data saved successfully (4 characters)
2025-11-06 19:36:37,532 - INFO - Character data saved successfully (4 characters)
2025-11-06 19:36:37,591 - INFO - Character data saved successfully (4 characters)
2025-11-06 19:36:37,706 - INFO - Character data saved successfully (4 characters)
2025-11-06 19:36:38,025 - INFO - Character data saved successfully (4 characters)
2025-11-06 19:36:38,100 - INFO - Character data saved successfully (4 characters)
2025-11-06 19:36:38,174 - INFO - Character data saved successfully (4 characters)
2025-11-06 19:36:38,245 - INFO - Character data saved successfully (4 characters)
2025-11-06 19:36:38,316 - INFO - Character data saved successfully (4 characters)
2025-11-06 19:36:38,387 - INFO - Character data saved successfully (4 characters)
2025-11-06 19:36:38,459 - INFO - Character data saved successfully (4 characters)
2025-11-06 19:36:38,533 - INFO - Character data saved successfully (4 characters)
2025-11-06 19:36:38,635 - INFO - Character data saved successfully (4 characters)
2025-11-06 19:36:38,971 - INFO - Character data saved successfully (4 characters)
2025-11-06 19:36:39,112 - INFO - Character data saved successfully (4 characters)
2025-11-06 19:36:39,286 - INFO - Character data saved successfully (4 characters)
2025-11-06 19:36:39,465 - INFO - Character data saved successfully (4 characters)
2025-11-06 19:36:40,554 - INFO - Character data saved successfully (4 characters)
2025-11-06 19:36:40,738 - INFO - Character data saved successfully (4 characters)
2025-11-06 19:36:41,271 - INFO - Character data saved successfully (4 characters)
2025-11-06 19:36:41,587 - INFO - Character data saved successfully (4 characters)
2025-11-06 19:36:42,348 - INFO - Character data saved successfully (4 characters)
2025-11-06 19:36:42,678 - INFO - Character data saved successfully (4 characters)
2025-11-06 19:36:42,880 - INFO - Character data saved successfully (4 characters)
2025-11-06 19:36:43,017 - INFO - Character data saved successfully (4 characters)
2025-11-06 19:36:43,141 - INFO - Character data saved successfully (4 characters)
2025-11-06 19:36:43,258 - INFO - Character data saved successfully (4 characters)
2025-11-06 19:36:43,661 - INFO - Character data saved successfully (4 characters)
2025-11-06 19:36:43,921 - INFO - Character data saved successfully (4 characters)
2025-11-06 19:36:44,063 - INFO - Character data saved successfully (4 characters)
2025-11-06 19:36:44,175 - INFO - Character data saved successfully (4 characters)
2025-11-06 19:36:44,249 - INFO - Character data saved successfully (4 characters)
2025-11-06 19:36:44,403 - INFO - Character data saved successfully (4 characters)
2025-11-06 19:36:44,542 - INFO - Character data saved successfully (4 characters)
2025-11-06 19:36:44,719 - INFO - Character data saved successfully (4 characters)
2025-11-06 19:36:45,708 - INFO - Character data saved successfully (4 characters)
2025-11-06 19:36:45,902 - INFO - Character data saved successfully (4 characters)
2025-11-06 19:36:46,364 - INFO - Character data saved successfully (4 characters)
2025-11-06 19:36:46,502 - INFO - Character data saved successfully (4 characters)
2025-11-06 19:36:46,708 - INFO - Character data saved successfully (4 characters)
2025-11-06 19:36:47,602 - INFO - Character data saved successfully (4 characters)
2025-11-06 19:36:47,781 - INFO - Character data saved successfully (4 characters)
2025-11-06 19:36:50,020 - INFO - Character data saved successfully (4 characters)
2025-11-06 19:36:50,160 - INFO - Character data saved successfully (4 characters)
2025-11-06 19:36:50,357 - INFO - Character data saved successfully (4 characters)
2025-11-06 19:36:50,697 - INFO - Character data saved successfully (4 characters)
2025-11-06 19:36:50,874 - INFO - Character data saved successfully (4 characters)
2025-11-06 19:36:51,265 - INFO - Character data saved successfully (4 characters)
2025-11-06 19:36:51,405 - INFO - Character data saved successfully (4 characters)
2025-11-06 19:36:51,690 - INFO - Character data saved successfully (4 characters)
2025-11-06 19:36:51,881 - INFO - Character data saved successfully (4 characters)
2025-11-06 19:36:52,007 - INFO - Character data saved successfully (4 characters)
2025-11-06 19:36:52,223 - INFO - Character data saved successfully (4 characters)
2025-11-06 19:36:52,626 - INFO - Character data saved successfully (4 characters)
2025-11-06 19:36:52,763 - INFO - Character data saved successfully (4 characters)
2025-11-06 19:36:52,913 - INFO - Character data saved successfully (4 characters)
2025-11-06 19:36:53,928 - INFO - Character data saved successfully (4 characters)
2025-11-06 19:36:54,043 - INFO - Character data saved successfully (4 characters)
2025-11-06 19:36:54,471 - INFO - Character data saved successfully (4 characters)
2025-11-06 19:36:56,247 - INFO - Character data saved successfully (4 characters)
2025-11-06 19:36:56,494 - INFO - Character data saved successfully (4 characters)
2025-11-06 19:36:56,815 - INFO - Character data saved successfully (4 characters)
2025-11-06 19:36:56,888 - INFO - Character data saved successfully (4 characters)
2025-11-06 19:36:57,027 - INFO - Character data saved successfully (4 characters)
2025-11-06 19:36:57,232 - INFO - Character data saved successfully (4 characters)
2025-11-06 19:36:58,460 - INFO - Character data saved successfully (4 characters)
2025-11-06 19:37:00,102 - INFO - Character data saved successfully (4 characters)
2025-11-06 19:37:00,370 - INFO - Character data saved successfully (4 characters)
2025-11-06 19:37:01,031 - INFO - Character data saved successfully (4 characters)
2025-11-06 19:37:01,180 - INFO - Character data saved successfully (4 characters)
2025-11-06 19:37:01,329 - INFO - Character data saved successfully (4 characters)
2025-11-06 19:37:01,441 - INFO - Character data saved successfully (4 characters)
2025-11-06 19:37:01,628 - INFO - Character data saved successfully (4 characters)
2025-11-06 19:37:01,775 - INFO - Character data saved successfully (4 characters)
2025-11-06 19:37:01,959 - INFO - Character data saved successfully (4 characters)
2025-11-06 19:37:03,231 - INFO - Character data saved successfully (4 characters)
2025-11-06 19:37:04,019 - INFO - Character data saved successfully (4 characters)
2025-11-06 19:37:04,102 - INFO - Character data saved successfully (4 characters)
2025-11-06 19:37:04,295 - INFO - Character data saved successfully (4 characters)
2025-11-06 19:37:04,596 - INFO - Character data saved successfully (4 characters)
2025-11-06 19:37:04,705 - INFO - Character data saved successfully (4 characters)
2025-11-06 19:37:04,852 - INFO - Character data saved successfully (4 characters)
2025-11-06 19:37:05,094 - INFO - Character data saved successfully (4 characters)
2025-11-06 19:37:05,614 - INFO - Character data saved successfully (4 characters)
2025-11-06 19:37:05,789 - INFO - Character data saved successfully (4 characters)
2025-11-06 19:37:05,981 - INFO - Character data saved successfully (4 characters)
2025-11-06 19:37:06,324 - INFO - Character data saved successfully (4 characters)
2025-11-06 19:37:06,490 - INFO - Character data saved successfully (4 characters)
2025-11-06 19:37:08,890 - INFO - Character data saved successfully (4 characters)
2025-11-06 19:37:09,052 - INFO - Character data saved successfully (4 characters)
2025-11-06 19:37:09,228 - INFO - Character data saved successfully (4 characters)
2025-11-06 19:37:09,439 - INFO - Character data saved successfully (4 characters)
2025-11-06 19:37:09,947 - INFO - Character data saved successfully (4 characters)
2025-11-06 19:37:11,671 - INFO - Character data saved successfully (4 characters)
2025-11-06 19:37:11,956 - INFO - Character data saved successfully (4 characters)
2025-11-06 19:37:12,270 - INFO - Character data saved successfully (4 characters)
2025-11-06 19:37:12,748 - INFO - Character data saved successfully (4 characters)
2025-11-06 19:37:12,990 - INFO - Character data saved successfully (4 characters)
2025-11-06 19:37:13,034 - INFO - Character data saved successfully (4 characters)
2025-11-06 19:37:13,183 - INFO - Character data saved successfully (4 characters)
2025-11-06 19:37:13,291 - INFO - Character data saved successfully (4 characters)
2025-11-06 19:37:13,500 - INFO - Character data saved successfully (4 characters)
2025-11-06 19:37:13,710 - INFO - Character data saved successfully (4 characters)
2025-11-06 19:37:13,875 - INFO - Character data saved successfully (4 characters)
2025-11-06 19:37:14,134 - INFO - Character data saved successfully (4 characters)
2025-11-06 19:37:14,312 - INFO - Character data saved successfully (4 characters)
2025-11-06 19:37:14,588 - INFO - Character data saved successfully (4 characters)
2025-11-06 19:37:14,679 - INFO - Character data saved successfully (4 characters)
2025-11-06 19:37:14,824 - INFO - Character data saved successfully (4 characters)
2025-11-06 19:37:16,512 - INFO - Character data saved successfully (4 characters)
2025-11-06 19:37:16,634 - INFO - Character data saved successfully (4 characters)
2025-11-06 19:37:16,821 - INFO - Character data saved successfully (4 characters)
2025-11-06 19:37:16,929 - INFO - Character data saved successfully (4 characters)
2025-11-06 19:37:17,002 - INFO - Character data saved successfully (4 characters)
2025-11-06 19:37:17,170 - INFO - Character data saved successfully (4 characters)
2025-11-06 19:37:17,239 - INFO - Character data saved successfully (4 characters)
2025-11-06 19:37:18,100 - INFO - Character data saved successfully (4 characters)
2025-11-06 19:37:18,700 - INFO - Character data saved successfully (4 characters)
2025-11-06 19:37:25,694 - INFO - Character data saved successfully (4 characters)
2025-11-06 19:37:27,638 - INFO - Character data saved successfully (4 characters)
2025-11-06 19:37:31,789 - INFO - Character data saved successfully (4 characters)
2025-11-06 19:37:32,057 - INFO - Character data saved successfully (4 characters)
2025-11-06 19:37:32,130 - INFO - Character data saved successfully (4 characters)
2025-11-06 19:37:32,295 - INFO - Character data saved successfully (4 characters)
2025-11-06 19:37:33,394 - INFO - Character data saved successfully (4 characters)
2025-11-06 19:37:33,540 - INFO - Character data saved successfully (4 characters)
2025-11-06 19:37:33,655 - INFO - Character data saved successfully (4 characters)
2025-11-06 19:37:33,725 - INFO - Character data saved successfully (4 characters)
2025-11-06 19:37:34,395 - INFO - Character data saved successfully (4 characters)
2025-11-06 19:37:34,470 - INFO - Character data saved successfully (4 characters)
2025-11-06 19:37:34,651 - INFO - Character data saved successfully (4 characters)
2025-11-06 19:37:34,860 - INFO - Character data saved successfully (4 characters)
2025-11-06 19:37:34,914 - INFO - Character data saved successfully (4 characters)
2025-11-06 19:37:35,224 - INFO - Character data saved successfully (4 characters)
2025-11-06 19:37:35,266 - INFO - Character data saved successfully (4 characters)
2025-11-06 19:37:36,198 - INFO - Character data saved successfully (4 characters)
2025-11-06 19:37:36,341 - INFO - Character data saved successfully (4 characters)
2025-11-06 19:37:36,487 - INFO - Character data saved successfully (4 characters)
2025-11-06 19:37:36,560 - INFO - Character data saved successfully (4 characters)
2025-11-06 19:37:36,636 - INFO - Character data saved successfully (4 characters)
2025-11-06 19:37:36,788 - INFO - Character data saved successfully (4 characters)
2025-11-06 19:37:39,120 - INFO - Character data saved successfully (4 characters)
2025-11-06 19:37:39,311 - INFO - Character data saved successfully (4 characters)
2025-11-06 19:37:39,530 - INFO - Character data saved successfully (4 characters)
2025-11-06 19:37:39,651 - INFO - Character data saved successfully (4 characters)
2025-11-06 19:37:39,763 - INFO - Character data saved successfully (4 characters)
2025-11-06 19:37:39,909 - INFO - Character data saved successfully (4 characters)
2025-11-06 19:37:40,123 - INFO - Character data saved successfully (4 characters)
2025-11-06 19:37:40,335 - INFO - Character data saved successfully (4 characters)
2025-11-06 19:37:40,438 - INFO - Character data saved successfully (4 characters)
2025-11-06 19:37:40,690 - INFO - Character data saved successfully (4 characters)
2025-11-06 19:37:40,763 - INFO - Character data saved successfully (4 characters)
2025-11-06 19:37:40,910 - INFO - Character data saved successfully (4 characters)
2025-11-06 19:37:41,533 - INFO - Character data saved successfully (4 characters)
2025-11-06 19:37:41,856 - INFO - Character data saved successfully (4 characters)
2025-11-06 19:37:43,936 - INFO - Character data saved successfully (4 characters)
2025-11-06 19:37:44,085 - INFO - Character data saved successfully (4 characters)
2025-11-06 19:37:44,286 - INFO - Character data saved successfully (4 characters)
2025-11-06 19:37:44,368 - INFO - Character data saved successfully (4 characters)
2025-11-06 19:37:44,547 - INFO - Character data saved successfully (4 characters)
2025-11-06 19:37:44,781 - INFO - Character data saved successfully (4 characters)
2025-11-06 19:37:44,911 - INFO - Character data saved successfully (4 characters)
2025-11-06 19:37:45,108 - INFO - Character data saved successfully (4 characters)
2025-11-06 19:37:45,300 - INFO - Character data saved successfully (4 characters)
2025-11-06 19:37:45,420 - INFO - Character data saved successfully (4 characters)
2025-11-06 19:37:45,599 - INFO - Character data saved successfully (4 characters)
2025-11-06 19:37:45,822 - INFO - Character data saved successfully (4 characters)
2025-11-06 19:37:46,068 - INFO - Character data saved successfully (4 characters)
2025-11-06 19:37:46,299 - INFO - Character data saved successfully (4 characters)
2025-11-06 19:37:46,437 - INFO - Character data saved successfully (4 characters)
2025-11-06 19:37:47,160 - INFO - Character data saved successfully (4 characters)
2025-11-06 19:37:47,302 - INFO - Character data saved successfully (4 characters)
2025-11-06 19:37:47,493 - INFO - Character data saved successfully (4 characters)
2025-11-06 19:37:47,772 - INFO - Character data saved successfully (4 characters)
2025-11-06 19:37:51,720 - INFO - Character data saved successfully (4 characters)
2025-11-06 19:37:51,778 - INFO - Character data saved successfully (4 characters)
2025-11-06 19:37:52,072 - INFO - Character data saved successfully (4 characters)
2025-11-06 19:37:52,225 - INFO - Character data saved successfully (4 characters)
2025-11-06 19:37:52,566 - INFO - Character data saved successfully (4 characters)
2025-11-06 19:37:52,636 - INFO - Character data saved successfully (4 characters)
2025-11-06 19:37:53,117 - INFO - Character data saved successfully (4 characters)
2025-11-06 19:37:53,190 - INFO - Character data saved successfully (4 characters)
2025-11-06 19:37:54,449 - INFO - Character data saved successfully (4 characters)
2025-11-06 19:37:54,590 - INFO - Character data saved successfully (4 characters)
2025-11-06 19:37:54,735 - INFO - Character data saved successfully (4 characters)
2025-11-06 19:37:54,961 - INFO - Character data saved successfully (4 characters)
2025-11-06 19:37:55,619 - INFO - Character data saved successfully (4 characters)
2025-11-06 19:37:55,908 - INFO - Character data saved successfully (4 characters)
2025-11-06 19:37:56,024 - INFO - Character data saved successfully (4 characters)
2025-11-06 19:38:00,379 - INFO - Character data saved successfully (4 characters)
2025-11-06 19:38:00,488 - INFO - Character data saved successfully (4 characters)
2025-11-06 19:38:00,669 - INFO - Character data saved successfully (4 characters)
2025-11-06 19:38:01,143 - INFO - Character data saved successfully (4 characters)
2025-11-06 19:38:01,320 - INFO - Character data saved successfully (4 characters)
2025-11-06 19:38:01,433 - INFO - Character data saved successfully (4 characters)
2025-11-06 19:38:01,766 - INFO - Character data saved successfully (4 characters)
2025-11-06 19:38:01,969 - INFO - Character data saved successfully (4 characters)
2025-11-06 19:38:02,105 - INFO - Character data saved successfully (4 characters)
2025-11-06 19:38:02,248 - INFO - Character data saved successfully (4 characters)
2025-11-06 19:38:02,322 - INFO - Character data saved successfully (4 characters)
2025-11-06 19:38:02,462 - INFO - Character data saved successfully (4 characters)
2025-11-06 19:38:02,556 - INFO - Character data saved successfully (4 characters)
2025-11-06 19:38:03,384 - INFO - Character data saved successfully (4 characters)
2025-11-06 19:38:03,633 - INFO - Character data saved successfully (4 characters)
2025-11-06 19:38:03,773 - INFO - Character data saved successfully (4 characters)
2025-11-06 19:38:03,976 - INFO - Character data saved successfully (4 characters)
2025-11-06 19:38:04,117 - INFO - Character data saved successfully (4 characters)
2025-11-06 19:38:04,503 - INFO - Character data saved successfully (4 characters)
2025-11-06 19:38:04,577 - INFO - Character data saved successfully (4 characters)
2025-11-06 19:38:04,781 - INFO - Character data saved successfully (4 characters)
2025-11-06 19:38:06,018 - INFO - Character data saved successfully (4 characters)
2025-11-06 19:38:06,158 - INFO - Character data saved successfully (4 characters)
2025-11-06 19:38:06,604 - INFO - Character data saved successfully (4 characters)
2025-11-06 19:38:07,170 - INFO - Character data saved successfully (4 characters)
2025-11-06 19:38:07,966 - INFO - Character data saved successfully (4 characters)
2025-11-06 19:38:08,828 - INFO - Character data saved successfully (4 characters)
2025-11-06 19:38:17,220 - INFO - Character data saved successfully (4 characters)
2025-11-06 19:38:17,221 - INFO - Selected character: [P] Reyden
2025-11-06 19:38:18,282 - INFO - Character data saved successfully (4 characters)
2025-11-06 19:38:18,282 - INFO - Selected character: [P] Reyden
2025-11-06 19:38:19,702 - INFO - Character data saved successfully (4 characters)
2025-11-06 19:38:19,702 - INFO - Selected character: [P] Madea Blackthorn
2025-11-06 19:38:23,500 - INFO - Character data saved successfully (4 characters)
2025-11-06 19:38:23,501 - INFO - Selected character: [P] Reyden
2025-11-06 19:38:26,553 - INFO - Character data saved successfully (4 characters)
2025-11-06 19:38:26,695 - INFO - Character data saved successfully (4 characters)
2025-11-06 19:38:26,840 - INFO - Character data saved successfully (4 characters)
2025-11-06 19:38:28,348 - INFO - Character data saved successfully (4 characters)
2025-11-06 19:38:28,490 - INFO - Character data saved successfully (4 characters)
2025-11-06 19:38:28,630 - INFO - Character data saved successfully (4 characters)
2025-11-06 19:38:28,706 - INFO - Character data saved successfully (4 characters)
2025-11-06 19:38:28,846 - INFO - Character data saved successfully (4 characters)
2025-11-06 19:38:28,920 - INFO - Character data saved successfully (4 characters)
2025-11-06 19:38:29,886 - INFO - Character data saved successfully (4 characters)
2025-11-06 19:38:29,962 - INFO - Character data saved successfully (4 characters)
2025-11-06 19:38:30,105 - INFO - Character data saved successfully (4 characters)
2025-11-06 19:38:42,709 - INFO - Character data saved successfully (4 characters)
2025-11-06 19:38:44,363 - INFO - Character data saved successfully (4 characters)
2025-11-06 19:38:44,806 - INFO - Character data saved successfully (4 characters)
2025-11-06 19:38:45,004 - INFO - Character data saved successfully (4 characters)
2025-11-06 19:38:45,299 - INFO - Character data saved successfully (4 characters)
2025-11-06 19:38:45,446 - INFO - Character data saved successfully (4 characters)
2025-11-06 19:38:45,626 - INFO - Character data saved successfully (4 characters)
2025-11-06 19:38:45,702 - INFO - Character data saved successfully (4 characters)
2025-11-06 19:38:45,868 - INFO - Character data saved successfully (4 characters)
2025-11-06 19:38:46,038 - INFO - Character data saved successfully (4 characters)
2025-11-06 19:38:46,712 - INFO - Character data saved successfully (4 characters)
2025-11-06 19:38:46,867 - INFO - Character data saved successfully (4 characters)
2025-11-06 19:38:47,046 - INFO - Character data saved successfully (4 characters)
2025-11-06 19:38:47,219 - INFO - Character data saved successfully (4 characters)
2025-11-06 19:38:47,988 - INFO - Character data saved successfully (4 characters)
2025-11-06 19:38:48,196 - INFO - Character data saved successfully (4 characters)
2025-11-06 19:38:48,267 - INFO - Character data saved successfully (4 characters)
2025-11-06 19:38:48,396 - INFO - Character data saved successfully (4 characters)
2025-11-06 19:38:49,299 - INFO - Character data saved successfully (4 characters)
2025-11-06 19:38:49,411 - INFO - Character data saved successfully (4 characters)
2025-11-06 19:38:50,622 - INFO - Character data saved successfully (4 characters)
2025-11-06 19:38:50,776 - INFO - Character data saved successfully (4 characters)
2025-11-06 19:38:50,930 - INFO - Character data saved successfully (4 characters)
2025-11-06 19:38:51,071 - INFO - Character data saved successfully (4 characters)
2025-11-06 19:38:51,182 - INFO - Character data saved successfully (4 characters)
2025-11-06 19:38:51,802 - INFO - Character data saved successfully (4 characters)
2025-11-06 19:38:51,973 - INFO - Character data saved successfully (4 characters)
2025-11-06 19:38:52,360 - INFO - Character data saved successfully (4 characters)
2025-11-06 19:38:52,500 - INFO - Character data saved successfully (4 characters)
2025-11-06 19:38:52,662 - INFO - Character data saved successfully (4 characters)
2025-11-06 19:38:52,770 - INFO - Character data saved successfully (4 characters)
2025-11-06 19:38:53,485 - INFO - Character data saved successfully (4 characters)
2025-11-06 19:38:53,686 - INFO - Character data saved successfully (4 characters)
2025-11-06 19:38:53,843 - INFO - Character data saved successfully (4 characters)
2025-11-06 19:38:54,803 - INFO - Character data saved successfully (4 characters)
2025-11-06 19:38:54,872 - INFO - Character data saved successfully (4 characters)
2025-11-06 19:38:54,987 - INFO - Character data saved successfully (4 characters)
2025-11-06 19:38:55,059 - INFO - Character data saved successfully (4 characters)
2025-11-06 19:38:55,516 - INFO - Character data saved successfully (4 characters)
2025-11-06 19:38:58,097 - INFO - Character data saved successfully (4 characters)
2025-11-06 19:38:58,241 - INFO - Character data saved successfully (4 characters)
2025-11-06 19:38:58,313 - INFO - Character data saved successfully (4 characters)
2025-11-06 19:38:58,457 - INFO - Character data saved successfully (4 characters)
2025-11-06 19:38:58,807 - INFO - Character data saved successfully (4 characters)
2025-11-06 19:38:58,946 - INFO - Character data saved successfully (4 characters)
2025-11-06 19:39:00,008 - INFO - Character data saved successfully (4 characters)
2025-11-06 19:39:00,086 - INFO - Character data saved successfully (4 characters)
2025-11-06 19:39:00,232 - INFO - Character data saved successfully (4 characters)
2025-11-06 19:39:01,146 - INFO - Character data saved successfully (4 characters)
2025-11-06 19:39:01,219 - INFO - Character data saved successfully (4 characters)
2025-11-06 19:39:01,290 - INFO - Character data saved successfully (4 characters)
2025-11-06 19:39:01,350 - INFO - Character data saved successfully (4 characters)
2025-11-06 19:39:01,410 - INFO - Character data saved successfully (4 characters)
2025-11-06 19:39:01,480 - INFO - Character data saved successfully (4 characters)
2025-11-06 19:39:01,551 - INFO - Character data saved successfully (4 characters)
2025-11-06 19:39:01,621 - INFO - Character data saved successfully (4 characters)
2025-11-06 19:39:01,693 - INFO - Character data saved successfully (4 characters)
2025-11-06 19:39:01,764 - INFO - Character data saved successfully (4 characters)
2025-11-06 19:39:01,835 - INFO - Character data saved successfully (4 characters)
2025-11-06 19:39:01,894 - INFO - Character data saved successfully (4 characters)
2025-11-06 19:39:01,970 - INFO - Character data saved successfully (4 characters)
2025-11-06 19:39:02,046 - INFO - Character data saved successfully (4 characters)
2025-11-06 19:39:02,122 - INFO - Character data saved successfully (4 characters)
2025-11-06 19:39:02,202 - INFO - Character data saved successfully (4 characters)
2025-11-06 19:39:02,421 - INFO - Character data saved successfully (4 characters)
2025-11-06 19:39:02,616 - INFO - Character data saved successfully (4 characters)
2025-11-06 19:39:02,726 - INFO - Character data saved successfully (4 characters)
2025-11-06 19:39:02,870 - INFO - Character data saved successfully (4 characters)
2025-11-06 19:39:03,014 - INFO - Character data saved successfully (4 characters)
2025-11-06 19:39:03,133 - INFO - Character data saved successfully (4 characters)
2025-11-06 19:39:03,423 - INFO - Character data saved successfully (4 characters)
2025-11-06 19:39:03,559 - INFO - Character data saved successfully (4 characters)
2025-11-06 19:39:03,631 - INFO - Character data saved successfully (4 characters)
2025-11-06 19:39:03,824 - INFO - Character data saved successfully (4 characters)
2025-11-06 19:39:03,962 - INFO - Character data saved successfully (4 characters)
2025-11-06 19:39:04,106 - INFO - Character data saved successfully (4 characters)
2025-11-06 19:39:04,736 - INFO - Character data saved successfully (4 characters)
2025-11-06 19:39:05,667 - INFO - Character data saved successfully (4 characters)
2025-11-06 19:39:05,776 - INFO - Character data saved successfully (4 characters)
2025-11-06 19:39:06,256 - INFO - Character data saved successfully (4 characters)
2025-11-06 19:39:06,515 - INFO - Character data saved successfully (4 characters)
2025-11-06 19:39:06,690 - INFO - Character data saved successfully (4 characters)
2025-11-06 19:39:06,771 - INFO - Character data saved successfully (4 characters)
2025-11-06 19:39:07,023 - INFO - Character data saved successfully (4 characters)
2025-11-06 19:39:07,095 - INFO - Character data saved successfully (4 characters)
2025-11-06 19:39:08,948 - INFO - Character data saved successfully (4 characters)
2025-11-06 19:39:09,058 - INFO - Character data saved successfully (4 characters)
2025-11-06 19:39:09,130 - INFO - Character data saved successfully (4 characters)
2025-11-06 19:39:09,343 - INFO - Character data saved successfully (4 characters)
2025-11-06 19:39:09,455 - INFO - Character data saved successfully (4 characters)
2025-11-06 19:39:09,627 - INFO - Character data saved successfully (4 characters)
2025-11-06 19:39:09,771 - INFO - Character data saved successfully (4 characters)
2025-11-06 19:39:09,920 - INFO - Character data saved successfully (4 characters)
2025-11-06 19:39:10,136 - INFO - Character data saved successfully (4 characters)
2025-11-06 19:39:10,315 - INFO - Character data saved successfully (4 characters)
2025-11-06 19:39:10,538 - INFO - Character data saved successfully (4 characters)
2025-11-06 19:39:10,628 - INFO - Character data saved successfully (4 characters)
2025-11-06 19:39:10,868 - INFO - Character data saved successfully (4 characters)
2025-11-06 19:39:12,578 - INFO - Character data saved successfully (4 characters)
2025-11-06 19:39:13,090 - INFO - Character data saved successfully (4 characters)
2025-11-06 19:39:13,314 - INFO - Character data saved successfully (4 characters)
2025-11-06 19:39:14,361 - INFO - Character data saved successfully (4 characters)
2025-11-06 19:39:14,505 - INFO - Character data saved successfully (4 characters)
2025-11-06 19:39:14,707 - INFO - Character data saved successfully (4 characters)
2025-11-06 19:39:14,827 - INFO - Character data saved successfully (4 characters)
2025-11-06 19:39:14,986 - INFO - Character data saved successfully (4 characters)
2025-11-06 19:39:15,061 - INFO - Character data saved successfully (4 characters)
2025-11-06 19:39:15,172 - INFO - Character data saved successfully (4 characters)
2025-11-06 19:39:15,311 - INFO - Character data saved successfully (4 characters)
2025-11-06 19:39:15,567 - INFO - Character data saved successfully (4 characters)
2025-11-06 19:39:15,715 - INFO - Character data saved successfully (4 characters)
2025-11-06 19:39:15,869 - INFO - Character data saved successfully (4 characters)
2025-11-06 19:39:16,078 - INFO - Character data saved successfully (4 characters)
2025-11-06 19:39:16,186 - INFO - Character data saved successfully (4 characters)
2025-11-06 19:39:16,272 - INFO - Character data saved successfully (4 characters)
2025-11-06 19:39:16,509 - INFO - Character data saved successfully (4 characters)
2025-11-06 19:39:17,390 - INFO - Character data saved successfully (4 characters)
2025-11-06 19:39:17,541 - INFO - Character data saved successfully (4 characters)
2025-11-06 19:39:17,687 - INFO - Character data saved successfully (4 characters)
2025-11-06 19:39:24,279 - INFO - Character data saved successfully (5 characters)
2025-11-06 19:39:24,279 - INFO - Created new character: Character 5
2025-11-06 19:39:42,644 - INFO - Renamed character to: [P] Kai Hyoshin
2025-11-06 19:39:42,656 - INFO - Character data saved successfully (5 characters)
2025-11-06 19:39:51,014 - INFO - Character data saved successfully (5 characters)
2025-11-06 19:39:51,163 - INFO - Character data saved successfully (5 characters)
2025-11-06 19:39:52,020 - INFO - Character data saved successfully (5 characters)
2025-11-06 19:39:52,168 - INFO - Character data saved successfully (5 characters)
2025-11-06 19:39:52,245 - INFO - Character data saved successfully (5 characters)
2025-11-06 19:39:52,399 - INFO - Character data saved successfully (5 characters)
2025-11-06 19:39:52,587 - INFO - Character data saved successfully (5 characters)
2025-11-06 19:39:52,748 - INFO - Character data saved successfully (5 characters)
2025-11-06 19:39:52,842 - INFO - Character data saved successfully (5 characters)
2025-11-06 19:39:52,920 - INFO - Character data saved successfully (5 characters)
2025-11-06 19:39:53,000 - INFO - Character data saved successfully (5 characters)
2025-11-06 19:39:53,115 - INFO - Character data saved successfully (5 characters)
2025-11-06 19:39:53,263 - INFO - Character data saved successfully (5 characters)
2025-11-06 19:39:54,056 - INFO - Character data saved successfully (5 characters)
2025-11-06 19:39:54,413 - INFO - Character data saved successfully (5 characters)
2025-11-06 19:39:54,562 - INFO - Character data saved successfully (5 characters)
2025-11-06 19:39:57,969 - INFO - Character data saved successfully (5 characters)
2025-11-06 19:39:58,146 - INFO - Character data saved successfully (5 characters)
2025-11-06 19:39:58,693 - INFO - Character data saved successfully (5 characters)
2025-11-06 19:39:58,928 - INFO - Character data saved successfully (5 characters)
2025-11-06 19:39:59,136 - INFO - Character data saved successfully (5 characters)
2025-11-06 19:40:04,391 - INFO - Character data saved successfully (5 characters)
2025-11-06 19:40:04,724 - INFO - Character data saved successfully (5 characters)
2025-11-06 19:40:04,868 - INFO - Character data saved successfully (5 characters)
2025-11-06 19:40:04,947 - INFO - Character data saved successfully (5 characters)
2025-11-06 19:40:05,166 - INFO - Character data saved successfully (5 characters)
2025-11-06 19:40:05,261 - INFO - Character data saved successfully (5 characters)
2025-11-06 19:40:05,423 - INFO - Character data saved successfully (5 characters)
2025-11-06 19:40:05,621 - INFO - Character data saved successfully (5 characters)
2025-11-06 19:40:05,740 - INFO - Character data saved successfully (5 characters)
2025-11-06 19:40:05,884 - INFO - Character data saved successfully (5 characters)
2025-11-06 19:40:06,035 - INFO - Character data saved successfully (5 characters)
2025-11-06 19:40:06,254 - INFO - Character data saved successfully (5 characters)
2025-11-06 19:40:06,742 - INFO - Character data saved successfully (5 characters)
2025-11-06 19:40:06,895 - INFO - Character data saved successfully (5 characters)
2025-11-06 19:40:06,952 - INFO - Character data saved successfully (5 characters)
2025-11-06 19:40:07,171 - INFO - Character data saved successfully (5 characters)
2025-11-06 19:40:07,267 - INFO - Character data saved successfully (5 characters)
2025-11-06 19:40:07,386 - INFO - Character data saved successfully (5 characters)
2025-11-06 19:40:07,509 - INFO - Character data saved successfully (5 characters)
2025-11-06 19:40:08,142 - INFO - Character data saved successfully (5 characters)
2025-11-06 19:40:08,368 - INFO - Character data saved successfully (5 characters)
2025-11-06 19:40:08,467 - INFO - Character data saved successfully (5 characters)
2025-11-06 19:40:08,626 - INFO - Character data saved successfully (5 characters)
2025-11-06 19:40:08,681 - INFO - Character data saved successfully (5 characters)
2025-11-06 19:40:08,835 - INFO - Character data saved successfully (5 characters)
2025-11-06 19:40:09,533 - INFO - Character data saved successfully (5 characters)
2025-11-06 19:40:09,607 - INFO - Character data saved successfully (5 characters)
2025-11-06 19:40:09,702 - INFO - Character data saved successfully (5 characters)
2025-11-06 19:40:09,895 - INFO - Character data saved successfully (5 characters)
2025-11-06 19:40:10,021 - INFO - Character data saved successfully (5 characters)
2025-11-06 19:40:10,133 - INFO - Character data saved successfully (5 characters)
2025-11-06 19:40:10,290 - INFO - Character data saved successfully (5 characters)
2025-11-06 19:40:10,618 - INFO - Character data saved successfully (5 characters)
2025-11-06 19:40:11,558 - INFO - Character data saved successfully (5 characters)
2025-11-06 19:40:12,497 - INFO - Character data saved successfully (5 characters)
2025-11-06 19:40:12,810 - INFO - Character data saved successfully (5 characters)
2025-11-06 19:40:12,939 - INFO - Character data saved successfully (5 characters)
2025-11-06 19:40:13,164 - INFO - Character data saved successfully (5 characters)
2025-11-06 19:40:13,170 - INFO - Character data saved successfully (5 characters)
2025-11-06 19:40:14,244 - INFO - Character data saved successfully (5 characters)
2025-11-06 19:40:14,341 - INFO - Character data saved successfully (5 characters)
2025-11-06 19:40:15,671 - INFO - Character data saved successfully (5 characters)
2025-11-06 19:40:15,802 - INFO - Character data saved successfully (5 characters)
2025-11-06 19:40:15,971 - INFO - Character data saved successfully (5 characters)
2025-11-06 19:40:16,144 - INFO - Character data saved successfully (5 characters)
2025-11-06 19:40:16,820 - INFO - Character data saved successfully (5 characters)
2025-11-06 19:40:16,948 - INFO - Character data saved successfully (5 characters)
2025-11-06 19:40:17,147 - INFO - Character data saved successfully (5 characters)
2025-11-06 19:40:17,231 - INFO - Character data saved successfully (5 characters)
2025-11-06 19:40:24,383 - INFO - Character data saved successfully (5 characters)
2025-11-06 19:40:24,840 - INFO - Character data saved successfully (5 characters)
2025-11-06 19:40:25,063 - INFO - Character data saved successfully (5 characters)
2025-11-06 19:40:25,428 - INFO - Character data saved successfully (5 characters)
2025-11-06 19:40:25,768 - INFO - Character data saved successfully (5 characters)
2025-11-06 19:40:26,573 - INFO - Character data saved successfully (5 characters)
2025-11-06 19:40:28,180 - INFO - Character data saved successfully (5 characters)
2025-11-06 19:40:34,796 - INFO - Character data saved successfully (5 characters)
2025-11-06 19:40:35,113 - INFO - Character data saved successfully (5 characters)
2025-11-06 19:40:35,300 - INFO - Character data saved successfully (5 characters)
2025-11-06 19:40:35,454 - INFO - Character data saved successfully (5 characters)
2025-11-06 19:40:35,757 - INFO - Character data saved successfully (5 characters)
2025-11-06 19:40:36,067 - INFO - Character data saved successfully (5 characters)
2025-11-06 19:40:38,145 - INFO - Character data saved successfully (5 characters)
2025-11-06 19:40:38,286 - INFO - Character data saved successfully (5 characters)
2025-11-06 19:40:38,441 - INFO - Character data saved successfully (5 characters)
2025-11-06 19:40:38,656 - INFO - Character data saved successfully (5 characters)
2025-11-06 19:40:38,828 - INFO - Character data saved successfully (5 characters)
2025-11-06 19:40:39,013 - INFO - Character data saved successfully (5 characters)
2025-11-06 19:40:39,755 - INFO - Character data saved successfully (5 characters)
2025-11-06 19:40:39,940 - INFO - Character data saved successfully (5 characters)
2025-11-06 19:40:40,242 - INFO - Character data saved successfully (5 characters)
2025-11-06 19:40:40,533 - INFO - Character data saved successfully (5 characters)
2025-11-06 19:40:41,255 - INFO - Character data saved successfully (5 characters)
2025-11-06 19:40:41,344 - INFO - Character data saved successfully (5 characters)
2025-11-06 19:40:41,472 - INFO - Character data saved successfully (5 characters)
2025-11-06 19:40:42,370 - INFO - Character data saved successfully (5 characters)
2025-11-06 19:40:42,503 - INFO - Character data saved successfully (5 characters)
2025-11-06 19:40:42,672 - INFO - Character data saved successfully (5 characters)
2025-11-06 19:40:42,887 - INFO - Character data saved successfully (5 characters)
2025-11-06 19:40:43,118 - INFO - Character data saved successfully (5 characters)
2025-11-06 19:40:43,253 - INFO - Character data saved successfully (5 characters)
2025-11-06 19:40:43,779 - INFO - Character data saved successfully (5 characters)
2025-11-06 19:40:44,115 - INFO - Character data saved successfully (5 characters)
2025-11-06 19:40:44,355 - INFO - Character data saved successfully (5 characters)
2025-11-06 19:40:44,566 - INFO - Character data saved successfully (5 characters)
2025-11-06 19:40:44,770 - INFO - Character data saved successfully (5 characters)
2025-11-06 19:40:44,910 - INFO - Character data saved successfully (5 characters)
2025-11-06 19:40:44,984 - INFO - Character data saved successfully (5 characters)
2025-11-06 19:40:45,264 - INFO - Character data saved successfully (5 characters)
2025-11-06 19:40:45,680 - INFO - Character data saved successfully (5 characters)
2025-11-06 19:40:46,057 - INFO - Character data saved successfully (5 characters)
2025-11-06 19:40:46,278 - INFO - Character data saved successfully (5 characters)
2025-11-06 19:40:46,394 - INFO - Character data saved successfully (5 characters)
2025-11-06 19:40:46,509 - INFO - Character data saved successfully (5 characters)
2025-11-06 19:40:46,717 - INFO - Character data saved successfully (5 characters)
2025-11-06 19:40:46,870 - INFO - Character data saved successfully (5 characters)
2025-11-06 19:40:47,096 - INFO - Character data saved successfully (5 characters)
2025-11-06 19:40:47,285 - INFO - Character data saved successfully (5 characters)
2025-11-06 19:40:47,658 - INFO - Character data saved successfully (5 characters)
2025-11-06 19:40:47,862 - INFO - Character data saved successfully (5 characters)
2025-11-06 19:40:48,121 - INFO - Character data saved successfully (5 characters)
2025-11-06 19:40:48,485 - INFO - Character data saved successfully (5 characters)
2025-11-06 19:40:48,565 - INFO - Character data saved successfully (5 characters)
2025-11-06 19:40:49,594 - INFO - Character data saved successfully (5 characters)
2025-11-06 19:40:50,100 - INFO - Character data saved successfully (5 characters)
2025-11-06 21:39:28,486 - INFO - Window resized to 1859x1046 (16:9 ratio maintained: 1.777:1)
2025-11-06 21:39:31,614 - INFO - Window resized to 1731x974 (16:9 ratio maintained: 1.777:1)
2025-11-06 21:39:55,463 - INFO - Character data saved successfully (5 characters)
