2025-07-31 22:11:15,362 - INFO - D&D Character Tracker started - Log file: logs\dnd_tracker_20250731_221115.log
2025-07-31 22:11:15,688 - INFO - Pygame initialized successfully
2025-07-31 22:11:15,691 - INFO - Detected DPI: 144, Scale factor: 1.50
2025-07-31 22:11:15,692 - INFO - Screen resolution: 1920x1080
2025-07-31 22:11:15,692 - INFO - Adaptive window size: 1200x675
2025-07-31 22:11:15,692 - INFO - Creating D&D Character Tool application
2025-07-31 22:11:16,452 - INFO - Loading character data from character_data.json
2025-07-31 22:11:16,467 - INFO - Loaded character: Barian the Broken
2025-07-31 22:11:16,468 - INFO - Weapons loaded: 3
2025-07-31 22:11:16,468 - INFO - Fighting styles: {'dueling': True, 'dueling_bonus': 2}
2025-07-31 22:11:16,468 - INFO - Window initialized at 1200x675 (aspect ratio: 1.78:1)
2025-07-31 22:11:16,471 - INFO -    • Window automatically adjusts to display scaling (100%, 125%, 150%)
2025-07-31 22:11:16,471 - INFO -    • Locked to 16:9 aspect ratio for optimal viewing
2025-07-31 22:11:16,471 - INFO -    • Press F11 to toggle fullscreen mode
2025-07-31 22:11:16,471 - INFO -    • Press ESC to exit fullscreen
2025-07-31 22:11:16,471 - INFO -    • Window is resizable - aspect ratio maintained automatically
2025-07-31 22:11:16,477 - INFO - Starting application main loop
2025-07-31 22:11:18,928 - INFO - Window resized to 1731x974 (16:9 ratio maintained: 1.78:1)
2025-07-31 22:11:22,240 - INFO - Window resized to 812x457 (16:9 ratio maintained: 1.78:1)
2025-07-31 22:11:24,352 - INFO - Window resized to 1731x974 (16:9 ratio maintained: 1.78:1)
2025-07-31 22:11:58,302 - INFO - Window resized to 1200x675 (16:9 ratio maintained: 1.78:1)
2025-07-31 22:12:15,124 - INFO - Character data saved successfully to character_data.json
