2025-08-06 21:42:29,719 - INFO - D&D Character Tracker started - Log file: logs\dnd_tracker_20250806_214229.log
2025-08-06 21:42:33,909 - INFO - Pygame initialized successfully
2025-08-06 21:42:33,910 - INFO - Detected DPI: 96, Scale factor: 1.00
2025-08-06 21:42:33,912 - INFO - Screen resolution: 1920x1080
2025-08-06 21:42:33,912 - INFO - Work area: 1920x1032
2025-08-06 21:42:33,912 - INFO - Adaptive window size: 1400x787 (aspect ratio: 1.779)
2025-08-06 21:42:33,912 - INFO - Creating D&D Character Tool application
2025-08-06 21:42:34,607 - INFO - Loading character data from character_data.json
2025-08-06 21:42:34,617 - INFO - Loaded character: Barian the Broken
2025-08-06 21:42:34,618 - INFO - Weapons loaded: 3
2025-08-06 21:42:34,618 - INFO - Fighting styles: {'dueling': True, 'dueling_bonus': 2}
2025-08-06 21:42:34,618 - INFO - Window initialized at 1400x787 (aspect ratio: 1.78:1)
2025-08-06 21:42:34,618 - INFO -    • Window automatically adjusts to display scaling (100%, 125%, 150%)
2025-08-06 21:42:34,618 - INFO -    • Locked to 16:9 aspect ratio for optimal viewing
2025-08-06 21:42:34,620 - INFO -    • Press F11 to toggle fullscreen mode
2025-08-06 21:42:34,620 - INFO -    • Press ESC to exit fullscreen
2025-08-06 21:42:34,620 - INFO -    • Window is resizable - aspect ratio maintained automatically
2025-08-06 21:42:34,629 - INFO - Starting application main loop
2025-08-06 21:42:39,222 - INFO - Window resized to 1793x1009 (16:9 ratio maintained: 1.78:1)
2025-08-06 21:42:41,778 - INFO - Window resized to 1793x1009 (16:9 ratio maintained: 1.78:1)
2025-08-06 21:42:44,525 - INFO - Window resized to 1793x1009 (16:9 ratio maintained: 1.78:1)
2025-08-06 21:42:47,972 - INFO - Window resized to 1793x1009 (16:9 ratio maintained: 1.78:1)
2025-08-06 21:42:53,253 - INFO - Character data saved successfully to character_data.json
