2025-11-02 00:52:46,255 - INFO - D&D Character Tracker started - Log file: logs\dnd_tracker_20251102_005246.log
2025-11-02 00:52:46,564 - INFO - Pygame initialized successfully
2025-11-02 00:52:46,568 - INFO - Detected DPI: 144, Scale factor: 1.50
2025-11-02 00:52:46,569 - INFO - Screen resolution: 1920x1080
2025-11-02 00:52:46,569 - INFO - Work area: 1920x1008
2025-11-02 00:52:46,570 - INFO - Adaptive window size: 1152x648 (aspect ratio: 1.778)
2025-11-02 00:52:46,570 - INFO - Creating D&D Character Tool application
2025-11-02 00:52:46,871 - INFO - Loading character data from character_data.json
2025-11-02 00:52:46,874 - INFO - Loaded spell slots: {}
2025-11-02 00:52:46,875 - INFO - Loaded current spell slots: {}
2025-11-02 00:52:46,875 - INFO - Loaded character: Ramil al-Sayif
2025-11-02 00:52:46,876 - INFO - Weapons loaded: 3
2025-11-02 00:52:46,876 - INFO - Fighting styles: {'two_weapon_fighting': True, 'dueling': False, 'dueling_bonus': 0}
2025-11-02 00:52:46,878 - INFO - Window initialized at 1152x648 (aspect ratio: 1.78:1)
2025-11-02 00:52:46,883 - INFO -    • Window automatically adjusts to display scaling (100%, 125%, 150%)
2025-11-02 00:52:46,883 - INFO -    • Locked to 16:9 aspect ratio for optimal viewing
2025-11-02 00:52:46,884 - INFO -    • Press F11 to toggle fullscreen mode
2025-11-02 00:52:46,884 - INFO -    • Press ESC to exit fullscreen
2025-11-02 00:52:46,885 - INFO -    • Window is resizable - aspect ratio maintained automatically
2025-11-02 00:52:46,920 - INFO - Starting application main loop
2025-11-02 00:52:59,039 - INFO - Window resized to 1731x974 (16:9 ratio maintained: 1.777:1)
2025-11-02 00:53:00,321 - INFO - Character data saved successfully to character_data.json
2025-11-02 00:53:00,321 - INFO - Created new character: Character 1
2025-11-02 00:53:01,931 - INFO - Character data saved successfully to character_data.json
2025-11-02 00:53:02,961 - INFO - Character data saved successfully to character_data.json
2025-11-02 00:53:02,961 - INFO - Created new character: Character 2
2025-11-02 00:53:03,791 - INFO - Character data saved successfully to character_data.json
2025-11-02 00:53:03,791 - INFO - Created new character: Character 3
2025-11-02 00:53:04,675 - INFO - Character data saved successfully to character_data.json
2025-11-02 00:53:04,675 - INFO - Created new character: Character 4
2025-11-02 00:53:05,462 - INFO - Character data saved successfully to character_data.json
2025-11-02 00:53:05,462 - INFO - Created new character: Character 5
2025-11-02 00:53:06,480 - INFO - Character data saved successfully to character_data.json
2025-11-02 00:53:06,480 - INFO - Created new character: Character 6
2025-11-02 00:53:07,678 - INFO - Character data saved successfully to character_data.json
2025-11-02 00:53:07,678 - INFO - Created new character: Character 7
2025-11-02 00:53:08,562 - INFO - Character data saved successfully to character_data.json
2025-11-02 00:53:08,562 - INFO - Created new character: Character 8
2025-11-02 00:53:09,500 - INFO - Character data saved successfully to character_data.json
2025-11-02 00:53:09,501 - INFO - Created new character: Character 9
2025-11-02 00:53:10,413 - INFO - Character data saved successfully to character_data.json
2025-11-02 00:53:10,413 - INFO - Created new character: Character 10
2025-11-02 00:53:11,421 - INFO - Character data saved successfully to character_data.json
2025-11-02 00:53:11,427 - INFO - Created new character: Character 11
2025-11-02 00:53:12,379 - INFO - Character data saved successfully to character_data.json
2025-11-02 00:53:12,380 - INFO - Created new character: Character 12
2025-11-02 00:59:02,588 - INFO - Character data saved successfully to character_data.json
