2025-11-27 00:30:49,463 - INFO - D&D Character Tracker started - Log file: logs\dnd_tracker_20251127_003049.log
2025-11-27 00:30:50,227 - INFO - Pygame initialized successfully
2025-11-27 00:30:50,258 - INFO - Detected DPI: 96, Scale factor: 1.00
2025-11-27 00:30:50,262 - INFO - Screen resolution: 1920x1080
2025-11-27 00:30:50,262 - INFO - Work area: 1920x1032
2025-11-27 00:30:50,263 - INFO - Adaptive window size: 1488x992 (aspect ratio: 1.500)
2025-11-27 00:30:50,276 - INFO - Creating D&D Character Tool application
2025-11-27 00:30:52,090 - INFO - Loading character data from C:\Users\lucas\OneDrive\Documents\D&D\Tracker_Ramil\character_data.json
2025-11-27 00:30:52,093 - INFO - Loaded spell slots: {'1st': 4, '2nd': 2}
2025-11-27 00:30:52,093 - INFO - Loaded current spell slots: {'1st': 0, '2nd': 2}
2025-11-27 00:30:52,093 - INFO - Loaded character: Ramil al-Sayif
2025-11-27 00:30:52,093 - INFO - Weapons loaded: 3
2025-11-27 00:30:52,094 - INFO - Fighting styles: {'two_weapon_fighting': True, 'dueling': False, 'dueling_bonus': 0}
2025-11-27 00:30:52,094 - INFO - Window initialized at 1488x992 (aspect ratio: 1.50:1)
2025-11-27 00:30:52,094 - INFO - Adaptive Resolution Features:
2025-11-27 00:30:52,094 - INFO -    - Window automatically adjusts to display scaling (100%, 125%, 150%)
2025-11-27 00:30:52,094 - INFO -    - Locked to 3:2 aspect ratio (1536x1024) for optimal viewing
2025-11-27 00:30:52,096 - INFO -    - Press F11 to toggle fullscreen mode
2025-11-27 00:30:52,096 - INFO -    - Press ESC to exit fullscreen
2025-11-27 00:30:52,096 - INFO -    - Window is resizable - aspect ratio maintained automatically
2025-11-27 00:30:52,137 - INFO - Starting application main loop
2025-11-27 00:30:56,513 - INFO - Selected spell: Prot E&G
2025-11-27 00:30:59,191 - INFO - Selected spell: Misty Step
2025-11-27 00:30:59,785 - INFO - Selected spell: Shadow Blade
2025-11-27 00:31:06,657 - INFO - Selected spell: Misty Step
2025-11-27 00:31:10,463 - INFO - Selected spell: Thunderwave
2025-11-27 00:31:36,883 - INFO - Character data saved successfully (15 characters)
2025-11-27 00:31:39,779 - INFO - Character data saved successfully (15 characters)
