2025-11-15 18:19:28,557 - INFO - D&D Character Tracker started - Log file: logs\dnd_tracker_20251115_181928.log
2025-11-15 18:19:28,745 - INFO - Pygame initialized successfully
2025-11-15 18:19:28,748 - INFO - Detected DPI: 96, Scale factor: 1.00
2025-11-15 18:19:28,748 - INFO - Screen resolution: 1920x1080
2025-11-15 18:19:28,748 - INFO - Work area: 1920x1032
2025-11-15 18:19:28,748 - INFO - Adaptive window size: 1488x992 (aspect ratio: 1.500)
2025-11-15 18:19:28,748 - INFO - Creating D&D Character Tool application
2025-11-15 18:19:29,524 - INFO - Loading character data from C:\Users\lucas\OneDrive\Documents\D&D\Tracker_Ramil\character_data.json
2025-11-15 18:19:29,525 - INFO - Loaded spell slots: {'1st': 4, '2nd': 2}
2025-11-15 18:19:29,525 - INFO - Loaded current spell slots: {'1st': 2, '2nd': 2}
2025-11-15 18:19:29,525 - INFO - Loaded character: Ramil al-Sayif
2025-11-15 18:19:29,525 - INFO - Weapons loaded: 3
2025-11-15 18:19:29,526 - INFO - Fighting styles: {'two_weapon_fighting': True, 'dueling': False, 'dueling_bonus': 0}
2025-11-15 18:19:29,526 - INFO - Window initialized at 1488x992 (aspect ratio: 1.50:1)
2025-11-15 18:19:29,526 - INFO - Adaptive Resolution Features:
2025-11-15 18:19:29,526 - INFO -    - Window automatically adjusts to display scaling (100%, 125%, 150%)
2025-11-15 18:19:29,526 - INFO -    - Locked to 3:2 aspect ratio (1536x1024) for optimal viewing
2025-11-15 18:19:29,526 - INFO -    - Press F11 to toggle fullscreen mode
2025-11-15 18:19:29,526 - INFO -    - Press ESC to exit fullscreen
2025-11-15 18:19:29,526 - INFO -    - Window is resizable - aspect ratio maintained automatically
2025-11-15 18:19:29,545 - INFO - Starting application main loop
2025-11-15 18:19:44,565 - INFO - Selected action: Bladesong
2025-11-15 18:20:04,885 - INFO - Selected weapon: Scimitar (Nick Mastery)
2025-11-15 18:20:56,838 - INFO - Selected spell: Misty Step
2025-11-15 18:21:01,065 - INFO - Selected spell: Shadow Blade
2025-11-15 18:21:16,968 - INFO - Selected spell: Misty Step
2025-11-15 18:21:18,272 - INFO - Selected spell: Ice Knife
2025-11-15 18:22:20,521 - INFO - Character data saved successfully (15 characters)
