2025-11-15 17:48:28,852 - INFO - D&D Character Tracker started - Log file: logs\dnd_tracker_20251115_174828.log
2025-11-15 17:48:29,032 - INFO - Pygame initialized successfully
2025-11-15 17:48:29,034 - INFO - Detected DPI: 96, Scale factor: 1.00
2025-11-15 17:48:29,036 - INFO - Screen resolution: 1920x1080
2025-11-15 17:48:29,036 - INFO - Work area: 1920x1032
2025-11-15 17:48:29,036 - INFO - Adaptive window size: 1488x992 (aspect ratio: 1.500)
2025-11-15 17:48:29,036 - INFO - Creating D&D Character Tool application
2025-11-15 17:48:29,628 - INFO - Loading character data from C:\Users\lucas\OneDrive\Documents\D&D\Tracker_Ramil\character_data.json
2025-11-15 17:48:29,643 - INFO - Loaded spell slots: {'1st': 4, '2nd': 2}
2025-11-15 17:48:29,643 - INFO - Loaded current spell slots: {'1st': 2, '2nd': 2}
2025-11-15 17:48:29,644 - INFO - Loaded character: Ramil al-Sayif
2025-11-15 17:48:29,644 - INFO - Weapons loaded: 3
2025-11-15 17:48:29,644 - INFO - Fighting styles: {'two_weapon_fighting': True, 'dueling': False, 'dueling_bonus': 0}
2025-11-15 17:48:29,644 - INFO - Window initialized at 1488x992 (aspect ratio: 1.50:1)
2025-11-15 17:48:29,646 - INFO -    • Window automatically adjusts to display scaling (100%, 125%, 150%)
2025-11-15 17:48:29,646 - INFO -    • Locked to 3:2 aspect ratio (1536x1024) for optimal viewing
2025-11-15 17:48:29,646 - INFO -    • Press F11 to toggle fullscreen mode
2025-11-15 17:48:29,646 - INFO -    • Press ESC to exit fullscreen
2025-11-15 17:48:29,646 - INFO -    • Window is resizable - aspect ratio maintained automatically
2025-11-15 17:48:29,665 - INFO - Starting application main loop
2025-11-15 17:48:51,513 - INFO - Character data saved successfully (15 characters)
