2025-11-02 01:00:27,359 - INFO - D&D Character Tracker started - Log file: logs\dnd_tracker_20251102_010027.log
2025-11-02 01:00:27,680 - INFO - Pygame initialized successfully
2025-11-02 01:00:27,684 - INFO - Detected DPI: 144, Scale factor: 1.50
2025-11-02 01:00:27,684 - INFO - Screen resolution: 1920x1080
2025-11-02 01:00:27,685 - INFO - Work area: 1920x1008
2025-11-02 01:00:27,686 - INFO - Adaptive window size: 1152x648 (aspect ratio: 1.778)
2025-11-02 01:00:27,687 - INFO - Creating D&D Character Tool application
2025-11-02 01:00:27,921 - INFO - Loading character data from character_data.json
2025-11-02 01:00:27,923 - INFO - Loaded spell slots: {}
2025-11-02 01:00:27,923 - INFO - Loaded current spell slots: {}
2025-11-02 01:00:27,923 - INFO - Loaded character: Ramil al-Sayif
2025-11-02 01:00:27,923 - INFO - Weapons loaded: 3
2025-11-02 01:00:27,923 - INFO - Fighting styles: {'two_weapon_fighting': True, 'dueling': False, 'dueling_bonus': 0}
2025-11-02 01:00:27,924 - INFO - Window initialized at 1152x648 (aspect ratio: 1.78:1)
2025-11-02 01:00:27,927 - INFO -    • Window automatically adjusts to display scaling (100%, 125%, 150%)
2025-11-02 01:00:27,927 - INFO -    • Locked to 16:9 aspect ratio for optimal viewing
2025-11-02 01:00:27,927 - INFO -    • Press F11 to toggle fullscreen mode
2025-11-02 01:00:27,928 - INFO -    • Press ESC to exit fullscreen
2025-11-02 01:00:27,928 - INFO -    • Window is resizable - aspect ratio maintained automatically
2025-11-02 01:00:27,955 - INFO - Starting application main loop
2025-11-02 01:00:30,359 - INFO - Character data saved successfully (1 characters)
2025-11-02 01:00:30,359 - INFO - Created new character: Character 1
2025-11-02 01:00:36,057 - INFO - Renamed character to: Dea
2025-11-02 01:00:36,061 - INFO - Character data saved successfully (1 characters)
2025-11-02 01:00:38,483 - INFO - Character data saved successfully (1 characters)
2025-11-02 01:00:39,338 - INFO - Character data saved successfully (1 characters)
2025-11-02 01:00:39,394 - INFO - Character data saved successfully (1 characters)
2025-11-02 01:00:39,545 - INFO - Character data saved successfully (1 characters)
2025-11-02 01:00:39,808 - INFO - Character data saved successfully (1 characters)
2025-11-02 01:00:40,059 - INFO - Character data saved successfully (1 characters)
2025-11-02 01:00:40,774 - INFO - Character data saved successfully (1 characters)
2025-11-02 01:00:40,976 - INFO - Character data saved successfully (1 characters)
2025-11-02 01:00:41,885 - INFO - Character data saved successfully (1 characters)
2025-11-02 01:00:42,010 - INFO - Character data saved successfully (1 characters)
2025-11-02 01:00:42,257 - INFO - Character data saved successfully (1 characters)
2025-11-02 01:00:42,619 - INFO - Character data saved successfully (1 characters)
2025-11-02 01:00:42,719 - INFO - Character data saved successfully (1 characters)
2025-11-02 01:00:42,915 - INFO - Character data saved successfully (1 characters)
2025-11-02 01:00:42,989 - INFO - Character data saved successfully (1 characters)
2025-11-02 01:00:43,123 - INFO - Character data saved successfully (1 characters)
2025-11-02 01:00:43,209 - INFO - Character data saved successfully (1 characters)
2025-11-02 01:00:43,883 - INFO - Character data saved successfully (1 characters)
2025-11-02 01:00:44,303 - INFO - Character data saved successfully (1 characters)
2025-11-02 01:00:44,519 - INFO - Character data saved successfully (1 characters)
2025-11-02 01:00:44,739 - INFO - Character data saved successfully (1 characters)
2025-11-02 01:00:44,905 - INFO - Character data saved successfully (1 characters)
2025-11-02 01:00:44,974 - INFO - Character data saved successfully (1 characters)
2025-11-02 01:00:45,191 - INFO - Character data saved successfully (1 characters)
2025-11-02 01:00:45,293 - INFO - Character data saved successfully (1 characters)
2025-11-02 01:00:45,445 - INFO - Character data saved successfully (1 characters)
2025-11-02 01:00:45,660 - INFO - Character data saved successfully (1 characters)
2025-11-02 01:00:45,806 - INFO - Character data saved successfully (1 characters)
2025-11-02 01:00:45,957 - INFO - Character data saved successfully (1 characters)
2025-11-02 01:00:46,031 - INFO - Character data saved successfully (1 characters)
2025-11-02 01:00:46,746 - INFO - Character data saved successfully (1 characters)
2025-11-02 01:00:46,868 - INFO - Character data saved successfully (1 characters)
2025-11-02 01:00:47,027 - INFO - Character data saved successfully (1 characters)
2025-11-02 01:00:47,102 - INFO - Character data saved successfully (1 characters)
2025-11-02 01:00:51,545 - INFO - Character data saved successfully (1 characters)
2025-11-02 01:00:52,301 - INFO - Character data saved successfully (1 characters)
2025-11-02 01:00:52,362 - INFO - Character data saved successfully (1 characters)
2025-11-02 01:00:54,698 - INFO - Character data saved successfully (1 characters)
2025-11-02 01:00:54,805 - INFO - Character data saved successfully (1 characters)
2025-11-02 01:01:10,188 - INFO - Character data saved successfully (1 characters)
2025-11-02 01:01:12,724 - INFO - Character data saved successfully (1 characters)
