2025-11-25 22:51:45,132 - INFO - D&D Character Tracker started - Log file: logs\dnd_tracker_20251125_225145.log
2025-11-25 22:51:45,446 - INFO - Pygame initialized successfully
2025-11-25 22:51:45,448 - INFO - Detected DPI: 96, Scale factor: 1.00
2025-11-25 22:51:45,450 - INFO - Screen resolution: 1920x1080
2025-11-25 22:51:45,450 - INFO - Work area: 1920x1032
2025-11-25 22:51:45,450 - INFO - Adaptive window size: 1488x992 (aspect ratio: 1.500)
2025-11-25 22:51:45,450 - INFO - Creating D&D Character Tool application
2025-11-25 22:51:46,195 - INFO - Loading character data from C:\Users\lucas\OneDrive\Documents\D&D\Tracker_Ramil\character_data.json
2025-11-25 22:51:46,216 - INFO - Loaded spell slots: {'1st': 4, '2nd': 2}
2025-11-25 22:51:46,217 - INFO - Loaded current spell slots: {'1st': 1, '2nd': 2}
2025-11-25 22:51:46,217 - INFO - Loaded character: Ramil al-Sayif
2025-11-25 22:51:46,217 - INFO - Weapons loaded: 3
2025-11-25 22:51:46,217 - INFO - Fighting styles: {'two_weapon_fighting': True, 'dueling': False, 'dueling_bonus': 0}
2025-11-25 22:51:46,218 - INFO - Window initialized at 1488x992 (aspect ratio: 1.50:1)
2025-11-25 22:51:46,218 - INFO - Adaptive Resolution Features:
2025-11-25 22:51:46,218 - INFO -    - Window automatically adjusts to display scaling (100%, 125%, 150%)
2025-11-25 22:51:46,219 - INFO -    - Locked to 3:2 aspect ratio (1536x1024) for optimal viewing
2025-11-25 22:51:46,219 - INFO -    - Press F11 to toggle fullscreen mode
2025-11-25 22:51:46,219 - INFO -    - Press ESC to exit fullscreen
2025-11-25 22:51:46,219 - INFO -    - Window is resizable - aspect ratio maintained automatically
2025-11-25 22:51:46,238 - INFO - Starting application main loop
2025-11-25 22:51:51,353 - INFO - Character data saved successfully (15 characters)
2025-11-25 22:51:52,597 - INFO - Character data saved successfully (15 characters)
2025-11-25 22:51:54,906 - INFO - Character data saved successfully (15 characters)
2025-11-25 22:51:56,283 - INFO - Character data saved successfully (15 characters)
2025-11-25 22:52:09,967 - INFO - Character data saved successfully (15 characters)
2025-11-25 22:52:11,312 - INFO - Character data saved successfully (15 characters)
2025-11-25 22:52:18,187 - INFO - Character data saved successfully (15 characters)
2025-11-25 22:52:19,244 - INFO - Character data saved successfully (15 characters)
2025-11-25 22:52:40,576 - INFO - Character data saved successfully (15 characters)
2025-11-25 22:52:40,727 - INFO - Character data saved successfully (15 characters)
2025-11-25 22:52:40,872 - INFO - Character data saved successfully (15 characters)
2025-11-25 22:52:42,414 - INFO - Character data saved successfully (15 characters)
2025-11-25 22:52:43,592 - INFO - Character data saved successfully (15 characters)
2025-11-25 22:52:44,816 - INFO - Character data saved successfully (15 characters)
2025-11-25 22:52:45,831 - INFO - Character data saved successfully (15 characters)
2025-11-25 22:52:45,975 - INFO - Character data saved successfully (15 characters)
2025-11-25 22:52:46,321 - INFO - Character data saved successfully (15 characters)
2025-11-25 22:52:46,531 - INFO - Character data saved successfully (15 characters)
2025-11-25 22:52:46,605 - INFO - Character data saved successfully (15 characters)
2025-11-25 22:52:47,020 - INFO - Character data saved successfully (15 characters)
2025-11-25 22:52:47,161 - INFO - Character data saved successfully (15 characters)
2025-11-25 22:52:47,371 - INFO - Character data saved successfully (15 characters)
2025-11-25 22:52:47,515 - INFO - Character data saved successfully (15 characters)
2025-11-25 22:52:47,592 - INFO - Character data saved successfully (15 characters)
2025-11-25 22:52:47,740 - INFO - Character data saved successfully (15 characters)
2025-11-25 22:52:47,875 - INFO - Character data saved successfully (15 characters)
2025-11-25 22:52:48,085 - INFO - Character data saved successfully (15 characters)
2025-11-25 22:52:48,300 - INFO - Character data saved successfully (15 characters)
2025-11-25 22:52:48,371 - INFO - Character data saved successfully (15 characters)
2025-11-25 22:52:48,661 - INFO - Character data saved successfully (15 characters)
2025-11-25 22:52:48,798 - INFO - Character data saved successfully (15 characters)
2025-11-25 22:52:48,947 - INFO - Character data saved successfully (15 characters)
2025-11-25 22:52:49,383 - INFO - Character data saved successfully (15 characters)
2025-11-25 22:52:49,464 - INFO - Character data saved successfully (15 characters)
2025-11-25 22:52:51,368 - INFO - Character data saved successfully (15 characters)
2025-11-25 22:52:51,490 - INFO - Character data saved successfully (15 characters)
2025-11-25 22:52:51,669 - INFO - Character data saved successfully (15 characters)
2025-11-25 22:52:51,786 - INFO - Character data saved successfully (15 characters)
2025-11-25 22:52:51,848 - INFO - Character data saved successfully (15 characters)
2025-11-25 22:52:52,095 - INFO - Character data saved successfully (15 characters)
2025-11-25 22:52:52,236 - INFO - Character data saved successfully (15 characters)
2025-11-25 22:52:52,310 - INFO - Character data saved successfully (15 characters)
2025-11-25 22:52:52,570 - INFO - Character data saved successfully (15 characters)
2025-11-25 22:52:52,810 - INFO - Character data saved successfully (15 characters)
2025-11-25 22:52:52,927 - INFO - Character data saved successfully (15 characters)
2025-11-25 22:52:53,105 - INFO - Character data saved successfully (15 characters)
2025-11-25 22:52:53,275 - INFO - Character data saved successfully (15 characters)
2025-11-25 22:52:54,025 - INFO - Character data saved successfully (15 characters)
2025-11-25 22:52:55,676 - INFO - Character data saved successfully (15 characters)
2025-11-25 22:52:55,837 - INFO - Character data saved successfully (15 characters)
2025-11-25 22:52:56,051 - INFO - Character data saved successfully (15 characters)
2025-11-25 22:52:56,165 - INFO - Character data saved successfully (15 characters)
2025-11-25 22:52:56,280 - INFO - Character data saved successfully (15 characters)
2025-11-25 22:52:56,504 - INFO - Character data saved successfully (15 characters)
2025-11-25 22:52:56,929 - INFO - Character data saved successfully (15 characters)
2025-11-25 22:52:57,191 - INFO - Character data saved successfully (15 characters)
2025-11-25 22:52:57,298 - INFO - Character data saved successfully (15 characters)
2025-11-25 22:53:00,841 - INFO - Character data saved successfully (15 characters)
2025-11-25 22:53:13,069 - INFO - Character data saved successfully (15 characters)
2025-11-25 22:53:13,885 - INFO - Character data saved successfully (15 characters)
2025-11-25 22:53:23,016 - INFO - Character data saved successfully (15 characters)
2025-11-25 22:53:31,317 - INFO - Character data saved successfully (15 characters)
2025-11-25 22:53:31,529 - INFO - Character data saved successfully (15 characters)
2025-11-25 22:53:31,750 - INFO - Character data saved successfully (15 characters)
2025-11-25 22:53:31,898 - INFO - Character data saved successfully (15 characters)
2025-11-25 22:53:31,902 - INFO - Character data saved successfully (15 characters)
2025-11-25 22:53:32,045 - INFO - Character data saved successfully (15 characters)
2025-11-25 22:53:32,182 - INFO - Character data saved successfully (15 characters)
2025-11-25 22:53:32,256 - INFO - Character data saved successfully (15 characters)
2025-11-25 22:53:32,400 - INFO - Character data saved successfully (15 characters)
2025-11-25 22:53:32,403 - INFO - Character data saved successfully (15 characters)
2025-11-25 22:53:33,422 - INFO - Character data saved successfully (15 characters)
2025-11-25 22:53:33,629 - INFO - Character data saved successfully (15 characters)
2025-11-25 22:53:33,763 - INFO - Character data saved successfully (15 characters)
2025-11-25 22:53:34,500 - INFO - Character data saved successfully (15 characters)
2025-11-25 22:53:34,698 - INFO - Character data saved successfully (15 characters)
2025-11-25 22:53:34,836 - INFO - Character data saved successfully (15 characters)
2025-11-25 22:53:34,973 - INFO - Character data saved successfully (15 characters)
2025-11-25 22:53:35,046 - INFO - Character data saved successfully (15 characters)
2025-11-25 22:53:35,195 - INFO - Character data saved successfully (15 characters)
2025-11-25 22:53:35,758 - INFO - Character data saved successfully (15 characters)
2025-11-25 22:53:36,556 - INFO - Character data saved successfully (15 characters)
2025-11-25 22:53:36,760 - INFO - Character data saved successfully (15 characters)
2025-11-25 22:53:36,829 - INFO - Character data saved successfully (15 characters)
2025-11-25 22:53:37,454 - INFO - Character data saved successfully (15 characters)
2025-11-25 22:53:37,594 - INFO - Character data saved successfully (15 characters)
2025-11-25 22:53:37,685 - INFO - Character data saved successfully (15 characters)
2025-11-25 22:53:37,938 - INFO - Character data saved successfully (15 characters)
2025-11-25 22:53:38,084 - INFO - Character data saved successfully (15 characters)
2025-11-25 22:53:38,242 - INFO - Character data saved successfully (15 characters)
2025-11-25 22:53:39,205 - INFO - Character data saved successfully (15 characters)
2025-11-25 22:54:02,266 - INFO - Character data saved successfully (15 characters)
2025-11-25 22:54:02,837 - INFO - Character data saved successfully (15 characters)
2025-11-25 22:54:15,037 - INFO - Character data saved successfully (15 characters)
2025-11-25 22:54:17,288 - INFO - Character data saved successfully (15 characters)
2025-11-25 22:54:17,365 - INFO - Character data saved successfully (15 characters)
2025-11-25 22:54:17,440 - INFO - Character data saved successfully (15 characters)
2025-11-25 22:54:19,517 - INFO - Character data saved successfully (15 characters)
2025-11-25 22:54:19,636 - INFO - Character data saved successfully (15 characters)
2025-11-25 22:54:19,862 - INFO - Character data saved successfully (15 characters)
2025-11-25 22:54:20,141 - INFO - Character data saved successfully (15 characters)
2025-11-25 22:54:20,307 - INFO - Character data saved successfully (15 characters)
2025-11-25 22:54:20,364 - INFO - Character data saved successfully (15 characters)
2025-11-25 22:54:20,679 - INFO - Character data saved successfully (15 characters)
2025-11-25 22:54:20,894 - INFO - Character data saved successfully (15 characters)
2025-11-25 22:54:21,883 - INFO - Character data saved successfully (15 characters)
2025-11-25 22:54:21,992 - INFO - Character data saved successfully (15 characters)
2025-11-25 22:54:22,103 - INFO - Character data saved successfully (15 characters)
2025-11-25 22:54:23,037 - INFO - Character data saved successfully (15 characters)
2025-11-25 22:54:23,144 - INFO - Character data saved successfully (15 characters)
2025-11-25 22:54:23,253 - INFO - Character data saved successfully (15 characters)
2025-11-25 22:54:23,311 - INFO - Character data saved successfully (15 characters)
2025-11-25 22:54:25,968 - INFO - Character data saved successfully (15 characters)
2025-11-25 22:54:26,239 - INFO - Character data saved successfully (15 characters)
2025-11-25 22:54:26,366 - INFO - Character data saved successfully (15 characters)
2025-11-25 22:54:26,484 - INFO - Character data saved successfully (15 characters)
2025-11-25 22:54:26,614 - INFO - Character data saved successfully (15 characters)
2025-11-25 22:54:26,755 - INFO - Character data saved successfully (15 characters)
2025-11-25 22:54:26,949 - INFO - Character data saved successfully (15 characters)
2025-11-25 22:54:27,075 - INFO - Character data saved successfully (15 characters)
2025-11-25 22:54:27,364 - INFO - Character data saved successfully (15 characters)
2025-11-25 22:54:28,183 - INFO - Character data saved successfully (15 characters)
2025-11-25 22:54:28,343 - INFO - Character data saved successfully (15 characters)
2025-11-25 22:54:29,127 - INFO - Character data saved successfully (15 characters)
2025-11-25 22:54:29,806 - INFO - Character data saved successfully (15 characters)
2025-11-25 22:54:29,953 - INFO - Character data saved successfully (15 characters)
2025-11-25 22:54:30,021 - INFO - Character data saved successfully (15 characters)
2025-11-25 22:54:30,229 - INFO - Character data saved successfully (15 characters)
2025-11-25 22:54:30,300 - INFO - Character data saved successfully (15 characters)
2025-11-25 22:54:30,941 - INFO - Character data saved successfully (15 characters)
2025-11-25 22:54:31,078 - INFO - Character data saved successfully (15 characters)
2025-11-25 22:54:31,216 - INFO - Character data saved successfully (15 characters)
2025-11-25 22:54:31,424 - INFO - Character data saved successfully (15 characters)
2025-11-25 22:54:31,552 - INFO - Character data saved successfully (15 characters)
2025-11-25 22:54:31,682 - INFO - Character data saved successfully (15 characters)
2025-11-25 22:54:31,808 - INFO - Character data saved successfully (15 characters)
2025-11-25 22:54:31,870 - INFO - Character data saved successfully (15 characters)
2025-11-25 22:54:31,932 - INFO - Character data saved successfully (15 characters)
2025-11-25 22:54:32,162 - INFO - Character data saved successfully (15 characters)
2025-11-25 22:54:32,651 - INFO - Character data saved successfully (15 characters)
2025-11-25 22:54:32,811 - INFO - Character data saved successfully (15 characters)
2025-11-25 22:54:33,387 - INFO - Character data saved successfully (15 characters)
2025-11-25 22:54:33,442 - INFO - Character data saved successfully (15 characters)
2025-11-25 22:54:33,602 - INFO - Character data saved successfully (15 characters)
2025-11-25 22:54:33,760 - INFO - Character data saved successfully (15 characters)
2025-11-25 22:54:33,920 - INFO - Character data saved successfully (15 characters)
2025-11-25 22:54:34,688 - INFO - Character data saved successfully (15 characters)
2025-11-25 22:54:36,349 - INFO - Character data saved successfully (15 characters)
2025-11-25 22:54:36,570 - INFO - Character data saved successfully (15 characters)
2025-11-25 22:54:36,685 - INFO - Character data saved successfully (15 characters)
2025-11-25 22:54:36,800 - INFO - Character data saved successfully (15 characters)
2025-11-25 22:54:36,988 - INFO - Character data saved successfully (15 characters)
2025-11-25 22:54:37,109 - INFO - Character data saved successfully (15 characters)
2025-11-25 22:54:40,006 - INFO - Character data saved successfully (15 characters)
2025-11-25 22:54:40,744 - INFO - Character data saved successfully (15 characters)
2025-11-25 22:54:40,932 - INFO - Character data saved successfully (15 characters)
2025-11-25 22:54:41,195 - INFO - Character data saved successfully (15 characters)
2025-11-25 22:54:41,694 - INFO - Character data saved successfully (15 characters)
2025-11-25 22:54:41,890 - INFO - Character data saved successfully (15 characters)
2025-11-25 22:54:42,695 - INFO - Character data saved successfully (15 characters)
2025-11-25 22:54:42,915 - INFO - Character data saved successfully (15 characters)
2025-11-25 22:54:43,083 - INFO - Character data saved successfully (15 characters)
2025-11-25 22:54:43,192 - INFO - Character data saved successfully (15 characters)
2025-11-25 22:54:43,354 - INFO - Character data saved successfully (15 characters)
2025-11-25 22:54:44,077 - INFO - Character data saved successfully (15 characters)
2025-11-25 22:54:44,299 - INFO - Character data saved successfully (15 characters)
2025-11-25 22:54:44,358 - INFO - Character data saved successfully (15 characters)
2025-11-25 22:54:44,531 - INFO - Character data saved successfully (15 characters)
2025-11-25 22:54:45,354 - INFO - Character data saved successfully (15 characters)
2025-11-25 22:54:46,063 - INFO - Character data saved successfully (15 characters)
2025-11-25 22:54:46,499 - INFO - Character data saved successfully (15 characters)
2025-11-25 22:54:46,620 - INFO - Character data saved successfully (15 characters)
2025-11-25 22:54:46,797 - INFO - Character data saved successfully (15 characters)
2025-11-25 22:54:46,858 - INFO - Character data saved successfully (15 characters)
2025-11-25 22:54:47,026 - INFO - Character data saved successfully (15 characters)
2025-11-25 22:54:47,086 - INFO - Character data saved successfully (15 characters)
2025-11-25 22:54:47,522 - INFO - Character data saved successfully (15 characters)
2025-11-25 22:54:48,040 - INFO - Character data saved successfully (15 characters)
2025-11-25 22:54:48,153 - INFO - Character data saved successfully (15 characters)
2025-11-25 22:55:06,317 - INFO - Character data saved successfully (15 characters)
2025-11-25 22:55:06,485 - INFO - Character data saved successfully (15 characters)
2025-11-25 22:55:06,649 - INFO - Character data saved successfully (15 characters)
2025-11-25 22:55:06,761 - INFO - Character data saved successfully (15 characters)
2025-11-25 22:55:06,872 - INFO - Character data saved successfully (15 characters)
2025-11-25 22:55:07,036 - INFO - Character data saved successfully (15 characters)
2025-11-25 22:55:07,200 - INFO - Character data saved successfully (15 characters)
2025-11-25 22:55:07,260 - INFO - Character data saved successfully (15 characters)
2025-11-25 22:55:07,446 - INFO - Character data saved successfully (15 characters)
2025-11-25 22:55:07,564 - INFO - Character data saved successfully (15 characters)
2025-11-25 22:55:07,771 - INFO - Character data saved successfully (15 characters)
2025-11-25 22:55:07,849 - INFO - Character data saved successfully (15 characters)
2025-11-25 22:55:07,920 - INFO - Character data saved successfully (15 characters)
2025-11-25 22:55:08,111 - INFO - Character data saved successfully (15 characters)
2025-11-25 22:55:08,177 - INFO - Character data saved successfully (15 characters)
2025-11-25 22:55:08,296 - INFO - Character data saved successfully (15 characters)
2025-11-25 22:55:08,414 - INFO - Character data saved successfully (15 characters)
2025-11-25 22:55:08,643 - INFO - Character data saved successfully (15 characters)
2025-11-25 22:55:08,920 - INFO - Character data saved successfully (15 characters)
2025-11-25 22:55:09,244 - INFO - Character data saved successfully (15 characters)
2025-11-25 22:55:09,354 - INFO - Character data saved successfully (15 characters)
2025-11-25 22:55:09,462 - INFO - Character data saved successfully (15 characters)
2025-11-25 22:55:09,676 - INFO - Character data saved successfully (15 characters)
2025-11-25 22:55:09,837 - INFO - Character data saved successfully (15 characters)
2025-11-25 22:55:10,001 - INFO - Character data saved successfully (15 characters)
2025-11-25 22:55:10,167 - INFO - Character data saved successfully (15 characters)
2025-11-25 22:55:10,276 - INFO - Character data saved successfully (15 characters)
2025-11-25 22:55:10,436 - INFO - Character data saved successfully (15 characters)
2025-11-25 22:55:10,498 - INFO - Character data saved successfully (15 characters)
2025-11-25 22:55:10,554 - INFO - Character data saved successfully (15 characters)
2025-11-25 22:55:10,613 - INFO - Character data saved successfully (15 characters)
2025-11-25 22:55:12,690 - INFO - Character data saved successfully (15 characters)
2025-11-25 22:55:12,804 - INFO - Character data saved successfully (15 characters)
2025-11-25 22:55:13,030 - INFO - Character data saved successfully (15 characters)
2025-11-25 22:55:13,216 - INFO - Character data saved successfully (15 characters)
2025-11-25 22:55:13,418 - INFO - Character data saved successfully (15 characters)
2025-11-25 22:55:13,552 - INFO - Character data saved successfully (15 characters)
2025-11-25 22:55:13,797 - INFO - Character data saved successfully (15 characters)
2025-11-25 22:55:14,026 - INFO - Character data saved successfully (15 characters)
2025-11-25 22:55:14,087 - INFO - Character data saved successfully (15 characters)
2025-11-25 22:55:14,146 - INFO - Character data saved successfully (15 characters)
2025-11-25 22:55:14,262 - INFO - Character data saved successfully (15 characters)
2025-11-25 22:55:15,405 - INFO - Character data saved successfully (15 characters)
2025-11-25 22:55:27,665 - INFO - Character data saved successfully (15 characters)
2025-11-25 22:55:42,450 - INFO - Character data saved successfully (15 characters)
2025-11-25 22:55:42,561 - INFO - Character data saved successfully (15 characters)
2025-11-25 22:55:43,401 - INFO - Character data saved successfully (15 characters)
2025-11-25 22:55:43,567 - INFO - Character data saved successfully (15 characters)
2025-11-25 22:55:53,067 - INFO - Character data saved successfully (15 characters)
2025-11-25 22:55:54,477 - INFO - Character data saved successfully (15 characters)
2025-11-25 22:55:54,608 - INFO - Character data saved successfully (15 characters)
2025-11-25 22:55:55,545 - INFO - Character data saved successfully (15 characters)
2025-11-25 22:55:55,661 - INFO - Character data saved successfully (15 characters)
2025-11-25 22:55:55,772 - INFO - Character data saved successfully (15 characters)
2025-11-25 22:55:55,954 - INFO - Character data saved successfully (15 characters)
2025-11-25 22:55:56,693 - INFO - Character data saved successfully (15 characters)
2025-11-25 22:55:56,812 - INFO - Character data saved successfully (15 characters)
2025-11-25 22:55:57,091 - INFO - Character data saved successfully (15 characters)
2025-11-25 22:55:57,202 - INFO - Character data saved successfully (15 characters)
2025-11-25 22:55:57,314 - INFO - Character data saved successfully (15 characters)
2025-11-25 22:55:57,479 - INFO - Character data saved successfully (15 characters)
2025-11-25 22:55:57,540 - INFO - Character data saved successfully (15 characters)
2025-11-25 22:55:57,786 - INFO - Character data saved successfully (15 characters)
2025-11-25 22:55:57,867 - INFO - Character data saved successfully (15 characters)
2025-11-25 22:55:58,240 - INFO - Character data saved successfully (15 characters)
2025-11-25 22:55:58,318 - INFO - Character data saved successfully (15 characters)
2025-11-25 22:55:58,649 - INFO - Character data saved successfully (15 characters)
2025-11-25 22:55:58,713 - INFO - Character data saved successfully (15 characters)
2025-11-25 22:55:58,777 - INFO - Character data saved successfully (15 characters)
2025-11-25 22:55:59,843 - INFO - Character data saved successfully (15 characters)
2025-11-25 22:55:59,846 - INFO - Character data saved successfully (15 characters)
2025-11-25 22:56:00,853 - INFO - Character data saved successfully (15 characters)
2025-11-25 22:56:01,524 - INFO - Character data saved successfully (15 characters)
2025-11-25 22:56:01,586 - INFO - Character data saved successfully (15 characters)
2025-11-25 22:56:01,704 - INFO - Character data saved successfully (15 characters)
2025-11-25 22:56:02,513 - INFO - Character data saved successfully (15 characters)
2025-11-25 22:56:02,678 - INFO - Character data saved successfully (15 characters)
2025-11-25 22:56:03,208 - INFO - Character data saved successfully (15 characters)
2025-11-25 22:56:03,542 - INFO - Character data saved successfully (15 characters)
2025-11-25 22:56:03,656 - INFO - Character data saved successfully (15 characters)
2025-11-25 22:56:04,411 - INFO - Character data saved successfully (15 characters)
2025-11-25 22:56:04,541 - INFO - Character data saved successfully (15 characters)
2025-11-25 22:56:04,790 - INFO - Character data saved successfully (15 characters)
2025-11-25 22:56:04,936 - INFO - Character data saved successfully (15 characters)
2025-11-25 22:56:05,008 - INFO - Character data saved successfully (15 characters)
2025-11-25 22:56:05,136 - INFO - Character data saved successfully (15 characters)
2025-11-25 22:56:05,333 - INFO - Character data saved successfully (15 characters)
2025-11-25 22:56:06,207 - INFO - Character data saved successfully (15 characters)
2025-11-25 22:56:06,444 - INFO - Character data saved successfully (15 characters)
2025-11-25 22:56:12,035 - INFO - Character data saved successfully (15 characters)
2025-11-25 22:56:13,513 - INFO - Character data saved successfully (15 characters)
2025-11-25 22:56:17,285 - INFO - Character data saved successfully (15 characters)
2025-11-25 22:56:17,465 - INFO - Character data saved successfully (15 characters)
2025-11-25 22:56:18,139 - INFO - Character data saved successfully (15 characters)
2025-11-25 22:56:18,379 - INFO - Character data saved successfully (15 characters)
2025-11-25 22:56:19,256 - INFO - Character data saved successfully (15 characters)
2025-11-25 22:56:19,377 - INFO - Character data saved successfully (15 characters)
2025-11-25 22:56:19,496 - INFO - Character data saved successfully (15 characters)
2025-11-25 22:56:19,730 - INFO - Character data saved successfully (15 characters)
2025-11-25 22:56:20,074 - INFO - Character data saved successfully (15 characters)
2025-11-25 22:56:20,189 - INFO - Character data saved successfully (15 characters)
2025-11-25 22:56:20,305 - INFO - Character data saved successfully (15 characters)
2025-11-25 22:56:20,369 - INFO - Character data saved successfully (15 characters)
2025-11-25 22:56:20,486 - INFO - Character data saved successfully (15 characters)
2025-11-25 22:56:20,601 - INFO - Character data saved successfully (15 characters)
2025-11-25 22:56:20,879 - INFO - Character data saved successfully (15 characters)
2025-11-25 22:56:23,220 - INFO - Character data saved successfully (15 characters)
2025-11-25 22:56:31,522 - INFO - Character data saved successfully (15 characters)
2025-11-25 22:56:31,633 - INFO - Character data saved successfully (15 characters)
2025-11-25 22:56:31,796 - INFO - Character data saved successfully (15 characters)
2025-11-25 22:56:31,961 - INFO - Character data saved successfully (15 characters)
2025-11-25 22:56:32,825 - INFO - Character data saved successfully (15 characters)
2025-11-25 22:56:32,996 - INFO - Character data saved successfully (15 characters)
2025-11-25 22:56:33,165 - INFO - Character data saved successfully (15 characters)
2025-11-25 22:56:33,332 - INFO - Character data saved successfully (15 characters)
2025-11-25 22:56:33,873 - INFO - Character data saved successfully (15 characters)
2025-11-25 22:56:35,337 - INFO - Character data saved successfully (15 characters)
2025-11-25 22:56:35,545 - INFO - Character data saved successfully (15 characters)
2025-11-25 22:56:35,668 - INFO - Character data saved successfully (15 characters)
2025-11-25 22:56:35,728 - INFO - Character data saved successfully (15 characters)
2025-11-25 22:56:35,848 - INFO - Character data saved successfully (15 characters)
2025-11-25 22:56:36,081 - INFO - Character data saved successfully (15 characters)
2025-11-25 22:56:36,308 - INFO - Character data saved successfully (15 characters)
2025-11-25 22:56:36,525 - INFO - Character data saved successfully (15 characters)
2025-11-25 22:56:36,689 - INFO - Character data saved successfully (15 characters)
2025-11-25 22:56:36,802 - INFO - Character data saved successfully (15 characters)
2025-11-25 22:56:36,861 - INFO - Character data saved successfully (15 characters)
2025-11-25 22:56:37,446 - INFO - Character data saved successfully (15 characters)
2025-11-25 22:56:37,670 - INFO - Character data saved successfully (15 characters)
2025-11-25 22:56:37,842 - INFO - Character data saved successfully (15 characters)
2025-11-25 22:56:37,956 - INFO - Character data saved successfully (15 characters)
2025-11-25 22:56:38,290 - INFO - Character data saved successfully (15 characters)
2025-11-25 22:56:38,652 - INFO - Character data saved successfully (15 characters)
2025-11-25 22:56:38,841 - INFO - Character data saved successfully (15 characters)
2025-11-25 22:56:38,902 - INFO - Character data saved successfully (15 characters)
2025-11-25 22:56:39,023 - INFO - Character data saved successfully (15 characters)
2025-11-25 22:57:05,747 - INFO - Selected character: Ziluvial Orthon
2025-11-25 22:57:08,227 - INFO - Character data saved successfully (15 characters)
2025-11-25 22:57:08,493 - INFO - Character data saved successfully (15 characters)
2025-11-25 22:57:08,769 - INFO - Character data saved successfully (15 characters)
2025-11-25 22:57:08,876 - INFO - Character data saved successfully (15 characters)
2025-11-25 22:57:08,997 - INFO - Character data saved successfully (15 characters)
2025-11-25 22:57:09,537 - INFO - Character data saved successfully (15 characters)
2025-11-25 22:57:09,691 - INFO - Character data saved successfully (15 characters)
2025-11-25 22:57:09,847 - INFO - Character data saved successfully (15 characters)
2025-11-25 22:57:10,148 - INFO - Character data saved successfully (15 characters)
2025-11-25 22:57:10,272 - INFO - Character data saved successfully (15 characters)
2025-11-25 22:57:10,376 - INFO - Character data saved successfully (15 characters)
2025-11-25 22:57:10,632 - INFO - Character data saved successfully (15 characters)
2025-11-25 22:57:10,732 - INFO - Character data saved successfully (15 characters)
2025-11-25 22:57:10,951 - INFO - Character data saved successfully (15 characters)
2025-11-25 22:57:11,067 - INFO - Character data saved successfully (15 characters)
2025-11-25 22:57:11,302 - INFO - Character data saved successfully (15 characters)
2025-11-25 22:57:12,894 - INFO - Character data saved successfully (15 characters)
2025-11-25 22:57:13,785 - INFO - Character data saved successfully (15 characters)
2025-11-25 22:57:13,892 - INFO - Character data saved successfully (15 characters)
2025-11-25 22:57:14,005 - INFO - Character data saved successfully (15 characters)
2025-11-25 22:57:14,064 - INFO - Character data saved successfully (15 characters)
2025-11-25 22:57:14,534 - INFO - Character data saved successfully (15 characters)
2025-11-25 22:57:14,636 - INFO - Character data saved successfully (15 characters)
2025-11-25 22:57:14,736 - INFO - Character data saved successfully (15 characters)
2025-11-25 22:57:14,840 - INFO - Character data saved successfully (15 characters)
2025-11-25 22:57:15,826 - INFO - Character data saved successfully (15 characters)
2025-11-25 22:57:15,878 - INFO - Character data saved successfully (15 characters)
2025-11-25 22:57:16,078 - INFO - Character data saved successfully (15 characters)
2025-11-25 22:57:16,229 - INFO - Character data saved successfully (15 characters)
2025-11-25 22:57:16,692 - INFO - Character data saved successfully (15 characters)
2025-11-25 22:57:16,862 - INFO - Character data saved successfully (15 characters)
2025-11-25 22:57:17,098 - INFO - Character data saved successfully (15 characters)
2025-11-25 22:57:19,112 - INFO - Character data saved successfully (15 characters)
2025-11-25 22:57:19,588 - INFO - Character data saved successfully (15 characters)
2025-11-25 22:57:19,704 - INFO - Character data saved successfully (15 characters)
2025-11-25 22:57:19,980 - INFO - Character data saved successfully (15 characters)
2025-11-25 22:57:20,485 - INFO - Character data saved successfully (15 characters)
2025-11-25 22:57:20,978 - INFO - Character data saved successfully (15 characters)
2025-11-25 22:57:21,127 - INFO - Character data saved successfully (15 characters)
2025-11-25 22:57:21,329 - INFO - Character data saved successfully (15 characters)
2025-11-25 22:57:21,734 - INFO - Character data saved successfully (15 characters)
2025-11-25 22:57:21,936 - INFO - Character data saved successfully (15 characters)
2025-11-25 22:57:22,091 - INFO - Character data saved successfully (15 characters)
2025-11-25 22:57:22,289 - INFO - Character data saved successfully (15 characters)
2025-11-25 22:57:22,391 - INFO - Character data saved successfully (15 characters)
2025-11-25 22:57:22,546 - INFO - Character data saved successfully (15 characters)
2025-11-25 22:57:22,698 - INFO - Character data saved successfully (15 characters)
2025-11-25 22:57:22,752 - INFO - Character data saved successfully (15 characters)
2025-11-25 22:57:22,859 - INFO - Character data saved successfully (15 characters)
2025-11-25 22:57:23,063 - INFO - Character data saved successfully (15 characters)
2025-11-25 22:57:23,363 - INFO - Character data saved successfully (15 characters)
2025-11-25 22:57:23,466 - INFO - Character data saved successfully (15 characters)
2025-11-25 22:57:24,566 - INFO - Character data saved successfully (15 characters)
2025-11-25 22:57:25,267 - INFO - Character data saved successfully (15 characters)
2025-11-25 22:57:25,522 - INFO - Character data saved successfully (15 characters)
2025-11-25 22:57:25,676 - INFO - Character data saved successfully (15 characters)
2025-11-25 22:57:25,828 - INFO - Character data saved successfully (15 characters)
2025-11-25 22:57:25,932 - INFO - Character data saved successfully (15 characters)
2025-11-25 22:57:26,134 - INFO - Character data saved successfully (15 characters)
2025-11-25 22:57:27,252 - INFO - Character data saved successfully (15 characters)
2025-11-25 22:57:28,296 - INFO - Selected character: Tom Dyke
2025-11-25 22:57:30,608 - INFO - Character data saved successfully (15 characters)
2025-11-25 22:57:33,848 - INFO - Character data saved successfully (15 characters)
2025-11-25 22:57:34,057 - INFO - Character data saved successfully (15 characters)
2025-11-25 22:57:34,183 - INFO - Character data saved successfully (15 characters)
2025-11-25 22:57:35,205 - INFO - Character data saved successfully (15 characters)
2025-11-25 22:57:35,613 - INFO - Character data saved successfully (15 characters)
2025-11-25 22:57:35,872 - INFO - Character data saved successfully (15 characters)
2025-11-25 22:57:36,374 - INFO - Character data saved successfully (15 characters)
2025-11-25 22:57:36,588 - INFO - Character data saved successfully (15 characters)
2025-11-25 22:57:36,696 - INFO - Character data saved successfully (15 characters)
2025-11-25 22:57:36,902 - INFO - Character data saved successfully (15 characters)
2025-11-25 22:57:37,200 - INFO - Character data saved successfully (15 characters)
2025-11-25 22:57:37,498 - INFO - Character data saved successfully (15 characters)
2025-11-25 22:57:37,601 - INFO - Character data saved successfully (15 characters)
2025-11-25 22:57:37,669 - INFO - Character data saved successfully (15 characters)
2025-11-25 22:57:37,837 - INFO - Character data saved successfully (15 characters)
2025-11-25 22:57:37,892 - INFO - Character data saved successfully (15 characters)
2025-11-25 22:57:38,011 - INFO - Character data saved successfully (15 characters)
2025-11-25 22:57:38,121 - INFO - Character data saved successfully (15 characters)
2025-11-25 22:57:39,289 - INFO - Character data saved successfully (15 characters)
2025-11-25 22:57:39,346 - INFO - Character data saved successfully (15 characters)
2025-11-25 22:57:39,664 - INFO - Character data saved successfully (15 characters)
2025-11-25 22:57:39,768 - INFO - Character data saved successfully (15 characters)
2025-11-25 22:57:40,026 - INFO - Character data saved successfully (15 characters)
2025-11-25 22:57:40,081 - INFO - Character data saved successfully (15 characters)
2025-11-25 22:57:40,236 - INFO - Character data saved successfully (15 characters)
2025-11-25 22:57:40,646 - INFO - Character data saved successfully (15 characters)
2025-11-25 22:57:40,897 - INFO - Character data saved successfully (15 characters)
2025-11-25 22:57:40,997 - INFO - Character data saved successfully (15 characters)
2025-11-25 22:57:41,456 - INFO - Character data saved successfully (15 characters)
2025-11-25 22:57:41,609 - INFO - Character data saved successfully (15 characters)
2025-11-25 22:57:41,759 - INFO - Character data saved successfully (15 characters)
2025-11-25 22:57:41,909 - INFO - Character data saved successfully (15 characters)
2025-11-25 22:57:42,109 - INFO - Character data saved successfully (15 characters)
2025-11-25 22:57:42,356 - INFO - Character data saved successfully (15 characters)
2025-11-25 22:57:42,517 - INFO - Character data saved successfully (15 characters)
2025-11-25 22:57:42,675 - INFO - Character data saved successfully (15 characters)
2025-11-25 22:57:42,825 - INFO - Character data saved successfully (15 characters)
2025-11-25 22:57:42,932 - INFO - Character data saved successfully (15 characters)
2025-11-25 22:57:43,036 - INFO - Character data saved successfully (15 characters)
2025-11-25 22:57:43,189 - INFO - Character data saved successfully (15 characters)
2025-11-25 22:57:43,243 - INFO - Character data saved successfully (15 characters)
2025-11-25 22:57:43,344 - INFO - Character data saved successfully (15 characters)
2025-11-25 22:57:48,062 - INFO - Character data saved successfully (15 characters)
2025-11-25 22:57:48,221 - INFO - Character data saved successfully (15 characters)
2025-11-25 22:57:48,720 - INFO - Character data saved successfully (15 characters)
2025-11-25 22:57:49,404 - INFO - Character data saved successfully (15 characters)
2025-11-25 22:57:49,615 - INFO - Character data saved successfully (15 characters)
2025-11-25 22:57:49,783 - INFO - Character data saved successfully (15 characters)
2025-11-25 22:57:49,904 - INFO - Character data saved successfully (15 characters)
2025-11-25 22:57:50,035 - INFO - Character data saved successfully (15 characters)
2025-11-25 22:57:50,100 - INFO - Character data saved successfully (15 characters)
2025-11-25 22:57:50,279 - INFO - Character data saved successfully (15 characters)
2025-11-25 22:57:50,395 - INFO - Character data saved successfully (15 characters)
2025-11-25 22:57:50,561 - INFO - Character data saved successfully (15 characters)
2025-11-25 22:57:50,878 - INFO - Character data saved successfully (15 characters)
2025-11-25 22:57:50,984 - INFO - Character data saved successfully (15 characters)
2025-11-25 22:57:51,091 - INFO - Character data saved successfully (15 characters)
2025-11-25 22:57:51,348 - INFO - Character data saved successfully (15 characters)
2025-11-25 22:57:51,455 - INFO - Character data saved successfully (15 characters)
2025-11-25 22:57:51,716 - INFO - Character data saved successfully (15 characters)
2025-11-25 22:57:52,074 - INFO - Character data saved successfully (15 characters)
2025-11-25 22:57:52,425 - INFO - Character data saved successfully (15 characters)
2025-11-25 22:57:52,679 - INFO - Character data saved successfully (15 characters)
2025-11-25 22:57:52,783 - INFO - Character data saved successfully (15 characters)
2025-11-25 22:57:52,983 - INFO - Character data saved successfully (15 characters)
2025-11-25 22:57:53,139 - INFO - Character data saved successfully (15 characters)
2025-11-25 22:57:53,300 - INFO - Character data saved successfully (15 characters)
2025-11-25 22:57:53,460 - INFO - Character data saved successfully (15 characters)
2025-11-25 22:57:53,618 - INFO - Character data saved successfully (15 characters)
2025-11-25 22:57:53,934 - INFO - Character data saved successfully (15 characters)
2025-11-25 22:57:54,098 - INFO - Character data saved successfully (15 characters)
2025-11-25 22:57:54,344 - INFO - Character data saved successfully (15 characters)
2025-11-25 22:58:00,805 - INFO - Selected place: Kel Daron
2025-11-25 22:58:01,486 - INFO - Selected place: Kel Daron
2025-11-25 22:58:01,988 - INFO - Selected place: Blutquell
2025-11-25 22:58:02,674 - INFO - Selected place: Kel Daron
2025-11-25 22:58:03,541 - INFO - Selected place: Blutquell
2025-11-25 22:58:06,373 - INFO - Character data saved successfully (15 characters)
2025-11-25 22:58:06,526 - INFO - Character data saved successfully (15 characters)
2025-11-25 22:58:06,675 - INFO - Character data saved successfully (15 characters)
2025-11-25 22:58:06,854 - INFO - Character data saved successfully (15 characters)
2025-11-25 22:58:06,973 - INFO - Character data saved successfully (15 characters)
2025-11-25 22:58:07,125 - INFO - Character data saved successfully (15 characters)
2025-11-25 22:58:07,285 - INFO - Character data saved successfully (15 characters)
2025-11-25 22:58:07,583 - INFO - Character data saved successfully (15 characters)
2025-11-25 22:58:07,906 - INFO - Character data saved successfully (15 characters)
2025-11-25 22:58:08,228 - INFO - Character data saved successfully (15 characters)
2025-11-25 22:58:08,503 - INFO - Character data saved successfully (15 characters)
2025-11-25 22:58:08,743 - INFO - Character data saved successfully (15 characters)
2025-11-25 22:58:08,922 - INFO - Character data saved successfully (15 characters)
2025-11-25 22:58:09,249 - INFO - Character data saved successfully (15 characters)
2025-11-25 22:58:09,397 - INFO - Character data saved successfully (15 characters)
2025-11-25 22:58:10,073 - INFO - Character data saved successfully (15 characters)
2025-11-25 22:58:10,371 - INFO - Character data saved successfully (15 characters)
2025-11-25 22:58:12,179 - INFO - Character data saved successfully (15 characters)
2025-11-25 22:58:12,273 - INFO - Character data saved successfully (15 characters)
2025-11-25 22:58:12,459 - INFO - Character data saved successfully (15 characters)
2025-11-25 22:58:12,581 - INFO - Character data saved successfully (15 characters)
2025-11-25 22:58:12,717 - INFO - Character data saved successfully (15 characters)
2025-11-25 22:58:13,367 - INFO - Character data saved successfully (15 characters)
2025-11-25 22:58:13,491 - INFO - Character data saved successfully (15 characters)
2025-11-25 22:58:13,676 - INFO - Character data saved successfully (15 characters)
2025-11-25 22:58:13,719 - INFO - Character data saved successfully (15 characters)
2025-11-25 22:58:13,900 - INFO - Character data saved successfully (15 characters)
2025-11-25 22:58:13,973 - INFO - Character data saved successfully (15 characters)
2025-11-25 22:58:15,320 - INFO - Character data saved successfully (15 characters)
2025-11-25 22:58:15,423 - INFO - Character data saved successfully (15 characters)
2025-11-25 22:58:15,593 - INFO - Character data saved successfully (15 characters)
2025-11-25 22:58:15,822 - INFO - Character data saved successfully (15 characters)
2025-11-25 22:58:16,648 - INFO - Character data saved successfully (15 characters)
2025-11-25 22:58:16,829 - INFO - Character data saved successfully (15 characters)
2025-11-25 22:58:17,312 - INFO - Character data saved successfully (15 characters)
2025-11-25 22:58:18,949 - INFO - Character data saved successfully (15 characters)
2025-11-25 22:58:19,159 - INFO - Character data saved successfully (15 characters)
2025-11-25 22:58:19,356 - INFO - Character data saved successfully (15 characters)
2025-11-25 22:58:19,425 - INFO - Character data saved successfully (15 characters)
2025-11-25 22:58:19,495 - INFO - Character data saved successfully (15 characters)
2025-11-25 22:58:20,363 - INFO - Character data saved successfully (15 characters)
2025-11-25 22:58:20,541 - INFO - Character data saved successfully (15 characters)
2025-11-25 22:58:20,738 - INFO - Character data saved successfully (15 characters)
2025-11-25 22:58:20,904 - INFO - Character data saved successfully (15 characters)
2025-11-25 22:58:21,717 - INFO - Character data saved successfully (15 characters)
2025-11-25 22:58:21,868 - INFO - Character data saved successfully (15 characters)
2025-11-25 22:58:22,228 - INFO - Character data saved successfully (15 characters)
2025-11-25 22:58:22,471 - INFO - Character data saved successfully (15 characters)
2025-11-25 22:58:22,647 - INFO - Character data saved successfully (15 characters)
2025-11-25 22:58:22,737 - INFO - Character data saved successfully (15 characters)
2025-11-25 22:58:22,831 - INFO - Character data saved successfully (15 characters)
2025-11-25 22:58:23,530 - INFO - Character data saved successfully (15 characters)
2025-11-25 22:58:23,703 - INFO - Character data saved successfully (15 characters)
2025-11-25 22:58:23,854 - INFO - Character data saved successfully (15 characters)
2025-11-25 22:58:25,273 - INFO - Character data saved successfully (15 characters)
2025-11-25 22:58:25,391 - INFO - Character data saved successfully (15 characters)
2025-11-25 22:58:25,620 - INFO - Character data saved successfully (15 characters)
2025-11-25 22:58:25,721 - INFO - Character data saved successfully (15 characters)
2025-11-25 22:58:25,877 - INFO - Character data saved successfully (15 characters)
2025-11-25 22:58:25,975 - INFO - Character data saved successfully (15 characters)
2025-11-25 22:58:26,103 - INFO - Character data saved successfully (15 characters)
2025-11-25 22:58:26,316 - INFO - Character data saved successfully (15 characters)
2025-11-25 22:58:26,557 - INFO - Character data saved successfully (15 characters)
2025-11-25 22:58:26,648 - INFO - Character data saved successfully (15 characters)
2025-11-25 22:58:27,058 - INFO - Character data saved successfully (15 characters)
2025-11-25 22:58:27,177 - INFO - Character data saved successfully (15 characters)
2025-11-25 22:58:27,272 - INFO - Character data saved successfully (15 characters)
2025-11-25 22:58:27,508 - INFO - Character data saved successfully (15 characters)
2025-11-25 22:58:27,600 - INFO - Character data saved successfully (15 characters)
2025-11-25 22:58:27,753 - INFO - Character data saved successfully (15 characters)
2025-11-25 22:58:28,257 - INFO - Character data saved successfully (15 characters)
2025-11-25 22:58:28,381 - INFO - Character data saved successfully (15 characters)
2025-11-25 22:58:28,991 - INFO - Character data saved successfully (15 characters)
2025-11-25 22:58:29,397 - INFO - Character data saved successfully (15 characters)
2025-11-25 22:58:29,693 - INFO - Character data saved successfully (15 characters)
2025-11-25 22:58:29,812 - INFO - Character data saved successfully (15 characters)
2025-11-25 22:58:30,078 - INFO - Character data saved successfully (15 characters)
2025-11-25 22:58:30,205 - INFO - Character data saved successfully (15 characters)
2025-11-25 22:58:30,329 - INFO - Character data saved successfully (15 characters)
2025-11-25 22:58:30,526 - INFO - Character data saved successfully (15 characters)
2025-11-25 22:58:30,674 - INFO - Character data saved successfully (15 characters)
2025-11-25 22:58:30,915 - INFO - Character data saved successfully (15 characters)
2025-11-25 22:58:31,008 - INFO - Character data saved successfully (15 characters)
2025-11-25 22:58:31,097 - INFO - Character data saved successfully (15 characters)
2025-11-25 22:58:31,424 - INFO - Character data saved successfully (15 characters)
2025-11-25 22:58:31,545 - INFO - Character data saved successfully (15 characters)
2025-11-25 22:58:31,668 - INFO - Character data saved successfully (15 characters)
2025-11-25 22:58:33,326 - INFO - Character data saved successfully (15 characters)
2025-11-25 22:58:33,483 - INFO - Character data saved successfully (15 characters)
2025-11-25 22:58:34,202 - INFO - Character data saved successfully (15 characters)
2025-11-25 22:58:34,451 - INFO - Character data saved successfully (15 characters)
2025-11-25 22:58:34,589 - INFO - Character data saved successfully (15 characters)
2025-11-25 22:58:34,678 - INFO - Character data saved successfully (15 characters)
2025-11-25 22:58:34,831 - INFO - Character data saved successfully (15 characters)
2025-11-25 22:58:34,942 - INFO - Character data saved successfully (15 characters)
2025-11-25 22:58:35,014 - INFO - Character data saved successfully (15 characters)
2025-11-25 22:58:35,153 - INFO - Character data saved successfully (15 characters)
2025-11-25 22:58:36,659 - INFO - Character data saved successfully (15 characters)
2025-11-25 22:58:36,933 - INFO - Character data saved successfully (15 characters)
2025-11-25 22:58:37,136 - INFO - Character data saved successfully (15 characters)
2025-11-25 22:58:37,285 - INFO - Character data saved successfully (15 characters)
2025-11-25 22:58:37,402 - INFO - Character data saved successfully (15 characters)
2025-11-25 22:58:37,481 - INFO - Character data saved successfully (15 characters)
2025-11-25 22:58:37,623 - INFO - Character data saved successfully (15 characters)
2025-11-25 22:58:37,802 - INFO - Character data saved successfully (15 characters)
2025-11-25 22:58:38,088 - INFO - Character data saved successfully (15 characters)
2025-11-25 22:58:38,159 - INFO - Character data saved successfully (15 characters)
2025-11-25 22:58:38,245 - INFO - Character data saved successfully (15 characters)
2025-11-25 22:58:38,424 - INFO - Character data saved successfully (15 characters)
2025-11-25 22:58:38,515 - INFO - Character data saved successfully (15 characters)
2025-11-25 22:58:38,608 - INFO - Character data saved successfully (15 characters)
2025-11-25 22:58:38,706 - INFO - Character data saved successfully (15 characters)
2025-11-25 22:58:38,982 - INFO - Character data saved successfully (15 characters)
2025-11-25 22:58:39,721 - INFO - Character data saved successfully (15 characters)
2025-11-25 22:58:40,180 - INFO - Character data saved successfully (15 characters)
2025-11-25 22:58:40,578 - INFO - Character data saved successfully (15 characters)
2025-11-25 22:58:40,778 - INFO - Character data saved successfully (15 characters)
2025-11-25 22:58:40,971 - INFO - Character data saved successfully (15 characters)
2025-11-25 22:58:41,223 - INFO - Character data saved successfully (15 characters)
2025-11-25 22:58:41,407 - INFO - Character data saved successfully (15 characters)
2025-11-25 22:58:41,471 - INFO - Character data saved successfully (15 characters)
2025-11-25 22:58:41,654 - INFO - Character data saved successfully (15 characters)
2025-11-25 22:58:41,776 - INFO - Character data saved successfully (15 characters)
2025-11-25 22:58:41,895 - INFO - Character data saved successfully (15 characters)
2025-11-25 22:58:42,106 - INFO - Character data saved successfully (15 characters)
2025-11-25 22:58:42,201 - INFO - Character data saved successfully (15 characters)
2025-11-25 22:58:45,122 - INFO - Character data saved successfully (15 characters)
2025-11-25 22:58:45,362 - INFO - Character data saved successfully (15 characters)
2025-11-25 22:58:46,305 - INFO - Character data saved successfully (15 characters)
2025-11-25 22:58:46,406 - INFO - Character data saved successfully (15 characters)
2025-11-25 22:58:46,475 - INFO - Character data saved successfully (15 characters)
2025-11-25 22:58:46,825 - INFO - Character data saved successfully (15 characters)
2025-11-25 22:58:47,098 - INFO - Character data saved successfully (15 characters)
2025-11-25 22:58:47,541 - INFO - Character data saved successfully (15 characters)
2025-11-25 22:58:47,632 - INFO - Character data saved successfully (15 characters)
2025-11-25 22:58:47,725 - INFO - Character data saved successfully (15 characters)
2025-11-25 22:58:47,969 - INFO - Character data saved successfully (15 characters)
2025-11-25 22:58:48,104 - INFO - Character data saved successfully (15 characters)
2025-11-25 22:58:48,211 - INFO - Character data saved successfully (15 characters)
2025-11-25 22:58:48,352 - INFO - Character data saved successfully (15 characters)
2025-11-25 22:58:48,458 - INFO - Character data saved successfully (15 characters)
2025-11-25 22:58:48,628 - INFO - Character data saved successfully (15 characters)
2025-11-25 22:58:48,756 - INFO - Character data saved successfully (15 characters)
2025-11-25 22:58:50,746 - INFO - Character data saved successfully (15 characters)
2025-11-25 22:58:50,848 - INFO - Character data saved successfully (15 characters)
2025-11-25 22:58:50,972 - INFO - Character data saved successfully (15 characters)
2025-11-25 22:58:51,156 - INFO - Character data saved successfully (15 characters)
2025-11-25 22:58:51,430 - INFO - Character data saved successfully (15 characters)
2025-11-25 22:58:52,757 - INFO - Character data saved successfully (15 characters)
2025-11-25 22:58:53,031 - INFO - Character data saved successfully (15 characters)
2025-11-25 22:58:54,013 - INFO - Character data saved successfully (15 characters)
2025-11-25 22:58:54,421 - INFO - Character data saved successfully (15 characters)
2025-11-25 22:58:54,723 - INFO - Character data saved successfully (15 characters)
2025-11-25 22:58:54,877 - INFO - Character data saved successfully (15 characters)
2025-11-25 22:58:55,149 - INFO - Character data saved successfully (15 characters)
2025-11-25 22:58:55,281 - INFO - Character data saved successfully (15 characters)
2025-11-25 22:58:55,412 - INFO - Character data saved successfully (15 characters)
2025-11-25 22:58:57,620 - INFO - Character data saved successfully (15 characters)
2025-11-25 22:58:57,746 - INFO - Character data saved successfully (15 characters)
2025-11-25 22:58:57,839 - INFO - Character data saved successfully (15 characters)
2025-11-25 22:58:57,932 - INFO - Character data saved successfully (15 characters)
2025-11-25 22:58:58,381 - INFO - Character data saved successfully (15 characters)
2025-11-25 22:58:58,619 - INFO - Character data saved successfully (15 characters)
2025-11-25 22:58:58,801 - INFO - Character data saved successfully (15 characters)
2025-11-25 22:58:58,894 - INFO - Character data saved successfully (15 characters)
2025-11-25 22:58:59,000 - INFO - Character data saved successfully (15 characters)
2025-11-25 22:58:59,102 - INFO - Character data saved successfully (15 characters)
2025-11-25 22:58:59,275 - INFO - Character data saved successfully (15 characters)
2025-11-25 22:58:59,378 - INFO - Character data saved successfully (15 characters)
2025-11-25 22:58:59,634 - INFO - Character data saved successfully (15 characters)
2025-11-25 22:58:59,758 - INFO - Character data saved successfully (15 characters)
2025-11-25 22:58:59,882 - INFO - Character data saved successfully (15 characters)
2025-11-25 22:58:59,980 - INFO - Character data saved successfully (15 characters)
2025-11-25 22:59:00,080 - INFO - Character data saved successfully (15 characters)
2025-11-25 22:59:00,297 - INFO - Character data saved successfully (15 characters)
2025-11-25 22:59:00,393 - INFO - Character data saved successfully (15 characters)
2025-11-25 22:59:12,041 - INFO - Character data saved successfully (15 characters)
2025-11-25 22:59:12,188 - INFO - Character data saved successfully (15 characters)
2025-11-25 22:59:12,338 - INFO - Character data saved successfully (15 characters)
2025-11-25 22:59:12,893 - INFO - Character data saved successfully (15 characters)
2025-11-25 22:59:13,334 - INFO - Character data saved successfully (15 characters)
2025-11-25 22:59:13,610 - INFO - Character data saved successfully (15 characters)
2025-11-25 22:59:14,321 - INFO - Character data saved successfully (15 characters)
2025-11-25 22:59:14,468 - INFO - Character data saved successfully (15 characters)
2025-11-25 22:59:14,552 - INFO - Character data saved successfully (15 characters)
2025-11-25 22:59:14,676 - INFO - Character data saved successfully (15 characters)
2025-11-25 22:59:15,863 - INFO - Character data saved successfully (15 characters)
2025-11-25 22:59:15,993 - INFO - Character data saved successfully (15 characters)
2025-11-25 22:59:16,238 - INFO - Character data saved successfully (15 characters)
2025-11-25 22:59:16,484 - INFO - Character data saved successfully (15 characters)
2025-11-25 22:59:16,609 - INFO - Character data saved successfully (15 characters)
2025-11-25 22:59:16,702 - INFO - Character data saved successfully (15 characters)
2025-11-25 22:59:17,001 - INFO - Character data saved successfully (15 characters)
2025-11-25 22:59:17,155 - INFO - Character data saved successfully (15 characters)
2025-11-25 22:59:17,333 - INFO - Character data saved successfully (15 characters)
2025-11-25 22:59:17,780 - INFO - Character data saved successfully (15 characters)
2025-11-25 22:59:17,892 - INFO - Character data saved successfully (15 characters)
2025-11-25 22:59:18,312 - INFO - Character data saved successfully (15 characters)
2025-11-25 22:59:18,434 - INFO - Character data saved successfully (15 characters)
2025-11-25 22:59:18,586 - INFO - Character data saved successfully (15 characters)
2025-11-25 22:59:18,663 - INFO - Character data saved successfully (15 characters)
2025-11-25 22:59:18,823 - INFO - Character data saved successfully (15 characters)
2025-11-25 22:59:18,938 - INFO - Character data saved successfully (15 characters)
2025-11-25 22:59:19,049 - INFO - Character data saved successfully (15 characters)
2025-11-25 22:59:19,122 - INFO - Character data saved successfully (15 characters)
2025-11-25 22:59:20,164 - INFO - Character data saved successfully (15 characters)
2025-11-25 22:59:20,343 - INFO - Character data saved successfully (15 characters)
2025-11-25 22:59:20,508 - INFO - Character data saved successfully (15 characters)
2025-11-25 22:59:20,701 - INFO - Character data saved successfully (15 characters)
2025-11-25 22:59:20,801 - INFO - Character data saved successfully (15 characters)
2025-11-25 22:59:20,897 - INFO - Character data saved successfully (15 characters)
2025-11-25 22:59:21,089 - INFO - Character data saved successfully (15 characters)
2025-11-25 22:59:21,184 - INFO - Character data saved successfully (15 characters)
2025-11-25 22:59:21,419 - INFO - Character data saved successfully (15 characters)
2025-11-25 22:59:21,524 - INFO - Character data saved successfully (15 characters)
2025-11-25 22:59:21,642 - INFO - Character data saved successfully (15 characters)
2025-11-25 22:59:21,793 - INFO - Character data saved successfully (15 characters)
2025-11-25 22:59:21,873 - INFO - Character data saved successfully (15 characters)
2025-11-25 22:59:21,948 - INFO - Character data saved successfully (15 characters)
2025-11-25 22:59:22,055 - INFO - Character data saved successfully (15 characters)
2025-11-25 22:59:22,222 - INFO - Character data saved successfully (15 characters)
2025-11-25 22:59:22,599 - INFO - Character data saved successfully (15 characters)
2025-11-25 22:59:22,692 - INFO - Character data saved successfully (15 characters)
2025-11-25 22:59:22,756 - INFO - Character data saved successfully (15 characters)
2025-11-25 22:59:22,912 - INFO - Character data saved successfully (15 characters)
2025-11-25 22:59:23,116 - INFO - Character data saved successfully (15 characters)
2025-11-25 22:59:23,256 - INFO - Character data saved successfully (15 characters)
2025-11-25 22:59:26,791 - INFO - Character data saved successfully (15 characters)
2025-11-25 22:59:32,833 - INFO - Character data saved successfully (15 characters)
