2025-11-08 11:46:29,802 - INFO - D&D Character Tracker started - Log file: logs\dnd_tracker_20251108_114629.log
2025-11-08 11:46:29,965 - INFO - Pygame initialized successfully
2025-11-08 11:46:29,968 - INFO - Detected DPI: 96, Scale factor: 1.00
2025-11-08 11:46:29,968 - INFO - Screen resolution: 1920x1080
2025-11-08 11:46:29,969 - INFO - Work area: 1920x1032
2025-11-08 11:46:29,969 - INFO - Adaptive window size: 1488x992 (aspect ratio: 1.500)
2025-11-08 11:46:29,969 - INFO - Creating D&D Character Tool application
2025-11-08 11:46:30,408 - INFO - Loading character data from C:\Users\lucas\OneDrive\Documents\D&D\Tracker_Ramil\character_data.json
2025-11-08 11:46:30,410 - INFO - Loaded spell slots: {}
2025-11-08 11:46:30,410 - INFO - Loaded current spell slots: {}
2025-11-08 11:46:30,410 - INFO - Loaded character: Ramil al-Sayif
2025-11-08 11:46:30,410 - INFO - Weapons loaded: 3
2025-11-08 11:46:30,411 - INFO - Fighting styles: {'two_weapon_fighting': True, 'dueling': False, 'dueling_bonus': 0}
2025-11-08 11:46:30,411 - INFO - Window initialized at 1488x992 (aspect ratio: 1.50:1)
2025-11-08 11:46:30,413 - INFO -    • Window automatically adjusts to display scaling (100%, 125%, 150%)
2025-11-08 11:46:30,414 - INFO -    • Locked to 3:2 aspect ratio (1536x1024) for optimal viewing
2025-11-08 11:46:30,414 - INFO -    • Press F11 to toggle fullscreen mode
2025-11-08 11:46:30,414 - INFO -    • Press ESC to exit fullscreen
2025-11-08 11:46:30,414 - INFO -    • Window is resizable - aspect ratio maintained automatically
2025-11-08 11:46:30,432 - INFO - Starting application main loop
2025-11-08 11:46:32,277 - INFO - Selected save: CON
2025-11-08 11:46:34,477 - INFO - Constitution save (ADVANTAGE): 22 (rolled 18 and 3, used 18 + 4)
2025-11-08 11:46:38,681 - INFO - Constitution save: 23 (1d20: [19] + +4)
2025-11-08 11:46:39,228 - INFO - Constitution save: 16 (1d20: [12] + +4)
2025-11-08 11:46:42,890 - INFO - Selected save: INT
2025-11-08 11:46:43,538 - INFO - Selected save: WIS
2025-11-08 11:46:44,080 - INFO - Selected save: INT
2025-11-08 11:46:46,540 - INFO - Selected save: CHA
2025-11-08 11:46:48,550 - INFO - Selected save: CON
2025-11-08 11:47:10,857 - INFO - Character data saved successfully (5 characters)
