2025-11-15 18:39:15,205 - INFO - D&D Character Tracker started - Log file: logs\dnd_tracker_20251115_183915.log
2025-11-15 18:39:16,359 - INFO - Pygame initialized successfully
2025-11-15 18:39:16,362 - INFO - Detected DPI: 96, Scale factor: 1.00
2025-11-15 18:39:16,362 - INFO - Screen resolution: 1920x1080
2025-11-15 18:39:16,362 - INFO - Work area: 1920x1032
2025-11-15 18:39:16,362 - INFO - Adaptive window size: 1488x992 (aspect ratio: 1.500)
2025-11-15 18:39:16,362 - INFO - Creating D&D Character Tool application
2025-11-15 18:39:18,554 - INFO - Loading character data from C:\Users\lucas\OneDrive\Documents\D&D\Tracker_Ramil\character_data.json
2025-11-15 18:39:18,556 - INFO - Loaded spell slots: {'1st': 4, '2nd': 2}
2025-11-15 18:39:18,556 - INFO - Loaded current spell slots: {'1st': 2, '2nd': 2}
2025-11-15 18:39:18,556 - INFO - Loaded character: Ramil al-Sayif
2025-11-15 18:39:18,556 - INFO - Weapons loaded: 3
2025-11-15 18:39:18,556 - INFO - Fighting styles: {'two_weapon_fighting': True, 'dueling': False, 'dueling_bonus': 0}
2025-11-15 18:39:18,556 - INFO - Window initialized at 1488x992 (aspect ratio: 1.50:1)
2025-11-15 18:39:18,558 - INFO - Adaptive Resolution Features:
2025-11-15 18:39:18,558 - INFO -    - Window automatically adjusts to display scaling (100%, 125%, 150%)
2025-11-15 18:39:18,558 - INFO -    - Locked to 3:2 aspect ratio (1536x1024) for optimal viewing
2025-11-15 18:39:18,558 - INFO -    - Press F11 to toggle fullscreen mode
2025-11-15 18:39:18,559 - INFO -    - Press ESC to exit fullscreen
2025-11-15 18:39:18,559 - INFO -    - Window is resizable - aspect ratio maintained automatically
2025-11-15 18:39:18,580 - INFO - Starting application main loop
2025-11-15 18:40:06,993 - INFO - Selected spell: Protection from Evil and Good
2025-11-15 18:40:09,058 - INFO - Selected spell: Identify
2025-11-15 18:40:09,849 - INFO - Selected spell: Sleep
2025-11-15 18:40:11,405 - INFO - Selected spell: Ice Knife
2025-11-15 18:40:17,163 - INFO - Character data saved successfully (15 characters)
2025-11-15 18:40:18,558 - INFO - Character data saved successfully (15 characters)
2025-11-15 18:40:22,959 - INFO - Character data saved successfully (15 characters)
2025-11-15 18:40:27,085 - INFO - Character data saved successfully (15 characters)
2025-11-15 18:40:27,340 - INFO - Character data saved successfully (15 characters)
2025-11-15 18:40:27,347 - INFO - Character data saved successfully (15 characters)
2025-11-15 18:40:27,490 - INFO - Character data saved successfully (15 characters)
2025-11-15 18:40:28,974 - INFO - Character data saved successfully (15 characters)
2025-11-15 18:40:29,172 - INFO - Character data saved successfully (15 characters)
2025-11-15 18:40:29,710 - INFO - Character data saved successfully (15 characters)
2025-11-15 18:40:30,672 - INFO - Character data saved successfully (15 characters)
2025-11-15 18:40:31,526 - INFO - Character data saved successfully (15 characters)
2025-11-15 18:40:33,441 - INFO - Character data saved successfully (15 characters)
2025-11-15 18:40:35,416 - INFO - Character data saved successfully (15 characters)
2025-11-15 18:40:35,538 - INFO - Character data saved successfully (15 characters)
2025-11-15 18:40:35,658 - INFO - Character data saved successfully (15 characters)
2025-11-15 18:40:35,724 - INFO - Character data saved successfully (15 characters)
2025-11-15 18:40:36,746 - INFO - Character data saved successfully (15 characters)
2025-11-15 18:40:36,917 - INFO - Character data saved successfully (15 characters)
2025-11-15 18:40:37,082 - INFO - Character data saved successfully (15 characters)
2025-11-15 18:40:37,254 - INFO - Character data saved successfully (15 characters)
2025-11-15 18:40:39,582 - INFO - Character data saved successfully (15 characters)
2025-11-15 18:40:40,009 - INFO - Character data saved successfully (15 characters)
2025-11-15 18:40:40,111 - INFO - Character data saved successfully (15 characters)
2025-11-15 18:40:40,172 - INFO - Character data saved successfully (15 characters)
2025-11-15 18:40:40,378 - INFO - Character data saved successfully (15 characters)
2025-11-15 18:40:40,479 - INFO - Character data saved successfully (15 characters)
2025-11-15 18:40:40,532 - INFO - Character data saved successfully (15 characters)
2025-11-15 18:40:40,731 - INFO - Character data saved successfully (15 characters)
2025-11-15 18:40:40,841 - INFO - Character data saved successfully (15 characters)
2025-11-15 18:40:40,904 - INFO - Character data saved successfully (15 characters)
2025-11-15 18:40:41,216 - INFO - Character data saved successfully (15 characters)
2025-11-15 18:40:41,732 - INFO - Character data saved successfully (15 characters)
2025-11-15 18:40:41,984 - INFO - Character data saved successfully (15 characters)
2025-11-15 18:40:41,988 - INFO - Character data saved successfully (15 characters)
2025-11-15 18:40:42,038 - INFO - Character data saved successfully (15 characters)
2025-11-15 18:40:42,043 - INFO - Character data saved successfully (15 characters)
2025-11-15 18:40:42,047 - INFO - Character data saved successfully (15 characters)
2025-11-15 18:40:42,098 - INFO - Character data saved successfully (15 characters)
2025-11-15 18:40:42,104 - INFO - Character data saved successfully (15 characters)
2025-11-15 18:40:42,107 - INFO - Character data saved successfully (15 characters)
2025-11-15 18:40:42,268 - INFO - Character data saved successfully (15 characters)
2025-11-15 18:40:42,271 - INFO - Character data saved successfully (15 characters)
2025-11-15 18:40:42,329 - INFO - Character data saved successfully (15 characters)
2025-11-15 18:40:42,333 - INFO - Character data saved successfully (15 characters)
2025-11-15 18:40:42,392 - INFO - Character data saved successfully (15 characters)
2025-11-15 18:40:42,448 - INFO - Character data saved successfully (15 characters)
2025-11-15 18:40:42,600 - INFO - Character data saved successfully (15 characters)
2025-11-15 18:40:42,653 - INFO - Character data saved successfully (15 characters)
2025-11-15 18:40:42,656 - INFO - Character data saved successfully (15 characters)
2025-11-15 18:40:42,712 - INFO - Character data saved successfully (15 characters)
2025-11-15 18:40:42,772 - INFO - Character data saved successfully (15 characters)
2025-11-15 18:40:42,775 - INFO - Character data saved successfully (15 characters)
2025-11-15 18:40:42,838 - INFO - Character data saved successfully (15 characters)
2025-11-15 18:40:42,953 - INFO - Character data saved successfully (15 characters)
2025-11-15 18:40:42,958 - INFO - Character data saved successfully (15 characters)
2025-11-15 18:40:43,017 - INFO - Character data saved successfully (15 characters)
2025-11-15 18:40:43,021 - INFO - Character data saved successfully (15 characters)
2025-11-15 18:40:43,085 - INFO - Character data saved successfully (15 characters)
2025-11-15 18:40:43,188 - INFO - Character data saved successfully (15 characters)
2025-11-15 18:40:43,191 - INFO - Character data saved successfully (15 characters)
2025-11-15 18:40:43,252 - INFO - Character data saved successfully (15 characters)
2025-11-15 18:40:43,305 - INFO - Character data saved successfully (15 characters)
2025-11-15 18:40:43,843 - INFO - Character data saved successfully (15 characters)
2025-11-15 18:40:44,082 - INFO - Character data saved successfully (15 characters)
2025-11-15 18:40:44,245 - INFO - Character data saved successfully (15 characters)
2025-11-15 18:40:45,084 - INFO - Character data saved successfully (15 characters)
2025-11-15 18:40:45,396 - INFO - Character data saved successfully (15 characters)
2025-11-15 18:40:45,451 - INFO - Character data saved successfully (15 characters)
2025-11-15 18:40:45,454 - INFO - Character data saved successfully (15 characters)
2025-11-15 18:40:45,513 - INFO - Character data saved successfully (15 characters)
2025-11-15 18:40:45,517 - INFO - Character data saved successfully (15 characters)
2025-11-15 18:40:45,733 - INFO - Character data saved successfully (15 characters)
2025-11-15 18:40:45,785 - INFO - Character data saved successfully (15 characters)
2025-11-15 18:40:45,836 - INFO - Character data saved successfully (15 characters)
2025-11-15 18:40:45,892 - INFO - Character data saved successfully (15 characters)
2025-11-15 18:40:45,946 - INFO - Character data saved successfully (15 characters)
2025-11-15 18:40:45,950 - INFO - Character data saved successfully (15 characters)
2025-11-15 18:40:46,007 - INFO - Character data saved successfully (15 characters)
2025-11-15 18:40:46,172 - INFO - Character data saved successfully (15 characters)
2025-11-15 18:40:46,177 - INFO - Character data saved successfully (15 characters)
2025-11-15 18:40:46,240 - INFO - Character data saved successfully (15 characters)
2025-11-15 18:40:46,244 - INFO - Character data saved successfully (15 characters)
2025-11-15 18:40:46,299 - INFO - Character data saved successfully (15 characters)
2025-11-15 18:40:46,351 - INFO - Character data saved successfully (15 characters)
2025-11-15 18:40:46,355 - INFO - Character data saved successfully (15 characters)
2025-11-15 18:40:46,419 - INFO - Character data saved successfully (15 characters)
2025-11-15 18:40:46,700 - INFO - Character data saved successfully (15 characters)
2025-11-15 18:40:46,760 - INFO - Character data saved successfully (15 characters)
2025-11-15 18:40:46,764 - INFO - Character data saved successfully (15 characters)
2025-11-15 18:40:46,841 - INFO - Character data saved successfully (15 characters)
2025-11-15 18:40:46,904 - INFO - Character data saved successfully (15 characters)
2025-11-15 18:40:46,963 - INFO - Character data saved successfully (15 characters)
2025-11-15 18:40:47,029 - INFO - Character data saved successfully (15 characters)
2025-11-15 18:40:47,033 - INFO - Character data saved successfully (15 characters)
2025-11-15 18:40:47,153 - INFO - Character data saved successfully (15 characters)
2025-11-15 18:40:47,419 - INFO - Character data saved successfully (15 characters)
2025-11-15 18:40:47,488 - INFO - Character data saved successfully (15 characters)
2025-11-15 18:40:47,492 - INFO - Character data saved successfully (15 characters)
2025-11-15 18:40:47,499 - INFO - Character data saved successfully (15 characters)
2025-11-15 18:40:47,572 - INFO - Character data saved successfully (15 characters)
2025-11-15 18:40:47,576 - INFO - Character data saved successfully (15 characters)
2025-11-15 18:40:47,729 - INFO - Character data saved successfully (15 characters)
2025-11-15 18:40:47,792 - INFO - Character data saved successfully (15 characters)
2025-11-15 18:40:47,798 - INFO - Character data saved successfully (15 characters)
2025-11-15 18:40:47,856 - INFO - Character data saved successfully (15 characters)
2025-11-15 18:40:47,861 - INFO - Character data saved successfully (15 characters)
2025-11-15 18:40:47,923 - INFO - Character data saved successfully (15 characters)
2025-11-15 18:40:48,003 - INFO - Character data saved successfully (15 characters)
2025-11-15 18:40:48,068 - INFO - Character data saved successfully (15 characters)
2025-11-15 18:40:48,137 - INFO - Character data saved successfully (15 characters)
2025-11-15 18:40:48,143 - INFO - Character data saved successfully (15 characters)
2025-11-15 18:40:48,214 - INFO - Character data saved successfully (15 characters)
2025-11-15 18:40:48,278 - INFO - Character data saved successfully (15 characters)
2025-11-15 18:40:48,341 - INFO - Character data saved successfully (15 characters)
2025-11-15 18:40:48,421 - INFO - Character data saved successfully (15 characters)
2025-11-15 18:40:48,590 - INFO - Character data saved successfully (15 characters)
2025-11-15 18:40:48,649 - INFO - Character data saved successfully (15 characters)
2025-11-15 18:40:48,767 - INFO - Character data saved successfully (15 characters)
2025-11-15 18:40:48,771 - INFO - Character data saved successfully (15 characters)
2025-11-15 18:40:48,827 - INFO - Character data saved successfully (15 characters)
2025-11-15 18:40:48,884 - INFO - Character data saved successfully (15 characters)
2025-11-15 18:40:48,942 - INFO - Character data saved successfully (15 characters)
2025-11-15 18:40:48,998 - INFO - Character data saved successfully (15 characters)
2025-11-15 18:40:49,113 - INFO - Character data saved successfully (15 characters)
2025-11-15 18:40:49,118 - INFO - Character data saved successfully (15 characters)
2025-11-15 18:40:49,171 - INFO - Character data saved successfully (15 characters)
2025-11-15 18:40:49,175 - INFO - Character data saved successfully (15 characters)
2025-11-15 18:40:49,231 - INFO - Character data saved successfully (15 characters)
2025-11-15 18:40:49,402 - INFO - Character data saved successfully (15 characters)
2025-11-15 18:40:49,473 - INFO - Character data saved successfully (15 characters)
2025-11-15 18:40:49,653 - INFO - Character data saved successfully (15 characters)
2025-11-15 18:40:49,656 - INFO - Character data saved successfully (15 characters)
2025-11-15 18:40:49,714 - INFO - Character data saved successfully (15 characters)
2025-11-15 18:40:49,880 - INFO - Character data saved successfully (15 characters)
2025-11-15 18:40:49,987 - INFO - Character data saved successfully (15 characters)
2025-11-15 18:40:50,040 - INFO - Character data saved successfully (15 characters)
2025-11-15 18:40:50,203 - INFO - Character data saved successfully (15 characters)
2025-11-15 18:40:50,255 - INFO - Character data saved successfully (15 characters)
2025-11-15 18:40:50,311 - INFO - Character data saved successfully (15 characters)
2025-11-15 18:40:50,364 - INFO - Character data saved successfully (15 characters)
2025-11-15 18:40:50,626 - INFO - Character data saved successfully (15 characters)
2025-11-15 18:40:50,728 - INFO - Character data saved successfully (15 characters)
2025-11-15 18:40:50,784 - INFO - Character data saved successfully (15 characters)
2025-11-15 18:40:50,838 - INFO - Character data saved successfully (15 characters)
2025-11-15 18:40:50,890 - INFO - Character data saved successfully (15 characters)
2025-11-15 18:40:50,896 - INFO - Character data saved successfully (15 characters)
2025-11-15 18:40:51,052 - INFO - Character data saved successfully (15 characters)
2025-11-15 18:40:51,268 - INFO - Character data saved successfully (15 characters)
2025-11-15 18:40:51,320 - INFO - Character data saved successfully (15 characters)
2025-11-15 18:40:51,372 - INFO - Character data saved successfully (15 characters)
2025-11-15 18:40:51,375 - INFO - Character data saved successfully (15 characters)
2025-11-15 18:40:51,478 - INFO - Character data saved successfully (15 characters)
2025-11-15 18:40:51,647 - INFO - Character data saved successfully (15 characters)
2025-11-15 18:40:51,650 - INFO - Character data saved successfully (15 characters)
2025-11-15 18:40:51,711 - INFO - Character data saved successfully (15 characters)
2025-11-15 18:40:51,770 - INFO - Character data saved successfully (15 characters)
2025-11-15 18:40:51,774 - INFO - Character data saved successfully (15 characters)
2025-11-15 18:40:51,837 - INFO - Character data saved successfully (15 characters)
2025-11-15 18:40:51,841 - INFO - Character data saved successfully (15 characters)
2025-11-15 18:40:51,953 - INFO - Character data saved successfully (15 characters)
2025-11-15 18:40:53,211 - INFO - Character data saved successfully (15 characters)
2025-11-15 18:40:53,729 - INFO - Character data saved successfully (15 characters)
2025-11-15 18:40:53,781 - INFO - Character data saved successfully (15 characters)
2025-11-15 18:40:53,834 - INFO - Character data saved successfully (15 characters)
2025-11-15 18:40:53,897 - INFO - Character data saved successfully (15 characters)
2025-11-15 18:40:53,953 - INFO - Character data saved successfully (15 characters)
2025-11-15 18:40:54,016 - INFO - Character data saved successfully (15 characters)
2025-11-15 18:40:54,071 - INFO - Character data saved successfully (15 characters)
2025-11-15 18:40:54,128 - INFO - Character data saved successfully (15 characters)
2025-11-15 18:40:54,183 - INFO - Character data saved successfully (15 characters)
2025-11-15 18:40:54,244 - INFO - Character data saved successfully (15 characters)
2025-11-15 18:40:54,307 - INFO - Character data saved successfully (15 characters)
2025-11-15 18:40:54,374 - INFO - Character data saved successfully (15 characters)
2025-11-15 18:40:54,430 - INFO - Character data saved successfully (15 characters)
2025-11-15 18:40:54,482 - INFO - Character data saved successfully (15 characters)
2025-11-15 18:40:54,534 - INFO - Character data saved successfully (15 characters)
2025-11-15 18:40:54,590 - INFO - Character data saved successfully (15 characters)
2025-11-15 18:40:54,646 - INFO - Character data saved successfully (15 characters)
2025-11-15 18:40:54,703 - INFO - Character data saved successfully (15 characters)
2025-11-15 18:40:54,757 - INFO - Character data saved successfully (15 characters)
2025-11-15 18:40:54,812 - INFO - Character data saved successfully (15 characters)
2025-11-15 18:40:54,866 - INFO - Character data saved successfully (15 characters)
2025-11-15 18:40:54,933 - INFO - Character data saved successfully (15 characters)
2025-11-15 18:40:54,995 - INFO - Character data saved successfully (15 characters)
2025-11-15 18:40:55,060 - INFO - Character data saved successfully (15 characters)
2025-11-15 18:40:55,116 - INFO - Character data saved successfully (15 characters)
2025-11-15 18:40:55,168 - INFO - Character data saved successfully (15 characters)
2025-11-15 18:40:55,223 - INFO - Character data saved successfully (15 characters)
2025-11-15 18:40:55,278 - INFO - Character data saved successfully (15 characters)
2025-11-15 18:40:55,331 - INFO - Character data saved successfully (15 characters)
2025-11-15 18:40:55,402 - INFO - Character data saved successfully (15 characters)
2025-11-15 18:40:55,454 - INFO - Character data saved successfully (15 characters)
2025-11-15 18:40:55,523 - INFO - Character data saved successfully (15 characters)
2025-11-15 18:40:55,579 - INFO - Character data saved successfully (15 characters)
2025-11-15 18:40:55,638 - INFO - Character data saved successfully (15 characters)
2025-11-15 18:40:55,698 - INFO - Character data saved successfully (15 characters)
2025-11-15 18:40:55,757 - INFO - Character data saved successfully (15 characters)
2025-11-15 18:40:55,820 - INFO - Character data saved successfully (15 characters)
2025-11-15 18:40:55,894 - INFO - Character data saved successfully (15 characters)
2025-11-15 18:40:55,948 - INFO - Character data saved successfully (15 characters)
2025-11-15 18:40:56,000 - INFO - Character data saved successfully (15 characters)
2025-11-15 18:40:56,068 - INFO - Character data saved successfully (15 characters)
2025-11-15 18:40:56,123 - INFO - Character data saved successfully (15 characters)
2025-11-15 18:40:56,193 - INFO - Character data saved successfully (15 characters)
2025-11-15 18:40:56,256 - INFO - Character data saved successfully (15 characters)
2025-11-15 18:40:58,316 - INFO - Character data saved successfully (15 characters)
2025-11-15 18:40:58,384 - INFO - Character data saved successfully (15 characters)
2025-11-15 18:40:58,470 - INFO - Character data saved successfully (15 characters)
2025-11-15 18:40:58,474 - INFO - Character data saved successfully (15 characters)
2025-11-15 18:40:58,547 - INFO - Character data saved successfully (15 characters)
2025-11-15 18:40:58,989 - INFO - Character data saved successfully (15 characters)
2025-11-15 18:40:59,057 - INFO - Character data saved successfully (15 characters)
2025-11-15 18:40:59,177 - INFO - Character data saved successfully (15 characters)
2025-11-15 18:40:59,242 - INFO - Character data saved successfully (15 characters)
2025-11-15 18:40:59,311 - INFO - Character data saved successfully (15 characters)
2025-11-15 18:40:59,604 - INFO - Character data saved successfully (15 characters)
2025-11-15 18:41:00,737 - INFO - Character data saved successfully (15 characters)
2025-11-15 18:41:00,899 - INFO - Character data saved successfully (15 characters)
2025-11-15 18:41:01,016 - INFO - Character data saved successfully (15 characters)
2025-11-15 18:41:01,483 - INFO - Character data saved successfully (15 characters)
2025-11-15 18:41:01,974 - INFO - Character data saved successfully (15 characters)
2025-11-15 18:41:02,040 - INFO - Character data saved successfully (15 characters)
2025-11-15 18:41:02,533 - INFO - Character data saved successfully (15 characters)
2025-11-15 18:41:03,275 - INFO - Character data saved successfully (15 characters)
2025-11-15 18:41:03,435 - INFO - Character data saved successfully (15 characters)
2025-11-15 18:41:03,552 - INFO - Character data saved successfully (15 characters)
2025-11-15 18:41:03,555 - INFO - Character data saved successfully (15 characters)
2025-11-15 18:41:03,613 - INFO - Character data saved successfully (15 characters)
2025-11-15 18:41:03,835 - INFO - Character data saved successfully (15 characters)
2025-11-15 18:41:04,146 - INFO - Character data saved successfully (15 characters)
2025-11-15 18:41:04,304 - INFO - Character data saved successfully (15 characters)
2025-11-15 18:41:04,363 - INFO - Character data saved successfully (15 characters)
2025-11-15 18:41:04,425 - INFO - Character data saved successfully (15 characters)
2025-11-15 18:41:04,488 - INFO - Character data saved successfully (15 characters)
2025-11-15 18:41:04,682 - INFO - Character data saved successfully (15 characters)
2025-11-15 18:41:04,748 - INFO - Character data saved successfully (15 characters)
2025-11-15 18:41:04,802 - INFO - Character data saved successfully (15 characters)
2025-11-15 18:41:04,867 - INFO - Character data saved successfully (15 characters)
2025-11-15 18:41:05,258 - INFO - Character data saved successfully (15 characters)
2025-11-15 18:41:05,307 - INFO - Character data saved successfully (15 characters)
2025-11-15 18:41:05,429 - INFO - Character data saved successfully (15 characters)
2025-11-15 18:41:08,937 - INFO - Window resized to 1320x880 (aspect ratio maintained: 1.500:1)
2025-11-15 18:41:11,715 - INFO - Window resized to 1320x880 (aspect ratio maintained: 1.500:1)
2025-11-15 18:41:14,141 - INFO - Window resized to 1320x880 (aspect ratio maintained: 1.500:1)
2025-11-15 18:41:16,799 - INFO - Character data saved successfully (15 characters)
2025-11-15 18:41:16,942 - INFO - Character data saved successfully (15 characters)
2025-11-15 18:41:17,053 - INFO - Character data saved successfully (15 characters)
2025-11-15 18:41:17,178 - INFO - Character data saved successfully (15 characters)
2025-11-15 18:41:17,295 - INFO - Character data saved successfully (15 characters)
2025-11-15 18:41:17,432 - INFO - Character data saved successfully (15 characters)
2025-11-15 18:41:17,516 - INFO - Character data saved successfully (15 characters)
2025-11-15 18:41:17,687 - INFO - Character data saved successfully (15 characters)
2025-11-15 18:41:17,871 - INFO - Character data saved successfully (15 characters)
2025-11-15 18:41:18,021 - INFO - Character data saved successfully (15 characters)
2025-11-15 18:41:18,072 - INFO - Character data saved successfully (15 characters)
2025-11-15 18:41:18,155 - INFO - Character data saved successfully (15 characters)
2025-11-15 18:41:18,246 - INFO - Character data saved successfully (15 characters)
2025-11-15 18:41:18,351 - INFO - Character data saved successfully (15 characters)
2025-11-15 18:41:18,405 - INFO - Character data saved successfully (15 characters)
2025-11-15 18:41:18,465 - INFO - Character data saved successfully (15 characters)
2025-11-15 18:41:18,520 - INFO - Character data saved successfully (15 characters)
2025-11-15 18:41:18,599 - INFO - Character data saved successfully (15 characters)
2025-11-15 18:41:18,672 - INFO - Character data saved successfully (15 characters)
2025-11-15 18:41:18,728 - INFO - Character data saved successfully (15 characters)
2025-11-15 18:41:18,782 - INFO - Character data saved successfully (15 characters)
2025-11-15 18:41:18,836 - INFO - Character data saved successfully (15 characters)
2025-11-15 18:41:18,889 - INFO - Character data saved successfully (15 characters)
2025-11-15 18:41:18,942 - INFO - Character data saved successfully (15 characters)
2025-11-15 18:41:18,994 - INFO - Character data saved successfully (15 characters)
2025-11-15 18:41:19,045 - INFO - Character data saved successfully (15 characters)
2025-11-15 18:41:19,108 - INFO - Character data saved successfully (15 characters)
2025-11-15 18:41:19,175 - INFO - Character data saved successfully (15 characters)
2025-11-15 18:41:19,242 - INFO - Character data saved successfully (15 characters)
2025-11-15 18:41:19,302 - INFO - Character data saved successfully (15 characters)
2025-11-15 18:41:19,363 - INFO - Character data saved successfully (15 characters)
2025-11-15 18:41:19,418 - INFO - Character data saved successfully (15 characters)
2025-11-15 18:41:19,484 - INFO - Character data saved successfully (15 characters)
2025-11-15 18:41:19,539 - INFO - Character data saved successfully (15 characters)
2025-11-15 18:41:19,593 - INFO - Character data saved successfully (15 characters)
2025-11-15 18:41:19,645 - INFO - Character data saved successfully (15 characters)
2025-11-15 18:41:19,705 - INFO - Character data saved successfully (15 characters)
2025-11-15 18:41:19,775 - INFO - Character data saved successfully (15 characters)
2025-11-15 18:41:19,831 - INFO - Character data saved successfully (15 characters)
2025-11-15 18:41:19,881 - INFO - Character data saved successfully (15 characters)
2025-11-15 18:41:19,932 - INFO - Character data saved successfully (15 characters)
2025-11-15 18:41:19,996 - INFO - Character data saved successfully (15 characters)
2025-11-15 18:41:20,050 - INFO - Character data saved successfully (15 characters)
2025-11-15 18:41:20,116 - INFO - Character data saved successfully (15 characters)
2025-11-15 18:41:20,174 - INFO - Character data saved successfully (15 characters)
2025-11-15 18:41:20,228 - INFO - Character data saved successfully (15 characters)
2025-11-15 18:41:20,280 - INFO - Character data saved successfully (15 characters)
2025-11-15 18:41:20,333 - INFO - Character data saved successfully (15 characters)
2025-11-15 18:41:20,396 - INFO - Character data saved successfully (15 characters)
2025-11-15 18:41:20,457 - INFO - Character data saved successfully (15 characters)
2025-11-15 18:41:20,517 - INFO - Character data saved successfully (15 characters)
2025-11-15 18:41:20,570 - INFO - Character data saved successfully (15 characters)
2025-11-15 18:41:20,623 - INFO - Character data saved successfully (15 characters)
2025-11-15 18:41:20,674 - INFO - Character data saved successfully (15 characters)
2025-11-15 18:41:20,727 - INFO - Character data saved successfully (15 characters)
2025-11-15 18:41:20,779 - INFO - Character data saved successfully (15 characters)
2025-11-15 18:41:20,831 - INFO - Character data saved successfully (15 characters)
2025-11-15 18:41:20,888 - INFO - Character data saved successfully (15 characters)
2025-11-15 18:41:20,946 - INFO - Character data saved successfully (15 characters)
2025-11-15 18:41:21,043 - INFO - Character data saved successfully (15 characters)
2025-11-15 18:41:21,097 - INFO - Character data saved successfully (15 characters)
2025-11-15 18:41:21,149 - INFO - Character data saved successfully (15 characters)
2025-11-15 18:41:21,214 - INFO - Character data saved successfully (15 characters)
2025-11-15 18:41:21,275 - INFO - Character data saved successfully (15 characters)
2025-11-15 18:41:21,328 - INFO - Character data saved successfully (15 characters)
2025-11-15 18:41:21,383 - INFO - Character data saved successfully (15 characters)
2025-11-15 18:41:21,438 - INFO - Character data saved successfully (15 characters)
2025-11-15 18:41:21,491 - INFO - Character data saved successfully (15 characters)
2025-11-15 18:41:21,590 - INFO - Character data saved successfully (15 characters)
2025-11-15 18:41:21,687 - INFO - Character data saved successfully (15 characters)
2025-11-15 18:41:21,737 - INFO - Character data saved successfully (15 characters)
2025-11-15 18:41:21,804 - INFO - Character data saved successfully (15 characters)
2025-11-15 18:41:21,858 - INFO - Character data saved successfully (15 characters)
2025-11-15 18:41:21,911 - INFO - Character data saved successfully (15 characters)
2025-11-15 18:41:21,965 - INFO - Character data saved successfully (15 characters)
2025-11-15 18:41:22,022 - INFO - Character data saved successfully (15 characters)
2025-11-15 18:41:22,082 - INFO - Character data saved successfully (15 characters)
2025-11-15 18:41:22,134 - INFO - Character data saved successfully (15 characters)
2025-11-15 18:41:22,186 - INFO - Character data saved successfully (15 characters)
2025-11-15 18:41:22,237 - INFO - Character data saved successfully (15 characters)
2025-11-15 18:41:22,515 - INFO - Character data saved successfully (15 characters)
2025-11-15 18:41:22,726 - INFO - Character data saved successfully (15 characters)
2025-11-15 18:41:22,867 - INFO - Character data saved successfully (15 characters)
2025-11-15 18:41:22,960 - INFO - Character data saved successfully (15 characters)
2025-11-15 18:41:23,052 - INFO - Character data saved successfully (15 characters)
2025-11-15 18:41:23,184 - INFO - Character data saved successfully (15 characters)
2025-11-15 18:41:23,296 - INFO - Character data saved successfully (15 characters)
2025-11-15 18:41:23,393 - INFO - Character data saved successfully (15 characters)
2025-11-15 18:41:23,686 - INFO - Character data saved successfully (15 characters)
2025-11-15 18:41:23,813 - INFO - Character data saved successfully (15 characters)
2025-11-15 18:41:23,917 - INFO - Character data saved successfully (15 characters)
2025-11-15 18:41:24,095 - INFO - Character data saved successfully (15 characters)
2025-11-15 18:41:24,388 - INFO - Character data saved successfully (15 characters)
2025-11-15 18:41:24,532 - INFO - Character data saved successfully (15 characters)
2025-11-15 18:41:24,680 - INFO - Character data saved successfully (15 characters)
2025-11-15 18:41:24,745 - INFO - Character data saved successfully (15 characters)
2025-11-15 18:41:24,874 - INFO - Character data saved successfully (15 characters)
2025-11-15 18:41:25,155 - INFO - Character data saved successfully (15 characters)
2025-11-15 18:41:39,019 - INFO - Selected character: Tom Dyke
2025-11-15 18:41:39,615 - INFO - Selected character: Regina Amber
2025-11-15 18:41:41,307 - INFO - Character data saved successfully (15 characters)
2025-11-15 18:41:45,829 - INFO - Window resized to 1513x1009 (aspect ratio maintained: 1.500:1)
2025-11-15 18:41:48,666 - INFO - Character data saved successfully (15 characters)
