2025-11-15 16:37:20,433 - INFO - D&D Character Tracker started - Log file: logs\dnd_tracker_20251115_163720.log
2025-11-15 16:37:20,615 - INFO - Pygame initialized successfully
2025-11-15 16:37:20,617 - INFO - Detected DPI: 96, Scale factor: 1.00
2025-11-15 16:37:20,618 - INFO - Screen resolution: 1920x1080
2025-11-15 16:37:20,618 - INFO - Work area: 1920x1032
2025-11-15 16:37:20,618 - INFO - Adaptive window size: 1488x992 (aspect ratio: 1.500)
2025-11-15 16:37:20,619 - INFO - Creating D&D Character Tool application
2025-11-15 16:37:21,187 - INFO - Loading character data from C:\Users\lucas\OneDrive\Documents\D&D\Tracker_Ramil\character_data.json
2025-11-15 16:37:21,189 - INFO - Loaded spell slots: {'1st': 4, '2nd': 2}
2025-11-15 16:37:21,189 - INFO - Loaded current spell slots: {'1st': 4, '2nd': 2}
2025-11-15 16:37:21,189 - INFO - Loaded character: Ramil al-Sayif
2025-11-15 16:37:21,190 - INFO - Weapons loaded: 3
2025-11-15 16:37:21,190 - INFO - Fighting styles: {'two_weapon_fighting': True, 'dueling': False, 'dueling_bonus': 0}
2025-11-15 16:37:21,190 - INFO - Window initialized at 1488x992 (aspect ratio: 1.50:1)
2025-11-15 16:37:21,191 - INFO -    • Window automatically adjusts to display scaling (100%, 125%, 150%)
2025-11-15 16:37:21,193 - INFO -    • Locked to 3:2 aspect ratio (1536x1024) for optimal viewing
2025-11-15 16:37:21,193 - INFO -    • Press F11 to toggle fullscreen mode
2025-11-15 16:37:21,193 - INFO -    • Press ESC to exit fullscreen
2025-11-15 16:37:21,193 - INFO -    • Window is resizable - aspect ratio maintained automatically
2025-11-15 16:37:21,211 - INFO - Starting application main loop
2025-11-15 16:37:45,634 - INFO - Selected spell: Shield
2025-11-15 16:37:47,211 - INFO - Cast Shield - Reaction: +5 AC until start of your next turn
2025-11-15 16:37:47,211 - INFO - Shield spell activated - AC increased to 20
2025-11-15 16:37:47,211 - INFO - Used 1st level spell slot. Remaining: 3
2025-11-15 16:37:47,215 - INFO - Character data saved successfully (15 characters)
2025-11-15 16:37:49,034 - INFO - Selected spell: Thunderwave
2025-11-15 16:37:54,209 - INFO - Selected action: Bladesong
2025-11-15 16:37:57,309 - INFO - Bladesong activated! AC +3, speed +10 ft, ADV Acrobatics, +3 CON concentration saves.
2025-11-15 16:37:57,313 - INFO - Character data saved successfully (15 characters)
2025-11-15 16:38:11,307 - INFO - Selected spell: Mage Armor
2025-11-15 16:38:12,755 - WARNING - Spell preparation limit reached.
2025-11-15 16:38:16,065 - INFO - Prepared spells updated: ['Shield', 'Absorb Elements', 'Thunderwave', 'Misty Step', 'Shadow Blade']
2025-11-15 16:38:16,069 - INFO - Character data saved successfully (15 characters)
2025-11-15 16:38:16,750 - INFO - Prepared spells updated: ['Shield', 'Absorb Elements', 'Mage Armor', 'Thunderwave', 'Misty Step', 'Shadow Blade']
2025-11-15 16:38:16,755 - INFO - Character data saved successfully (15 characters)
2025-11-15 16:38:19,160 - INFO - Cast Mage Armor - Touch a willing creature: AC becomes 13 + DEX modifier for 8 hours
2025-11-15 16:38:19,160 - INFO - Mage Armor activated - Base AC is now 16
2025-11-15 16:38:19,160 - INFO - Used 1st level spell slot. Remaining: 2
2025-11-15 16:38:19,167 - INFO - Character data saved successfully (15 characters)
2025-11-15 16:38:30,410 - INFO - Mage Armor dismissed. Base AC restored to worn armor.
2025-11-15 16:38:30,415 - INFO - Character data saved successfully (15 characters)
2025-11-15 16:38:32,277 - INFO - Bladesong dismissed. Bonuses removed.
2025-11-15 16:38:32,283 - INFO - Character data saved successfully (15 characters)
2025-11-15 16:38:37,450 - INFO - Shield spell ended - AC returned to 20
2025-11-15 16:38:37,455 - INFO - Character data saved successfully (15 characters)
2025-11-15 17:15:41,510 - INFO - Character data saved successfully (15 characters)
