2025-11-09 16:15:24,555 - INFO - D&D Character Tracker started - Log file: logs\dnd_tracker_20251109_161524.log
2025-11-09 16:15:24,901 - INFO - Pygame initialized successfully
2025-11-09 16:15:24,904 - INFO - Detected DPI: 144, Scale factor: 1.50
2025-11-09 16:15:24,904 - INFO - Screen resolution: 1920x1080
2025-11-09 16:15:24,905 - INFO - Work area: 1920x1008
2025-11-09 16:15:24,905 - INFO - Adaptive window size: 1305x870 (aspect ratio: 1.500)
2025-11-09 16:15:24,905 - INFO - Creating D&D Character Tool application
2025-11-09 16:15:25,482 - INFO - Loading character data from C:\Users\lucas\OneDrive\Documents\D&D\Tracker_Ramil\character_data.json
2025-11-09 16:15:25,492 - INFO - Loaded spell slots: {}
2025-11-09 16:15:25,492 - INFO - Loaded current spell slots: {}
2025-11-09 16:15:25,492 - INFO - Loaded character: Ramil al-Sayif
2025-11-09 16:15:25,492 - INFO - Weapons loaded: 3
2025-11-09 16:15:25,492 - INFO - Fighting styles: {'two_weapon_fighting': True, 'dueling': False, 'dueling_bonus': 0}
2025-11-09 16:15:25,492 - INFO - Window initialized at 1305x870 (aspect ratio: 1.50:1)
2025-11-09 16:15:25,494 - INFO -    • Window automatically adjusts to display scaling (100%, 125%, 150%)
2025-11-09 16:15:25,494 - INFO -    • Locked to 3:2 aspect ratio (1536x1024) for optimal viewing
2025-11-09 16:15:25,494 - INFO -    • Press F11 to toggle fullscreen mode
2025-11-09 16:15:25,494 - INFO -    • Press ESC to exit fullscreen
2025-11-09 16:15:25,495 - INFO -    • Window is resizable - aspect ratio maintained automatically
2025-11-09 16:15:25,511 - INFO - Starting application main loop
2025-11-09 16:15:30,109 - INFO - Character data saved successfully (5 characters)
2025-11-09 16:15:30,200 - INFO - Character data saved successfully (5 characters)
2025-11-09 16:15:30,261 - INFO - Character data saved successfully (5 characters)
2025-11-09 16:15:30,404 - INFO - Character data saved successfully (5 characters)
2025-11-09 16:15:30,491 - INFO - Character data saved successfully (5 characters)
2025-11-09 16:15:30,523 - INFO - Character data saved successfully (5 characters)
2025-11-09 16:15:30,638 - INFO - Character data saved successfully (5 characters)
2025-11-09 16:15:30,698 - INFO - Character data saved successfully (5 characters)
2025-11-09 16:15:30,764 - INFO - Character data saved successfully (5 characters)
2025-11-09 16:15:30,880 - INFO - Character data saved successfully (5 characters)
2025-11-09 16:15:30,968 - INFO - Character data saved successfully (5 characters)
2025-11-09 16:15:31,001 - INFO - Character data saved successfully (5 characters)
2025-11-09 16:15:31,275 - INFO - Character data saved successfully (5 characters)
2025-11-09 16:15:31,708 - INFO - Character data saved successfully (5 characters)
2025-11-09 16:15:31,874 - INFO - Character data saved successfully (5 characters)
2025-11-09 16:15:32,040 - INFO - Character data saved successfully (5 characters)
2025-11-09 16:15:32,266 - INFO - Character data saved successfully (5 characters)
2025-11-09 16:15:32,434 - INFO - Character data saved successfully (5 characters)
2025-11-09 16:15:32,686 - INFO - Character data saved successfully (5 characters)
2025-11-09 16:15:32,743 - INFO - Character data saved successfully (5 characters)
2025-11-09 16:15:32,776 - INFO - Character data saved successfully (5 characters)
2025-11-09 16:15:32,918 - INFO - Character data saved successfully (5 characters)
2025-11-09 16:15:32,980 - INFO - Character data saved successfully (5 characters)
2025-11-09 16:15:33,014 - INFO - Character data saved successfully (5 characters)
2025-11-09 16:15:33,157 - INFO - Character data saved successfully (5 characters)
2025-11-09 16:15:33,193 - INFO - Character data saved successfully (5 characters)
2025-11-09 16:15:33,255 - INFO - Character data saved successfully (5 characters)
2025-11-09 16:15:33,401 - INFO - Character data saved successfully (5 characters)
2025-11-09 16:15:33,731 - INFO - Character data saved successfully (5 characters)
2025-11-09 16:15:33,815 - INFO - Character data saved successfully (5 characters)
2025-11-09 16:15:33,879 - INFO - Character data saved successfully (5 characters)
2025-11-09 16:15:33,940 - INFO - Character data saved successfully (5 characters)
2025-11-09 16:15:34,031 - INFO - Character data saved successfully (5 characters)
2025-11-09 16:15:34,096 - INFO - Character data saved successfully (5 characters)
2025-11-09 16:15:34,156 - INFO - Character data saved successfully (5 characters)
2025-11-09 16:15:34,438 - INFO - Character data saved successfully (5 characters)
2025-11-09 16:15:34,853 - INFO - Character data saved successfully (5 characters)
2025-11-09 16:15:35,023 - INFO - Character data saved successfully (5 characters)
2025-11-09 16:15:35,169 - INFO - Character data saved successfully (5 characters)
2025-11-09 16:15:35,316 - INFO - Character data saved successfully (5 characters)
2025-11-09 16:15:35,488 - INFO - Character data saved successfully (5 characters)
2025-11-09 16:15:35,801 - INFO - Character data saved successfully (5 characters)
2025-11-09 16:15:35,954 - INFO - Character data saved successfully (5 characters)
2025-11-09 16:15:36,013 - INFO - Character data saved successfully (5 characters)
2025-11-09 16:15:36,047 - INFO - Character data saved successfully (5 characters)
2025-11-09 16:15:36,200 - INFO - Character data saved successfully (5 characters)
2025-11-09 16:15:36,259 - INFO - Character data saved successfully (5 characters)
2025-11-09 16:15:36,292 - INFO - Character data saved successfully (5 characters)
2025-11-09 16:15:36,463 - INFO - Character data saved successfully (5 characters)
2025-11-09 16:15:36,520 - INFO - Character data saved successfully (5 characters)
2025-11-09 16:15:36,707 - INFO - Character data saved successfully (5 characters)
2025-11-09 16:15:36,795 - INFO - Character data saved successfully (5 characters)
2025-11-09 16:15:36,858 - INFO - Character data saved successfully (5 characters)
2025-11-09 16:15:36,977 - INFO - Character data saved successfully (5 characters)
2025-11-09 16:15:36,980 - INFO - Character data saved successfully (5 characters)
2025-11-09 16:15:37,095 - INFO - Character data saved successfully (5 characters)
2025-11-09 16:15:37,210 - INFO - Character data saved successfully (5 characters)
2025-11-09 16:15:37,351 - INFO - Character data saved successfully (5 characters)
2025-11-09 16:15:37,385 - INFO - Character data saved successfully (5 characters)
2025-11-09 16:15:37,496 - INFO - Character data saved successfully (5 characters)
2025-11-09 16:15:37,658 - INFO - Character data saved successfully (5 characters)
2025-11-09 16:15:37,826 - INFO - Character data saved successfully (5 characters)
2025-11-09 16:15:37,972 - INFO - Character data saved successfully (5 characters)
2025-11-09 16:15:38,111 - INFO - Character data saved successfully (5 characters)
2025-11-09 16:15:38,646 - INFO - Character data saved successfully (5 characters)
2025-11-09 16:15:38,705 - INFO - Character data saved successfully (5 characters)
2025-11-09 16:15:38,764 - INFO - Character data saved successfully (5 characters)
2025-11-09 16:15:38,826 - INFO - Character data saved successfully (5 characters)
2025-11-09 16:15:38,884 - INFO - Character data saved successfully (5 characters)
2025-11-09 16:15:38,950 - INFO - Character data saved successfully (5 characters)
2025-11-09 16:15:39,008 - INFO - Character data saved successfully (5 characters)
2025-11-09 16:15:39,071 - INFO - Character data saved successfully (5 characters)
2025-11-09 16:15:39,132 - INFO - Character data saved successfully (5 characters)
2025-11-09 16:15:39,195 - INFO - Character data saved successfully (5 characters)
2025-11-09 16:15:39,255 - INFO - Character data saved successfully (5 characters)
2025-11-09 16:15:41,274 - INFO - Character data saved successfully (5 characters)
2025-11-09 16:15:41,329 - INFO - Character data saved successfully (5 characters)
2025-11-09 16:15:41,387 - INFO - Character data saved successfully (5 characters)
2025-11-09 16:15:41,447 - INFO - Character data saved successfully (5 characters)
2025-11-09 16:15:41,506 - INFO - Character data saved successfully (5 characters)
2025-11-09 16:15:41,581 - INFO - Character data saved successfully (5 characters)
2025-11-09 16:15:41,654 - INFO - Character data saved successfully (5 characters)
2025-11-09 16:15:41,720 - INFO - Character data saved successfully (5 characters)
2025-11-09 16:15:41,777 - INFO - Character data saved successfully (5 characters)
2025-11-09 16:15:41,845 - INFO - Character data saved successfully (5 characters)
2025-11-09 16:15:41,914 - INFO - Character data saved successfully (5 characters)
2025-11-09 16:15:41,984 - INFO - Character data saved successfully (5 characters)
2025-11-09 16:15:42,043 - INFO - Character data saved successfully (5 characters)
2025-11-09 16:15:42,108 - INFO - Character data saved successfully (5 characters)
2025-11-09 16:15:42,166 - INFO - Character data saved successfully (5 characters)
2025-11-09 16:15:42,228 - INFO - Character data saved successfully (5 characters)
2025-11-09 16:15:42,289 - INFO - Character data saved successfully (5 characters)
2025-11-09 16:15:42,352 - INFO - Character data saved successfully (5 characters)
2025-11-09 16:15:42,580 - INFO - Character data saved successfully (5 characters)
2025-11-09 16:15:42,691 - INFO - Character data saved successfully (5 characters)
2025-11-09 16:15:42,836 - INFO - Character data saved successfully (5 characters)
2025-11-09 16:15:44,720 - INFO - Character data saved successfully (5 characters)
2025-11-09 16:15:46,316 - INFO - Character data saved successfully (5 characters)
