2025-11-08 19:56:42,546 - INFO - D&D Character Tracker started - Log file: logs\dnd_tracker_20251108_195642.log
2025-11-08 19:56:42,944 - INFO - Pygame initialized successfully
2025-11-08 19:56:42,947 - INFO - Detected DPI: 144, Scale factor: 1.50
2025-11-08 19:56:42,948 - INFO - Screen resolution: 1920x1080
2025-11-08 19:56:42,948 - INFO - Work area: 1920x1008
2025-11-08 19:56:42,948 - INFO - Adaptive window size: 1305x870 (aspect ratio: 1.500)
2025-11-08 19:56:42,949 - INFO - Creating D&D Character Tool application
2025-11-08 19:56:43,705 - INFO - Loading character data from C:\Users\lucas\OneDrive\Documents\D&D\Tracker_Ramil\character_data.json
2025-11-08 19:56:43,707 - INFO - Loaded spell slots: {}
2025-11-08 19:56:43,707 - INFO - Loaded current spell slots: {}
2025-11-08 19:56:43,708 - INFO - Loaded character: Ramil al-Sayif
2025-11-08 19:56:43,708 - INFO - Weapons loaded: 3
2025-11-08 19:56:43,709 - INFO - Fighting styles: {'two_weapon_fighting': True, 'dueling': False, 'dueling_bonus': 0}
2025-11-08 19:56:43,709 - INFO - Window initialized at 1305x870 (aspect ratio: 1.50:1)
2025-11-08 19:56:43,713 - INFO -    • Window automatically adjusts to display scaling (100%, 125%, 150%)
2025-11-08 19:56:43,713 - INFO -    • Locked to 3:2 aspect ratio (1536x1024) for optimal viewing
2025-11-08 19:56:43,713 - INFO -    • Press F11 to toggle fullscreen mode
2025-11-08 19:56:43,714 - INFO -    • Press ESC to exit fullscreen
2025-11-08 19:56:43,715 - INFO -    • Window is resizable - aspect ratio maintained automatically
2025-11-08 19:56:43,743 - INFO - Starting application main loop
2025-11-08 19:57:05,720 - INFO - Launched world map viewer.
2025-11-08 19:59:13,895 - INFO - Launched world map viewer.
2025-11-08 19:59:19,688 - INFO - Window resized to 1441x961 (aspect ratio maintained: 1.499:1)
2025-11-08 19:59:20,632 - INFO - Character data saved successfully (7 characters)
