2025-11-08 11:18:59,077 - INFO - D&D Character Tracker started - Log file: logs\dnd_tracker_20251108_111859.log
2025-11-08 11:18:59,246 - INFO - Pygame initialized successfully
2025-11-08 11:18:59,248 - INFO - Detected DPI: 96, Scale factor: 1.00
2025-11-08 11:18:59,249 - INFO - Screen resolution: 1920x1080
2025-11-08 11:18:59,249 - INFO - Work area: 1920x1032
2025-11-08 11:18:59,249 - INFO - Adaptive window size: 1399x787 (aspect ratio: 1.778)
2025-11-08 11:18:59,249 - INFO - Creating D&D Character Tool application
2025-11-08 11:18:59,758 - INFO - Loading character data from character_data.json
2025-11-08 11:18:59,770 - INFO - Loaded spell slots: {}
2025-11-08 11:18:59,770 - INFO - Loaded current spell slots: {}
2025-11-08 11:18:59,770 - INFO - Loaded character: Ramil al-Sayif
2025-11-08 11:18:59,770 - INFO - Weapons loaded: 3
2025-11-08 11:18:59,771 - INFO - Fighting styles: {'two_weapon_fighting': True, 'dueling': False, 'dueling_bonus': 0}
2025-11-08 11:18:59,771 - INFO - Window initialized at 1399x787 (aspect ratio: 1.78:1)
2025-11-08 11:18:59,774 - INFO -    • Window automatically adjusts to display scaling (100%, 125%, 150%)
2025-11-08 11:18:59,774 - INFO -    • Locked to 16:9 aspect ratio for optimal viewing
2025-11-08 11:18:59,774 - INFO -    • Press F11 to toggle fullscreen mode
2025-11-08 11:18:59,774 - INFO -    • Press ESC to exit fullscreen
2025-11-08 11:18:59,775 - INFO -    • Window is resizable - aspect ratio maintained automatically
2025-11-08 11:18:59,792 - INFO - Starting application main loop
2025-11-08 11:19:07,694 - INFO - Window resized to 1793x1009 (16:9 ratio maintained: 1.777:1)
2025-11-08 11:19:09,270 - INFO - Window resized to 1399x786 (16:9 ratio maintained: 1.780:1)
2025-11-08 11:19:12,276 - INFO - Window resized to 1793x1009 (16:9 ratio maintained: 1.777:1)
2025-11-08 11:19:38,441 - INFO - Window resized to 1399x786 (16:9 ratio maintained: 1.780:1)
2025-11-08 11:19:39,618 - INFO - Window resized to 1793x1009 (16:9 ratio maintained: 1.777:1)
2025-11-08 11:20:04,957 - INFO - Window resized to 1399x786 (16:9 ratio maintained: 1.780:1)
2025-11-08 11:20:13,438 - INFO - Window resized to 1793x1009 (16:9 ratio maintained: 1.777:1)
2025-11-08 11:23:57,487 - INFO - Character data saved successfully (5 characters)
2025-11-08 11:24:00,971 - INFO - Window resized to 1399x786 (16:9 ratio maintained: 1.780:1)
2025-11-08 11:24:05,403 - INFO - Selected action: Second Wind
2025-11-08 11:24:38,312 - INFO - Character data saved successfully (5 characters)
