2025-11-02 00:56:26,671 - INFO - D&D Character Tracker started - Log file: logs\dnd_tracker_20251102_005626.log
2025-11-02 00:56:26,930 - INFO - Pygame initialized successfully
2025-11-02 00:56:26,933 - INFO - Detected DPI: 144, Scale factor: 1.50
2025-11-02 00:56:26,933 - INFO - Screen resolution: 1920x1080
2025-11-02 00:56:26,934 - INFO - Work area: 1920x1008
2025-11-02 00:56:26,934 - INFO - Adaptive window size: 1152x648 (aspect ratio: 1.778)
2025-11-02 00:56:26,934 - INFO - Creating D&D Character Tool application
2025-11-02 00:56:27,195 - INFO - Loading character data from character_data.json
2025-11-02 00:56:27,217 - INFO - Loaded spell slots: {}
2025-11-02 00:56:27,217 - INFO - Loaded current spell slots: {}
2025-11-02 00:56:27,219 - INFO - Loaded character: Ramil al-Sayif
2025-11-02 00:56:27,219 - INFO - Weapons loaded: 3
2025-11-02 00:56:27,219 - INFO - Fighting styles: {'two_weapon_fighting': True, 'dueling': False, 'dueling_bonus': 0}
2025-11-02 00:56:27,220 - INFO - Window initialized at 1152x648 (aspect ratio: 1.78:1)
2025-11-02 00:56:27,222 - INFO -    • Window automatically adjusts to display scaling (100%, 125%, 150%)
2025-11-02 00:56:27,222 - INFO -    • Locked to 16:9 aspect ratio for optimal viewing
2025-11-02 00:56:27,222 - INFO -    • Press F11 to toggle fullscreen mode
2025-11-02 00:56:27,224 - INFO -    • Press ESC to exit fullscreen
2025-11-02 00:56:27,224 - INFO -    • Window is resizable - aspect ratio maintained automatically
2025-11-02 00:56:27,253 - INFO - Starting application main loop
2025-11-02 00:56:39,424 - INFO - Window resized to 1731x974 (16:9 ratio maintained: 1.777:1)
2025-11-02 00:56:55,402 - INFO - Character data saved successfully to character_data.json
