2025-11-27 00:27:00,643 - INFO - D&D Character Tracker started - Log file: logs\dnd_tracker_20251127_002700.log
2025-11-27 00:27:01,567 - INFO - Pygame initialized successfully
2025-11-27 00:27:01,572 - INFO - Detected DPI: 96, Scale factor: 1.00
2025-11-27 00:27:01,572 - INFO - Screen resolution: 1920x1080
2025-11-27 00:27:01,572 - INFO - Work area: 1920x1032
2025-11-27 00:27:01,573 - INFO - Adaptive window size: 1488x992 (aspect ratio: 1.500)
2025-11-27 00:27:01,584 - INFO - Creating D&D Character Tool application
2025-11-27 00:27:03,123 - INFO - Loading character data from C:\Users\lucas\OneDrive\Documents\D&D\Tracker_Ramil\character_data.json
2025-11-27 00:27:03,148 - INFO - Loaded spell slots: {'1st': 4, '2nd': 2}
2025-11-27 00:27:03,149 - INFO - Loaded current spell slots: {'1st': 0, '2nd': 2}
2025-11-27 00:27:03,150 - INFO - Loaded character: Ramil al-Sayif
2025-11-27 00:27:03,150 - INFO - Weapons loaded: 3
2025-11-27 00:27:03,150 - INFO - Fighting styles: {'two_weapon_fighting': True, 'dueling': False, 'dueling_bonus': 0}
2025-11-27 00:27:03,150 - INFO - Window initialized at 1488x992 (aspect ratio: 1.50:1)
2025-11-27 00:27:03,152 - INFO - Adaptive Resolution Features:
2025-11-27 00:27:03,152 - INFO -    - Window automatically adjusts to display scaling (100%, 125%, 150%)
2025-11-27 00:27:03,152 - INFO -    - Locked to 3:2 aspect ratio (1536x1024) for optimal viewing
2025-11-27 00:27:03,152 - INFO -    - Press F11 to toggle fullscreen mode
2025-11-27 00:27:03,152 - INFO -    - Press ESC to exit fullscreen
2025-11-27 00:27:03,153 - INFO -    - Window is resizable - aspect ratio maintained automatically
2025-11-27 00:27:03,189 - INFO - Starting application main loop
2025-11-27 00:27:05,996 - INFO - Selected spell: Mage Hand
2025-11-27 00:27:07,239 - INFO - Selected spell: Green Flame Blade
2025-11-27 00:27:08,533 - INFO - Selected spell: Booming Blade
2025-11-27 00:27:10,454 - INFO - Selected spell: Mending
2025-11-27 00:27:12,359 - INFO - Selected spell: Guidance
2025-11-27 00:27:13,226 - INFO - Selected spell: Mending
2025-11-27 00:27:13,927 - INFO - Selected spell: Booming Blade
2025-11-27 00:30:43,887 - INFO - Character data saved successfully (15 characters)
