2025-11-09 13:06:31,488 - INFO - D&D Character Tracker started - Log file: logs\dnd_tracker_20251109_130631.log
2025-11-09 13:06:31,740 - INFO - Pygame initialized successfully
2025-11-09 13:06:31,741 - INFO - Detected DPI: 144, Scale factor: 1.50
2025-11-09 13:06:31,741 - INFO - Screen resolution: 1920x1080
2025-11-09 13:06:31,742 - INFO - Work area: 1920x1008
2025-11-09 13:06:31,742 - INFO - Adaptive window size: 1305x870 (aspect ratio: 1.500)
2025-11-09 13:06:31,742 - INFO - Creating D&D Character Tool application
2025-11-09 13:06:32,325 - INFO - Loading character data from C:\Users\lucas\OneDrive\Documents\D&D\Tracker_Ramil\character_data.json
2025-11-09 13:06:32,325 - INFO - Loaded spell slots: {}
2025-11-09 13:06:32,325 - INFO - Loaded current spell slots: {}
2025-11-09 13:06:32,327 - INFO - Loaded character: Ramil al-Sayif
2025-11-09 13:06:32,327 - INFO - Weapons loaded: 3
2025-11-09 13:06:32,327 - INFO - Fighting styles: {'two_weapon_fighting': True, 'dueling': False, 'dueling_bonus': 0}
2025-11-09 13:06:32,327 - INFO - Window initialized at 1305x870 (aspect ratio: 1.50:1)
2025-11-09 13:06:32,329 - INFO -    • Window automatically adjusts to display scaling (100%, 125%, 150%)
2025-11-09 13:06:32,329 - INFO -    • Locked to 3:2 aspect ratio (1536x1024) for optimal viewing
2025-11-09 13:06:32,329 - INFO -    • Press F11 to toggle fullscreen mode
2025-11-09 13:06:32,329 - INFO -    • Press ESC to exit fullscreen
2025-11-09 13:06:32,329 - INFO -    • Window is resizable - aspect ratio maintained automatically
2025-11-09 13:06:32,347 - INFO - Starting application main loop
2025-11-09 13:06:33,167 - INFO - Launched world map viewer.
2025-11-09 13:06:48,774 - INFO - Character data saved successfully (7 characters)
