2025-11-08 11:45:58,403 - INFO - D&D Character Tracker started - Log file: logs\dnd_tracker_20251108_114558.log
2025-11-08 11:45:58,566 - INFO - Pygame initialized successfully
2025-11-08 11:45:58,568 - INFO - Detected DPI: 96, Scale factor: 1.00
2025-11-08 11:45:58,568 - INFO - Screen resolution: 1920x1080
2025-11-08 11:45:58,568 - INFO - Work area: 1920x1032
2025-11-08 11:45:58,568 - INFO - Adaptive window size: 1488x992 (aspect ratio: 1.500)
2025-11-08 11:45:58,570 - INFO - Creating D&D Character Tool application
2025-11-08 11:45:59,027 - INFO - Loading character data from C:\Users\lucas\OneDrive\Documents\D&D\Tracker_Ramil\character_data.json
2025-11-08 11:45:59,029 - INFO - Loaded spell slots: {}
2025-11-08 11:45:59,029 - INFO - Loaded current spell slots: {}
2025-11-08 11:45:59,029 - INFO - Loaded character: Ramil al-Sayif
2025-11-08 11:45:59,029 - INFO - Weapons loaded: 3
2025-11-08 11:45:59,030 - INFO - Fighting styles: {'two_weapon_fighting': True, 'dueling': False, 'dueling_bonus': 0}
2025-11-08 11:45:59,030 - INFO - Window initialized at 1488x992 (aspect ratio: 1.50:1)
2025-11-08 11:45:59,032 - INFO -    • Window automatically adjusts to display scaling (100%, 125%, 150%)
2025-11-08 11:45:59,033 - INFO -    • Locked to 3:2 aspect ratio (1536x1024) for optimal viewing
2025-11-08 11:45:59,033 - INFO -    • Press F11 to toggle fullscreen mode
2025-11-08 11:45:59,033 - INFO -    • Press ESC to exit fullscreen
2025-11-08 11:45:59,033 - INFO -    • Window is resizable - aspect ratio maintained automatically
2025-11-08 11:45:59,050 - INFO - Starting application main loop
2025-11-08 11:46:00,893 - INFO - Selected save: WIS
2025-11-08 11:46:13,512 - INFO - Selected save: INT
2025-11-08 11:46:14,681 - INFO - Selected save: CON
2025-11-08 11:46:26,724 - INFO - Character data saved successfully (5 characters)
