2025-11-08 12:12:37,006 - INFO - D&D Character Tracker started - Log file: logs\dnd_tracker_20251108_121237.log
2025-11-08 12:12:37,187 - INFO - Pygame initialized successfully
2025-11-08 12:12:37,190 - INFO - Detected DPI: 96, Scale factor: 1.00
2025-11-08 12:12:37,190 - INFO - Screen resolution: 1920x1080
2025-11-08 12:12:37,190 - INFO - Work area: 1920x1032
2025-11-08 12:12:37,191 - INFO - Adaptive window size: 1488x992 (aspect ratio: 1.500)
2025-11-08 12:12:37,191 - INFO - Creating D&D Character Tool application
2025-11-08 12:12:37,725 - INFO - Loading character data from C:\Users\lucas\OneDrive\Documents\D&D\Tracker_Ramil\character_data.json
2025-11-08 12:12:37,729 - INFO - Loaded spell slots: {}
2025-11-08 12:12:37,729 - INFO - Loaded current spell slots: {}
2025-11-08 12:12:37,729 - INFO - Loaded character: Ramil al-Sayif
2025-11-08 12:12:37,729 - INFO - Weapons loaded: 3
2025-11-08 12:12:37,729 - INFO - Fighting styles: {'two_weapon_fighting': True, 'dueling': False, 'dueling_bonus': 0}
2025-11-08 12:12:37,731 - INFO - Window initialized at 1488x992 (aspect ratio: 1.50:1)
2025-11-08 12:12:37,732 - INFO -    • Window automatically adjusts to display scaling (100%, 125%, 150%)
2025-11-08 12:12:37,733 - INFO -    • Locked to 3:2 aspect ratio (1536x1024) for optimal viewing
2025-11-08 12:12:37,733 - INFO -    • Press F11 to toggle fullscreen mode
2025-11-08 12:12:37,733 - INFO -    • Press ESC to exit fullscreen
2025-11-08 12:12:37,733 - INFO -    • Window is resizable - aspect ratio maintained automatically
2025-11-08 12:12:37,750 - INFO - Starting application main loop
2025-11-08 12:13:27,575 - INFO - Selected character: [P] Kai Hyoshin
2025-11-08 12:13:30,039 - INFO - Selected character: [P] Reyden
2025-11-08 12:13:31,444 - INFO - Selected character: [P] Madea Blackthorn
2025-11-08 12:13:34,916 - INFO - Selected character: [P] Kai Hyoshin
2025-11-08 12:13:36,081 - INFO - Selected character: [P] Madea Blackthorn
2025-11-08 12:13:46,069 - INFO - Character data saved successfully (5 characters)
2025-11-08 12:13:48,112 - INFO - Character data saved successfully (5 characters)
2025-11-08 12:14:01,707 - INFO - Character data saved successfully (5 characters)
2025-11-08 12:14:01,707 - INFO - Added journal session: Session 1
2025-11-08 12:14:01,714 - INFO - Character data saved successfully (5 characters)
2025-11-08 12:14:02,647 - INFO - Character data saved successfully (5 characters)
2025-11-08 12:14:03,261 - INFO - Character data saved successfully (5 characters)
2025-11-08 12:14:03,979 - INFO - Character data saved successfully (5 characters)
2025-11-08 12:14:05,606 - INFO - Selected character: [P] Madea Blackthorn
2025-11-08 12:14:06,962 - INFO - Character data saved successfully (5 characters)
2025-11-08 12:14:07,788 - INFO - Character data saved successfully (5 characters)
2025-11-08 12:14:09,035 - INFO - Selected character: [P] Reyden
2025-11-08 12:14:10,289 - INFO - Character data saved successfully (5 characters)
2025-11-08 12:14:12,236 - INFO - Selected character: [P] Kai Hyoshin
2025-11-08 12:14:25,331 - INFO - Character data saved successfully (6 characters)
2025-11-08 12:14:25,331 - INFO - Created new character: Character 6
2025-11-08 12:14:25,958 - INFO - Character data saved successfully (7 characters)
2025-11-08 12:14:25,958 - INFO - Created new character: Character 7
2025-11-08 12:14:26,662 - INFO - Character data saved successfully (8 characters)
2025-11-08 12:14:26,662 - INFO - Created new character: Character 8
2025-11-08 12:14:27,226 - INFO - Character data saved successfully (9 characters)
2025-11-08 12:14:27,226 - INFO - Created new character: Character 9
2025-11-08 12:14:28,031 - INFO - Character data saved successfully (10 characters)
2025-11-08 12:14:28,031 - INFO - Created new character: Character 10
2025-11-08 12:14:28,524 - INFO - Character data saved successfully (11 characters)
2025-11-08 12:14:28,525 - INFO - Created new character: Character 11
2025-11-08 12:14:29,185 - INFO - Character data saved successfully (12 characters)
2025-11-08 12:14:29,185 - INFO - Created new character: Character 12
2025-11-08 12:14:30,024 - INFO - Character data saved successfully (13 characters)
2025-11-08 12:14:30,025 - INFO - Created new character: Character 13
2025-11-08 12:14:40,681 - INFO - Deleted character: Character 13
2025-11-08 12:14:40,686 - INFO - Character data saved successfully (12 characters)
2025-11-08 12:14:41,377 - INFO - Deleted character: Character 12
2025-11-08 12:14:41,382 - INFO - Character data saved successfully (11 characters)
2025-11-08 12:14:41,952 - INFO - Deleted character: Character 11
2025-11-08 12:14:41,958 - INFO - Character data saved successfully (10 characters)
2025-11-08 12:14:42,293 - INFO - Deleted character: Character 10
2025-11-08 12:14:42,297 - INFO - Character data saved successfully (9 characters)
2025-11-08 12:14:42,671 - INFO - Deleted character: Character 9
2025-11-08 12:14:42,675 - INFO - Character data saved successfully (8 characters)
2025-11-08 12:14:43,267 - INFO - Deleted character: Character 8
2025-11-08 12:14:43,270 - INFO - Character data saved successfully (7 characters)
2025-11-08 12:14:43,753 - INFO - Deleted character: Character 7
2025-11-08 12:14:43,756 - INFO - Character data saved successfully (6 characters)
2025-11-08 12:14:44,189 - INFO - Deleted character: Character 6
2025-11-08 12:14:44,193 - INFO - Character data saved successfully (5 characters)
2025-11-08 12:15:21,298 - INFO - Character data saved successfully (5 characters)
