2025-11-09 20:34:32,475 - INFO - D&D Character Tracker started - Log file: logs\dnd_tracker_20251109_203432.log
2025-11-09 20:34:32,724 - INFO - Pygame initialized successfully
2025-11-09 20:34:32,725 - INFO - Detected DPI: 96, Scale factor: 1.00
2025-11-09 20:34:32,725 - INFO - Screen resolution: 1920x1080
2025-11-09 20:34:32,727 - INFO - Work area: 1920x1032
2025-11-09 20:34:32,727 - INFO - Adaptive window size: 1488x992 (aspect ratio: 1.500)
2025-11-09 20:34:32,727 - INFO - Creating D&D Character Tool application
2025-11-09 20:34:33,306 - INFO - Loading character data from C:\Users\lucas\OneDrive\Documents\D&D\Tracker_Ramil\character_data.json
2025-11-09 20:34:33,307 - INFO - Loaded spell slots: {}
2025-11-09 20:34:33,307 - INFO - Loaded current spell slots: {}
2025-11-09 20:34:33,307 - INFO - Loaded character: Ramil al-Sayif
2025-11-09 20:34:33,307 - INFO - Weapons loaded: 3
2025-11-09 20:34:33,308 - INFO - Fighting styles: {'two_weapon_fighting': True, 'dueling': False, 'dueling_bonus': 0}
2025-11-09 20:34:33,308 - INFO - Window initialized at 1488x992 (aspect ratio: 1.50:1)
2025-11-09 20:34:33,310 - INFO -    • Window automatically adjusts to display scaling (100%, 125%, 150%)
2025-11-09 20:34:33,310 - INFO -    • Locked to 3:2 aspect ratio (1536x1024) for optimal viewing
2025-11-09 20:34:33,310 - INFO -    • Press F11 to toggle fullscreen mode
2025-11-09 20:34:33,310 - INFO -    • Press ESC to exit fullscreen
2025-11-09 20:34:33,310 - INFO -    • Window is resizable - aspect ratio maintained automatically
2025-11-09 20:34:33,330 - INFO - Starting application main loop
2025-11-09 20:34:51,493 - INFO - Character data saved successfully (5 characters)
2025-11-09 20:34:52,078 - INFO - Character data saved successfully (5 characters)
2025-11-09 20:34:54,760 - INFO - Selected character: [P] Madea Blackthorn
2025-11-09 20:34:55,494 - INFO - Selected character: [P] Kai Hyoshin
2025-11-09 20:34:56,024 - INFO - Selected character: [P] Raiden
2025-11-09 20:34:57,134 - INFO - Selected character: Rusty Pete
2025-11-09 20:34:57,683 - INFO - Selected character: Magistrate Olgorn
2025-11-09 20:35:05,321 - INFO - Selected place: Blutquell
2025-11-09 20:35:08,132 - INFO - Character data saved successfully (5 characters)
2025-11-09 20:35:08,250 - INFO - Character data saved successfully (5 characters)
2025-11-09 20:35:08,277 - INFO - Character data saved successfully (5 characters)
2025-11-09 20:35:08,374 - INFO - Character data saved successfully (5 characters)
2025-11-09 20:35:08,448 - INFO - Character data saved successfully (5 characters)
2025-11-09 20:35:08,478 - INFO - Character data saved successfully (5 characters)
2025-11-09 20:35:09,202 - INFO - Character data saved successfully (5 characters)
2025-11-09 20:35:49,996 - INFO - Character data saved successfully (5 characters)
2025-11-09 20:35:53,922 - INFO - Launched world map viewer.
2025-11-09 20:39:23,591 - INFO - Character data saved successfully (5 characters)
