2025-10-10 17:16:53,681 - INFO - D&D Character Tracker started - Log file: logs\dnd_tracker_20251010_171653.log
2025-10-10 17:16:53,956 - INFO - Pygame initialized successfully
2025-10-10 17:16:53,958 - INFO - Detected DPI: 144, Scale factor: 1.50
2025-10-10 17:16:53,958 - INFO - Screen resolution: 1920x1080
2025-10-10 17:16:53,958 - INFO - Work area: 1920x1008
2025-10-10 17:16:53,960 - INFO - Adaptive window size: 1152x768 (aspect ratio: 1.500)
2025-10-10 17:16:53,960 - INFO - Creating D&D Character Tool application
2025-10-10 17:16:54,694 - INFO - Loading character data from character_data.json
2025-10-10 17:16:54,695 - INFO - Loaded character: Barian the Broken
2025-10-10 17:16:54,696 - INFO - Weapons loaded: 3
2025-10-10 17:16:54,696 - INFO - Fighting styles: {'dueling': True, 'dueling_bonus': 2}
2025-10-10 17:16:54,696 - INFO - Window initialized at 1152x768 (aspect ratio: 1.50:1)
2025-10-10 17:16:54,699 - INFO -    • Window automatically adjusts to display scaling (100%, 125%, 150%)
2025-10-10 17:16:54,699 - INFO -    • Locked to 16:9 aspect ratio for optimal viewing
2025-10-10 17:16:54,699 - INFO -    • Press F11 to toggle fullscreen mode
2025-10-10 17:16:54,699 - INFO -    • Press ESC to exit fullscreen
2025-10-10 17:16:54,699 - INFO -    • Window is resizable - aspect ratio maintained automatically
2025-10-10 17:16:54,705 - INFO - Starting application main loop
2025-10-10 17:17:01,641 - INFO - Selected spell: Sword Burst
2025-10-10 17:17:06,869 - INFO - Spell damage: 3 (1d6: [3]) force
2025-10-10 17:17:10,432 - INFO - Selected spell: Booming Blade
2025-10-10 17:19:27,370 - INFO - Selected spell: Sword Burst
2025-10-10 17:19:32,039 - INFO - Window resized to 1152x768 (3:2 ratio maintained: 1.500:1)
2025-10-10 17:19:32,782 - INFO - Character data saved successfully to character_data.json
