2025-11-27 00:04:47,481 - INFO - D&D Character Tracker started - Log file: logs\dnd_tracker_20251127_000447.log
2025-11-27 00:04:47,805 - INFO - Pygame initialized successfully
2025-11-27 00:04:47,809 - INFO - Detected DPI: 96, Scale factor: 1.00
2025-11-27 00:04:47,809 - INFO - Screen resolution: 1920x1080
2025-11-27 00:04:47,810 - INFO - Work area: 1920x1032
2025-11-27 00:04:47,810 - INFO - Adaptive window size: 1488x992 (aspect ratio: 1.500)
2025-11-27 00:04:47,810 - INFO - Creating D&D Character Tool application
2025-11-27 00:04:48,872 - INFO - Loading character data from C:\Users\lucas\OneDrive\Documents\D&D\Tracker_Ramil\character_data.json
2025-11-27 00:04:48,874 - INFO - Loaded spell slots: {'1st': 4, '2nd': 2}
2025-11-27 00:04:48,874 - INFO - Loaded current spell slots: {'1st': 1, '2nd': 2}
2025-11-27 00:04:48,874 - INFO - Loaded character: Ramil al-Sayif
2025-11-27 00:04:48,874 - INFO - Weapons loaded: 3
2025-11-27 00:04:48,876 - INFO - Fighting styles: {'two_weapon_fighting': True, 'dueling': False, 'dueling_bonus': 0}
2025-11-27 00:04:48,876 - INFO - Window initialized at 1488x992 (aspect ratio: 1.50:1)
2025-11-27 00:04:48,876 - INFO - Adaptive Resolution Features:
2025-11-27 00:04:48,876 - INFO -    - Window automatically adjusts to display scaling (100%, 125%, 150%)
2025-11-27 00:04:48,877 - INFO -    - Locked to 3:2 aspect ratio (1536x1024) for optimal viewing
2025-11-27 00:04:48,877 - INFO -    - Press F11 to toggle fullscreen mode
2025-11-27 00:04:48,877 - INFO -    - Press ESC to exit fullscreen
2025-11-27 00:04:48,877 - INFO -    - Window is resizable - aspect ratio maintained automatically
2025-11-27 00:04:48,907 - INFO - Starting application main loop
2025-11-27 00:08:53,149 - INFO - Selected spell: Ice Knife
2025-11-27 00:09:09,179 - INFO - Spell damage: 16 (1d10: [6] + 2d6: [5, 5]) piercing & cold
2025-11-27 00:09:09,181 - INFO - Used 1st level spell slot. Remaining: 0
2025-11-27 00:09:09,193 - INFO - Character data saved successfully (15 characters)
2025-11-27 00:10:06,498 - INFO - Selected spell: Identify
2025-11-27 00:13:30,339 - INFO - Selected action: Bladesong
2025-11-27 00:13:31,064 - INFO - Selected action: Second Wind
2025-11-27 00:13:31,076 - ERROR - An error occurred: local variable 'bonuses' referenced before assignment
2025-11-27 00:13:31,077 - ERROR - Full traceback:
2025-11-27 00:13:31,077 - ERROR - Traceback (most recent call last):
  File "C:\Users\lucas\OneDrive\Documents\D&D\Tracker_Ramil\main.py", line 6037, in main
    app.run()
  File "C:\Users\lucas\OneDrive\Documents\D&D\Tracker_Ramil\main.py", line 5152, in run
    self.draw()
  File "C:\Users\lucas\OneDrive\Documents\D&D\Tracker_Ramil\main.py", line 4231, in draw
    self.draw_actions_menu(self.screen)
  File "C:\Users\lucas\OneDrive\Documents\D&D\Tracker_Ramil\main.py", line 5631, in draw_actions_menu
    self.draw_action_info_box(screen)
  File "C:\Users\lucas\OneDrive\Documents\D&D\Tracker_Ramil\main.py", line 5679, in draw_action_info_box
    for bonus in bonuses:
UnboundLocalError: local variable 'bonuses' referenced before assignment

