2025-11-26 16:12:03,657 - INFO - D&D Character Tracker started - Log file: logs\dnd_tracker_20251126_161203.log
2025-11-26 16:12:04,035 - INFO - Pygame initialized successfully
2025-11-26 16:12:04,038 - INFO - Detected DPI: 144, Scale factor: 1.50
2025-11-26 16:12:04,039 - INFO - Screen resolution: 1920x1080
2025-11-26 16:12:04,039 - INFO - Work area: 1920x1008
2025-11-26 16:12:04,040 - INFO - Adaptive window size: 1305x870 (aspect ratio: 1.500)
2025-11-26 16:12:04,040 - INFO - Creating D&D Character Tool application
2025-11-26 16:12:04,996 - INFO - Loading character data from C:\Users\lucas\OneDrive\Documents\D&D\Tracker_Ramil\character_data.json
2025-11-26 16:12:05,017 - INFO - Loaded spell slots: {'1st': 4, '2nd': 2}
2025-11-26 16:12:05,017 - INFO - Loaded current spell slots: {'1st': 1, '2nd': 2}
2025-11-26 16:12:05,017 - INFO - Loaded character: Ramil al-Sayif
2025-11-26 16:12:05,017 - INFO - Weapons loaded: 3
2025-11-26 16:12:05,018 - INFO - Fighting styles: {'two_weapon_fighting': True, 'dueling': False, 'dueling_bonus': 0}
2025-11-26 16:12:05,018 - INFO - Window initialized at 1305x870 (aspect ratio: 1.50:1)
2025-11-26 16:12:05,018 - INFO - Adaptive Resolution Features:
2025-11-26 16:12:05,018 - INFO -    - Window automatically adjusts to display scaling (100%, 125%, 150%)
2025-11-26 16:12:05,020 - INFO -    - Locked to 3:2 aspect ratio (1536x1024) for optimal viewing
2025-11-26 16:12:05,020 - INFO -    - Press F11 to toggle fullscreen mode
2025-11-26 16:12:05,020 - INFO -    - Press ESC to exit fullscreen
2025-11-26 16:12:05,020 - INFO -    - Window is resizable - aspect ratio maintained automatically
2025-11-26 16:12:05,044 - INFO - Starting application main loop
2025-11-26 16:12:17,654 - INFO - Character data saved successfully (15 characters)
