2025-09-28 11:42:51,835 - INFO - D&D Character Tracker started - Log file: logs\dnd_tracker_20250928_114251.log
2025-09-28 11:42:52,041 - INFO - Pygame initialized successfully
2025-09-28 11:42:52,044 - INFO - Detected DPI: 96, Scale factor: 1.00
2025-09-28 11:42:52,044 - INFO - Screen resolution: 1920x1080
2025-09-28 11:42:52,045 - INFO - Work area: 1920x1032
2025-09-28 11:42:52,045 - INFO - Adaptive window size: 1399x933 (aspect ratio: 1.499)
2025-09-28 11:42:52,045 - INFO - Creating D&D Character Tool application
2025-09-28 11:42:52,724 - INFO - Loading character data from character_data.json
2025-09-28 11:42:52,734 - INFO - Loaded character: Barian the Broken
2025-09-28 11:42:52,734 - INFO - Weapons loaded: 3
2025-09-28 11:42:52,734 - INFO - Fighting styles: {'dueling': True, 'dueling_bonus': 2}
2025-09-28 11:42:52,735 - INFO - Window initialized at 1399x933 (aspect ratio: 1.50:1)
2025-09-28 11:42:52,737 - INFO -    • Window automatically adjusts to display scaling (100%, 125%, 150%)
2025-09-28 11:42:52,737 - INFO -    • Locked to 16:9 aspect ratio for optimal viewing
2025-09-28 11:42:52,737 - INFO -    • Press F11 to toggle fullscreen mode
2025-09-28 11:42:52,737 - INFO -    • Press ESC to exit fullscreen
2025-09-28 11:42:52,738 - INFO -    • Window is resizable - aspect ratio maintained automatically
2025-09-28 11:42:52,744 - INFO - Starting application main loop
2025-09-28 11:43:44,221 - INFO - Selected weapon: Mithril Broadsword (One-Handed)
2025-09-28 11:46:52,482 - INFO - Selected weapon: Mithril Broadsword (One-Handed)
2025-09-28 11:46:55,694 - INFO - Selected weapon: Mithril Broadsword (Two-Handed)
2025-09-28 11:47:10,620 - INFO - Selected weapon: Mithril Broadsword (One-Handed)
2025-09-28 11:47:14,688 - INFO - Selected weapon: Mithril Broadsword (Two-Handed)
2025-09-28 11:47:15,767 - INFO - Selected weapon: Mithril Broadsword (One-Handed)
2025-09-28 11:48:31,667 - INFO - Character data saved successfully to character_data.json
2025-09-28 11:48:50,053 - INFO - Character data saved successfully to character_data.json
2025-09-28 11:48:52,641 - INFO - Character data saved successfully to character_data.json
2025-09-28 11:50:29,712 - INFO - Character data saved successfully to character_data.json
