2026-02-22 11:40:51,876 - INFO - D&D Character Tracker started - Log file: logs\dnd_tracker_20260222_114051.log
2026-02-22 11:40:52,042 - INFO - Pygame initialized successfully
2026-02-22 11:40:52,045 - INFO - Detected DPI: 96, Scale factor: 1.00
2026-02-22 11:40:52,045 - INFO - Screen resolution: 2048x1152
2026-02-22 11:40:52,045 - INFO - Work area: 2048x1104
2026-02-22 11:40:52,045 - INFO - Adaptive window size: 1536x1024 (aspect ratio: 1.500)
2026-02-22 11:40:52,045 - INFO - Creating D&D Character Tool application
2026-02-22 11:40:52,549 - INFO - Loading character data from C:\Users\lucas\OneDrive\Documents\D&D\Tracker_Ramil\character_data.json
2026-02-22 11:40:52,563 - INFO - Loaded spell slots: {'1st': 4, '2nd': 2}
2026-02-22 11:40:52,563 - INFO - Loaded current spell slots: {'1st': 4, '2nd': 0}
2026-02-22 11:40:52,563 - INFO - Loaded character: Ramil al-Sayif
2026-02-22 11:40:52,563 - INFO - Weapons loaded: 3
2026-02-22 11:40:52,563 - INFO - Fighting styles: {'two_weapon_fighting': True, 'dueling': False, 'dueling_bonus': 0}
2026-02-22 11:40:52,563 - INFO - Window initialized at 1536x1024 (aspect ratio: 1.50:1)
2026-02-22 11:40:52,564 - INFO - Adaptive Resolution Features:
2026-02-22 11:40:52,564 - INFO -    - Window automatically adjusts to display scaling (100%, 125%, 150%)
2026-02-22 11:40:52,564 - INFO -    - Locked to 3:2 aspect ratio (1536x1024) for optimal viewing
2026-02-22 11:40:52,564 - INFO -    - Press F11 to toggle fullscreen mode
2026-02-22 11:40:52,564 - INFO -    - Press ESC to exit fullscreen
2026-02-22 11:40:52,564 - INFO -    - Window is resizable - aspect ratio maintained automatically
2026-02-22 11:40:52,575 - INFO - Starting application main loop
2026-02-22 11:40:52,647 - ERROR - An error occurred: tuple indices must be integers or slices, not str
2026-02-22 11:40:52,647 - ERROR - Full traceback:
2026-02-22 11:40:52,647 - ERROR - Traceback (most recent call last):
  File "C:\Users\lucas\OneDrive\Documents\D&D\Tracker_Ramil\main.py", line 6454, in main
    app.run()
  File "C:\Users\lucas\OneDrive\Documents\D&D\Tracker_Ramil\main.py", line 5566, in run
    self.draw()
  File "C:\Users\lucas\OneDrive\Documents\D&D\Tracker_Ramil\main.py", line 4641, in draw
    self.draw_main_interface()
  File "C:\Users\lucas\OneDrive\Documents\D&D\Tracker_Ramil\main.py", line 4672, in draw_main_interface
    self.draw_stats_section(self.screen)
  File "C:\Users\lucas\OneDrive\Documents\D&D\Tracker_Ramil\main.py", line 3581, in draw_stats_section
    if skill["name"] == "Perception":
       ~~~~~^^^^^^^^
TypeError: tuple indices must be integers or slices, not str

