2025-11-02 01:01:24,881 - INFO - D&D Character Tracker started - Log file: logs\dnd_tracker_20251102_010124.log
2025-11-02 01:01:25,176 - INFO - Pygame initialized successfully
2025-11-02 01:01:25,179 - INFO - Detected DPI: 144, Scale factor: 1.50
2025-11-02 01:01:25,179 - INFO - Screen resolution: 1920x1080
2025-11-02 01:01:25,179 - INFO - Work area: 1920x1008
2025-11-02 01:01:25,179 - INFO - Adaptive window size: 1152x648 (aspect ratio: 1.778)
2025-11-02 01:01:25,180 - INFO - Creating D&D Character Tool application
2025-11-02 01:01:25,419 - INFO - Loading character data from character_data.json
2025-11-02 01:01:25,423 - INFO - Loaded spell slots: {}
2025-11-02 01:01:25,423 - INFO - Loaded current spell slots: {}
2025-11-02 01:01:25,423 - INFO - Loaded character: Ramil al-Sayif
2025-11-02 01:01:25,423 - INFO - Weapons loaded: 3
2025-11-02 01:01:25,424 - INFO - Fighting styles: {'two_weapon_fighting': True, 'dueling': False, 'dueling_bonus': 0}
2025-11-02 01:01:25,425 - INFO - Window initialized at 1152x648 (aspect ratio: 1.78:1)
2025-11-02 01:01:25,429 - INFO -    • Window automatically adjusts to display scaling (100%, 125%, 150%)
2025-11-02 01:01:25,429 - INFO -    • Locked to 16:9 aspect ratio for optimal viewing
2025-11-02 01:01:25,429 - INFO -    • Press F11 to toggle fullscreen mode
2025-11-02 01:01:25,430 - INFO -    • Press ESC to exit fullscreen
2025-11-02 01:01:25,430 - INFO -    • Window is resizable - aspect ratio maintained automatically
2025-11-02 01:01:25,457 - INFO - Starting application main loop
2025-11-02 01:01:33,562 - INFO - Window resized to 960x540 (16:9 ratio maintained: 1.778:1)
2025-11-02 01:01:35,134 - INFO - Character data saved successfully (0 characters)
