2025-10-10 17:15:25,470 - INFO - D&D Character Tracker started - Log file: logs\dnd_tracker_20251010_171525.log
2025-10-10 17:15:25,754 - INFO - Pygame initialized successfully
2025-10-10 17:15:25,757 - INFO - Detected DPI: 144, Scale factor: 1.50
2025-10-10 17:15:25,758 - INFO - Screen resolution: 1920x1080
2025-10-10 17:15:25,758 - INFO - Work area: 1920x1008
2025-10-10 17:15:25,758 - INFO - Adaptive window size: 1152x768 (aspect ratio: 1.500)
2025-10-10 17:15:25,758 - INFO - Creating D&D Character Tool application
2025-10-10 17:15:26,595 - INFO - Loading character data from character_data.json
2025-10-10 17:15:26,597 - INFO - Loaded character: Barian the Broken
2025-10-10 17:15:26,597 - INFO - Weapons loaded: 3
2025-10-10 17:15:26,597 - INFO - Fighting styles: {'dueling': True, 'dueling_bonus': 2}
2025-10-10 17:15:26,597 - INFO - Window initialized at 1152x768 (aspect ratio: 1.50:1)
2025-10-10 17:15:26,600 - INFO -    • Window automatically adjusts to display scaling (100%, 125%, 150%)
2025-10-10 17:15:26,600 - INFO -    • Locked to 16:9 aspect ratio for optimal viewing
2025-10-10 17:15:26,600 - INFO -    • Press F11 to toggle fullscreen mode
2025-10-10 17:15:26,600 - INFO -    • Press ESC to exit fullscreen
2025-10-10 17:15:26,600 - INFO -    • Window is resizable - aspect ratio maintained automatically
2025-10-10 17:15:26,607 - INFO - Starting application main loop
2025-10-10 17:15:29,474 - INFO - Selected spell: Sword Burst
2025-10-10 17:15:29,509 - ERROR - An error occurred: 'ModernButton' object has no attribute 'ui_box_image'
2025-10-10 17:15:29,509 - ERROR - Full traceback:
2025-10-10 17:15:29,510 - ERROR - Traceback (most recent call last):
  File "C:\Users\lucas\OneDrive\Documents\D&D\Tracker\main.py", line 4214, in main
    app.run()
  File "C:\Users\lucas\OneDrive\Documents\D&D\Tracker\main.py", line 3731, in run
    self.handle_input(event)
  File "C:\Users\lucas\OneDrive\Documents\D&D\Tracker\main.py", line 2356, in handle_input
    cast_button.text, cast_button.color, cast_button.ui_box_image)
AttributeError: 'ModernButton' object has no attribute 'ui_box_image'

