2025-11-08 11:47:14,879 - INFO - D&D Character Tracker started - Log file: logs\dnd_tracker_20251108_114714.log
2025-11-08 11:47:15,041 - INFO - Pygame initialized successfully
2025-11-08 11:47:15,043 - INFO - Detected DPI: 96, Scale factor: 1.00
2025-11-08 11:47:15,043 - INFO - Screen resolution: 1920x1080
2025-11-08 11:47:15,044 - INFO - Work area: 1920x1032
2025-11-08 11:47:15,045 - INFO - Adaptive window size: 1488x992 (aspect ratio: 1.500)
2025-11-08 11:47:15,045 - INFO - Creating D&D Character Tool application
2025-11-08 11:47:15,485 - INFO - Loading character data from C:\Users\lucas\OneDrive\Documents\D&D\Tracker_Ramil\character_data.json
2025-11-08 11:47:15,487 - INFO - Loaded spell slots: {}
2025-11-08 11:47:15,487 - INFO - Loaded current spell slots: {}
2025-11-08 11:47:15,487 - INFO - Loaded character: Ramil al-Sayif
2025-11-08 11:47:15,488 - INFO - Weapons loaded: 3
2025-11-08 11:47:15,488 - INFO - Fighting styles: {'two_weapon_fighting': True, 'dueling': False, 'dueling_bonus': 0}
2025-11-08 11:47:15,488 - INFO - Window initialized at 1488x992 (aspect ratio: 1.50:1)
2025-11-08 11:47:15,491 - INFO -    • Window automatically adjusts to display scaling (100%, 125%, 150%)
2025-11-08 11:47:15,491 - INFO -    • Locked to 3:2 aspect ratio (1536x1024) for optimal viewing
2025-11-08 11:47:15,491 - INFO -    • Press F11 to toggle fullscreen mode
2025-11-08 11:47:15,491 - INFO -    • Press ESC to exit fullscreen
2025-11-08 11:47:15,492 - INFO -    • Window is resizable - aspect ratio maintained automatically
2025-11-08 11:47:15,506 - INFO - Starting application main loop
2025-11-08 11:47:17,723 - INFO - Selected save: INT
2025-11-08 11:47:19,164 - INFO - Selected save: CON
2025-11-08 11:47:21,513 - INFO - Constitution save (ADVANTAGE): 15 (rolled 11 and 4, used 11 + 4)
2025-11-08 11:47:26,369 - INFO - Selected save: CON
2025-11-08 11:47:32,026 - INFO - Character data saved successfully (5 characters)
