2025-11-02 00:50:17,938 - INFO - D&D Character Tracker started - Log file: logs\dnd_tracker_20251102_005017.log
2025-11-02 00:50:18,232 - INFO - Pygame initialized successfully
2025-11-02 00:50:18,235 - INFO - Detected DPI: 144, Scale factor: 1.50
2025-11-02 00:50:18,235 - INFO - Screen resolution: 1920x1080
2025-11-02 00:50:18,235 - INFO - Work area: 1920x1008
2025-11-02 00:50:18,237 - INFO - Adaptive window size: 1152x648 (aspect ratio: 1.778)
2025-11-02 00:50:18,237 - INFO - Creating D&D Character Tool application
2025-11-02 00:50:18,477 - INFO - Loading character data from character_data.json
2025-11-02 00:50:18,497 - INFO - Loaded spell slots: {}
2025-11-02 00:50:18,497 - INFO - Loaded current spell slots: {}
2025-11-02 00:50:18,497 - INFO - Loaded character: Ramil al-Sayif
2025-11-02 00:50:18,499 - INFO - Weapons loaded: 3
2025-11-02 00:50:18,499 - INFO - Fighting styles: {'two_weapon_fighting': True, 'dueling': False, 'dueling_bonus': 0}
2025-11-02 00:50:18,499 - INFO - Window initialized at 1152x648 (aspect ratio: 1.78:1)
2025-11-02 00:50:18,502 - INFO -    • Window automatically adjusts to display scaling (100%, 125%, 150%)
2025-11-02 00:50:18,502 - INFO -    • Locked to 16:9 aspect ratio for optimal viewing
2025-11-02 00:50:18,502 - INFO -    • Press F11 to toggle fullscreen mode
2025-11-02 00:50:18,503 - INFO -    • Press ESC to exit fullscreen
2025-11-02 00:50:18,503 - INFO -    • Window is resizable - aspect ratio maintained automatically
2025-11-02 00:50:18,533 - INFO - Starting application main loop
2025-11-02 00:50:22,797 - INFO - Character data saved successfully to character_data.json
2025-11-02 00:50:22,797 - INFO - Created new character: Character 1
2025-11-02 00:50:26,377 - INFO - Window resized to 1731x974 (16:9 ratio maintained: 1.777:1)
2025-11-02 00:50:28,976 - INFO - Character data saved successfully to character_data.json
2025-11-02 00:50:29,767 - INFO - Character data saved successfully to character_data.json
2025-11-02 00:50:35,818 - INFO - Renamed character to: asdas
2025-11-02 00:50:35,819 - INFO - Character data saved successfully to character_data.json
2025-11-02 00:50:38,866 - INFO - Character data saved successfully to character_data.json
2025-11-02 00:50:38,867 - INFO - Created new character: Character 2
2025-11-02 00:50:39,927 - INFO - Character data saved successfully to character_data.json
2025-11-02 00:50:39,928 - INFO - Created new character: Character 3
2025-11-02 00:50:40,839 - INFO - Character data saved successfully to character_data.json
2025-11-02 00:50:40,839 - INFO - Created new character: Character 4
2025-11-02 00:50:41,610 - INFO - Character data saved successfully to character_data.json
2025-11-02 00:50:41,610 - INFO - Created new character: Character 5
2025-11-02 00:50:42,468 - INFO - Character data saved successfully to character_data.json
2025-11-02 00:50:42,468 - INFO - Created new character: Character 6
2025-11-02 00:50:43,438 - INFO - Character data saved successfully to character_data.json
2025-11-02 00:50:43,438 - INFO - Created new character: Character 7
2025-11-02 00:50:44,237 - INFO - Character data saved successfully to character_data.json
2025-11-02 00:50:44,240 - INFO - Created new character: Character 8
2025-11-02 00:50:44,957 - INFO - Character data saved successfully to character_data.json
2025-11-02 00:50:44,957 - INFO - Created new character: Character 9
2025-11-02 00:50:47,456 - INFO - Character data saved successfully to character_data.json
2025-11-02 00:50:47,457 - INFO - Created new character: Character 10
2025-11-02 00:50:48,327 - INFO - Character data saved successfully to character_data.json
2025-11-02 00:50:48,328 - INFO - Created new character: Character 11
2025-11-02 00:50:49,252 - INFO - Character data saved successfully to character_data.json
2025-11-02 00:50:49,252 - INFO - Created new character: Character 12
2025-11-02 00:50:59,801 - INFO - Character data saved successfully to character_data.json
2025-11-02 00:50:59,882 - INFO - Character data saved successfully to character_data.json
2025-11-02 00:50:59,961 - INFO - Character data saved successfully to character_data.json
2025-11-02 00:51:00,070 - INFO - Character data saved successfully to character_data.json
2025-11-02 00:51:00,179 - INFO - Character data saved successfully to character_data.json
2025-11-02 00:51:04,205 - INFO - Character data saved successfully to character_data.json
2025-11-02 00:59:05,209 - INFO - Character data saved successfully to character_data.json
