2025-11-02 18:47:15,151 - INFO - D&D Character Tracker started - Log file: logs\dnd_tracker_20251102_184715.log
2025-11-02 18:47:15,786 - INFO - Pygame initialized successfully
2025-11-02 18:47:15,788 - INFO - Detected DPI: 144, Scale factor: 1.50
2025-11-02 18:47:15,789 - INFO - Screen resolution: 1920x1080
2025-11-02 18:47:15,789 - INFO - Work area: 1920x1008
2025-11-02 18:47:15,789 - INFO - Adaptive window size: 1152x648 (aspect ratio: 1.778)
2025-11-02 18:47:15,789 - INFO - Creating D&D Character Tool application
2025-11-02 18:47:16,051 - INFO - Loading character data from character_data.json
2025-11-02 18:47:16,066 - INFO - Loaded spell slots: {}
2025-11-02 18:47:16,066 - INFO - Loaded current spell slots: {}
2025-11-02 18:47:16,067 - INFO - Loaded character: Ramil al-Sayif
2025-11-02 18:47:16,067 - INFO - Weapons loaded: 3
2025-11-02 18:47:16,067 - INFO - Fighting styles: {'two_weapon_fighting': True, 'dueling': False, 'dueling_bonus': 0}
2025-11-02 18:47:16,068 - INFO - Window initialized at 1152x648 (aspect ratio: 1.78:1)
2025-11-02 18:47:16,070 - INFO -    • Window automatically adjusts to display scaling (100%, 125%, 150%)
2025-11-02 18:47:16,071 - INFO -    • Locked to 16:9 aspect ratio for optimal viewing
2025-11-02 18:47:16,071 - INFO -    • Press F11 to toggle fullscreen mode
2025-11-02 18:47:16,072 - INFO -    • Press ESC to exit fullscreen
2025-11-02 18:47:16,072 - INFO -    • Window is resizable - aspect ratio maintained automatically
2025-11-02 18:47:16,103 - INFO - Starting application main loop
2025-11-02 18:47:20,729 - INFO - Window resized to 1731x974 (16:9 ratio maintained: 1.777:1)
2025-11-02 18:47:25,444 - INFO - Character data saved successfully (0 characters)
2025-11-02 18:48:35,335 - INFO - Window resized to 1731x974 (16:9 ratio maintained: 1.777:1)
2025-11-02 18:48:37,217 - INFO - Character data saved successfully (1 characters)
2025-11-02 18:48:37,218 - INFO - Created new character: Character 1
2025-11-02 18:49:00,183 - INFO - Renamed character to: Magistrate Olgorn
2025-11-02 18:49:00,195 - INFO - Character data saved successfully (1 characters)
2025-11-02 18:49:09,337 - INFO - Character data saved successfully (1 characters)
2025-11-02 18:49:09,532 - INFO - Character data saved successfully (1 characters)
2025-11-02 18:49:09,908 - INFO - Character data saved successfully (1 characters)
2025-11-02 18:49:10,076 - INFO - Character data saved successfully (1 characters)
2025-11-02 18:49:10,340 - INFO - Character data saved successfully (1 characters)
2025-11-02 18:49:10,529 - INFO - Character data saved successfully (1 characters)
2025-11-02 18:49:11,135 - INFO - Character data saved successfully (1 characters)
2025-11-02 18:49:11,301 - INFO - Character data saved successfully (1 characters)
2025-11-02 18:49:11,490 - INFO - Character data saved successfully (1 characters)
2025-11-02 18:49:11,559 - INFO - Character data saved successfully (1 characters)
2025-11-02 18:49:11,689 - INFO - Character data saved successfully (1 characters)
2025-11-02 18:49:11,752 - INFO - Character data saved successfully (1 characters)
2025-11-02 18:49:11,907 - INFO - Character data saved successfully (1 characters)
2025-11-02 18:49:12,120 - INFO - Character data saved successfully (1 characters)
2025-11-02 18:49:12,181 - INFO - Character data saved successfully (1 characters)
2025-11-02 18:49:12,360 - INFO - Character data saved successfully (1 characters)
2025-11-02 18:49:18,221 - INFO - Character data saved successfully (1 characters)
2025-11-02 18:49:18,428 - INFO - Character data saved successfully (1 characters)
2025-11-02 18:49:18,540 - INFO - Character data saved successfully (1 characters)
2025-11-02 18:49:19,406 - INFO - Character data saved successfully (1 characters)
2025-11-02 18:49:19,659 - INFO - Character data saved successfully (1 characters)
2025-11-02 18:49:19,820 - INFO - Character data saved successfully (1 characters)
2025-11-02 18:49:19,931 - INFO - Character data saved successfully (1 characters)
2025-11-02 18:49:20,038 - INFO - Character data saved successfully (1 characters)
2025-11-02 18:49:20,335 - INFO - Character data saved successfully (1 characters)
2025-11-02 18:49:20,465 - INFO - Character data saved successfully (1 characters)
2025-11-02 18:49:20,780 - INFO - Character data saved successfully (1 characters)
2025-11-02 18:49:22,846 - INFO - Character data saved successfully (1 characters)
2025-11-02 18:49:24,063 - INFO - Character data saved successfully (1 characters)
2025-11-02 18:49:24,533 - INFO - Character data saved successfully (1 characters)
2025-11-02 18:49:24,974 - INFO - Character data saved successfully (1 characters)
2025-11-02 18:49:25,437 - INFO - Character data saved successfully (1 characters)
2025-11-02 18:49:26,293 - INFO - Character data saved successfully (1 characters)
2025-11-02 18:49:26,580 - INFO - Character data saved successfully (1 characters)
2025-11-02 18:49:26,914 - INFO - Character data saved successfully (1 characters)
2025-11-02 18:49:27,112 - INFO - Character data saved successfully (1 characters)
2025-11-02 18:49:27,307 - INFO - Character data saved successfully (1 characters)
2025-11-02 18:49:27,865 - INFO - Character data saved successfully (1 characters)
2025-11-02 18:49:28,042 - INFO - Character data saved successfully (1 characters)
2025-11-02 18:49:28,211 - INFO - Character data saved successfully (1 characters)
2025-11-02 18:49:28,321 - INFO - Character data saved successfully (1 characters)
2025-11-02 18:49:28,432 - INFO - Character data saved successfully (1 characters)
2025-11-02 18:49:28,734 - INFO - Character data saved successfully (1 characters)
2025-11-02 18:49:29,192 - INFO - Character data saved successfully (1 characters)
2025-11-02 18:49:29,420 - INFO - Character data saved successfully (1 characters)
2025-11-02 18:49:29,564 - INFO - Character data saved successfully (1 characters)
2025-11-02 18:49:29,702 - INFO - Character data saved successfully (1 characters)
2025-11-02 18:49:30,481 - INFO - Character data saved successfully (1 characters)
2025-11-02 18:49:30,660 - INFO - Character data saved successfully (1 characters)
2025-11-02 18:49:30,866 - INFO - Character data saved successfully (1 characters)
2025-11-02 18:49:30,932 - INFO - Character data saved successfully (1 characters)
2025-11-02 18:49:31,138 - INFO - Character data saved successfully (1 characters)
2025-11-02 18:49:31,260 - INFO - Character data saved successfully (1 characters)
2025-11-02 18:49:31,396 - INFO - Character data saved successfully (1 characters)
2025-11-02 18:49:31,747 - INFO - Character data saved successfully (1 characters)
2025-11-02 18:49:31,928 - INFO - Character data saved successfully (1 characters)
2025-11-02 18:49:32,080 - INFO - Character data saved successfully (1 characters)
2025-11-02 18:49:32,162 - INFO - Character data saved successfully (1 characters)
2025-11-02 18:49:32,309 - INFO - Character data saved successfully (1 characters)
2025-11-02 18:49:32,444 - INFO - Character data saved successfully (1 characters)
2025-11-02 18:49:32,610 - INFO - Character data saved successfully (1 characters)
2025-11-02 18:49:32,995 - INFO - Character data saved successfully (1 characters)
2025-11-02 18:49:34,802 - INFO - Character data saved successfully (1 characters)
2025-11-02 18:49:35,807 - INFO - Character data saved successfully (1 characters)
2025-11-02 18:49:35,954 - INFO - Character data saved successfully (1 characters)
2025-11-02 18:49:36,152 - INFO - Character data saved successfully (1 characters)
2025-11-02 18:49:36,287 - INFO - Character data saved successfully (1 characters)
2025-11-02 18:49:36,500 - INFO - Character data saved successfully (1 characters)
2025-11-02 18:49:36,639 - INFO - Character data saved successfully (1 characters)
2025-11-02 18:49:37,346 - INFO - Character data saved successfully (1 characters)
2025-11-02 18:49:37,526 - INFO - Character data saved successfully (1 characters)
2025-11-02 18:49:37,684 - INFO - Character data saved successfully (1 characters)
2025-11-02 18:49:37,748 - INFO - Character data saved successfully (1 characters)
2025-11-02 18:49:43,223 - INFO - Character data saved successfully (1 characters)
2025-11-02 18:49:43,535 - INFO - Character data saved successfully (1 characters)
2025-11-02 18:49:44,069 - INFO - Character data saved successfully (1 characters)
2025-11-02 18:49:44,173 - INFO - Character data saved successfully (1 characters)
2025-11-02 18:49:44,396 - INFO - Character data saved successfully (1 characters)
2025-11-02 18:49:44,529 - INFO - Character data saved successfully (1 characters)
2025-11-02 18:49:44,846 - INFO - Character data saved successfully (1 characters)
2025-11-02 18:49:45,464 - INFO - Character data saved successfully (1 characters)
2025-11-02 18:49:45,633 - INFO - Character data saved successfully (1 characters)
2025-11-02 18:49:45,959 - INFO - Character data saved successfully (1 characters)
2025-11-02 18:49:46,139 - INFO - Character data saved successfully (1 characters)
2025-11-02 18:49:46,358 - INFO - Character data saved successfully (1 characters)
2025-11-02 18:49:46,430 - INFO - Character data saved successfully (1 characters)
2025-11-02 18:49:47,336 - INFO - Character data saved successfully (1 characters)
2025-11-02 18:49:47,530 - INFO - Character data saved successfully (1 characters)
2025-11-02 18:49:47,759 - INFO - Character data saved successfully (1 characters)
2025-11-02 18:49:48,012 - INFO - Character data saved successfully (1 characters)
2025-11-02 18:49:48,149 - INFO - Character data saved successfully (1 characters)
2025-11-02 18:49:48,317 - INFO - Character data saved successfully (1 characters)
2025-11-02 18:49:48,487 - INFO - Character data saved successfully (1 characters)
2025-11-02 18:49:48,864 - INFO - Character data saved successfully (1 characters)
2025-11-02 18:49:50,046 - INFO - Character data saved successfully (1 characters)
2025-11-02 18:49:50,229 - INFO - Character data saved successfully (1 characters)
2025-11-02 18:49:50,504 - INFO - Character data saved successfully (1 characters)
2025-11-02 18:50:08,342 - INFO - Character data saved successfully (1 characters)
2025-11-02 18:50:11,620 - INFO - Character data saved successfully (1 characters)
