2025-11-08 11:43:34,911 - INFO - D&D Character Tracker started - Log file: logs\dnd_tracker_20251108_114334.log
2025-11-08 11:43:35,088 - INFO - Pygame initialized successfully
2025-11-08 11:43:35,091 - INFO - Detected DPI: 96, Scale factor: 1.00
2025-11-08 11:43:35,091 - INFO - Screen resolution: 1920x1080
2025-11-08 11:43:35,091 - INFO - Work area: 1920x1032
2025-11-08 11:43:35,091 - INFO - Adaptive window size: 1488x992 (aspect ratio: 1.500)
2025-11-08 11:43:35,091 - INFO - Creating D&D Character Tool application
2025-11-08 11:43:35,555 - INFO - Loading character data from C:\Users\lucas\OneDrive\Documents\D&D\Tracker_Ramil\character_data.json
2025-11-08 11:43:35,557 - INFO - Loaded spell slots: {}
2025-11-08 11:43:35,557 - INFO - Loaded current spell slots: {}
2025-11-08 11:43:35,557 - INFO - Loaded character: Ramil al-Sayif
2025-11-08 11:43:35,558 - INFO - Weapons loaded: 3
2025-11-08 11:43:35,558 - INFO - Fighting styles: {'two_weapon_fighting': True, 'dueling': False, 'dueling_bonus': 0}
2025-11-08 11:43:35,558 - INFO - Window initialized at 1488x992 (aspect ratio: 1.50:1)
2025-11-08 11:43:35,561 - INFO -    • Window automatically adjusts to display scaling (100%, 125%, 150%)
2025-11-08 11:43:35,561 - INFO -    • Locked to 3:2 aspect ratio (1536x1024) for optimal viewing
2025-11-08 11:43:35,561 - INFO -    • Press F11 to toggle fullscreen mode
2025-11-08 11:43:35,562 - INFO -    • Press ESC to exit fullscreen
2025-11-08 11:43:35,562 - INFO -    • Window is resizable - aspect ratio maintained automatically
2025-11-08 11:43:35,578 - INFO - Starting application main loop
2025-11-08 11:43:39,420 - INFO - Selected weapon: Scimitar (Nick Mastery)
2025-11-08 11:43:52,841 - INFO - Attack roll (ADVANTAGE): 23 (rolled 18 and 10, used 18 + 5)
2025-11-08 11:44:05,576 - INFO - Selected save: CON
2025-11-08 11:45:23,803 - INFO - Character data saved successfully (5 characters)
