2025-11-08 19:39:15,209 - INFO - D&D Character Tracker started - Log file: logs\dnd_tracker_20251108_193915.log
2025-11-08 19:39:15,623 - INFO - Pygame initialized successfully
2025-11-08 19:39:15,626 - INFO - Detected DPI: 144, Scale factor: 1.50
2025-11-08 19:39:15,627 - INFO - Screen resolution: 1920x1080
2025-11-08 19:39:15,628 - INFO - Work area: 1920x1008
2025-11-08 19:39:15,628 - INFO - Adaptive window size: 1305x870 (aspect ratio: 1.500)
2025-11-08 19:39:15,629 - INFO - Creating D&D Character Tool application
2025-11-08 19:39:16,373 - INFO - Loading character data from C:\Users\lucas\OneDrive\Documents\D&D\Tracker_Ramil\character_data.json
2025-11-08 19:39:16,375 - INFO - Loaded spell slots: {}
2025-11-08 19:39:16,375 - INFO - Loaded current spell slots: {}
2025-11-08 19:39:16,375 - INFO - Loaded character: Ramil al-Sayif
2025-11-08 19:39:16,376 - INFO - Weapons loaded: 3
2025-11-08 19:39:16,376 - INFO - Fighting styles: {'two_weapon_fighting': True, 'dueling': False, 'dueling_bonus': 0}
2025-11-08 19:39:16,377 - INFO - Window initialized at 1305x870 (aspect ratio: 1.50:1)
2025-11-08 19:39:16,380 - INFO -    • Window automatically adjusts to display scaling (100%, 125%, 150%)
2025-11-08 19:39:16,381 - INFO -    • Locked to 3:2 aspect ratio (1536x1024) for optimal viewing
2025-11-08 19:39:16,381 - INFO -    • Press F11 to toggle fullscreen mode
2025-11-08 19:39:16,382 - INFO -    • Press ESC to exit fullscreen
2025-11-08 19:39:16,382 - INFO -    • Window is resizable - aspect ratio maintained automatically
2025-11-08 19:39:16,408 - INFO - Starting application main loop
2025-11-08 19:39:20,106 - INFO - Launched world map viewer.
2025-11-08 19:40:59,679 - INFO - Launched world map viewer.
2025-11-08 19:41:25,377 - INFO - Window resized to 1413x942 (aspect ratio maintained: 1.500:1)
2025-11-08 19:41:26,840 - INFO - Character data saved successfully (7 characters)
