2025-10-10 17:21:45,706 - INFO - D&D Character Tracker started - Log file: logs\dnd_tracker_20251010_172145.log
2025-10-10 17:21:45,993 - INFO - Pygame initialized successfully
2025-10-10 17:21:45,995 - INFO - Detected DPI: 144, Scale factor: 1.50
2025-10-10 17:21:45,996 - INFO - Screen resolution: 1920x1080
2025-10-10 17:21:45,997 - INFO - Work area: 1920x1008
2025-10-10 17:21:45,997 - INFO - Adaptive window size: 1152x768 (aspect ratio: 1.500)
2025-10-10 17:21:45,998 - INFO - Creating D&D Character Tool application
2025-10-10 17:21:46,768 - INFO - Loading character data from character_data.json
2025-10-10 17:21:46,782 - INFO - Loaded character: Barian the Broken
2025-10-10 17:21:46,783 - INFO - Weapons loaded: 3
2025-10-10 17:21:46,783 - INFO - Fighting styles: {'dueling': True, 'dueling_bonus': 2}
2025-10-10 17:21:46,783 - INFO - Window initialized at 1152x768 (aspect ratio: 1.50:1)
2025-10-10 17:21:46,785 - INFO -    • Window automatically adjusts to display scaling (100%, 125%, 150%)
2025-10-10 17:21:46,785 - INFO -    • Locked to 16:9 aspect ratio for optimal viewing
2025-10-10 17:21:46,785 - INFO -    • Press F11 to toggle fullscreen mode
2025-10-10 17:21:46,785 - INFO -    • Press ESC to exit fullscreen
2025-10-10 17:21:46,785 - INFO -    • Window is resizable - aspect ratio maintained automatically
2025-10-10 17:21:46,791 - INFO - Starting application main loop
2025-10-10 17:21:51,521 - INFO - Selected action: Second Wind
2025-10-10 17:21:57,195 - INFO - Selected spell: Sword Burst
2025-10-10 17:22:02,698 - INFO - Spell damage: 2 (1d6: [2]) force
2025-10-10 17:22:04,196 - INFO - Selected spell: Booming Blade
2025-10-10 17:22:16,126 - INFO - Window resized to 1152x768 (3:2 ratio maintained: 1.500:1)
2025-10-10 17:22:17,244 - INFO - Character data saved successfully to character_data.json
