2025-11-02 00:47:58,542 - INFO - D&D Character Tracker started - Log file: logs\dnd_tracker_20251102_004758.log
2025-11-02 00:47:58,890 - INFO - Pygame initialized successfully
2025-11-02 00:47:58,893 - INFO - Detected DPI: 144, Scale factor: 1.50
2025-11-02 00:47:58,893 - INFO - Screen resolution: 1920x1080
2025-11-02 00:47:58,893 - INFO - Work area: 1920x1008
2025-11-02 00:47:58,894 - INFO - Adaptive window size: 1152x648 (aspect ratio: 1.778)
2025-11-02 00:47:58,894 - INFO - Creating D&D Character Tool application
2025-11-02 00:47:59,161 - INFO - Loading character data from character_data.json
2025-11-02 00:47:59,164 - INFO - Loaded spell slots: {}
2025-11-02 00:47:59,164 - INFO - Loaded current spell slots: {}
2025-11-02 00:47:59,166 - INFO - Loaded character: Ramil al-Sayif
2025-11-02 00:47:59,166 - INFO - Weapons loaded: 3
2025-11-02 00:47:59,167 - INFO - Fighting styles: {'two_weapon_fighting': True, 'dueling': False, 'dueling_bonus': 0}
2025-11-02 00:47:59,167 - INFO - Window initialized at 1152x648 (aspect ratio: 1.78:1)
2025-11-02 00:47:59,172 - INFO -    • Window automatically adjusts to display scaling (100%, 125%, 150%)
2025-11-02 00:47:59,172 - INFO -    • Locked to 16:9 aspect ratio for optimal viewing
2025-11-02 00:47:59,172 - INFO -    • Press F11 to toggle fullscreen mode
2025-11-02 00:47:59,172 - INFO -    • Press ESC to exit fullscreen
2025-11-02 00:47:59,172 - INFO -    • Window is resizable - aspect ratio maintained automatically
2025-11-02 00:47:59,199 - INFO - Starting application main loop
2025-11-02 00:48:07,093 - INFO - Character data saved successfully to character_data.json
2025-11-02 00:48:07,093 - INFO - Created new character: Character 1
2025-11-02 00:48:08,284 - INFO - Character data saved successfully to character_data.json
2025-11-02 00:48:08,286 - INFO - Created new character: Character 2
2025-11-02 00:48:09,512 - INFO - Character data saved successfully to character_data.json
2025-11-02 00:48:09,512 - INFO - Created new character: Character 3
2025-11-02 00:48:10,998 - INFO - Character data saved successfully to character_data.json
2025-11-02 00:48:10,999 - INFO - Created new character: Character 4
2025-11-02 00:48:12,173 - INFO - Character data saved successfully to character_data.json
2025-11-02 00:48:12,173 - INFO - Created new character: Character 5
2025-11-02 00:48:13,316 - INFO - Character data saved successfully to character_data.json
2025-11-02 00:48:13,316 - INFO - Created new character: Character 6
2025-11-02 00:48:15,619 - INFO - Character data saved successfully to character_data.json
2025-11-02 00:48:15,620 - INFO - Created new character: Character 7
2025-11-02 00:48:16,753 - INFO - Character data saved successfully to character_data.json
2025-11-02 00:48:16,754 - INFO - Created new character: Character 8
2025-11-02 00:48:17,624 - INFO - Character data saved successfully to character_data.json
2025-11-02 00:48:17,625 - INFO - Created new character: Character 9
2025-11-02 00:48:18,618 - INFO - Character data saved successfully to character_data.json
2025-11-02 00:48:18,619 - INFO - Created new character: Character 10
2025-11-02 00:48:19,713 - INFO - Character data saved successfully to character_data.json
2025-11-02 00:48:19,714 - INFO - Created new character: Character 11
2025-11-02 00:48:21,921 - INFO - Character data saved successfully to character_data.json
2025-11-02 00:48:21,921 - INFO - Created new character: Character 12
2025-11-02 00:48:23,400 - INFO - Character data saved successfully to character_data.json
2025-11-02 00:48:30,776 - INFO - Renamed character to: Dean
2025-11-02 00:48:30,778 - INFO - Character data saved successfully to character_data.json
2025-11-02 00:48:36,763 - INFO - Window resized to 1731x974 (16:9 ratio maintained: 1.777:1)
2025-11-02 00:48:39,452 - INFO - Character data saved successfully to character_data.json
2025-11-02 00:48:40,296 - INFO - Character data saved successfully to character_data.json
2025-11-02 00:48:40,409 - INFO - Character data saved successfully to character_data.json
2025-11-02 00:48:40,569 - INFO - Character data saved successfully to character_data.json
2025-11-02 00:48:40,663 - INFO - Character data saved successfully to character_data.json
2025-11-02 00:48:40,819 - INFO - Character data saved successfully to character_data.json
2025-11-02 00:48:41,511 - INFO - Character data saved successfully to character_data.json
2025-11-02 00:48:41,866 - INFO - Character data saved successfully to character_data.json
2025-11-02 00:49:14,644 - INFO - Character data saved successfully to character_data.json
2025-11-02 00:49:15,852 - INFO - Character data saved successfully to character_data.json
2025-11-02 00:49:17,103 - INFO - Character data saved successfully to character_data.json
2025-11-02 00:49:19,416 - INFO - Character data saved successfully to character_data.json
2025-11-02 00:49:21,120 - INFO - Character data saved successfully to character_data.json
2025-11-02 00:49:25,333 - INFO - Character data saved successfully to character_data.json
