2025-11-06 18:57:34,944 - INFO - D&D Character Tracker started - Log file: logs\dnd_tracker_20251106_185734.log
2025-11-06 18:57:35,266 - INFO - Pygame initialized successfully
2025-11-06 18:57:35,270 - INFO - Detected DPI: 144, Scale factor: 1.50
2025-11-06 18:57:35,270 - INFO - Screen resolution: 1920x1080
2025-11-06 18:57:35,270 - INFO - Work area: 1920x1008
2025-11-06 18:57:35,272 - INFO - Adaptive window size: 1152x648 (aspect ratio: 1.778)
2025-11-06 18:57:35,272 - INFO - Creating D&D Character Tool application
2025-11-06 18:57:35,549 - INFO - Loading character data from character_data.json
2025-11-06 18:57:35,565 - INFO - Loaded spell slots: {}
2025-11-06 18:57:35,565 - INFO - Loaded current spell slots: {}
2025-11-06 18:57:35,565 - INFO - Loaded character: Ramil al-Sayif
2025-11-06 18:57:35,566 - INFO - Weapons loaded: 3
2025-11-06 18:57:35,567 - INFO - Fighting styles: {'two_weapon_fighting': True, 'dueling': False, 'dueling_bonus': 0}
2025-11-06 18:57:35,567 - INFO - Window initialized at 1152x648 (aspect ratio: 1.78:1)
2025-11-06 18:57:35,572 - INFO -    • Window automatically adjusts to display scaling (100%, 125%, 150%)
2025-11-06 18:57:35,572 - INFO -    • Locked to 16:9 aspect ratio for optimal viewing
2025-11-06 18:57:35,572 - INFO -    • Press F11 to toggle fullscreen mode
2025-11-06 18:57:35,572 - INFO -    • Press ESC to exit fullscreen
2025-11-06 18:57:35,573 - INFO -    • Window is resizable - aspect ratio maintained automatically
2025-11-06 18:57:35,599 - INFO - Starting application main loop
2025-11-06 18:57:38,365 - INFO - Window resized to 1731x974 (16:9 ratio maintained: 1.777:1)
2025-11-06 18:58:05,311 - INFO - Ramil al-Sayif gained inspiration! Now at 3
2025-11-06 18:58:05,327 - INFO - Character data saved successfully (3 characters)
2025-11-06 18:58:06,969 - INFO - Ramil al-Sayif used inspiration! Now at 2
2025-11-06 18:58:06,975 - INFO - Character data saved successfully (3 characters)
2025-11-06 18:58:07,806 - INFO - Ramil al-Sayif used inspiration! Now at 1
2025-11-06 18:58:07,812 - INFO - Character data saved successfully (3 characters)
2025-11-06 18:58:08,493 - INFO - Ramil al-Sayif gained inspiration! Now at 2
2025-11-06 18:58:08,506 - INFO - Character data saved successfully (3 characters)
2025-11-06 18:58:08,747 - INFO - Ramil al-Sayif gained inspiration! Now at 3
2025-11-06 18:58:08,759 - INFO - Character data saved successfully (3 characters)
2025-11-06 18:58:12,089 - INFO - Selected weapon: Scimitar (Nick Mastery)
2025-11-06 18:58:13,672 - INFO - Selected weapon: Shortsword (Vex Mastery)
2025-11-06 18:58:17,383 - INFO - Attack roll: 24 (1d20: [19] + +5)
2025-11-06 18:58:20,293 - INFO - Selected weapon: Rapier (Vex Mastery)
2025-11-06 18:58:21,276 - INFO - Selected weapon: Shortsword (Vex Mastery)
2025-11-06 18:58:42,772 - INFO - Added 1 CP (was 73, now 74)
2025-11-06 18:58:42,785 - INFO - Character data saved successfully (3 characters)
2025-11-06 18:58:42,943 - INFO - Added 1 CP (was 74, now 75)
2025-11-06 18:58:42,956 - INFO - Character data saved successfully (3 characters)
2025-11-06 18:58:43,113 - INFO - Added 1 CP (was 75, now 76)
2025-11-06 18:58:43,117 - INFO - Character data saved successfully (3 characters)
2025-11-06 18:58:43,279 - INFO - Added 1 CP (was 76, now 77)
2025-11-06 18:58:43,291 - INFO - Character data saved successfully (3 characters)
2025-11-06 18:58:43,474 - INFO - Added 1 CP (was 77, now 78)
2025-11-06 18:58:43,486 - INFO - Character data saved successfully (3 characters)
2025-11-06 18:58:43,617 - INFO - Added 1 CP (was 78, now 79)
2025-11-06 18:58:43,629 - INFO - Character data saved successfully (3 characters)
2025-11-06 18:58:43,764 - INFO - Added 1 CP (was 79, now 80)
2025-11-06 18:58:43,776 - INFO - Character data saved successfully (3 characters)
2025-11-06 18:58:43,909 - INFO - Added 1 CP (was 80, now 81)
2025-11-06 18:58:43,922 - INFO - Character data saved successfully (3 characters)
2025-11-06 18:58:44,053 - INFO - Added 1 CP (was 81, now 82)
2025-11-06 18:58:44,066 - INFO - Character data saved successfully (3 characters)
2025-11-06 18:58:44,198 - INFO - Added 1 CP (was 82, now 83)
2025-11-06 18:58:44,210 - INFO - Character data saved successfully (3 characters)
2025-11-06 18:58:44,343 - INFO - Added 1 CP (was 83, now 84)
2025-11-06 18:58:44,347 - INFO - Character data saved successfully (3 characters)
2025-11-06 18:58:44,480 - INFO - Added 1 CP (was 84, now 85)
2025-11-06 18:58:44,484 - INFO - Character data saved successfully (3 characters)
2025-11-06 18:58:44,614 - INFO - Added 1 CP (was 85, now 86)
2025-11-06 18:58:44,629 - INFO - Character data saved successfully (3 characters)
2025-11-06 18:58:44,850 - INFO - Added 1 CP (was 86, now 87)
2025-11-06 18:58:44,858 - INFO - Character data saved successfully (3 characters)
2025-11-06 18:58:49,707 - INFO - Added 1 PP (was 0, now 1)
2025-11-06 18:58:49,719 - INFO - Character data saved successfully (3 characters)
2025-11-06 18:58:49,883 - INFO - Added 1 PP (was 1, now 2)
2025-11-06 18:58:49,887 - INFO - Character data saved successfully (3 characters)
2025-11-06 18:58:50,052 - INFO - Added 1 PP (was 2, now 3)
2025-11-06 18:58:50,056 - INFO - Character data saved successfully (3 characters)
2025-11-06 18:58:50,182 - INFO - Added 1 PP (was 3, now 4)
2025-11-06 18:58:50,195 - INFO - Character data saved successfully (3 characters)
2025-11-06 18:58:50,307 - INFO - Added 1 PP (was 4, now 5)
2025-11-06 18:58:50,320 - INFO - Character data saved successfully (3 characters)
2025-11-06 18:58:50,399 - INFO - Added 1 PP (was 5, now 6)
2025-11-06 18:58:50,403 - INFO - Character data saved successfully (3 characters)
2025-11-06 18:58:50,528 - INFO - Added 1 PP (was 6, now 7)
2025-11-06 18:58:50,540 - INFO - Character data saved successfully (3 characters)
2025-11-06 18:58:50,638 - INFO - Added 1 PP (was 7, now 8)
2025-11-06 18:58:50,642 - INFO - Character data saved successfully (3 characters)
2025-11-06 18:58:50,739 - INFO - Added 1 PP (was 8, now 9)
2025-11-06 18:58:50,743 - INFO - Character data saved successfully (3 characters)
2025-11-06 18:58:50,852 - INFO - Added 1 PP (was 9, now 10)
2025-11-06 18:58:50,864 - INFO - Character data saved successfully (3 characters)
2025-11-06 18:58:50,969 - INFO - Added 1 PP (was 10, now 11)
2025-11-06 18:58:50,973 - INFO - Character data saved successfully (3 characters)
2025-11-06 18:58:51,163 - INFO - Added 1 PP (was 11, now 12)
2025-11-06 18:58:51,175 - INFO - Character data saved successfully (3 characters)
2025-11-06 18:58:51,390 - INFO - Added 1 PP (was 12, now 13)
2025-11-06 18:58:51,401 - INFO - Character data saved successfully (3 characters)
2025-11-06 18:58:51,514 - INFO - Added 1 PP (was 13, now 14)
2025-11-06 18:58:51,527 - INFO - Character data saved successfully (3 characters)
2025-11-06 18:58:51,608 - INFO - Added 1 PP (was 14, now 15)
2025-11-06 18:58:51,612 - INFO - Character data saved successfully (3 characters)
2025-11-06 18:58:51,724 - INFO - Added 1 PP (was 15, now 16)
2025-11-06 18:58:51,735 - INFO - Character data saved successfully (3 characters)
2025-11-06 18:58:51,891 - INFO - Added 1 PP (was 16, now 17)
2025-11-06 18:58:51,904 - INFO - Character data saved successfully (3 characters)
2025-11-06 18:58:52,062 - INFO - Added 1 PP (was 17, now 18)
2025-11-06 18:58:52,074 - INFO - Character data saved successfully (3 characters)
2025-11-06 18:58:52,207 - INFO - Added 1 PP (was 18, now 19)
2025-11-06 18:58:52,218 - INFO - Character data saved successfully (3 characters)
2025-11-06 18:58:52,350 - INFO - Added 1 PP (was 19, now 20)
2025-11-06 18:58:52,362 - INFO - Character data saved successfully (3 characters)
2025-11-06 18:58:52,626 - INFO - Added 1 PP (was 20, now 21)
2025-11-06 18:58:52,638 - INFO - Character data saved successfully (3 characters)
2025-11-06 18:58:52,816 - INFO - Added 1 PP (was 21, now 22)
2025-11-06 18:58:52,828 - INFO - Character data saved successfully (3 characters)
2025-11-06 18:58:52,979 - INFO - Added 1 PP (was 22, now 23)
2025-11-06 18:58:52,990 - INFO - Character data saved successfully (3 characters)
2025-11-06 18:58:53,119 - INFO - Added 1 PP (was 23, now 24)
2025-11-06 18:58:53,132 - INFO - Character data saved successfully (3 characters)
2025-11-06 18:58:53,265 - INFO - Added 1 PP (was 24, now 25)
2025-11-06 18:58:53,278 - INFO - Character data saved successfully (3 characters)
2025-11-06 18:58:53,411 - INFO - Added 1 PP (was 25, now 26)
2025-11-06 18:58:53,424 - INFO - Character data saved successfully (3 characters)
2025-11-06 18:58:53,614 - INFO - Added 1 PP (was 26, now 27)
2025-11-06 18:58:53,620 - INFO - Character data saved successfully (3 characters)
2025-11-06 18:58:53,758 - INFO - Added 1 PP (was 27, now 28)
2025-11-06 18:58:53,769 - INFO - Character data saved successfully (3 characters)
2025-11-06 18:58:53,977 - INFO - Added 1 PP (was 28, now 29)
2025-11-06 18:58:53,989 - INFO - Character data saved successfully (3 characters)
2025-11-06 18:58:54,145 - INFO - Added 1 PP (was 29, now 30)
2025-11-06 18:58:54,157 - INFO - Character data saved successfully (3 characters)
2025-11-06 18:58:54,337 - INFO - Added 1 PP (was 30, now 31)
2025-11-06 18:58:54,348 - INFO - Character data saved successfully (3 characters)
2025-11-06 18:59:17,850 - INFO - Character data saved successfully (3 characters)
2025-11-06 18:59:17,850 - INFO - Selected character: Magistrate Olgorn
2025-11-06 18:59:19,030 - INFO - Character data saved successfully (3 characters)
2025-11-06 18:59:19,031 - INFO - Selected character: Rusty Pete
2025-11-06 18:59:20,687 - INFO - Character data saved successfully (3 characters)
2025-11-06 18:59:20,687 - INFO - Selected character: [P] Madea Blackthorn
2025-11-06 18:59:24,100 - INFO - Character data saved successfully (3 characters)
2025-11-06 18:59:37,213 - INFO - Character data saved successfully (3 characters)
