2025-11-13 09:30:29,383 - INFO - D&D Character Tracker started - Log file: logs\dnd_tracker_20251113_093029.log
2025-11-13 09:30:29,833 - INFO - Pygame initialized successfully
2025-11-13 09:30:29,837 - INFO - Detected DPI: 144, Scale factor: 1.50
2025-11-13 09:30:29,837 - INFO - Screen resolution: 1920x1080
2025-11-13 09:30:29,838 - INFO - Work area: 1920x1008
2025-11-13 09:30:29,838 - INFO - Adaptive window size: 1305x870 (aspect ratio: 1.500)
2025-11-13 09:30:29,838 - INFO - Creating D&D Character Tool application
2025-11-13 09:30:30,679 - INFO - Loading character data from C:\Users\lucas\OneDrive\Documents\D&D\Tracker_Ramil\character_data.json
2025-11-13 09:30:30,692 - INFO - Loaded spell slots: {}
2025-11-13 09:30:30,692 - INFO - Loaded current spell slots: {}
2025-11-13 09:30:30,692 - INFO - Loaded character: Ramil al-Sayif
2025-11-13 09:30:30,693 - INFO - Weapons loaded: 3
2025-11-13 09:30:30,693 - INFO - Fighting styles: {'two_weapon_fighting': True, 'dueling': False, 'dueling_bonus': 0}
2025-11-13 09:30:30,693 - INFO - Window initialized at 1305x870 (aspect ratio: 1.50:1)
2025-11-13 09:30:30,695 - INFO -    • Window automatically adjusts to display scaling (100%, 125%, 150%)
2025-11-13 09:30:30,695 - INFO -    • Locked to 3:2 aspect ratio (1536x1024) for optimal viewing
2025-11-13 09:30:30,696 - INFO -    • Press F11 to toggle fullscreen mode
2025-11-13 09:30:30,696 - INFO -    • Press ESC to exit fullscreen
2025-11-13 09:30:30,696 - INFO -    • Window is resizable - aspect ratio maintained automatically
2025-11-13 09:30:30,724 - INFO - Starting application main loop
2025-11-13 09:30:34,443 - INFO - Window resized to 1461x974 (aspect ratio maintained: 1.500:1)
2025-11-13 09:35:05,160 - INFO - Launched world map viewer.
2025-11-13 09:36:43,858 - INFO - Character data saved successfully (5 characters)
