2025-11-02 18:50:36,286 - INFO - D&D Character Tracker started - Log file: logs\dnd_tracker_20251102_185036.log
2025-11-02 18:50:36,814 - INFO - Pygame initialized successfully
2025-11-02 18:50:36,816 - INFO - Detected DPI: 144, Scale factor: 1.50
2025-11-02 18:50:36,816 - INFO - Screen resolution: 1920x1080
2025-11-02 18:50:36,816 - INFO - Work area: 1920x1008
2025-11-02 18:50:36,817 - INFO - Adaptive window size: 1152x648 (aspect ratio: 1.778)
2025-11-02 18:50:36,817 - INFO - Creating D&D Character Tool application
2025-11-02 18:50:37,039 - INFO - Loading character data from character_data.json
2025-11-02 18:50:37,040 - INFO - Loaded spell slots: {}
2025-11-02 18:50:37,040 - INFO - Loaded current spell slots: {}
2025-11-02 18:50:37,041 - INFO - Loaded character: Ramil al-Sayif
2025-11-02 18:50:37,041 - INFO - Weapons loaded: 3
2025-11-02 18:50:37,041 - INFO - Fighting styles: {'two_weapon_fighting': True, 'dueling': False, 'dueling_bonus': 0}
2025-11-02 18:50:37,042 - INFO - Window initialized at 1152x648 (aspect ratio: 1.78:1)
2025-11-02 18:50:37,044 - INFO -    • Window automatically adjusts to display scaling (100%, 125%, 150%)
2025-11-02 18:50:37,044 - INFO -    • Locked to 16:9 aspect ratio for optimal viewing
2025-11-02 18:50:37,045 - INFO -    • Press F11 to toggle fullscreen mode
2025-11-02 18:50:37,045 - INFO -    • Press ESC to exit fullscreen
2025-11-02 18:50:37,045 - INFO -    • Window is resizable - aspect ratio maintained automatically
2025-11-02 18:50:37,068 - INFO - Starting application main loop
2025-11-02 18:51:10,687 - INFO - Character data saved successfully (1 characters)
