2025-11-09 12:54:07,983 - INFO - D&D Character Tracker started - Log file: logs\dnd_tracker_20251109_125407.log
2025-11-09 12:54:08,356 - INFO - Pygame initialized successfully
2025-11-09 12:54:08,359 - INFO - Detected DPI: 144, Scale factor: 1.50
2025-11-09 12:54:08,359 - INFO - Screen resolution: 1920x1080
2025-11-09 12:54:08,360 - INFO - Work area: 1920x1008
2025-11-09 12:54:08,360 - INFO - Adaptive window size: 1305x870 (aspect ratio: 1.500)
2025-11-09 12:54:08,360 - INFO - Creating D&D Character Tool application
2025-11-09 12:54:08,918 - INFO - Loading character data from C:\Users\lucas\OneDrive\Documents\D&D\Tracker_Ramil\character_data.json
2025-11-09 12:54:08,929 - INFO - Loaded spell slots: {}
2025-11-09 12:54:08,929 - INFO - Loaded current spell slots: {}
2025-11-09 12:54:08,929 - INFO - Loaded character: Ramil al-Sayif
2025-11-09 12:54:08,929 - INFO - Weapons loaded: 3
2025-11-09 12:54:08,931 - INFO - Fighting styles: {'two_weapon_fighting': True, 'dueling': False, 'dueling_bonus': 0}
2025-11-09 12:54:08,931 - INFO - Window initialized at 1305x870 (aspect ratio: 1.50:1)
2025-11-09 12:54:08,932 - INFO -    • Window automatically adjusts to display scaling (100%, 125%, 150%)
2025-11-09 12:54:08,933 - INFO -    • Locked to 3:2 aspect ratio (1536x1024) for optimal viewing
2025-11-09 12:54:08,933 - INFO -    • Press F11 to toggle fullscreen mode
2025-11-09 12:54:08,933 - INFO -    • Press ESC to exit fullscreen
2025-11-09 12:54:08,933 - INFO -    • Window is resizable - aspect ratio maintained automatically
2025-11-09 12:54:08,951 - INFO - Starting application main loop
2025-11-09 12:54:09,791 - INFO - Launched world map viewer.
2025-11-09 12:59:18,437 - INFO - Character data saved successfully (7 characters)
