2025-11-27 00:23:01,415 - INFO - D&D Character Tracker started - Log file: logs\dnd_tracker_20251127_002301.log
2025-11-27 00:23:01,793 - INFO - Pygame initialized successfully
2025-11-27 00:23:01,799 - INFO - Detected DPI: 96, Scale factor: 1.00
2025-11-27 00:23:01,800 - INFO - Screen resolution: 1920x1080
2025-11-27 00:23:01,800 - INFO - Work area: 1920x1032
2025-11-27 00:23:01,801 - INFO - Adaptive window size: 1488x992 (aspect ratio: 1.500)
2025-11-27 00:23:01,802 - INFO - Creating D&D Character Tool application
2025-11-27 00:23:03,204 - INFO - Loading character data from C:\Users\lucas\OneDrive\Documents\D&D\Tracker_Ramil\character_data.json
2025-11-27 00:23:03,206 - INFO - Loaded spell slots: {'1st': 4, '2nd': 2}
2025-11-27 00:23:03,206 - INFO - Loaded current spell slots: {'1st': 0, '2nd': 2}
2025-11-27 00:23:03,207 - INFO - Normalized spell records (names, levels, preparation flags).
2025-11-27 00:23:03,207 - ERROR - Error saving character data: 'DnDCharacterTool' object has no attribute 'actions'
2025-11-27 00:23:03,207 - ERROR - Traceback (most recent call last):
  File "C:\Users\lucas\OneDrive\Documents\D&D\Tracker_Ramil\main.py", line 1721, in save_character_data
    if "bladesong" in self.actions:
AttributeError: 'DnDCharacterTool' object has no attribute 'actions'

2025-11-27 00:23:03,207 - INFO - Loaded character: Ramil al-Sayif
2025-11-27 00:23:03,208 - INFO - Weapons loaded: 3
2025-11-27 00:23:03,208 - INFO - Fighting styles: {'two_weapon_fighting': True, 'dueling': False, 'dueling_bonus': 0}
2025-11-27 00:23:03,208 - INFO - Window initialized at 1488x992 (aspect ratio: 1.50:1)
2025-11-27 00:23:03,208 - INFO - Adaptive Resolution Features:
2025-11-27 00:23:03,209 - INFO -    - Window automatically adjusts to display scaling (100%, 125%, 150%)
2025-11-27 00:23:03,209 - INFO -    - Locked to 3:2 aspect ratio (1536x1024) for optimal viewing
2025-11-27 00:23:03,209 - INFO -    - Press F11 to toggle fullscreen mode
2025-11-27 00:23:03,209 - INFO -    - Press ESC to exit fullscreen
2025-11-27 00:23:03,209 - INFO -    - Window is resizable - aspect ratio maintained automatically
2025-11-27 00:23:03,242 - INFO - Starting application main loop
2025-11-27 00:23:09,450 - INFO - Selected spell: Guidance
2025-11-27 00:23:11,649 - INFO - Selected spell: Mending
2025-11-27 00:23:12,677 - INFO - Selected spell: Booming Blade
2025-11-27 00:23:14,932 - INFO - Selected spell: Mage Hand
2025-11-27 00:23:18,290 - INFO - Selected spell: Prot E&G
2025-11-27 00:23:21,622 - INFO - Selected spell: Ice Knife
2025-11-27 00:26:54,680 - INFO - Character data saved successfully (15 characters)
