2025-08-06 21:53:45,913 - INFO - D&D Character Tracker started - Log file: logs\dnd_tracker_20250806_215345.log
2025-08-06 21:53:50,106 - INFO - Pygame initialized successfully
2025-08-06 21:53:50,108 - INFO - Detected DPI: 96, Scale factor: 1.00
2025-08-06 21:53:50,110 - INFO - Screen resolution: 1920x1080
2025-08-06 21:53:50,110 - INFO - Work area: 1920x1032
2025-08-06 21:53:50,110 - INFO - Adaptive window size: 1399x933 (aspect ratio: 1.499)
2025-08-06 21:53:50,110 - INFO - Creating D&D Character Tool application
2025-08-06 21:53:50,744 - INFO - Loading character data from character_data.json
2025-08-06 21:53:50,763 - INFO - Loaded character: Barian the Broken
2025-08-06 21:53:50,764 - INFO - Weapons loaded: 3
2025-08-06 21:53:50,764 - INFO - Fighting styles: {'dueling': True, 'dueling_bonus': 2}
2025-08-06 21:53:50,764 - INFO - Window initialized at 1399x933 (aspect ratio: 1.50:1)
2025-08-06 21:53:50,766 - INFO -    • Window automatically adjusts to display scaling (100%, 125%, 150%)
2025-08-06 21:53:50,766 - INFO -    • Locked to 16:9 aspect ratio for optimal viewing
2025-08-06 21:53:50,766 - INFO -    • Press F11 to toggle fullscreen mode
2025-08-06 21:53:50,766 - INFO -    • Press ESC to exit fullscreen
2025-08-06 21:53:50,766 - INFO -    • Window is resizable - aspect ratio maintained automatically
2025-08-06 21:53:50,771 - INFO - Starting application main loop
2025-08-06 21:53:53,880 - INFO - Window resized to 1513x1009 (3:2 ratio maintained: 1.500:1)
2025-08-06 21:53:56,819 - INFO - Window resized to 1513x1009 (3:2 ratio maintained: 1.500:1)
2025-08-06 21:53:58,511 - INFO - Window resized to 1399x932 (3:2 ratio maintained: 1.501:1)
2025-08-06 21:54:03,008 - INFO - Window resized to 1488x992 (3:2 ratio maintained: 1.500:1)
2025-08-06 21:54:04,622 - INFO - Window resized to 1443x962 (3:2 ratio maintained: 1.500:1)
2025-08-06 21:54:06,888 - INFO - Window resized to 1462x974 (3:2 ratio maintained: 1.501:1)
2025-08-06 21:54:15,953 - INFO - Character data saved successfully to character_data.json
