2025-11-15 17:15:46,074 - INFO - D&D Character Tracker started - Log file: logs\dnd_tracker_20251115_171546.log
2025-11-15 17:15:46,286 - INFO - Pygame initialized successfully
2025-11-15 17:15:46,288 - INFO - Detected DPI: 96, Scale factor: 1.00
2025-11-15 17:15:46,289 - INFO - Screen resolution: 1920x1080
2025-11-15 17:15:46,289 - INFO - Work area: 1920x1032
2025-11-15 17:15:46,289 - INFO - Adaptive window size: 1488x992 (aspect ratio: 1.500)
2025-11-15 17:15:46,289 - INFO - Creating D&D Character Tool application
2025-11-15 17:15:47,097 - INFO - Loading character data from C:\Users\lucas\OneDrive\Documents\D&D\Tracker_Ramil\character_data.json
2025-11-15 17:15:47,112 - INFO - Loaded spell slots: {'1st': 4, '2nd': 2}
2025-11-15 17:15:47,113 - INFO - Loaded current spell slots: {'1st': 2, '2nd': 2}
2025-11-15 17:15:47,113 - INFO - Loaded character: Ramil al-Sayif
2025-11-15 17:15:47,113 - INFO - Weapons loaded: 3
2025-11-15 17:15:47,113 - INFO - Fighting styles: {'two_weapon_fighting': True, 'dueling': False, 'dueling_bonus': 0}
2025-11-15 17:15:47,114 - INFO - Window initialized at 1488x992 (aspect ratio: 1.50:1)
2025-11-15 17:15:47,116 - INFO -    • Window automatically adjusts to display scaling (100%, 125%, 150%)
2025-11-15 17:15:47,116 - INFO -    • Locked to 3:2 aspect ratio (1536x1024) for optimal viewing
2025-11-15 17:15:47,116 - INFO -    • Press F11 to toggle fullscreen mode
2025-11-15 17:15:47,117 - INFO -    • Press ESC to exit fullscreen
2025-11-15 17:15:47,117 - INFO -    • Window is resizable - aspect ratio maintained automatically
2025-11-15 17:15:47,137 - INFO - Starting application main loop
2025-11-15 17:16:00,313 - INFO - Window resized to 1513x1009 (aspect ratio maintained: 1.500:1)
2025-11-15 17:16:09,636 - INFO - Character data saved successfully (15 characters)
