2025-11-08 11:24:44,718 - INFO - D&D Character Tracker started - Log file: logs\dnd_tracker_20251108_112444.log
2025-11-08 11:24:44,868 - INFO - Pygame initialized successfully
2025-11-08 11:24:44,870 - INFO - Detected DPI: 96, Scale factor: 1.00
2025-11-08 11:24:44,871 - INFO - Screen resolution: 1920x1080
2025-11-08 11:24:44,871 - INFO - Work area: 1920x1032
2025-11-08 11:24:44,871 - INFO - Adaptive window size: 1399x787 (aspect ratio: 1.778)
2025-11-08 11:24:44,871 - INFO - Creating D&D Character Tool application
2025-11-08 11:24:45,299 - INFO - Loading character data from C:\Users\lucas\OneDrive\Documents\D&D\Tracker_Ramil\character_data.json
2025-11-08 11:24:45,301 - INFO - Loaded spell slots: {}
2025-11-08 11:24:45,302 - INFO - Loaded current spell slots: {}
2025-11-08 11:24:45,302 - INFO - Loaded character: Ramil al-Sayif
2025-11-08 11:24:45,302 - INFO - Weapons loaded: 3
2025-11-08 11:24:45,302 - INFO - Fighting styles: {'two_weapon_fighting': True, 'dueling': False, 'dueling_bonus': 0}
2025-11-08 11:24:45,303 - INFO - Window initialized at 1399x787 (aspect ratio: 1.78:1)
2025-11-08 11:24:45,304 - INFO -    • Window automatically adjusts to display scaling (100%, 125%, 150%)
2025-11-08 11:24:45,304 - INFO -    • Locked to 16:9 aspect ratio for optimal viewing
2025-11-08 11:24:45,304 - INFO -    • Press F11 to toggle fullscreen mode
2025-11-08 11:24:45,305 - INFO -    • Press ESC to exit fullscreen
2025-11-08 11:24:45,305 - INFO -    • Window is resizable - aspect ratio maintained automatically
2025-11-08 11:24:45,320 - INFO - Starting application main loop
2025-11-08 11:24:50,970 - INFO - Window resized to 1793x1009 (16:9 ratio maintained: 1.777:1)
2025-11-08 11:25:00,476 - INFO - Character data saved successfully (5 characters)
