2025-11-23 18:35:35,433 - INFO - D&D Character Tracker started - Log file: logs\dnd_tracker_20251123_183535.log
2025-11-23 18:35:35,718 - INFO - Pygame initialized successfully
2025-11-23 18:35:35,721 - INFO - Detected DPI: 96, Scale factor: 1.00
2025-11-23 18:35:35,722 - INFO - Screen resolution: 1920x1080
2025-11-23 18:35:35,722 - INFO - Work area: 1920x1032
2025-11-23 18:35:35,724 - INFO - Adaptive window size: 1488x992 (aspect ratio: 1.500)
2025-11-23 18:35:35,724 - INFO - Creating D&D Character Tool application
2025-11-23 18:35:36,481 - INFO - Loading character data from C:\Users\lucas\OneDrive\Documents\D&D\Tracker_Ramil_backup\character_data.json
2025-11-23 18:35:36,494 - INFO - Loaded spell slots: {'1st': 4, '2nd': 2}
2025-11-23 18:35:36,494 - INFO - Loaded current spell slots: {'1st': 2, '2nd': 2}
2025-11-23 18:35:36,494 - INFO - Loaded character: Ramil al-Sayif
2025-11-23 18:35:36,494 - INFO - Weapons loaded: 3
2025-11-23 18:35:36,494 - INFO - Fighting styles: {'two_weapon_fighting': True, 'dueling': False, 'dueling_bonus': 0}
2025-11-23 18:35:36,495 - INFO - Window initialized at 1488x992 (aspect ratio: 1.50:1)
2025-11-23 18:35:36,495 - INFO - Adaptive Resolution Features:
2025-11-23 18:35:36,495 - INFO -    - Window automatically adjusts to display scaling (100%, 125%, 150%)
2025-11-23 18:35:36,496 - INFO -    - Locked to 3:2 aspect ratio (1536x1024) for optimal viewing
2025-11-23 18:35:36,496 - INFO -    - Press F11 to toggle fullscreen mode
2025-11-23 18:35:36,497 - INFO -    - Press ESC to exit fullscreen
2025-11-23 18:35:36,497 - INFO -    - Window is resizable - aspect ratio maintained automatically
2025-11-23 18:35:36,518 - INFO - Starting application main loop
2025-11-23 18:36:04,930 - INFO - Character data saved successfully (15 characters)
2025-11-23 18:36:06,021 - INFO - Character data saved successfully (15 characters)
2025-11-23 18:36:06,025 - INFO - Character data saved successfully (15 characters)
2025-11-23 18:36:06,132 - INFO - Character data saved successfully (15 characters)
2025-11-23 18:36:06,239 - INFO - Character data saved successfully (15 characters)
2025-11-23 18:36:06,396 - INFO - Character data saved successfully (15 characters)
2025-11-23 18:36:06,451 - INFO - Character data saved successfully (15 characters)
2025-11-23 18:36:06,919 - INFO - Character data saved successfully (15 characters)
2025-11-23 18:36:07,070 - INFO - Character data saved successfully (15 characters)
2025-11-23 18:36:07,222 - INFO - Character data saved successfully (15 characters)
2025-11-23 18:36:08,757 - INFO - Character data saved successfully (15 characters)
2025-11-23 18:36:17,464 - INFO - Character data saved successfully (15 characters)
2025-11-23 18:36:51,432 - INFO - Launched world map viewer.
2025-11-23 18:39:18,572 - INFO - Character data saved successfully (15 characters)
