2026-02-02 12:57:29,521 - INFO - D&D Character Tracker started - Log file: logs\dnd_tracker_20260202_125729.log
2026-02-02 12:57:30,063 - INFO - Pygame initialized successfully
2026-02-02 12:57:30,067 - INFO - Detected DPI: 144, Scale factor: 1.50
2026-02-02 12:57:30,069 - INFO - Screen resolution: 1920x1080
2026-02-02 12:57:30,069 - INFO - Work area: 1920x1008
2026-02-02 12:57:30,069 - INFO - Adaptive window size: 1305x870 (aspect ratio: 1.500)
2026-02-02 12:57:30,070 - INFO - Creating D&D Character Tool application
2026-02-02 12:57:37,780 - INFO - Loading character data from C:\Users\lucas\OneDrive\Documents\D&D\Tracker_Ramil\character_data.json
2026-02-02 12:57:37,819 - INFO - Loaded spell slots: {'1st': 4, '2nd': 2}
2026-02-02 12:57:37,820 - INFO - Loaded current spell slots: {'1st': 4, '2nd': 2}
2026-02-02 12:57:37,820 - INFO - Loaded character: Ramil al-Sayif
2026-02-02 12:57:37,821 - INFO - Weapons loaded: 3
2026-02-02 12:57:37,821 - INFO - Fighting styles: {'two_weapon_fighting': True, 'dueling': False, 'dueling_bonus': 0}
2026-02-02 12:57:37,822 - INFO - Window initialized at 1305x870 (aspect ratio: 1.50:1)
2026-02-02 12:57:37,822 - INFO - Adaptive Resolution Features:
2026-02-02 12:57:37,824 - INFO -    - Window automatically adjusts to display scaling (100%, 125%, 150%)
2026-02-02 12:57:37,824 - INFO -    - Locked to 3:2 aspect ratio (1536x1024) for optimal viewing
2026-02-02 12:57:37,824 - INFO -    - Press F11 to toggle fullscreen mode
2026-02-02 12:57:37,825 - INFO -    - Press ESC to exit fullscreen
2026-02-02 12:57:37,825 - INFO -    - Window is resizable - aspect ratio maintained automatically
2026-02-02 12:57:37,877 - INFO - Starting application main loop
2026-02-02 12:57:40,399 - INFO - Character data saved successfully (22 characters)
