2025-11-08 11:48:51,789 - INFO - D&D Character Tracker started - Log file: logs\dnd_tracker_20251108_114851.log
2025-11-08 11:48:51,998 - INFO - Pygame initialized successfully
2025-11-08 11:48:51,999 - INFO - Detected DPI: 96, Scale factor: 1.00
2025-11-08 11:48:52,000 - INFO - Screen resolution: 1920x1080
2025-11-08 11:48:52,000 - INFO - Work area: 1920x1032
2025-11-08 11:48:52,000 - INFO - Adaptive window size: 1488x992 (aspect ratio: 1.500)
2025-11-08 11:48:52,002 - INFO - Creating D&D Character Tool application
2025-11-08 11:48:52,516 - INFO - Loading character data from C:\Users\lucas\OneDrive\Documents\D&D\Tracker_Ramil\character_data.json
2025-11-08 11:48:52,519 - INFO - Loaded spell slots: {}
2025-11-08 11:48:52,519 - INFO - Loaded current spell slots: {}
2025-11-08 11:48:52,520 - INFO - Loaded character: Ramil al-Sayif
2025-11-08 11:48:52,520 - INFO - Weapons loaded: 3
2025-11-08 11:48:52,520 - INFO - Fighting styles: {'two_weapon_fighting': True, 'dueling': False, 'dueling_bonus': 0}
2025-11-08 11:48:52,520 - INFO - Window initialized at 1488x992 (aspect ratio: 1.50:1)
2025-11-08 11:48:52,522 - INFO -    • Window automatically adjusts to display scaling (100%, 125%, 150%)
2025-11-08 11:48:52,522 - INFO -    • Locked to 3:2 aspect ratio (1536x1024) for optimal viewing
2025-11-08 11:48:52,522 - INFO -    • Press F11 to toggle fullscreen mode
2025-11-08 11:48:52,522 - INFO -    • Press ESC to exit fullscreen
2025-11-08 11:48:52,522 - INFO -    • Window is resizable - aspect ratio maintained automatically
2025-11-08 11:48:52,540 - INFO - Starting application main loop
2025-11-08 11:48:54,067 - INFO - Selected save: INT
2025-11-08 11:49:00,305 - INFO - Intelligence save: 4 (1d20: [1] + +3)
2025-11-08 11:49:03,449 - INFO - Character data saved successfully (5 characters)
