2025-10-10 18:59:59,313 - INFO - D&D Character Tracker started - Log file: logs\dnd_tracker_20251010_185959.log
2025-10-10 18:59:59,541 - INFO - Pygame initialized successfully
2025-10-10 18:59:59,544 - INFO - Detected DPI: 144, Scale factor: 1.50
2025-10-10 18:59:59,544 - INFO - Screen resolution: 1920x1080
2025-10-10 18:59:59,544 - INFO - Work area: 1920x1008
2025-10-10 18:59:59,544 - INFO - Adaptive window size: 1152x768 (aspect ratio: 1.500)
2025-10-10 18:59:59,544 - INFO - Creating D&D Character Tool application
2025-10-10 19:00:00,398 - INFO - Loading character data from character_data.json
2025-10-10 19:00:00,410 - INFO - Loaded character: Barian the Broken
2025-10-10 19:00:00,410 - INFO - Weapons loaded: 3
2025-10-10 19:00:00,410 - INFO - Fighting styles: {'dueling': True, 'dueling_bonus': 2}
2025-10-10 19:00:00,411 - INFO - Window initialized at 1152x768 (aspect ratio: 1.50:1)
2025-10-10 19:00:00,412 - INFO -    • Window automatically adjusts to display scaling (100%, 125%, 150%)
2025-10-10 19:00:00,412 - INFO -    • Locked to 16:9 aspect ratio for optimal viewing
2025-10-10 19:00:00,412 - INFO -    • Press F11 to toggle fullscreen mode
2025-10-10 19:00:00,412 - INFO -    • Press ESC to exit fullscreen
2025-10-10 19:00:00,412 - INFO -    • Window is resizable - aspect ratio maintained automatically
2025-10-10 19:00:00,420 - INFO - Starting application main loop
2025-10-10 19:00:07,328 - INFO - Window resized to 1441x961 (3:2 ratio maintained: 1.499:1)
2025-10-10 19:00:08,796 - INFO - Selected spell: Rime's Binding Ice
2025-10-10 19:00:38,768 - INFO - Window resized to 1461x974 (3:2 ratio maintained: 1.500:1)
2025-10-10 19:06:40,890 - INFO - Barian the Broken has gained inspiration!
2025-10-10 19:06:40,893 - INFO - Character data saved successfully to character_data.json
2025-10-10 19:06:55,975 - INFO - Selected action: Indomitable
2025-10-10 19:08:36,268 - INFO - Character data saved successfully to character_data.json
2025-10-10 19:08:48,805 - INFO - Character data saved successfully to character_data.json
2025-10-10 19:09:22,276 - INFO - Character data saved successfully to character_data.json
2025-10-10 19:09:24,421 - INFO - Character data saved successfully to character_data.json
2025-10-10 19:09:24,567 - INFO - Character data saved successfully to character_data.json
2025-10-10 19:09:24,642 - INFO - Character data saved successfully to character_data.json
2025-10-10 19:09:24,791 - INFO - Character data saved successfully to character_data.json
2025-10-10 19:09:25,035 - INFO - Character data saved successfully to character_data.json
2025-10-10 19:09:25,083 - INFO - Character data saved successfully to character_data.json
2025-10-10 19:09:25,247 - INFO - Character data saved successfully to character_data.json
2025-10-10 19:09:25,341 - INFO - Character data saved successfully to character_data.json
2025-10-10 19:09:25,464 - INFO - Character data saved successfully to character_data.json
2025-10-10 19:09:25,720 - INFO - Character data saved successfully to character_data.json
2025-10-10 19:09:25,817 - INFO - Character data saved successfully to character_data.json
2025-10-10 19:09:25,944 - INFO - Character data saved successfully to character_data.json
2025-10-10 19:09:26,091 - INFO - Character data saved successfully to character_data.json
2025-10-10 19:09:26,154 - INFO - Character data saved successfully to character_data.json
2025-10-10 19:09:26,225 - INFO - Character data saved successfully to character_data.json
2025-10-10 19:09:26,324 - INFO - Character data saved successfully to character_data.json
2025-10-10 19:09:26,808 - INFO - Character data saved successfully to character_data.json
2025-10-10 19:09:27,162 - INFO - Character data saved successfully to character_data.json
2025-10-10 19:09:27,245 - INFO - Character data saved successfully to character_data.json
2025-10-10 19:09:27,360 - INFO - Character data saved successfully to character_data.json
2025-10-10 19:09:27,434 - INFO - Character data saved successfully to character_data.json
2025-10-10 19:09:27,603 - INFO - Character data saved successfully to character_data.json
2025-10-10 19:09:28,160 - INFO - Character data saved successfully to character_data.json
2025-10-10 19:09:28,294 - INFO - Character data saved successfully to character_data.json
2025-10-10 19:09:28,425 - INFO - Character data saved successfully to character_data.json
2025-10-10 19:09:28,524 - INFO - Character data saved successfully to character_data.json
2025-10-10 19:09:28,920 - INFO - Character data saved successfully to character_data.json
2025-10-10 19:09:29,114 - INFO - Character data saved successfully to character_data.json
2025-10-10 19:09:29,248 - INFO - Character data saved successfully to character_data.json
2025-10-10 19:09:29,808 - INFO - Character data saved successfully to character_data.json
2025-10-10 19:09:31,130 - INFO - Character data saved successfully to character_data.json
2025-10-10 19:09:31,250 - INFO - Character data saved successfully to character_data.json
2025-10-10 19:09:31,370 - INFO - Character data saved successfully to character_data.json
2025-10-10 19:09:31,468 - INFO - Character data saved successfully to character_data.json
2025-10-10 19:09:31,685 - INFO - Character data saved successfully to character_data.json
2025-10-10 19:09:49,572 - INFO - Character data saved successfully to character_data.json
2025-10-10 19:10:16,650 - INFO - Character data saved successfully to character_data.json
2025-10-10 19:11:47,525 - INFO - Character data saved successfully to character_data.json
2025-10-10 19:11:49,125 - INFO - Character data saved successfully to character_data.json
2025-10-10 19:15:44,028 - INFO - Character data saved successfully to character_data.json
2025-10-10 19:16:04,907 - INFO - Character data saved successfully to character_data.json
2025-10-10 19:16:35,359 - INFO - Character data saved successfully to character_data.json
2025-10-10 19:20:38,832 - INFO - Character data saved successfully to character_data.json
2025-10-10 19:20:43,470 - INFO - Character data saved successfully to character_data.json
2025-10-10 19:25:32,525 - INFO - Character data saved successfully to character_data.json
2025-10-10 19:26:58,819 - INFO - Character data saved successfully to character_data.json
2025-10-10 19:30:57,166 - INFO - Window resized to 1461x974 (3:2 ratio maintained: 1.500:1)
2025-10-10 19:34:53,536 - INFO - Character data saved successfully to character_data.json
2025-10-10 19:34:56,211 - INFO - Character data saved successfully to character_data.json
2025-10-10 19:34:56,486 - INFO - Character data saved successfully to character_data.json
2025-10-10 19:34:56,628 - INFO - Character data saved successfully to character_data.json
2025-10-10 19:34:56,804 - INFO - Character data saved successfully to character_data.json
2025-10-10 19:34:57,033 - INFO - Character data saved successfully to character_data.json
2025-10-10 19:34:57,286 - INFO - Character data saved successfully to character_data.json
2025-10-10 19:34:57,412 - INFO - Character data saved successfully to character_data.json
2025-10-10 19:34:57,602 - INFO - Character data saved successfully to character_data.json
2025-10-10 19:34:58,303 - INFO - Character data saved successfully to character_data.json
2025-10-10 19:34:58,392 - INFO - Character data saved successfully to character_data.json
2025-10-10 19:34:58,513 - INFO - Character data saved successfully to character_data.json
2025-10-10 19:34:58,793 - INFO - Character data saved successfully to character_data.json
2025-10-10 19:34:58,888 - INFO - Character data saved successfully to character_data.json
2025-10-10 19:34:59,853 - INFO - Character data saved successfully to character_data.json
2025-10-10 19:34:59,969 - INFO - Character data saved successfully to character_data.json
2025-10-10 19:35:00,090 - INFO - Character data saved successfully to character_data.json
2025-10-10 19:35:00,229 - INFO - Character data saved successfully to character_data.json
2025-10-10 19:35:00,535 - INFO - Character data saved successfully to character_data.json
2025-10-10 19:35:01,117 - INFO - Character data saved successfully to character_data.json
2025-10-10 19:35:01,229 - INFO - Character data saved successfully to character_data.json
2025-10-10 19:35:02,468 - INFO - Character data saved successfully to character_data.json
2025-10-10 19:35:02,542 - INFO - Character data saved successfully to character_data.json
2025-10-10 19:35:03,608 - INFO - Character data saved successfully to character_data.json
2025-10-10 19:35:03,776 - INFO - Character data saved successfully to character_data.json
2025-10-10 19:35:03,945 - INFO - Character data saved successfully to character_data.json
2025-10-10 19:35:04,359 - INFO - Character data saved successfully to character_data.json
2025-10-10 19:35:04,943 - INFO - Character data saved successfully to character_data.json
2025-10-10 19:35:05,093 - INFO - Character data saved successfully to character_data.json
2025-10-10 19:35:05,202 - INFO - Character data saved successfully to character_data.json
2025-10-10 19:35:05,370 - INFO - Character data saved successfully to character_data.json
2025-10-10 19:35:05,493 - INFO - Character data saved successfully to character_data.json
2025-10-10 19:35:05,564 - INFO - Character data saved successfully to character_data.json
2025-10-10 19:35:05,760 - INFO - Character data saved successfully to character_data.json
2025-10-10 19:35:06,418 - INFO - Character data saved successfully to character_data.json
2025-10-10 19:35:06,542 - INFO - Character data saved successfully to character_data.json
2025-10-10 19:35:06,963 - INFO - Character data saved successfully to character_data.json
2025-10-10 19:35:08,014 - INFO - Character data saved successfully to character_data.json
2025-10-10 19:35:08,287 - INFO - Character data saved successfully to character_data.json
2025-10-10 19:35:08,337 - INFO - Character data saved successfully to character_data.json
2025-10-10 19:35:08,727 - INFO - Character data saved successfully to character_data.json
2025-10-10 19:35:08,867 - INFO - Character data saved successfully to character_data.json
2025-10-10 19:35:15,929 - INFO - Character data saved successfully to character_data.json
2025-10-10 19:35:16,086 - INFO - Character data saved successfully to character_data.json
2025-10-10 19:35:16,478 - INFO - Character data saved successfully to character_data.json
2025-10-10 19:35:16,923 - INFO - Character data saved successfully to character_data.json
2025-10-10 19:35:17,090 - INFO - Character data saved successfully to character_data.json
2025-10-10 19:35:17,244 - INFO - Character data saved successfully to character_data.json
2025-10-10 19:37:57,504 - INFO - Window resized to 1461x974 (3:2 ratio maintained: 1.500:1)
2025-10-10 19:38:09,106 - INFO - Window resized to 1461x974 (3:2 ratio maintained: 1.500:1)
2025-10-10 19:38:18,560 - INFO - Window resized to 1461x974 (3:2 ratio maintained: 1.500:1)
2025-10-10 19:38:23,448 - INFO - Character data saved successfully to character_data.json
2025-10-10 19:38:23,585 - INFO - Character data saved successfully to character_data.json
2025-10-10 19:38:25,067 - INFO - Character data saved successfully to character_data.json
2025-10-10 19:38:25,183 - INFO - Character data saved successfully to character_data.json
2025-10-10 19:38:25,551 - INFO - Character data saved successfully to character_data.json
2025-10-10 19:38:26,385 - INFO - Character data saved successfully to character_data.json
2025-10-10 19:38:54,653 - INFO - Character data saved successfully to character_data.json
2025-10-10 19:38:54,757 - INFO - Character data saved successfully to character_data.json
2025-10-10 19:38:55,170 - INFO - Character data saved successfully to character_data.json
2025-10-10 19:52:40,077 - INFO - Character data saved successfully to character_data.json
2025-10-10 19:52:40,253 - INFO - Character data saved successfully to character_data.json
2025-10-10 19:52:40,402 - INFO - Character data saved successfully to character_data.json
2025-10-10 19:52:40,514 - INFO - Character data saved successfully to character_data.json
2025-10-10 19:52:41,295 - INFO - Character data saved successfully to character_data.json
2025-10-10 19:52:41,625 - INFO - Character data saved successfully to character_data.json
2025-10-10 19:52:41,765 - INFO - Character data saved successfully to character_data.json
2025-10-10 19:52:41,835 - INFO - Character data saved successfully to character_data.json
2025-10-10 19:52:42,067 - INFO - Character data saved successfully to character_data.json
2025-10-10 19:52:42,238 - INFO - Character data saved successfully to character_data.json
2025-10-10 19:52:42,370 - INFO - Character data saved successfully to character_data.json
2025-10-10 19:52:42,444 - INFO - Character data saved successfully to character_data.json
2025-10-10 19:52:42,811 - INFO - Character data saved successfully to character_data.json
2025-10-10 19:52:42,955 - INFO - Character data saved successfully to character_data.json
2025-10-10 19:52:43,098 - INFO - Character data saved successfully to character_data.json
2025-10-10 19:52:43,225 - INFO - Character data saved successfully to character_data.json
2025-10-10 19:52:43,346 - INFO - Character data saved successfully to character_data.json
2025-10-10 19:52:43,462 - INFO - Character data saved successfully to character_data.json
2025-10-10 19:52:43,619 - INFO - Character data saved successfully to character_data.json
2025-10-10 19:52:43,712 - INFO - Character data saved successfully to character_data.json
2025-10-10 19:52:43,865 - INFO - Character data saved successfully to character_data.json
2025-10-10 19:52:43,957 - INFO - Character data saved successfully to character_data.json
2025-10-10 19:52:44,026 - INFO - Character data saved successfully to character_data.json
2025-10-10 19:52:44,578 - INFO - Character data saved successfully to character_data.json
2025-10-10 19:52:44,671 - INFO - Character data saved successfully to character_data.json
2025-10-10 19:52:44,784 - INFO - Character data saved successfully to character_data.json
2025-10-10 19:52:45,009 - INFO - Character data saved successfully to character_data.json
2025-10-10 19:52:45,081 - INFO - Character data saved successfully to character_data.json
2025-10-10 19:52:45,283 - INFO - Character data saved successfully to character_data.json
2025-10-10 19:52:45,376 - INFO - Character data saved successfully to character_data.json
2025-10-10 19:52:45,535 - INFO - Character data saved successfully to character_data.json
2025-10-10 19:52:45,631 - INFO - Character data saved successfully to character_data.json
2025-10-10 19:52:45,842 - INFO - Character data saved successfully to character_data.json
2025-10-10 19:52:45,979 - INFO - Character data saved successfully to character_data.json
2025-10-10 19:52:46,091 - INFO - Character data saved successfully to character_data.json
2025-10-10 19:52:46,184 - INFO - Character data saved successfully to character_data.json
2025-10-10 19:52:46,320 - INFO - Character data saved successfully to character_data.json
2025-10-10 19:52:46,413 - INFO - Character data saved successfully to character_data.json
2025-10-10 19:52:46,568 - INFO - Character data saved successfully to character_data.json
2025-10-10 19:52:46,645 - INFO - Character data saved successfully to character_data.json
2025-10-10 19:52:46,702 - INFO - Character data saved successfully to character_data.json
2025-10-10 19:52:46,795 - INFO - Character data saved successfully to character_data.json
2025-10-10 19:52:46,934 - INFO - Character data saved successfully to character_data.json
2025-10-10 19:52:47,065 - INFO - Character data saved successfully to character_data.json
2025-10-10 19:52:47,473 - INFO - Character data saved successfully to character_data.json
2025-10-10 19:52:47,564 - INFO - Character data saved successfully to character_data.json
2025-10-10 19:52:47,734 - INFO - Character data saved successfully to character_data.json
2025-10-10 19:52:47,872 - INFO - Character data saved successfully to character_data.json
2025-10-10 19:52:47,988 - INFO - Character data saved successfully to character_data.json
2025-10-10 19:52:48,688 - INFO - Character data saved successfully to character_data.json
2025-10-10 19:52:48,919 - INFO - Character data saved successfully to character_data.json
2025-10-10 19:52:49,014 - INFO - Character data saved successfully to character_data.json
2025-10-10 19:52:49,131 - INFO - Character data saved successfully to character_data.json
2025-10-10 19:52:49,247 - INFO - Character data saved successfully to character_data.json
2025-10-10 19:52:49,273 - INFO - Character data saved successfully to character_data.json
2025-10-10 19:52:49,526 - INFO - Character data saved successfully to character_data.json
2025-10-10 19:52:49,692 - INFO - Character data saved successfully to character_data.json
2025-10-10 19:52:50,162 - INFO - Character data saved successfully to character_data.json
2025-10-10 19:52:54,347 - INFO - Character data saved successfully to character_data.json
2025-10-10 19:52:54,526 - INFO - Character data saved successfully to character_data.json
2025-10-10 19:52:54,679 - INFO - Character data saved successfully to character_data.json
2025-10-10 19:52:55,051 - INFO - Character data saved successfully to character_data.json
2025-10-10 19:52:55,404 - INFO - Character data saved successfully to character_data.json
2025-10-10 19:52:55,581 - INFO - Character data saved successfully to character_data.json
2025-10-10 19:52:55,674 - INFO - Character data saved successfully to character_data.json
2025-10-10 19:52:55,765 - INFO - Character data saved successfully to character_data.json
2025-10-10 19:52:55,923 - INFO - Character data saved successfully to character_data.json
2025-10-10 19:52:55,992 - INFO - Character data saved successfully to character_data.json
2025-10-10 19:52:56,150 - INFO - Character data saved successfully to character_data.json
2025-10-10 19:52:56,411 - INFO - Character data saved successfully to character_data.json
2025-10-10 19:52:56,599 - INFO - Character data saved successfully to character_data.json
2025-10-10 19:52:56,752 - INFO - Character data saved successfully to character_data.json
2025-10-10 19:52:56,827 - INFO - Character data saved successfully to character_data.json
2025-10-10 19:52:56,947 - INFO - Character data saved successfully to character_data.json
2025-10-10 19:52:57,173 - INFO - Character data saved successfully to character_data.json
2025-10-10 19:52:57,291 - INFO - Character data saved successfully to character_data.json
2025-10-10 19:52:57,450 - INFO - Character data saved successfully to character_data.json
2025-10-10 19:52:57,762 - INFO - Character data saved successfully to character_data.json
2025-10-10 19:52:58,006 - INFO - Character data saved successfully to character_data.json
2025-10-10 19:52:58,624 - INFO - Character data saved successfully to character_data.json
2025-10-10 19:52:58,795 - INFO - Character data saved successfully to character_data.json
2025-10-10 19:52:58,935 - INFO - Character data saved successfully to character_data.json
2025-10-10 19:52:59,032 - INFO - Character data saved successfully to character_data.json
2025-10-10 19:53:00,147 - INFO - Character data saved successfully to character_data.json
2025-10-10 19:53:00,349 - INFO - Character data saved successfully to character_data.json
2025-10-10 19:53:00,465 - INFO - Character data saved successfully to character_data.json
2025-10-10 19:53:00,581 - INFO - Character data saved successfully to character_data.json
2025-10-10 19:53:00,791 - INFO - Character data saved successfully to character_data.json
2025-10-10 19:53:00,993 - INFO - Character data saved successfully to character_data.json
2025-10-10 19:53:01,179 - INFO - Character data saved successfully to character_data.json
2025-10-10 19:53:01,321 - INFO - Character data saved successfully to character_data.json
2025-10-10 19:53:01,888 - INFO - Character data saved successfully to character_data.json
2025-10-10 19:53:04,323 - INFO - Character data saved successfully to character_data.json
2025-10-10 19:53:04,579 - INFO - Character data saved successfully to character_data.json
2025-10-10 19:53:04,644 - INFO - Character data saved successfully to character_data.json
2025-10-10 19:53:04,775 - INFO - Character data saved successfully to character_data.json
2025-10-10 19:53:04,917 - INFO - Character data saved successfully to character_data.json
2025-10-10 19:53:05,030 - INFO - Character data saved successfully to character_data.json
2025-10-10 19:53:05,338 - INFO - Character data saved successfully to character_data.json
2025-10-10 19:53:05,471 - INFO - Character data saved successfully to character_data.json
2025-10-10 19:53:05,718 - INFO - Character data saved successfully to character_data.json
2025-10-10 19:53:09,114 - INFO - Character data saved successfully to character_data.json
2025-10-10 19:53:09,257 - INFO - Character data saved successfully to character_data.json
2025-10-10 19:53:09,392 - INFO - Character data saved successfully to character_data.json
2025-10-10 19:53:09,528 - INFO - Character data saved successfully to character_data.json
2025-10-10 19:53:09,878 - INFO - Character data saved successfully to character_data.json
2025-10-10 19:53:10,120 - INFO - Character data saved successfully to character_data.json
2025-10-10 19:53:10,337 - INFO - Character data saved successfully to character_data.json
2025-10-10 19:53:10,435 - INFO - Character data saved successfully to character_data.json
2025-10-10 19:53:10,530 - INFO - Character data saved successfully to character_data.json
2025-10-10 19:53:10,939 - INFO - Character data saved successfully to character_data.json
2025-10-10 19:53:11,050 - INFO - Character data saved successfully to character_data.json
2025-10-10 19:53:11,262 - INFO - Character data saved successfully to character_data.json
2025-10-10 19:53:11,550 - INFO - Character data saved successfully to character_data.json
2025-10-10 19:53:11,654 - INFO - Character data saved successfully to character_data.json
2025-10-10 19:53:12,220 - INFO - Character data saved successfully to character_data.json
2025-10-10 19:53:12,486 - INFO - Character data saved successfully to character_data.json
2025-10-10 19:53:12,629 - INFO - Character data saved successfully to character_data.json
2025-10-10 19:53:12,762 - INFO - Character data saved successfully to character_data.json
2025-10-10 19:53:12,915 - INFO - Character data saved successfully to character_data.json
2025-10-10 19:53:13,270 - INFO - Character data saved successfully to character_data.json
2025-10-10 19:53:13,579 - INFO - Character data saved successfully to character_data.json
2025-10-10 19:53:13,797 - INFO - Character data saved successfully to character_data.json
2025-10-10 19:53:13,946 - INFO - Character data saved successfully to character_data.json
2025-10-10 19:53:14,219 - INFO - Character data saved successfully to character_data.json
2025-10-10 19:53:14,353 - INFO - Character data saved successfully to character_data.json
2025-10-10 19:53:14,477 - INFO - Character data saved successfully to character_data.json
2025-10-10 19:53:14,681 - INFO - Character data saved successfully to character_data.json
2025-10-10 19:53:14,798 - INFO - Character data saved successfully to character_data.json
2025-10-10 19:53:14,912 - INFO - Character data saved successfully to character_data.json
2025-10-10 19:53:14,971 - INFO - Character data saved successfully to character_data.json
2025-10-10 19:53:15,190 - INFO - Character data saved successfully to character_data.json
2025-10-10 19:54:33,708 - INFO - Character data saved successfully to character_data.json
2025-10-10 19:58:02,246 - INFO - Character data saved successfully to character_data.json
2025-10-10 20:01:54,890 - INFO - Long rest completed!
2025-10-10 20:01:54,890 - INFO - - Restored 12 HP to full (84)
2025-10-10 20:01:54,890 - INFO - - Restored all spell slots
2025-10-10 20:01:54,890 - INFO - - All resources refreshed!
2025-10-10 20:01:54,893 - INFO - Character data saved successfully to character_data.json
2025-10-10 20:01:57,813 - INFO - Selected action: Indomitable
2025-10-10 20:13:37,505 - INFO - Character data saved successfully to character_data.json
