2025-11-15 18:14:51,883 - INFO - D&D Character Tracker started - Log file: logs\dnd_tracker_20251115_181451.log
2025-11-15 18:14:52,074 - INFO - Pygame initialized successfully
2025-11-15 18:14:52,076 - INFO - Detected DPI: 96, Scale factor: 1.00
2025-11-15 18:14:52,077 - INFO - Screen resolution: 1920x1080
2025-11-15 18:14:52,077 - INFO - Work area: 1920x1032
2025-11-15 18:14:52,078 - INFO - Adaptive window size: 1488x992 (aspect ratio: 1.500)
2025-11-15 18:14:52,078 - INFO - Creating D&D Character Tool application
2025-11-15 18:14:52,691 - INFO - Loading character data from C:\Users\lucas\OneDrive\Documents\D&D\Tracker_Ramil\character_data.json
2025-11-15 18:14:52,693 - INFO - Loaded spell slots: {'1st': 4, '2nd': 2}
2025-11-15 18:14:52,693 - INFO - Loaded current spell slots: {'1st': 2, '2nd': 2}
2025-11-15 18:14:52,693 - INFO - Loaded character: Ramil al-Sayif
2025-11-15 18:14:52,694 - INFO - Weapons loaded: 3
2025-11-15 18:14:52,694 - INFO - Fighting styles: {'two_weapon_fighting': True, 'dueling': False, 'dueling_bonus': 0}
2025-11-15 18:14:52,694 - INFO - Window initialized at 1488x992 (aspect ratio: 1.50:1)
2025-11-15 18:14:52,695 - INFO -    • Window automatically adjusts to display scaling (100%, 125%, 150%)
2025-11-15 18:14:52,697 - INFO -    • Locked to 3:2 aspect ratio (1536x1024) for optimal viewing
2025-11-15 18:14:52,697 - INFO -    • Press F11 to toggle fullscreen mode
2025-11-15 18:14:52,697 - INFO -    • Press ESC to exit fullscreen
2025-11-15 18:14:52,697 - INFO -    • Window is resizable - aspect ratio maintained automatically
2025-11-15 18:14:52,717 - INFO - Starting application main loop
2025-11-15 18:14:53,766 - ERROR - An error occurred: 'DnDCharacterTool' object has no attribute 'build_spell_render_list'
2025-11-15 18:14:53,767 - ERROR - Full traceback:
2025-11-15 18:14:53,768 - ERROR - Traceback (most recent call last):
  File "C:\Users\lucas\OneDrive\Documents\D&D\Tracker_Ramil\main.py", line 5894, in main
    app.run()
  File "C:\Users\lucas\OneDrive\Documents\D&D\Tracker_Ramil\main.py", line 5035, in run
    self.handle_input(event)
  File "C:\Users\lucas\OneDrive\Documents\D&D\Tracker_Ramil\main.py", line 3556, in handle_input
    self.handle_main_menu_clicks(event.pos)
  File "C:\Users\lucas\OneDrive\Documents\D&D\Tracker_Ramil\main.py", line 3579, in handle_main_menu_clicks
    self.handle_main_button_press(i)
  File "C:\Users\lucas\OneDrive\Documents\D&D\Tracker_Ramil\main.py", line 3841, in handle_main_button_press
    self.switch_to_spell_menu()
  File "C:\Users\lucas\OneDrive\Documents\D&D\Tracker_Ramil\main.py", line 3898, in switch_to_spell_menu
    self.create_spell_buttons()
  File "C:\Users\lucas\OneDrive\Documents\D&D\Tracker_Ramil\main.py", line 1922, in create_spell_buttons
    render_list = self.build_spell_render_list()
AttributeError: 'DnDCharacterTool' object has no attribute 'build_spell_render_list'

