2025-11-09 12:29:33,653 - INFO - D&D Character Tracker started - Log file: logs\dnd_tracker_20251109_122933.log
2025-11-09 12:29:34,072 - INFO - Pygame initialized successfully
2025-11-09 12:29:34,074 - INFO - Detected DPI: 144, Scale factor: 1.50
2025-11-09 12:29:34,075 - INFO - Screen resolution: 1920x1080
2025-11-09 12:29:34,075 - INFO - Work area: 1920x1008
2025-11-09 12:29:34,075 - INFO - Adaptive window size: 1305x870 (aspect ratio: 1.500)
2025-11-09 12:29:34,076 - INFO - Creating D&D Character Tool application
2025-11-09 12:29:34,673 - INFO - Loading character data from C:\Users\lucas\OneDrive\Documents\D&D\Tracker_Ramil\character_data.json
2025-11-09 12:29:34,673 - INFO - Loaded spell slots: {}
2025-11-09 12:29:34,673 - INFO - Loaded current spell slots: {}
2025-11-09 12:29:34,675 - INFO - Loaded character: Ramil al-Sayif
2025-11-09 12:29:34,675 - INFO - Weapons loaded: 3
2025-11-09 12:29:34,675 - INFO - Fighting styles: {'two_weapon_fighting': True, 'dueling': False, 'dueling_bonus': 0}
2025-11-09 12:29:34,675 - INFO - Window initialized at 1305x870 (aspect ratio: 1.50:1)
2025-11-09 12:29:34,678 - INFO -    • Window automatically adjusts to display scaling (100%, 125%, 150%)
2025-11-09 12:29:34,678 - INFO -    • Locked to 3:2 aspect ratio (1536x1024) for optimal viewing
2025-11-09 12:29:34,679 - INFO -    • Press F11 to toggle fullscreen mode
2025-11-09 12:29:34,679 - INFO -    • Press ESC to exit fullscreen
2025-11-09 12:29:34,679 - INFO -    • Window is resizable - aspect ratio maintained automatically
2025-11-09 12:29:34,696 - INFO - Starting application main loop
2025-11-09 12:29:35,904 - INFO - Launched world map viewer.
2025-11-09 12:37:40,501 - INFO - Window resized to 1400x933 (aspect ratio maintained: 1.501:1)
2025-11-09 12:37:41,435 - INFO - Character data saved successfully (7 characters)
