2025-11-08 13:02:29,698 - INFO - D&D Character Tracker started - Log file: logs\dnd_tracker_20251108_130229.log
2025-11-08 13:02:29,872 - INFO - Pygame initialized successfully
2025-11-08 13:02:29,874 - INFO - Detected DPI: 96, Scale factor: 1.00
2025-11-08 13:02:29,874 - INFO - Screen resolution: 1920x1080
2025-11-08 13:02:29,874 - INFO - Work area: 1920x1032
2025-11-08 13:02:29,874 - INFO - Adaptive window size: 1488x992 (aspect ratio: 1.500)
2025-11-08 13:02:29,875 - INFO - Creating D&D Character Tool application
2025-11-08 13:02:30,473 - INFO - Loading character data from C:\Users\lucas\OneDrive\Documents\D&D\Tracker_Ramil\character_data.json
2025-11-08 13:02:30,475 - INFO - Loaded spell slots: {}
2025-11-08 13:02:30,475 - INFO - Loaded current spell slots: {}
2025-11-08 13:02:30,476 - INFO - Loaded character: Ramil al-Sayif
2025-11-08 13:02:30,476 - INFO - Weapons loaded: 3
2025-11-08 13:02:30,476 - INFO - Fighting styles: {'two_weapon_fighting': True, 'dueling': False, 'dueling_bonus': 0}
2025-11-08 13:02:30,476 - INFO - Window initialized at 1488x992 (aspect ratio: 1.50:1)
2025-11-08 13:02:30,478 - INFO -    • Window automatically adjusts to display scaling (100%, 125%, 150%)
2025-11-08 13:02:30,478 - INFO -    • Locked to 3:2 aspect ratio (1536x1024) for optimal viewing
2025-11-08 13:02:30,478 - INFO -    • Press F11 to toggle fullscreen mode
2025-11-08 13:02:30,480 - INFO -    • Press ESC to exit fullscreen
2025-11-08 13:02:30,480 - INFO -    • Window is resizable - aspect ratio maintained automatically
2025-11-08 13:02:30,497 - INFO - Starting application main loop
2025-11-08 13:02:46,544 - INFO - Character data saved successfully (13 characters)
2025-11-08 13:07:54,650 - INFO - Character data saved successfully (13 characters)
