2025-11-08 18:37:11,408 - INFO - D&D Character Tracker started - Log file: logs\dnd_tracker_20251108_183711.log
2025-11-08 18:37:11,910 - INFO - Pygame initialized successfully
2025-11-08 18:37:11,912 - INFO - Detected DPI: 144, Scale factor: 1.50
2025-11-08 18:37:11,912 - INFO - Screen resolution: 1920x1080
2025-11-08 18:37:11,912 - INFO - Work area: 1920x1008
2025-11-08 18:37:11,912 - INFO - Adaptive window size: 1305x870 (aspect ratio: 1.500)
2025-11-08 18:37:11,912 - INFO - Creating D&D Character Tool application
2025-11-08 18:37:12,710 - INFO - Loading character data from C:\Users\lucas\OneDrive\Documents\D&D\Tracker_Ramil\character_data.json
2025-11-08 18:37:12,711 - INFO - Loaded spell slots: {}
2025-11-08 18:37:12,711 - INFO - Loaded current spell slots: {}
2025-11-08 18:37:12,711 - INFO - Loaded character: Ramil al-Sayif
2025-11-08 18:37:12,712 - INFO - Weapons loaded: 3
2025-11-08 18:37:12,712 - INFO - Fighting styles: {'two_weapon_fighting': True, 'dueling': False, 'dueling_bonus': 0}
2025-11-08 18:37:12,713 - INFO - Window initialized at 1305x870 (aspect ratio: 1.50:1)
2025-11-08 18:37:12,714 - INFO -    • Window automatically adjusts to display scaling (100%, 125%, 150%)
2025-11-08 18:37:12,715 - INFO -    • Locked to 3:2 aspect ratio (1536x1024) for optimal viewing
2025-11-08 18:37:12,715 - INFO -    • Press F11 to toggle fullscreen mode
2025-11-08 18:37:12,715 - INFO -    • Press ESC to exit fullscreen
2025-11-08 18:37:12,715 - INFO -    • Window is resizable - aspect ratio maintained automatically
2025-11-08 18:37:12,734 - INFO - Starting application main loop
2025-11-08 18:37:16,458 - INFO - Window resized to 1443x962 (aspect ratio maintained: 1.500:1)
2025-11-08 18:37:31,058 - INFO - Selected weapon: Shortsword (Vex Mastery)
2025-11-08 18:37:39,365 - INFO - Character data saved successfully (7 characters)
2025-11-08 18:38:30,460 - INFO - Character data saved successfully (7 characters)
