2025-11-26 23:49:31,383 - INFO - D&D Character Tracker started - Log file: logs\dnd_tracker_20251126_234931.log
2025-11-26 23:49:31,624 - INFO - Pygame initialized successfully
2025-11-26 23:49:31,626 - INFO - Detected DPI: 96, Scale factor: 1.00
2025-11-26 23:49:31,626 - INFO - Screen resolution: 1920x1080
2025-11-26 23:49:31,626 - INFO - Work area: 1920x1032
2025-11-26 23:49:31,626 - INFO - Adaptive window size: 1488x992 (aspect ratio: 1.500)
2025-11-26 23:49:31,627 - INFO - Creating D&D Character Tool application
2025-11-26 23:49:32,595 - INFO - Loading character data from C:\Users\lucas\OneDrive\Documents\D&D\Tracker_Ramil\character_data.json
2025-11-26 23:49:32,598 - INFO - Loaded spell slots: {'1st': 4, '2nd': 2}
2025-11-26 23:49:32,598 - INFO - Loaded current spell slots: {'1st': 1, '2nd': 2}
2025-11-26 23:49:32,598 - INFO - Loaded character: Ramil al-Sayif
2025-11-26 23:49:32,598 - INFO - Weapons loaded: 3
2025-11-26 23:49:32,598 - INFO - Fighting styles: {'two_weapon_fighting': True, 'dueling': False, 'dueling_bonus': 0}
2025-11-26 23:49:32,599 - INFO - Window initialized at 1488x992 (aspect ratio: 1.50:1)
2025-11-26 23:49:32,599 - INFO - Adaptive Resolution Features:
2025-11-26 23:49:32,599 - INFO -    - Window automatically adjusts to display scaling (100%, 125%, 150%)
2025-11-26 23:49:32,599 - INFO -    - Locked to 3:2 aspect ratio (1536x1024) for optimal viewing
2025-11-26 23:49:32,599 - INFO -    - Press F11 to toggle fullscreen mode
2025-11-26 23:49:32,601 - INFO -    - Press ESC to exit fullscreen
2025-11-26 23:49:32,601 - INFO -    - Window is resizable - aspect ratio maintained automatically
2025-11-26 23:49:32,630 - INFO - Starting application main loop
2025-11-26 23:50:01,007 - INFO - Selected spell: Shadow Blade
2025-11-26 23:50:03,905 - INFO - Selected spell: Misty Step
2025-11-26 23:50:44,880 - INFO - Selected action: Bladesong
2025-11-26 23:50:55,104 - INFO - Selected action: Second Wind
2025-11-26 23:50:55,119 - ERROR - An error occurred: local variable 'bonuses' referenced before assignment
2025-11-26 23:50:55,120 - ERROR - Full traceback:
2025-11-26 23:50:55,120 - ERROR - Traceback (most recent call last):
  File "C:\Users\lucas\OneDrive\Documents\D&D\Tracker_Ramil\main.py", line 6037, in main
    app.run()
  File "C:\Users\lucas\OneDrive\Documents\D&D\Tracker_Ramil\main.py", line 5152, in run
    self.draw()
  File "C:\Users\lucas\OneDrive\Documents\D&D\Tracker_Ramil\main.py", line 4231, in draw
    self.draw_actions_menu(self.screen)
  File "C:\Users\lucas\OneDrive\Documents\D&D\Tracker_Ramil\main.py", line 5631, in draw_actions_menu
    self.draw_action_info_box(screen)
  File "C:\Users\lucas\OneDrive\Documents\D&D\Tracker_Ramil\main.py", line 5679, in draw_action_info_box
    for bonus in bonuses:
UnboundLocalError: local variable 'bonuses' referenced before assignment

