2025-10-10 18:57:58,312 - INFO - D&D Character Tracker started - Log file: logs\dnd_tracker_20251010_185758.log
2025-10-10 18:57:58,596 - INFO - Pygame initialized successfully
2025-10-10 18:57:58,599 - INFO - Detected DPI: 144, Scale factor: 1.50
2025-10-10 18:57:58,599 - INFO - Screen resolution: 1920x1080
2025-10-10 18:57:58,600 - INFO - Work area: 1920x1008
2025-10-10 18:57:58,600 - INFO - Adaptive window size: 1152x768 (aspect ratio: 1.500)
2025-10-10 18:57:58,601 - INFO - Creating D&D Character Tool application
2025-10-10 18:57:59,451 - INFO - Loading character data from character_data.json
2025-10-10 18:57:59,472 - INFO - Loaded character: Barian the Broken
2025-10-10 18:57:59,472 - INFO - Weapons loaded: 3
2025-10-10 18:57:59,472 - INFO - Fighting styles: {'dueling': True, 'dueling_bonus': 2}
2025-10-10 18:57:59,472 - INFO - Window initialized at 1152x768 (aspect ratio: 1.50:1)
2025-10-10 18:57:59,475 - INFO -    • Window automatically adjusts to display scaling (100%, 125%, 150%)
2025-10-10 18:57:59,475 - INFO -    • Locked to 16:9 aspect ratio for optimal viewing
2025-10-10 18:57:59,475 - INFO -    • Press F11 to toggle fullscreen mode
2025-10-10 18:57:59,475 - INFO -    • Press ESC to exit fullscreen
2025-10-10 18:57:59,475 - INFO -    • Window is resizable - aspect ratio maintained automatically
2025-10-10 18:57:59,480 - INFO - Starting application main loop
2025-10-10 18:58:04,518 - INFO - Window resized to 1441x961 (3:2 ratio maintained: 1.499:1)
2025-10-10 18:58:06,035 - INFO - Selected spell: Warding Wind
2025-10-10 18:59:55,135 - INFO - Character data saved successfully to character_data.json
