2025-11-15 22:47:55,327 - INFO - D&D Character Tracker started - Log file: logs\dnd_tracker_20251115_224755.log
2025-11-15 22:47:55,668 - INFO - Pygame initialized successfully
2025-11-15 22:47:55,671 - INFO - Detected DPI: 144, Scale factor: 1.50
2025-11-15 22:47:55,671 - INFO - Screen resolution: 1920x1080
2025-11-15 22:47:55,672 - INFO - Work area: 1920x1008
2025-11-15 22:47:55,672 - INFO - Adaptive window size: 1305x870 (aspect ratio: 1.500)
2025-11-15 22:47:55,672 - INFO - Creating D&D Character Tool application
2025-11-15 22:47:56,833 - INFO - Loading character data from C:\Users\lucas\OneDrive\Documents\D&D\Tracker_Ramil\character_data.json
2025-11-15 22:47:56,836 - INFO - Loaded spell slots: {'1st': 4, '2nd': 2}
2025-11-15 22:47:56,836 - INFO - Loaded current spell slots: {'1st': 2, '2nd': 2}
2025-11-15 22:47:56,837 - INFO - Loaded character: Ramil al-Sayif
2025-11-15 22:47:56,837 - INFO - Weapons loaded: 3
2025-11-15 22:47:56,837 - INFO - Fighting styles: {'two_weapon_fighting': True, 'dueling': False, 'dueling_bonus': 0}
2025-11-15 22:47:56,838 - INFO - Window initialized at 1305x870 (aspect ratio: 1.50:1)
2025-11-15 22:47:56,838 - INFO - Adaptive Resolution Features:
2025-11-15 22:47:56,838 - INFO -    - Window automatically adjusts to display scaling (100%, 125%, 150%)
2025-11-15 22:47:56,839 - INFO -    - Locked to 3:2 aspect ratio (1536x1024) for optimal viewing
2025-11-15 22:47:56,839 - INFO -    - Press F11 to toggle fullscreen mode
2025-11-15 22:47:56,840 - INFO -    - Press ESC to exit fullscreen
2025-11-15 22:47:56,840 - INFO -    - Window is resizable - aspect ratio maintained automatically
2025-11-15 22:47:56,851 - INFO - Starting application main loop
2025-11-15 22:48:04,873 - INFO - Window resized to 1461x974 (aspect ratio maintained: 1.500:1)
2025-11-15 22:48:09,929 - INFO - Selected spell: Absorb Elements
2025-11-15 22:48:16,288 - INFO - Character data saved successfully (15 characters)
2025-11-15 22:48:18,532 - INFO - Character data saved successfully (15 characters)
2025-11-15 22:48:20,048 - INFO - Character data saved successfully (15 characters)
2025-11-15 22:48:23,403 - INFO - Character data saved successfully (15 characters)
