2025-11-02 00:55:09,754 - INFO - D&D Character Tracker started - Log file: logs\dnd_tracker_20251102_005509.log
2025-11-02 00:55:10,078 - INFO - Pygame initialized successfully
2025-11-02 00:55:10,082 - INFO - Detected DPI: 144, Scale factor: 1.50
2025-11-02 00:55:10,082 - INFO - Screen resolution: 1920x1080
2025-11-02 00:55:10,083 - INFO - Work area: 1920x1008
2025-11-02 00:55:10,083 - INFO - Adaptive window size: 1152x648 (aspect ratio: 1.778)
2025-11-02 00:55:10,085 - INFO - Creating D&D Character Tool application
2025-11-02 00:55:10,451 - INFO - Loading character data from character_data.json
2025-11-02 00:55:10,453 - INFO - Loaded spell slots: {}
2025-11-02 00:55:10,454 - INFO - Loaded current spell slots: {}
2025-11-02 00:55:10,454 - INFO - Loaded character: Ramil al-Sayif
2025-11-02 00:55:10,454 - INFO - Weapons loaded: 3
2025-11-02 00:55:10,454 - INFO - Fighting styles: {'two_weapon_fighting': True, 'dueling': False, 'dueling_bonus': 0}
2025-11-02 00:55:10,456 - INFO - Window initialized at 1152x648 (aspect ratio: 1.78:1)
2025-11-02 00:55:10,461 - INFO -    • Window automatically adjusts to display scaling (100%, 125%, 150%)
2025-11-02 00:55:10,462 - INFO -    • Locked to 16:9 aspect ratio for optimal viewing
2025-11-02 00:55:10,476 - INFO -    • Press F11 to toggle fullscreen mode
2025-11-02 00:55:10,477 - INFO -    • Press ESC to exit fullscreen
2025-11-02 00:55:10,478 - INFO -    • Window is resizable - aspect ratio maintained automatically
2025-11-02 00:55:10,524 - INFO - Starting application main loop
2025-11-02 00:55:27,138 - INFO - Character data saved successfully to character_data.json
