2025-11-09 14:49:13,456 - INFO - D&D Character Tracker started - Log file: logs\dnd_tracker_20251109_144913.log
2025-11-09 14:49:13,654 - INFO - Pygame initialized successfully
2025-11-09 14:49:13,656 - INFO - Detected DPI: 144, Scale factor: 1.50
2025-11-09 14:49:13,657 - INFO - Screen resolution: 1920x1080
2025-11-09 14:49:13,657 - INFO - Work area: 1920x1008
2025-11-09 14:49:13,657 - INFO - Adaptive window size: 1305x870 (aspect ratio: 1.500)
2025-11-09 14:49:13,658 - INFO - Creating D&D Character Tool application
2025-11-09 14:49:14,222 - INFO - Loading character data from C:\Users\lucas\OneDrive\Documents\D&D\Tracker_Ramil\character_data.json
2025-11-09 14:49:14,231 - INFO - Loaded spell slots: {}
2025-11-09 14:49:14,232 - INFO - Loaded current spell slots: {}
2025-11-09 14:49:14,232 - INFO - Loaded character: Ramil al-Sayif
2025-11-09 14:49:14,232 - INFO - Weapons loaded: 3
2025-11-09 14:49:14,232 - INFO - Fighting styles: {'two_weapon_fighting': True, 'dueling': False, 'dueling_bonus': 0}
2025-11-09 14:49:14,232 - INFO - Window initialized at 1305x870 (aspect ratio: 1.50:1)
2025-11-09 14:49:14,233 - INFO -    • Window automatically adjusts to display scaling (100%, 125%, 150%)
2025-11-09 14:49:14,233 - INFO -    • Locked to 3:2 aspect ratio (1536x1024) for optimal viewing
2025-11-09 14:49:14,234 - INFO -    • Press F11 to toggle fullscreen mode
2025-11-09 14:49:14,234 - INFO -    • Press ESC to exit fullscreen
2025-11-09 14:49:14,234 - INFO -    • Window is resizable - aspect ratio maintained automatically
2025-11-09 14:49:14,248 - INFO - Starting application main loop
2025-11-09 14:49:19,274 - INFO - Launched world map viewer.
2025-11-09 14:49:50,953 - INFO - Character data saved successfully (7 characters)
