2025-11-02 18:51:19,277 - INFO - D&D Character Tracker started - Log file: logs\dnd_tracker_20251102_185119.log
2025-11-02 18:51:19,572 - INFO - Pygame initialized successfully
2025-11-02 18:51:19,574 - INFO - Detected DPI: 144, Scale factor: 1.50
2025-11-02 18:51:19,574 - INFO - Screen resolution: 1920x1080
2025-11-02 18:51:19,574 - INFO - Work area: 1920x1008
2025-11-02 18:51:19,575 - INFO - Adaptive window size: 1152x648 (aspect ratio: 1.778)
2025-11-02 18:51:19,575 - INFO - Creating D&D Character Tool application
2025-11-02 18:51:19,732 - INFO - Loading character data from character_data.json
2025-11-02 18:51:19,733 - INFO - Loaded spell slots: {}
2025-11-02 18:51:19,734 - INFO - Loaded current spell slots: {}
2025-11-02 18:51:19,734 - INFO - Loaded character: Ramil al-Sayif
2025-11-02 18:51:19,734 - INFO - Weapons loaded: 3
2025-11-02 18:51:19,734 - INFO - Fighting styles: {'two_weapon_fighting': True, 'dueling': False, 'dueling_bonus': 0}
2025-11-02 18:51:19,734 - INFO - Window initialized at 1152x648 (aspect ratio: 1.78:1)
2025-11-02 18:51:19,737 - INFO -    • Window automatically adjusts to display scaling (100%, 125%, 150%)
2025-11-02 18:51:19,738 - INFO -    • Locked to 16:9 aspect ratio for optimal viewing
2025-11-02 18:51:19,738 - INFO -    • Press F11 to toggle fullscreen mode
2025-11-02 18:51:19,738 - INFO -    • Press ESC to exit fullscreen
2025-11-02 18:51:19,738 - INFO -    • Window is resizable - aspect ratio maintained automatically
2025-11-02 18:51:19,756 - INFO - Starting application main loop
2025-11-02 18:51:35,258 - INFO - Window resized to 1731x974 (16:9 ratio maintained: 1.777:1)
2025-11-02 18:51:40,133 - INFO - Character data saved successfully (1 characters)
2025-11-02 18:51:40,681 - INFO - Character data saved successfully (1 characters)
2025-11-02 18:51:40,757 - INFO - Character data saved successfully (1 characters)
2025-11-02 18:51:40,844 - INFO - Character data saved successfully (1 characters)
2025-11-02 18:51:40,900 - INFO - Character data saved successfully (1 characters)
2025-11-02 18:51:40,984 - INFO - Character data saved successfully (1 characters)
2025-11-02 18:51:41,056 - INFO - Character data saved successfully (1 characters)
2025-11-02 18:51:41,140 - INFO - Character data saved successfully (1 characters)
2025-11-02 18:51:41,237 - INFO - Character data saved successfully (1 characters)
2025-11-02 18:51:41,296 - INFO - Character data saved successfully (1 characters)
2025-11-02 18:51:41,363 - INFO - Character data saved successfully (1 characters)
2025-11-02 18:51:41,444 - INFO - Character data saved successfully (1 characters)
2025-11-02 18:51:41,499 - INFO - Character data saved successfully (1 characters)
2025-11-02 18:51:41,553 - INFO - Character data saved successfully (1 characters)
2025-11-02 18:51:41,615 - INFO - Character data saved successfully (1 characters)
2025-11-02 18:51:41,698 - INFO - Character data saved successfully (1 characters)
2025-11-02 18:51:41,765 - INFO - Character data saved successfully (1 characters)
2025-11-02 18:51:41,835 - INFO - Character data saved successfully (1 characters)
2025-11-02 18:51:41,905 - INFO - Character data saved successfully (1 characters)
2025-11-02 18:51:41,977 - INFO - Character data saved successfully (1 characters)
2025-11-02 18:51:42,040 - INFO - Character data saved successfully (1 characters)
2025-11-02 18:51:42,116 - INFO - Character data saved successfully (1 characters)
2025-11-02 18:51:42,185 - INFO - Character data saved successfully (1 characters)
2025-11-02 18:51:42,259 - INFO - Character data saved successfully (1 characters)
2025-11-02 18:51:42,329 - INFO - Character data saved successfully (1 characters)
2025-11-02 18:51:42,401 - INFO - Character data saved successfully (1 characters)
2025-11-02 18:51:42,466 - INFO - Character data saved successfully (1 characters)
2025-11-02 18:51:42,539 - INFO - Character data saved successfully (1 characters)
2025-11-02 18:51:42,598 - INFO - Character data saved successfully (1 characters)
2025-11-02 18:51:42,675 - INFO - Character data saved successfully (1 characters)
2025-11-02 18:51:42,751 - INFO - Character data saved successfully (1 characters)
2025-11-02 18:51:42,833 - INFO - Character data saved successfully (1 characters)
2025-11-02 18:51:42,910 - INFO - Character data saved successfully (1 characters)
2025-11-02 18:51:42,988 - INFO - Character data saved successfully (1 characters)
2025-11-02 18:51:43,071 - INFO - Character data saved successfully (1 characters)
2025-11-02 18:51:43,147 - INFO - Character data saved successfully (1 characters)
2025-11-02 18:51:43,200 - INFO - Character data saved successfully (1 characters)
2025-11-02 18:51:43,278 - INFO - Character data saved successfully (1 characters)
2025-11-02 18:51:43,346 - INFO - Character data saved successfully (1 characters)
2025-11-02 18:51:43,426 - INFO - Character data saved successfully (1 characters)
2025-11-02 18:51:43,493 - INFO - Character data saved successfully (1 characters)
2025-11-02 18:51:43,566 - INFO - Character data saved successfully (1 characters)
2025-11-02 18:51:43,623 - INFO - Character data saved successfully (1 characters)
2025-11-02 18:51:43,703 - INFO - Character data saved successfully (1 characters)
2025-11-02 18:51:43,770 - INFO - Character data saved successfully (1 characters)
2025-11-02 18:51:43,844 - INFO - Character data saved successfully (1 characters)
2025-11-02 18:51:43,907 - INFO - Character data saved successfully (1 characters)
2025-11-02 18:51:43,985 - INFO - Character data saved successfully (1 characters)
2025-11-02 18:51:44,045 - INFO - Character data saved successfully (1 characters)
2025-11-02 18:51:44,121 - INFO - Character data saved successfully (1 characters)
2025-11-02 18:51:44,189 - INFO - Character data saved successfully (1 characters)
2025-11-02 18:51:44,265 - INFO - Character data saved successfully (1 characters)
2025-11-02 18:51:44,327 - INFO - Character data saved successfully (1 characters)
2025-11-02 18:51:44,404 - INFO - Character data saved successfully (1 characters)
2025-11-02 18:51:44,689 - INFO - Character data saved successfully (1 characters)
2025-11-02 18:51:44,759 - INFO - Character data saved successfully (1 characters)
2025-11-02 18:51:44,911 - INFO - Character data saved successfully (1 characters)
2025-11-02 18:51:45,270 - INFO - Character data saved successfully (1 characters)
2025-11-02 18:51:45,467 - INFO - Character data saved successfully (1 characters)
2025-11-02 18:51:45,539 - INFO - Character data saved successfully (1 characters)
2025-11-02 18:51:45,592 - INFO - Character data saved successfully (1 characters)
2025-11-02 18:51:45,696 - INFO - Character data saved successfully (1 characters)
2025-11-02 18:51:45,742 - INFO - Character data saved successfully (1 characters)
2025-11-02 18:51:45,825 - INFO - Character data saved successfully (1 characters)
2025-11-02 18:51:45,916 - INFO - Character data saved successfully (1 characters)
2025-11-02 18:51:45,996 - INFO - Character data saved successfully (1 characters)
2025-11-02 18:51:46,049 - INFO - Character data saved successfully (1 characters)
2025-11-02 18:51:46,143 - INFO - Character data saved successfully (1 characters)
2025-11-02 18:51:46,220 - INFO - Character data saved successfully (1 characters)
2025-11-02 18:51:46,545 - INFO - Character data saved successfully (1 characters)
2025-11-02 18:51:46,724 - INFO - Character data saved successfully (1 characters)
2025-11-02 18:51:46,929 - INFO - Character data saved successfully (1 characters)
2025-11-02 18:51:47,111 - INFO - Character data saved successfully (1 characters)
2025-11-02 18:51:47,578 - INFO - Character data saved successfully (1 characters)
2025-11-02 18:51:47,644 - INFO - Character data saved successfully (1 characters)
2025-11-02 18:51:47,798 - INFO - Character data saved successfully (1 characters)
2025-11-02 18:51:47,867 - INFO - Character data saved successfully (1 characters)
2025-11-02 18:51:48,253 - INFO - Character data saved successfully (1 characters)
2025-11-02 18:51:49,334 - INFO - Character data saved successfully (1 characters)
2025-11-02 18:51:49,402 - INFO - Character data saved successfully (1 characters)
2025-11-02 18:51:50,744 - INFO - Character data saved successfully (1 characters)
2025-11-02 18:52:08,910 - INFO - Character data saved successfully (1 characters)
2025-11-02 18:52:16,454 - INFO - Character data saved successfully (1 characters)
2025-11-02 18:52:16,526 - INFO - Character data saved successfully (1 characters)
2025-11-02 18:52:16,613 - INFO - Character data saved successfully (1 characters)
2025-11-02 18:52:16,693 - INFO - Character data saved successfully (1 characters)
2025-11-02 18:52:16,772 - INFO - Character data saved successfully (1 characters)
2025-11-02 18:52:16,853 - INFO - Character data saved successfully (1 characters)
2025-11-02 18:52:16,927 - INFO - Character data saved successfully (1 characters)
2025-11-02 18:52:16,987 - INFO - Character data saved successfully (1 characters)
2025-11-02 18:52:17,050 - INFO - Character data saved successfully (1 characters)
2025-11-02 18:52:17,127 - INFO - Character data saved successfully (1 characters)
2025-11-02 18:52:17,210 - INFO - Character data saved successfully (1 characters)
2025-11-02 18:52:17,260 - INFO - Character data saved successfully (1 characters)
2025-11-02 18:52:17,353 - INFO - Character data saved successfully (1 characters)
2025-11-02 18:52:17,407 - INFO - Character data saved successfully (1 characters)
2025-11-02 18:52:17,505 - INFO - Character data saved successfully (1 characters)
2025-11-02 18:52:17,588 - INFO - Character data saved successfully (1 characters)
2025-11-02 18:52:17,877 - INFO - Character data saved successfully (1 characters)
2025-11-02 18:52:18,064 - INFO - Character data saved successfully (1 characters)
2025-11-02 18:52:18,197 - INFO - Character data saved successfully (1 characters)
2025-11-02 18:52:18,545 - INFO - Character data saved successfully (1 characters)
2025-11-02 18:52:18,620 - INFO - Character data saved successfully (1 characters)
2025-11-02 18:52:18,701 - INFO - Character data saved successfully (1 characters)
2025-11-02 18:52:18,783 - INFO - Character data saved successfully (1 characters)
2025-11-02 18:52:18,893 - INFO - Character data saved successfully (1 characters)
2025-11-02 18:52:19,065 - INFO - Character data saved successfully (1 characters)
2025-11-02 18:52:24,092 - INFO - Character data saved successfully (1 characters)
2025-11-02 18:52:24,533 - INFO - Character data saved successfully (1 characters)
2025-11-02 18:52:28,309 - INFO - Character data saved successfully (1 characters)
2025-11-02 18:52:34,488 - INFO - Character data saved successfully (1 characters)
2025-11-02 18:52:38,161 - INFO - Character data saved successfully (1 characters)
