2025-11-15 12:45:09,420 - INFO - D&D Character Tracker started - Log file: logs\dnd_tracker_20251115_124509.log
2025-11-15 12:45:09,931 - INFO - Pygame initialized successfully
2025-11-15 12:45:09,934 - INFO - Detected DPI: 144, Scale factor: 1.50
2025-11-15 12:45:09,934 - INFO - Screen resolution: 1920x1080
2025-11-15 12:45:09,934 - INFO - Work area: 1920x1008
2025-11-15 12:45:09,934 - INFO - Adaptive window size: 1305x870 (aspect ratio: 1.500)
2025-11-15 12:45:09,934 - INFO - Creating D&D Character Tool application
2025-11-15 12:45:10,804 - INFO - Loading character data from C:\Users\lucas\OneDrive\Documents\D&D\Tracker_Ramil\character_data.json
2025-11-15 12:45:10,805 - INFO - Loaded spell slots: {}
2025-11-15 12:45:10,806 - INFO - Loaded current spell slots: {}
2025-11-15 12:45:10,806 - INFO - Loaded character: Ramil al-Sayif
2025-11-15 12:45:10,806 - INFO - Weapons loaded: 3
2025-11-15 12:45:10,807 - INFO - Fighting styles: {'two_weapon_fighting': True, 'dueling': False, 'dueling_bonus': 0}
2025-11-15 12:45:10,807 - INFO - Window initialized at 1305x870 (aspect ratio: 1.50:1)
2025-11-15 12:45:10,810 - INFO -    • Window automatically adjusts to display scaling (100%, 125%, 150%)
2025-11-15 12:45:10,810 - INFO -    • Locked to 3:2 aspect ratio (1536x1024) for optimal viewing
2025-11-15 12:45:10,810 - INFO -    • Press F11 to toggle fullscreen mode
2025-11-15 12:45:10,810 - INFO -    • Press ESC to exit fullscreen
2025-11-15 12:45:10,811 - INFO -    • Window is resizable - aspect ratio maintained automatically
2025-11-15 12:45:10,838 - INFO - Starting application main loop
2025-11-15 12:47:56,679 - INFO - Selected save: CON
2025-11-15 12:49:29,930 - INFO - Selected action: Second Wind
2025-11-15 12:50:28,155 - INFO - Selected spell: Guidance
2025-11-15 12:54:37,557 - INFO - Character data saved successfully (15 characters)
