2025-11-26 23:39:23,245 - INFO - D&D Character Tracker started - Log file: logs\dnd_tracker_20251126_233923.log
2025-11-26 23:39:23,461 - INFO - Pygame initialized successfully
2025-11-26 23:39:23,463 - INFO - Detected DPI: 96, Scale factor: 1.00
2025-11-26 23:39:23,463 - INFO - Screen resolution: 1920x1080
2025-11-26 23:39:23,463 - INFO - Work area: 1920x1032
2025-11-26 23:39:23,463 - INFO - Adaptive window size: 1488x992 (aspect ratio: 1.500)
2025-11-26 23:39:23,463 - INFO - Creating D&D Character Tool application
2025-11-26 23:39:24,458 - INFO - Loading character data from C:\Users\lucas\OneDrive\Documents\D&D\Tracker_Ramil\character_data.json
2025-11-26 23:39:24,460 - INFO - Loaded spell slots: {'1st': 4, '2nd': 2}
2025-11-26 23:39:24,460 - INFO - Loaded current spell slots: {'1st': 1, '2nd': 2}
2025-11-26 23:39:24,461 - INFO - Loaded character: Ramil al-Sayif
2025-11-26 23:39:24,461 - INFO - Weapons loaded: 3
2025-11-26 23:39:24,461 - INFO - Fighting styles: {'two_weapon_fighting': True, 'dueling': False, 'dueling_bonus': 0}
2025-11-26 23:39:24,461 - INFO - Window initialized at 1488x992 (aspect ratio: 1.50:1)
2025-11-26 23:39:24,461 - INFO - Adaptive Resolution Features:
2025-11-26 23:39:24,461 - INFO -    - Window automatically adjusts to display scaling (100%, 125%, 150%)
2025-11-26 23:39:24,462 - INFO -    - Locked to 3:2 aspect ratio (1536x1024) for optimal viewing
2025-11-26 23:39:24,462 - INFO -    - Press F11 to toggle fullscreen mode
2025-11-26 23:39:24,462 - INFO -    - Press ESC to exit fullscreen
2025-11-26 23:39:24,462 - INFO -    - Window is resizable - aspect ratio maintained automatically
2025-11-26 23:39:24,485 - INFO - Starting application main loop
2025-11-26 23:39:34,214 - INFO - Shield spell ended - AC returned to 24
2025-11-26 23:39:34,220 - INFO - Character data saved successfully (15 characters)
2025-11-26 23:39:36,764 - INFO - Bladesong dismissed. Bonuses removed.
2025-11-26 23:39:36,769 - INFO - Character data saved successfully (15 characters)
2025-11-26 23:39:38,130 - INFO - Mage Armor dismissed. Base AC restored to worn armor.
2025-11-26 23:39:38,135 - INFO - Character data saved successfully (15 characters)
2025-11-26 23:40:03,939 - INFO - Character data saved successfully (15 characters)
2025-11-26 23:46:05,124 - INFO - Character data saved successfully (15 characters)
