2025-11-25 22:47:23,289 - INFO - D&D Character Tracker started - Log file: logs\dnd_tracker_20251125_224723.log
2025-11-25 22:47:23,518 - INFO - Pygame initialized successfully
2025-11-25 22:47:23,519 - INFO - Detected DPI: 96, Scale factor: 1.00
2025-11-25 22:47:23,521 - INFO - Screen resolution: 1920x1080
2025-11-25 22:47:23,521 - INFO - Work area: 1920x1032
2025-11-25 22:47:23,521 - INFO - Adaptive window size: 1488x992 (aspect ratio: 1.500)
2025-11-25 22:47:23,521 - INFO - Creating D&D Character Tool application
2025-11-25 22:47:24,236 - INFO - Loading character data from C:\Users\lucas\OneDrive\Documents\D&D\Tracker_Ramil\character_data.json
2025-11-25 22:47:24,238 - INFO - Loaded spell slots: {'1st': 4, '2nd': 2}
2025-11-25 22:47:24,238 - INFO - Loaded current spell slots: {'1st': 1, '2nd': 2}
2025-11-25 22:47:24,238 - INFO - Loaded character: Ramil al-Sayif
2025-11-25 22:47:24,238 - INFO - Weapons loaded: 3
2025-11-25 22:47:24,238 - INFO - Fighting styles: {'two_weapon_fighting': True, 'dueling': False, 'dueling_bonus': 0}
2025-11-25 22:47:24,238 - INFO - Window initialized at 1488x992 (aspect ratio: 1.50:1)
2025-11-25 22:47:24,238 - INFO - Adaptive Resolution Features:
2025-11-25 22:47:24,238 - INFO -    - Window automatically adjusts to display scaling (100%, 125%, 150%)
2025-11-25 22:47:24,238 - INFO -    - Locked to 3:2 aspect ratio (1536x1024) for optimal viewing
2025-11-25 22:47:24,238 - INFO -    - Press F11 to toggle fullscreen mode
2025-11-25 22:47:24,240 - INFO -    - Press ESC to exit fullscreen
2025-11-25 22:47:24,240 - INFO -    - Window is resizable - aspect ratio maintained automatically
2025-11-25 22:47:24,254 - INFO - Starting application main loop
2025-11-25 22:47:25,111 - INFO - Strength check: 16 + -1 = 15
2025-11-25 22:48:02,815 - INFO - Character data saved successfully (15 characters)
2025-11-25 22:48:03,913 - INFO - Character data saved successfully (15 characters)
2025-11-25 22:48:06,217 - INFO - Character data saved successfully (15 characters)
2025-11-25 22:48:06,450 - INFO - Character data saved successfully (15 characters)
2025-11-25 22:48:09,264 - INFO - Character data saved successfully (15 characters)
2025-11-25 22:48:10,401 - INFO - Character data saved successfully (15 characters)
2025-11-25 22:48:11,528 - INFO - Character data saved successfully (15 characters)
2025-11-25 22:48:11,664 - INFO - Character data saved successfully (15 characters)
2025-11-25 22:48:18,129 - INFO - Character data saved successfully (15 characters)
2025-11-25 22:48:20,498 - INFO - Character data saved successfully (15 characters)
2025-11-25 22:48:21,842 - INFO - Character data saved successfully (15 characters)
2025-11-25 22:48:28,215 - INFO - Character data saved successfully (15 characters)
2025-11-25 22:48:29,739 - INFO - Character data saved successfully (15 characters)
2025-11-25 22:48:30,627 - INFO - Character data saved successfully (15 characters)
2025-11-25 22:48:31,788 - INFO - Character data saved successfully (15 characters)
2025-11-25 22:48:33,269 - INFO - Character data saved successfully (15 characters)
2025-11-25 22:51:42,306 - INFO - Character data saved successfully (15 characters)
