2025-09-28 11:38:23,290 - INFO - D&D Character Tracker started - Log file: logs\dnd_tracker_20250928_113823.log
2025-09-28 11:38:23,512 - INFO - Pygame initialized successfully
2025-09-28 11:38:23,515 - INFO - Detected DPI: 96, Scale factor: 1.00
2025-09-28 11:38:23,515 - INFO - Screen resolution: 1920x1080
2025-09-28 11:38:23,515 - INFO - Work area: 1920x1032
2025-09-28 11:38:23,515 - INFO - Adaptive window size: 1399x787 (aspect ratio: 1.778)
2025-09-28 11:38:23,516 - INFO - Creating D&D Character Tool application
2025-09-28 11:38:24,260 - INFO - Loading character data from character_data.json
2025-09-28 11:38:24,272 - INFO - Loaded character: Barian the Broken
2025-09-28 11:38:24,272 - INFO - Weapons loaded: 3
2025-09-28 11:38:24,272 - INFO - Fighting styles: {'dueling': True, 'dueling_bonus': 2}
2025-09-28 11:38:24,274 - INFO - Window initialized at 1399x787 (aspect ratio: 1.78:1)
2025-09-28 11:38:24,276 - INFO -    • Window automatically adjusts to display scaling (100%, 125%, 150%)
2025-09-28 11:38:24,276 - INFO -    • Locked to 16:9 aspect ratio for optimal viewing
2025-09-28 11:38:24,276 - INFO -    • Press F11 to toggle fullscreen mode
2025-09-28 11:38:24,276 - INFO -    • Press ESC to exit fullscreen
2025-09-28 11:38:24,276 - INFO -    • Window is resizable - aspect ratio maintained automatically
2025-09-28 11:38:24,285 - INFO - Starting application main loop
2025-09-28 11:38:27,744 - INFO - Window resized to 1793x1009 (16:9 ratio maintained: 1.777:1)
2025-09-28 11:38:32,838 - INFO - Window resized to 1399x786 (16:9 ratio maintained: 1.780:1)
2025-09-28 11:38:35,022 - INFO - Character data saved successfully to character_data.json
