2025-11-02 00:38:08,288 - INFO - D&D Character Tracker started - Log file: logs\dnd_tracker_20251102_003808.log
2025-11-02 00:38:08,646 - INFO - Pygame initialized successfully
2025-11-02 00:38:08,649 - INFO - Detected DPI: 144, Scale factor: 1.50
2025-11-02 00:38:08,649 - INFO - Screen resolution: 1920x1080
2025-11-02 00:38:08,650 - INFO - Work area: 1920x1008
2025-11-02 00:38:08,650 - INFO - Adaptive window size: 1152x648 (aspect ratio: 1.778)
2025-11-02 00:38:08,651 - INFO - Creating D&D Character Tool application
2025-11-02 00:38:09,104 - INFO - Loading character data from character_data.json
2025-11-02 00:38:09,106 - INFO - Loaded spell slots: {}
2025-11-02 00:38:09,106 - INFO - Loaded current spell slots: {}
2025-11-02 00:38:09,142 - INFO - Loaded character: Ramil al-Sayif
2025-11-02 00:38:09,143 - INFO - Weapons loaded: 3
2025-11-02 00:38:09,144 - INFO - Fighting styles: {'two_weapon_fighting': True, 'dueling': False, 'dueling_bonus': 0}
2025-11-02 00:38:09,144 - INFO - Window initialized at 1152x648 (aspect ratio: 1.78:1)
2025-11-02 00:38:09,151 - INFO -    • Window automatically adjusts to display scaling (100%, 125%, 150%)
2025-11-02 00:38:09,151 - INFO -    • Locked to 16:9 aspect ratio for optimal viewing
2025-11-02 00:38:09,151 - INFO -    • Press F11 to toggle fullscreen mode
2025-11-02 00:38:09,152 - INFO -    • Press ESC to exit fullscreen
2025-11-02 00:38:09,152 - INFO -    • Window is resizable - aspect ratio maintained automatically
2025-11-02 00:38:09,183 - INFO - Starting application main loop
2025-11-02 00:38:15,083 - INFO - Window resized to 1731x974 (16:9 ratio maintained: 1.777:1)
2025-11-02 00:38:24,297 - INFO - Character data saved successfully to character_data.json
2025-11-02 00:38:24,298 - INFO - Created new character: Character 1
2025-11-02 00:38:47,989 - INFO - Renamed character to: Dean
2025-11-02 00:38:47,992 - INFO - Character data saved successfully to character_data.json
2025-11-02 00:38:49,800 - INFO - Character data saved successfully to character_data.json
2025-11-02 00:38:49,980 - INFO - Character data saved successfully to character_data.json
2025-11-02 00:38:50,139 - INFO - Character data saved successfully to character_data.json
2025-11-02 00:38:50,309 - INFO - Character data saved successfully to character_data.json
2025-11-02 00:38:50,453 - INFO - Character data saved successfully to character_data.json
2025-11-02 00:38:50,626 - INFO - Character data saved successfully to character_data.json
2025-11-02 00:38:50,788 - INFO - Character data saved successfully to character_data.json
2025-11-02 00:38:50,923 - INFO - Character data saved successfully to character_data.json
2025-11-02 00:38:51,041 - INFO - Character data saved successfully to character_data.json
2025-11-02 00:38:51,229 - INFO - Character data saved successfully to character_data.json
2025-11-02 00:38:51,273 - INFO - Character data saved successfully to character_data.json
2025-11-02 00:38:51,464 - INFO - Character data saved successfully to character_data.json
2025-11-02 00:38:51,555 - INFO - Character data saved successfully to character_data.json
2025-11-02 00:38:53,171 - INFO - Character data saved successfully to character_data.json
2025-11-02 00:38:53,251 - INFO - Character data saved successfully to character_data.json
2025-11-02 00:38:55,271 - INFO - Character data saved successfully to character_data.json
2025-11-02 00:38:55,970 - INFO - Character data saved successfully to character_data.json
2025-11-02 00:38:57,047 - INFO - Character data saved successfully to character_data.json
2025-11-02 00:38:57,127 - INFO - Character data saved successfully to character_data.json
2025-11-02 00:38:57,261 - INFO - Character data saved successfully to character_data.json
2025-11-02 00:38:57,444 - INFO - Character data saved successfully to character_data.json
2025-11-02 00:38:57,638 - INFO - Character data saved successfully to character_data.json
2025-11-02 00:38:57,856 - INFO - Character data saved successfully to character_data.json
2025-11-02 00:38:58,185 - INFO - Character data saved successfully to character_data.json
2025-11-02 00:38:58,602 - INFO - Character data saved successfully to character_data.json
2025-11-02 00:38:58,659 - INFO - Character data saved successfully to character_data.json
2025-11-02 00:38:58,773 - INFO - Character data saved successfully to character_data.json
2025-11-02 00:38:58,889 - INFO - Character data saved successfully to character_data.json
2025-11-02 00:38:58,952 - INFO - Character data saved successfully to character_data.json
2025-11-02 00:38:59,017 - INFO - Character data saved successfully to character_data.json
2025-11-02 00:38:59,872 - INFO - Character data saved successfully to character_data.json
2025-11-02 00:38:59,986 - INFO - Character data saved successfully to character_data.json
2025-11-02 00:39:00,503 - INFO - Character data saved successfully to character_data.json
2025-11-02 00:39:00,831 - INFO - Character data saved successfully to character_data.json
2025-11-02 00:39:00,971 - INFO - Character data saved successfully to character_data.json
2025-11-02 00:39:01,164 - INFO - Character data saved successfully to character_data.json
2025-11-02 00:39:01,316 - INFO - Character data saved successfully to character_data.json
2025-11-02 00:39:01,483 - INFO - Character data saved successfully to character_data.json
2025-11-02 00:39:01,590 - INFO - Character data saved successfully to character_data.json
2025-11-02 00:39:01,773 - INFO - Character data saved successfully to character_data.json
2025-11-02 00:39:01,894 - INFO - Character data saved successfully to character_data.json
2025-11-02 00:39:02,053 - INFO - Character data saved successfully to character_data.json
2025-11-02 00:39:02,298 - INFO - Character data saved successfully to character_data.json
2025-11-02 00:39:02,396 - INFO - Character data saved successfully to character_data.json
2025-11-02 00:39:02,702 - INFO - Character data saved successfully to character_data.json
2025-11-02 00:39:02,767 - INFO - Character data saved successfully to character_data.json
2025-11-02 00:39:20,043 - INFO - Character data saved successfully to character_data.json
2025-11-02 00:39:20,398 - INFO - Character data saved successfully to character_data.json
2025-11-02 00:39:21,077 - INFO - Character data saved successfully to character_data.json
2025-11-02 00:39:23,186 - INFO - Character data saved successfully to character_data.json
2025-11-02 00:39:23,900 - INFO - Character data saved successfully to character_data.json
2025-11-02 00:39:24,106 - INFO - Character data saved successfully to character_data.json
2025-11-02 00:39:24,675 - INFO - Character data saved successfully to character_data.json
2025-11-02 00:39:24,767 - INFO - Character data saved successfully to character_data.json
2025-11-02 00:39:25,401 - INFO - Character data saved successfully to character_data.json
2025-11-02 00:39:25,545 - INFO - Character data saved successfully to character_data.json
2025-11-02 00:39:25,657 - INFO - Character data saved successfully to character_data.json
2025-11-02 00:39:26,387 - INFO - Character data saved successfully to character_data.json
2025-11-02 00:39:26,473 - INFO - Character data saved successfully to character_data.json
2025-11-02 00:39:26,543 - INFO - Character data saved successfully to character_data.json
2025-11-02 00:39:26,799 - INFO - Character data saved successfully to character_data.json
2025-11-02 00:39:26,949 - INFO - Character data saved successfully to character_data.json
2025-11-02 00:39:27,133 - INFO - Character data saved successfully to character_data.json
2025-11-02 00:39:27,235 - INFO - Character data saved successfully to character_data.json
2025-11-02 00:39:27,340 - INFO - Character data saved successfully to character_data.json
2025-11-02 00:39:27,628 - INFO - Character data saved successfully to character_data.json
2025-11-02 00:39:27,860 - INFO - Character data saved successfully to character_data.json
2025-11-02 00:39:27,993 - INFO - Character data saved successfully to character_data.json
2025-11-02 00:39:28,084 - INFO - Character data saved successfully to character_data.json
2025-11-02 00:39:28,179 - INFO - Character data saved successfully to character_data.json
2025-11-02 00:39:29,829 - INFO - Character data saved successfully to character_data.json
2025-11-02 00:39:30,838 - INFO - Character data saved successfully to character_data.json
2025-11-02 00:39:31,160 - INFO - Character data saved successfully to character_data.json
2025-11-02 00:39:31,311 - INFO - Character data saved successfully to character_data.json
2025-11-02 00:39:31,543 - INFO - Character data saved successfully to character_data.json
2025-11-02 00:39:31,914 - INFO - Character data saved successfully to character_data.json
2025-11-02 00:39:34,368 - INFO - Character data saved successfully to character_data.json
2025-11-02 00:39:35,755 - INFO - Character data saved successfully to character_data.json
2025-11-02 00:39:35,894 - INFO - Character data saved successfully to character_data.json
2025-11-02 00:39:36,139 - INFO - Character data saved successfully to character_data.json
2025-11-02 00:39:36,261 - INFO - Character data saved successfully to character_data.json
2025-11-02 00:39:36,353 - INFO - Character data saved successfully to character_data.json
2025-11-02 00:39:36,495 - INFO - Character data saved successfully to character_data.json
2025-11-02 00:39:36,528 - INFO - Character data saved successfully to character_data.json
2025-11-02 00:39:36,688 - INFO - Character data saved successfully to character_data.json
2025-11-02 00:39:36,768 - INFO - Character data saved successfully to character_data.json
2025-11-02 00:39:38,035 - INFO - Character data saved successfully to character_data.json
2025-11-02 00:39:39,102 - INFO - Character data saved successfully to character_data.json
2025-11-02 00:41:40,727 - INFO - Character data saved successfully to character_data.json
2025-11-02 00:41:40,728 - INFO - Created new character: Character 2
2025-11-02 00:41:40,906 - INFO - Character data saved successfully to character_data.json
2025-11-02 00:41:41,800 - INFO - Character data saved successfully to character_data.json
2025-11-02 00:41:41,800 - INFO - Created new character: Character 3
2025-11-02 00:41:42,801 - INFO - Character data saved successfully to character_data.json
2025-11-02 00:41:42,801 - INFO - Created new character: Character 4
2025-11-02 00:41:43,733 - INFO - Character data saved successfully to character_data.json
2025-11-02 00:41:43,734 - INFO - Created new character: Character 5
2025-11-02 00:41:44,869 - INFO - Character data saved successfully to character_data.json
2025-11-02 00:41:44,869 - INFO - Created new character: Character 6
2025-11-02 00:41:46,124 - INFO - Character data saved successfully to character_data.json
2025-11-02 00:41:46,124 - INFO - Created new character: Character 7
2025-11-02 00:41:47,049 - INFO - Character data saved successfully to character_data.json
2025-11-02 00:41:47,050 - INFO - Created new character: Character 8
2025-11-02 00:41:48,176 - INFO - Character data saved successfully to character_data.json
2025-11-02 00:41:48,177 - INFO - Created new character: Character 9
2025-11-02 00:41:49,079 - INFO - Character data saved successfully to character_data.json
2025-11-02 00:41:49,080 - INFO - Created new character: Character 10
2025-11-02 00:41:50,019 - INFO - Character data saved successfully to character_data.json
2025-11-02 00:41:50,020 - INFO - Created new character: Character 11
2025-11-02 00:41:51,091 - INFO - Character data saved successfully to character_data.json
2025-11-02 00:41:51,091 - INFO - Created new character: Character 12
2025-11-02 00:42:14,752 - INFO - Character data saved successfully to character_data.json
2025-11-02 00:42:19,000 - INFO - Character data saved successfully to character_data.json
2025-11-02 00:42:26,110 - INFO - Character data saved successfully to character_data.json
2025-11-02 00:42:29,862 - INFO - Character data saved successfully to character_data.json
2025-11-02 00:42:33,776 - INFO - Selected spell: Guidance
2025-11-02 00:42:35,163 - INFO - Cast Guidance - Touch one creature. Once before spell ends, target can roll d4 
and add to one ability check of its choice
2025-11-02 00:42:36,115 - INFO - Cast Guidance - Touch one creature. Once before spell ends, target can roll d4 
and add to one ability check of its choice
2025-11-02 00:45:58,817 - INFO - Character data saved successfully to character_data.json
