2025-11-09 14:18:07,705 - INFO - D&D Character Tracker started - Log file: logs\dnd_tracker_20251109_141807.log
2025-11-09 14:18:08,121 - INFO - Pygame initialized successfully
2025-11-09 14:18:08,123 - INFO - Detected DPI: 144, Scale factor: 1.50
2025-11-09 14:18:08,125 - INFO - Screen resolution: 1920x1080
2025-11-09 14:18:08,125 - INFO - Work area: 1920x1008
2025-11-09 14:18:08,125 - INFO - Adaptive window size: 1305x870 (aspect ratio: 1.500)
2025-11-09 14:18:08,125 - INFO - Creating D&D Character Tool application
2025-11-09 14:18:08,793 - INFO - Loading character data from C:\Users\lucas\OneDrive\Documents\D&D\Tracker_Ramil\character_data.json
2025-11-09 14:18:08,803 - INFO - Loaded spell slots: {}
2025-11-09 14:18:08,803 - INFO - Loaded current spell slots: {}
2025-11-09 14:18:08,803 - INFO - Loaded character: Ramil al-Sayif
2025-11-09 14:18:08,803 - INFO - Weapons loaded: 3
2025-11-09 14:18:08,805 - INFO - Fighting styles: {'two_weapon_fighting': True, 'dueling': False, 'dueling_bonus': 0}
2025-11-09 14:18:08,805 - INFO - Window initialized at 1305x870 (aspect ratio: 1.50:1)
2025-11-09 14:18:08,808 - INFO -    • Window automatically adjusts to display scaling (100%, 125%, 150%)
2025-11-09 14:18:08,808 - INFO -    • Locked to 3:2 aspect ratio (1536x1024) for optimal viewing
2025-11-09 14:18:08,808 - INFO -    • Press F11 to toggle fullscreen mode
2025-11-09 14:18:08,809 - INFO -    • Press ESC to exit fullscreen
2025-11-09 14:18:08,809 - INFO -    • Window is resizable - aspect ratio maintained automatically
2025-11-09 14:18:08,823 - INFO - Starting application main loop
2025-11-09 14:18:10,788 - INFO - Launched world map viewer.
2025-11-09 14:26:47,362 - INFO - Character data saved successfully (7 characters)
