2025-11-08 12:57:05,898 - INFO - D&D Character Tracker started - Log file: logs\dnd_tracker_20251108_125705.log
2025-11-08 12:57:06,078 - INFO - Pygame initialized successfully
2025-11-08 12:57:06,080 - INFO - Detected DPI: 96, Scale factor: 1.00
2025-11-08 12:57:06,081 - INFO - Screen resolution: 1920x1080
2025-11-08 12:57:06,081 - INFO - Work area: 1920x1032
2025-11-08 12:57:06,081 - INFO - Adaptive window size: 1488x992 (aspect ratio: 1.500)
2025-11-08 12:57:06,082 - INFO - Creating D&D Character Tool application
2025-11-08 12:57:06,741 - INFO - Loading character data from C:\Users\lucas\OneDrive\Documents\D&D\Tracker_Ramil\character_data.json
2025-11-08 12:57:06,752 - INFO - Loaded spell slots: {}
2025-11-08 12:57:06,752 - INFO - Loaded current spell slots: {}
2025-11-08 12:57:06,753 - INFO - Loaded character: Ramil al-Sayif
2025-11-08 12:57:06,753 - INFO - Weapons loaded: 3
2025-11-08 12:57:06,753 - INFO - Fighting styles: {'two_weapon_fighting': True, 'dueling': False, 'dueling_bonus': 0}
2025-11-08 12:57:06,754 - INFO - Window initialized at 1488x992 (aspect ratio: 1.50:1)
2025-11-08 12:57:06,756 - INFO -    • Window automatically adjusts to display scaling (100%, 125%, 150%)
2025-11-08 12:57:06,756 - INFO -    • Locked to 3:2 aspect ratio (1536x1024) for optimal viewing
2025-11-08 12:57:06,756 - INFO -    • Press F11 to toggle fullscreen mode
2025-11-08 12:57:06,756 - INFO -    • Press ESC to exit fullscreen
2025-11-08 12:57:06,757 - INFO -    • Window is resizable - aspect ratio maintained automatically
2025-11-08 12:57:06,776 - INFO - Starting application main loop
2025-11-08 12:57:37,259 - INFO - Character data saved successfully (13 characters)
2025-11-08 13:02:26,610 - INFO - Character data saved successfully (13 characters)
