2025-11-08 13:11:03,568 - INFO - D&D Character Tracker started - Log file: logs\dnd_tracker_20251108_131103.log
2025-11-08 13:11:03,752 - INFO - Pygame initialized successfully
2025-11-08 13:11:03,755 - INFO - Detected DPI: 96, Scale factor: 1.00
2025-11-08 13:11:03,755 - INFO - Screen resolution: 1920x1080
2025-11-08 13:11:03,756 - INFO - Work area: 1920x1032
2025-11-08 13:11:03,756 - INFO - Adaptive window size: 1488x992 (aspect ratio: 1.500)
2025-11-08 13:11:03,756 - INFO - Creating D&D Character Tool application
2025-11-08 13:11:04,327 - INFO - Loading character data from C:\Users\lucas\OneDrive\Documents\D&D\Tracker_Ramil\character_data.json
2025-11-08 13:11:04,328 - INFO - Loaded spell slots: {}
2025-11-08 13:11:04,328 - INFO - Loaded current spell slots: {}
2025-11-08 13:11:04,328 - INFO - Loaded character: Ramil al-Sayif
2025-11-08 13:11:04,328 - INFO - Weapons loaded: 3
2025-11-08 13:11:04,328 - INFO - Fighting styles: {'two_weapon_fighting': True, 'dueling': False, 'dueling_bonus': 0}
2025-11-08 13:11:04,329 - INFO - Window initialized at 1488x992 (aspect ratio: 1.50:1)
2025-11-08 13:11:04,330 - INFO -    • Window automatically adjusts to display scaling (100%, 125%, 150%)
2025-11-08 13:11:04,330 - INFO -    • Locked to 3:2 aspect ratio (1536x1024) for optimal viewing
2025-11-08 13:11:04,330 - INFO -    • Press F11 to toggle fullscreen mode
2025-11-08 13:11:04,330 - INFO -    • Press ESC to exit fullscreen
2025-11-08 13:11:04,330 - INFO -    • Window is resizable - aspect ratio maintained automatically
2025-11-08 13:11:04,347 - INFO - Starting application main loop
2025-11-08 13:11:20,453 - INFO - Selected action: Second Wind
2025-11-08 13:15:29,768 - INFO - Character data saved successfully (13 characters)
