2025-11-02 01:04:14,292 - INFO - D&D Character Tracker started - Log file: logs\dnd_tracker_20251102_010414.log
2025-11-02 01:04:14,666 - INFO - Pygame initialized successfully
2025-11-02 01:04:14,670 - INFO - Detected DPI: 144, Scale factor: 1.50
2025-11-02 01:04:14,670 - INFO - Screen resolution: 1920x1080
2025-11-02 01:04:14,670 - INFO - Work area: 1920x1008
2025-11-02 01:04:14,670 - INFO - Adaptive window size: 1152x648 (aspect ratio: 1.778)
2025-11-02 01:04:14,672 - INFO - Creating D&D Character Tool application
2025-11-02 01:04:14,940 - INFO - Loading character data from character_data.json
2025-11-02 01:04:14,941 - INFO - Loaded spell slots: {}
2025-11-02 01:04:14,942 - INFO - Loaded current spell slots: {}
2025-11-02 01:04:14,942 - INFO - Loaded character: Ramil al-Sayif
2025-11-02 01:04:14,942 - INFO - Weapons loaded: 3
2025-11-02 01:04:14,943 - INFO - Fighting styles: {'two_weapon_fighting': True, 'dueling': False, 'dueling_bonus': 0}
2025-11-02 01:04:14,943 - INFO - Window initialized at 1152x648 (aspect ratio: 1.78:1)
2025-11-02 01:04:14,950 - INFO -    • Window automatically adjusts to display scaling (100%, 125%, 150%)
2025-11-02 01:04:14,951 - INFO -    • Locked to 16:9 aspect ratio for optimal viewing
2025-11-02 01:04:14,951 - INFO -    • Press F11 to toggle fullscreen mode
2025-11-02 01:04:14,951 - INFO -    • Press ESC to exit fullscreen
2025-11-02 01:04:14,951 - INFO -    • Window is resizable - aspect ratio maintained automatically
2025-11-02 01:04:14,979 - INFO - Starting application main loop
2025-11-02 01:04:29,972 - INFO - Character data saved successfully (1 characters)
2025-11-02 01:04:29,972 - INFO - Created new character: Character 1
2025-11-02 01:04:36,244 - INFO - Character data saved successfully (1 characters)
2025-11-02 01:04:44,368 - INFO - Renamed character to: Dean
2025-11-02 01:04:44,372 - INFO - Character data saved successfully (1 characters)
2025-11-02 01:04:46,948 - INFO - Character data saved successfully (1 characters)
2025-11-02 01:04:47,274 - INFO - Character data saved successfully (1 characters)
2025-11-02 01:04:47,300 - INFO - Character data saved successfully (1 characters)
2025-11-02 01:04:47,459 - INFO - Character data saved successfully (1 characters)
2025-11-02 01:04:47,580 - INFO - Character data saved successfully (1 characters)
2025-11-02 01:04:48,323 - INFO - Character data saved successfully (1 characters)
2025-11-02 01:04:48,450 - INFO - Character data saved successfully (1 characters)
2025-11-02 01:04:48,531 - INFO - Character data saved successfully (1 characters)
2025-11-02 01:04:48,705 - INFO - Character data saved successfully (1 characters)
2025-11-02 01:04:48,779 - INFO - Character data saved successfully (1 characters)
2025-11-02 01:04:48,969 - INFO - Character data saved successfully (1 characters)
2025-11-02 01:04:49,228 - INFO - Character data saved successfully (1 characters)
2025-11-02 01:04:49,304 - INFO - Character data saved successfully (1 characters)
2025-11-02 01:04:49,430 - INFO - Character data saved successfully (1 characters)
2025-11-02 01:04:50,078 - INFO - Character data saved successfully (1 characters)
2025-11-02 01:04:50,135 - INFO - Character data saved successfully (1 characters)
2025-11-02 01:04:51,119 - INFO - Character data saved successfully (1 characters)
2025-11-02 01:04:51,233 - INFO - Character data saved successfully (1 characters)
2025-11-02 01:04:51,375 - INFO - Character data saved successfully (1 characters)
2025-11-02 01:04:51,510 - INFO - Character data saved successfully (1 characters)
2025-11-02 01:04:51,568 - INFO - Character data saved successfully (1 characters)
2025-11-02 01:04:53,056 - INFO - Character data saved successfully (1 characters)
2025-11-02 01:05:02,189 - INFO - Character data saved successfully (1 characters)
