2025-09-28 11:38:37,146 - INFO - D&D Character Tracker started - Log file: logs\dnd_tracker_20250928_113837.log
2025-09-28 11:38:37,364 - INFO - Pygame initialized successfully
2025-09-28 11:38:37,365 - INFO - Detected DPI: 96, Scale factor: 1.00
2025-09-28 11:38:37,366 - INFO - Screen resolution: 1920x1080
2025-09-28 11:38:37,366 - INFO - Work area: 1920x1032
2025-09-28 11:38:37,366 - INFO - Adaptive window size: 1399x787 (aspect ratio: 1.778)
2025-09-28 11:38:37,368 - INFO - Creating D&D Character Tool application
2025-09-28 11:38:38,046 - INFO - Loading character data from character_data.json
2025-09-28 11:38:38,058 - INFO - Loaded character: Barian the Broken
2025-09-28 11:38:38,058 - INFO - Weapons loaded: 3
2025-09-28 11:38:38,058 - INFO - Fighting styles: {'dueling': True, 'dueling_bonus': 2}
2025-09-28 11:38:38,060 - INFO - Window initialized at 1399x787 (aspect ratio: 1.78:1)
2025-09-28 11:38:38,061 - INFO -    • Window automatically adjusts to display scaling (100%, 125%, 150%)
2025-09-28 11:38:38,061 - INFO -    • Locked to 16:9 aspect ratio for optimal viewing
2025-09-28 11:38:38,062 - INFO -    • Press F11 to toggle fullscreen mode
2025-09-28 11:38:38,062 - INFO -    • Press ESC to exit fullscreen
2025-09-28 11:38:38,063 - INFO -    • Window is resizable - aspect ratio maintained automatically
2025-09-28 11:38:38,066 - INFO - Starting application main loop
2025-09-28 11:38:39,864 - INFO - Window resized to 1153x649 (16:9 ratio maintained: 1.777:1)
2025-09-28 11:38:42,670 - INFO - Window resized to 1121x631 (16:9 ratio maintained: 1.777:1)
2025-09-28 11:38:44,457 - INFO - Window resized to 1153x649 (16:9 ratio maintained: 1.777:1)
2025-09-28 11:38:48,962 - INFO - Character data saved successfully to character_data.json
