2025-12-09 17:20:52,183 - INFO - D&D Character Tracker started - Log file: logs\dnd_tracker_20251209_172052.log
2025-12-09 17:20:52,435 - INFO - Pygame initialized successfully
2025-12-09 17:20:52,437 - INFO - Detected DPI: 144, Scale factor: 1.50
2025-12-09 17:20:52,437 - INFO - Screen resolution: 1920x1080
2025-12-09 17:20:52,438 - INFO - Work area: 1920x1008
2025-12-09 17:20:52,438 - INFO - Adaptive window size: 1305x870 (aspect ratio: 1.500)
2025-12-09 17:20:52,438 - INFO - Creating D&D Character Tool application
2025-12-09 17:20:53,079 - INFO - Loading character data from C:\Users\lucas\OneDrive\Documents\D&D\Tracker_Madea\character_data.json
2025-12-09 17:20:53,089 - INFO - Loaded spell slots: {'1st': 4, '2nd': 3}
2025-12-09 17:20:53,089 - INFO - Loaded current spell slots: {'1st': 4, '2nd': 3}
2025-12-09 17:20:53,089 - INFO - Adding missing weapon/fighting style data...
2025-12-09 17:20:53,094 - INFO - Character data saved successfully (15 characters)
2025-12-09 17:20:53,094 - INFO - Loaded character: Madea Blackthorn
2025-12-09 17:20:53,094 - INFO - Weapons loaded: 1
2025-12-09 17:20:53,094 - INFO - Fighting styles: {}
2025-12-09 17:20:53,095 - INFO - Window initialized at 1305x870 (aspect ratio: 1.50:1)
2025-12-09 17:20:53,097 - INFO -    • Window automatically adjusts to display scaling (100%, 125%, 150%)
2025-12-09 17:20:53,097 - INFO -    • Locked to 3:2 aspect ratio (1536x1024) for optimal viewing
2025-12-09 17:20:53,097 - INFO -    • Press F11 to toggle fullscreen mode
2025-12-09 17:20:53,097 - INFO -    • Press ESC to exit fullscreen
2025-12-09 17:20:53,097 - INFO -    • Window is resizable - aspect ratio maintained automatically
2025-12-09 17:20:53,118 - INFO - Starting application main loop
2025-12-09 17:23:08,404 - INFO - Character data saved successfully (15 characters)
